#
# A fatal error has been detected by the Java Runtime Environment:
#
#  EXCEPTION_ACCESS_VIOLATION (0xc0000005) at pc=0x0000000002d49fc8, pid=2296, tid=3856
#
# JRE version: 7.0_09-b05
# Java VM: Java HotSpot(TM) 64-Bit Server VM (23.5-b02 mixed mode windows-amd64 compressed oops)
# Problematic frame:
# J  com.sun.tools.javac.comp.Flow.visitClassDef(Lcom/sun/tools/javac/tree/JCTree$JCClassDecl;)V
#
# Failed to write core dump. Minidumps are not enabled by default on client versions of Windows
#
# If you would like to submit a bug report, please visit:
#   http://bugreport.sun.com/bugreport/crash.jsp
#

---------------  T H R E A D  ---------------

Current thread (0x000000000bb91800):  JavaThread "Daemon worker Thread 2" [_thread_in_Java, id=3856, stack(0x000000000d7a0000,0x000000000d8a0000)]

siginfo: ExceptionCode=0xc0000005, writing address 0x000000000510c4e1

Registers:
RAX=0x00000000ecf0d178, RBX=0x00000000ed81cc88, RCX=0x00000000ed81ebd0, RDX=0x000000000d89c398
RSP=0x000000000d89c410, RBP=0x00000000ecf0d178, RSI=0x00000000ed81ebd0, RDI=0x0000000000000001
R8 =0x00000000ecf0d178, R9 =0x000000000d89c398, R10=0x000000000006c4e1, R11=0x00000000050a0000
R12=0x0000000000000000, R13=0x0000000002d49fa8, R14=0x000000000d89c408, R15=0x000000000bb91800
RIP=0x0000000002d49fc8, EFLAGS=0x0000000000010217

Top of Stack: (sp=0x000000000d89c410)
0x000000000d89c410:   00000000ed81ebd0 00000000ecffac70
0x000000000d89c420:   0000000000000000 0000000100000000
0x000000000d89c430:   0000000000000000 ecf0d178ecf0d178
0x000000000d89c440:   00000000eca41940 00000000f231f430
0x000000000d89c450:   0000000000000000 00000000f231f570
0x000000000d89c460:   0000000000000000 00000000b494d320
0x000000000d89c470:   0000000000000000 000000000d89c490
0x000000000d89c480:   000000000d89c4f0 00000000026261f8
0x000000000d89c490:   000000000d89c4f8 00000000026261f8
0x000000000d89c4a0:   00000000026261f8 00000000ed81ebd0
0x000000000d89c4b0:   00000000ecffac70 000000000d89c4b8
0x000000000d89c4c0:   00000000b48579da 000000000d89c510
0x000000000d89c4d0:   00000000b49bbab8 00000000b4b67688
0x000000000d89c4e0:   00000000b48579e8 000000000d89c4a8
0x000000000d89c4f0:   000000000d89c520 00000000ee9b5450
0x000000000d89c500:   0000000002d2c514 00000000ecffac70 

Instructions: (pc=0x0000000002d49fc8)
0x0000000002d49fa8:   48 8b 0c 24 8b 59 28 4c 8b 4c 24 88 4d 8b d1 4c
0x0000000002d49fb8:   8b c0 45 89 41 38 49 c1 ea 09 41 bb 00 00 0a 05
0x0000000002d49fc8:   47 88 24 13 85 db 0f 84 99 1c 00 00 44 3b 63 10
0x0000000002d49fd8:   75 51 48 89 4c 24 58 4c 89 4c 24 30 89 5c 24 2c 


Register to memory mapping:

RAX=0x00000000ecf0d178 is an oop
com.sun.tools.javac.code.Lint 
 - klass: 'com/sun/tools/javac/code/Lint'
RBX=0x00000000ed81cc88 is an oop
com.sun.tools.javac.util.List 
 - klass: 'com/sun/tools/javac/util/List'
RCX=0x00000000ed81ebd0 is an oop
com.sun.tools.javac.tree.JCTree$JCClassDecl 
 - klass: 'com/sun/tools/javac/tree/JCTree$JCClassDecl'
RDX=0x000000000d89c398 is pointing into the stack for thread: 0x000000000bb91800
RSP=0x000000000d89c410 is pointing into the stack for thread: 0x000000000bb91800
RBP=0x00000000ecf0d178 is an oop
com.sun.tools.javac.code.Lint 
 - klass: 'com/sun/tools/javac/code/Lint'
RSI=0x00000000ed81ebd0 is an oop
com.sun.tools.javac.tree.JCTree$JCClassDecl 
 - klass: 'com/sun/tools/javac/tree/JCTree$JCClassDecl'
RDI=0x0000000000000001 is an unknown value
R8 =0x00000000ecf0d178 is an oop
com.sun.tools.javac.code.Lint 
 - klass: 'com/sun/tools/javac/code/Lint'
R9 =0x000000000d89c398 is pointing into the stack for thread: 0x000000000bb91800
R10=0x000000000006c4e1 is an unknown value
R11=0x00000000050a0000 is an unknown value
R12=0x0000000000000000 is an unknown value
R13=0x0000000002d498d0 [CodeBlob (0x0000000002d498d0)]
Framesize: 18
R14=0x000000000d89c408 is pointing into the stack for thread: 0x000000000bb91800
R15=0x000000000bb91800 is a thread


Stack: [0x000000000d7a0000,0x000000000d8a0000],  sp=0x000000000d89c410,  free space=1009k
Native frames: (J=compiled Java code, j=interpreted, Vv=VM code, C=native code)
J  com.sun.tools.javac.comp.Flow.visitClassDef(Lcom/sun/tools/javac/tree/JCTree$JCClassDecl;)V


---------------  P R O C E S S  ---------------

Java Threads: ( => current thread )
  0x000000000bb93000 JavaThread "Stdin handler" [_thread_blocked, id=6192, stack(0x0000000010ee0000,0x0000000010fe0000)]
=>0x000000000bb91800 JavaThread "Daemon worker Thread 2" [_thread_in_Java, id=3856, stack(0x000000000d7a0000,0x000000000d8a0000)]
  0x000000000bb91000 JavaThread "Cancel handler" [_thread_blocked, id=2336, stack(0x000000000fd70000,0x000000000fe70000)]
  0x000000000bb92800 JavaThread "Handler for socket connection from /127.0.0.1:49299 to /127.0.0.1:49511" [_thread_in_native, id=4740, stack(0x000000000c140000,0x000000000c240000)]
  0x000000000bb90000 JavaThread "Daemon Thread 2" [_thread_blocked, id=4208, stack(0x000000000d670000,0x000000000d770000)]
  0x000000000bb94000 JavaThread "File lock request listener" [_thread_in_native, id=5372, stack(0x000000000d8c0000,0x000000000d9c0000)]
  0x000000000bb8f800 JavaThread "Incoming local TCP Connector on port 49299" [_thread_in_native, id=5416, stack(0x000000000aa10000,0x000000000ab10000)]
  0x0000000009487800 JavaThread "Service Thread" daemon [_thread_blocked, id=4588, stack(0x000000000afe0000,0x000000000b0e0000)]
  0x000000000947e800 JavaThread "C2 CompilerThread1" daemon [_thread_blocked, id=2876, stack(0x000000000ae60000,0x000000000af60000)]
  0x0000000009478800 JavaThread "C2 CompilerThread0" daemon [_thread_in_native, id=1180, stack(0x000000000acd0000,0x000000000add0000)]
  0x0000000009477800 JavaThread "Attach Listener" daemon [_thread_blocked, id=5980, stack(0x000000000ab80000,0x000000000ac80000)]
  0x000000000946e000 JavaThread "Signal Dispatcher" daemon [_thread_blocked, id=2676, stack(0x000000000a8e0000,0x000000000a9e0000)]
  0x0000000002247000 JavaThread "Finalizer" daemon [_thread_blocked, id=5572, stack(0x000000000a6e0000,0x000000000a7e0000)]
  0x000000000223f000 JavaThread "Reference Handler" daemon [_thread_blocked, id=2776, stack(0x000000000a4e0000,0x000000000a5e0000)]
  0x000000000234d000 JavaThread "main" [_thread_blocked, id=3868, stack(0x0000000002520000,0x0000000002620000)]

Other Threads:
  0x00000000093f2800 VMThread [stack: 0x000000000a3c0000,0x000000000a4c0000] [id=5884]
  0x0000000009490800 WatcherThread [stack: 0x000000000b170000,0x000000000b270000] [id=5508]

VM state:not at safepoint (normal execution)

VM Mutex/Monitor currently owned by a thread: None

Heap
 PSYoungGen      total 299008K, used 136566K [0x00000000eaab0000, 0x0000000100000000, 0x0000000100000000)
  eden space 267200K, 46% used [0x00000000eaab0000,0x00000000f2524968,0x00000000fafa0000)
  from space 31808K, 35% used [0x00000000fafa0000,0x00000000fba88fa8,0x00000000fceb0000)
  to   space 44224K, 0% used [0x00000000fd4d0000,0x00000000fd4d0000,0x0000000100000000)
 ParOldGen       total 151808K, used 87999K [0x00000000c0000000, 0x00000000c9440000, 0x00000000eaab0000)
  object space 151808K, 57% used [0x00000000c0000000,0x00000000c55efef8,0x00000000c9440000)
 PSPermGen       total 121088K, used 77286K [0x00000000b0000000, 0x00000000b7640000, 0x00000000c0000000)
  object space 121088K, 63% used [0x00000000b0000000,0x00000000b4b79b38,0x00000000b7640000)

Card table byte_map: [0x0000000005620000,0x00000000058b0000] byte_map_base: 0x00000000050a0000

Polling page: 0x0000000000130000

Code Cache  [0x0000000002620000, 0x0000000002d60000, 0x0000000005620000)
 total_blobs=2467 nmethods=1834 adapters=582 free_code_cache=41939Kb largest_free_block=42791232

Compilation events (10 events):
Event: 492.423 Thread 0x000000000947e800 nmethod 1984 0x0000000002c53bd0 code [0x0000000002c53e40, 0x0000000002c54c10]
Event: 492.423 Thread 0x000000000947e800 1985             com.sun.tools.javac.comp.Resolve$InapplicableMethodException::setMessage (23 bytes)
Event: 492.425 Thread 0x000000000947e800 nmethod 1985 0x0000000002c538d0 code [0x0000000002c53a20, 0x0000000002c53ae8]
Event: 492.425 Thread 0x000000000947e800 1986             com.sun.tools.javac.comp.Attr::attribStat (11 bytes)
Event: 492.431 Thread 0x000000000947e800 nmethod 1986 0x0000000002c53190 code [0x0000000002c532e0, 0x0000000002c535c8]
Event: 492.432 Thread 0x000000000947e800 1987             com.sun.tools.javac.jvm.Gen::binaryQualifier (279 bytes)
Event: 492.503 Thread 0x000000000947e800 nmethod 1987 0x0000000002c73a50 code [0x0000000002c73d00, 0x0000000002c75310]
Event: 492.504 Thread 0x000000000947e800 1988   !         com.sun.tools.javac.comp.Flow::visitClassDef (827 bytes)
Event: 492.710 Thread 0x000000000947e800 nmethod 1988 0x0000000002d498d0 code [0x0000000002d49dc0, 0x0000000002d4d508]
Event: 492.710 Thread 0x000000000947e800 1989             com.sun.tools.javac.comp.Flow::scanExprs (33 bytes)

GC Heap History (10 events):
Event: 37.201 GC heap before
{Heap before GC invocations=9 (full 1):
 PSYoungGen      total 317312K, used 21619K [0x00000000eaab0000, 0x0000000100000000, 0x0000000100000000)
  eden space 289856K, 0% used [0x00000000eaab0000,0x00000000eaab0000,0x00000000fc5c0000)
  from space 27456K, 78% used [0x00000000fe530000,0x00000000ffa4cd80,0x0000000100000000)
  to   space 29824K, 0% used [0x00000000fc5c0000,0x00000000fc5c0000,0x00000000fe2e0000)
 ParOldGen       total 87232K, used 35952K [0x00000000c0000000, 0x00000000c5530000, 0x00000000eaab0000)
  object space 87232K, 41% used [0x00000000c0000000,0x00000000c231c060,0x00000000c5530000)
 PSPermGen       total 44096K, used 44028K [0x00000000b0000000, 0x00000000b2b10000, 0x00000000c0000000)
  object space 44096K, 99% used [0x00000000b0000000,0x00000000b2aff1f8,0x00000000b2b10000)
Event: 38.261 GC heap after
Heap after GC invocations=9 (full 1):
 PSYoungGen      total 317312K, used 0K [0x00000000eaab0000, 0x0000000100000000, 0x0000000100000000)
  eden space 289856K, 0% used [0x00000000eaab0000,0x00000000eaab0000,0x00000000fc5c0000)
  from space 27456K, 0% used [0x00000000fe530000,0x00000000fe530000,0x0000000100000000)
  to   space 29824K, 0% used [0x00000000fc5c0000,0x00000000fc5c0000,0x00000000fe2e0000)
 ParOldGen       total 87232K, used 49186K [0x00000000c0000000, 0x00000000c5530000, 0x00000000eaab0000)
  object space 87232K, 56% used [0x00000000c0000000,0x00000000c3008928,0x00000000c5530000)
 PSPermGen       total 88256K, used 43965K [0x00000000b0000000, 0x00000000b5630000, 0x00000000c0000000)
  object space 88256K, 49% used [0x00000000b0000000,0x00000000b2aef6a8,0x00000000b5630000)
}
Event: 79.263 GC heap before
{Heap before GC invocations=10 (full 1):
 PSYoungGen      total 317312K, used 289856K [0x00000000eaab0000, 0x0000000100000000, 0x0000000100000000)
  eden space 289856K, 100% used [0x00000000eaab0000,0x00000000fc5c0000,0x00000000fc5c0000)
  from space 27456K, 0% used [0x00000000fe530000,0x00000000fe530000,0x0000000100000000)
  to   space 29824K, 0% used [0x00000000fc5c0000,0x00000000fc5c0000,0x00000000fe2e0000)
 ParOldGen       total 87232K, used 49186K [0x00000000c0000000, 0x00000000c5530000, 0x00000000eaab0000)
  object space 87232K, 56% used [0x00000000c0000000,0x00000000c3008928,0x00000000c5530000)
 PSPermGen       total 88256K, used 54131K [0x00000000b0000000, 0x00000000b5630000, 0x00000000c0000000)
  object space 88256K, 61% used [0x00000000b0000000,0x00000000b34dcfa0,0x00000000b5630000)
Event: 79.390 GC heap after
Heap after GC invocations=10 (full 1):
 PSYoungGen      total 318080K, used 28210K [0x00000000eaab0000, 0x0000000100000000, 0x0000000100000000)
  eden space 289856K, 0% used [0x00000000eaab0000,0x00000000eaab0000,0x00000000fc5c0000)
  from space 28224K, 99% used [0x00000000fc5c0000,0x00000000fe14c830,0x00000000fe150000)
  to   space 31424K, 0% used [0x00000000fe150000,0x00000000fe150000,0x0000000100000000)
 ParOldGen       total 87232K, used 49194K [0x00000000c0000000, 0x00000000c5530000, 0x00000000eaab0000)
  object space 87232K, 56% used [0x00000000c0000000,0x00000000c300a928,0x00000000c5530000)
 PSPermGen       total 88256K, used 54131K [0x00000000b0000000, 0x00000000b5630000, 0x00000000c0000000)
  object space 88256K, 61% used [0x00000000b0000000,0x00000000b34dcfa0,0x00000000b5630000)
}
Event: 453.588 GC heap before
{Heap before GC invocations=11 (full 1):
 PSYoungGen      total 318080K, used 318066K [0x00000000eaab0000, 0x0000000100000000, 0x0000000100000000)
  eden space 289856K, 100% used [0x00000000eaab0000,0x00000000fc5c0000,0x00000000fc5c0000)
  from space 28224K, 99% used [0x00000000fc5c0000,0x00000000fe14c830,0x00000000fe150000)
  to   space 31424K, 0% used [0x00000000fe150000,0x00000000fe150000,0x0000000100000000)
 ParOldGen       total 87232K, used 49194K [0x00000000c0000000, 0x00000000c5530000, 0x00000000eaab0000)
  object space 87232K, 56% used [0x00000000c0000000,0x00000000c300a928,0x00000000c5530000)
 PSPermGen       total 88256K, used 63571K [0x00000000b0000000, 0x00000000b5630000, 0x00000000c0000000)
  object space 88256K, 72% used [0x00000000b0000000,0x00000000b3e14f50,0x00000000b5630000)
Event: 453.734 GC heap after
Heap after GC invocations=11 (full 1):
 PSYoungGen      total 298624K, used 31424K [0x00000000eaab0000, 0x0000000100000000, 0x0000000100000000)
  eden space 267200K, 0% used [0x00000000eaab0000,0x00000000eaab0000,0x00000000fafa0000)
  from space 31424K, 100% used [0x00000000fe150000,0x0000000100000000,0x0000000100000000)
  to   space 41152K, 0% used [0x00000000fafa0000,0x00000000fafa0000,0x00000000fd7d0000)
 ParOldGen       total 87232K, used 56816K [0x00000000c0000000, 0x00000000c5530000, 0x00000000eaab0000)
  object space 87232K, 65% used [0x00000000c0000000,0x00000000c377c340,0x00000000c5530000)
 PSPermGen       total 88256K, used 63571K [0x00000000b0000000, 0x00000000b5630000, 0x00000000c0000000)
  object space 88256K, 72% used [0x00000000b0000000,0x00000000b3e14f50,0x00000000b5630000)
}
Event: 478.907 GC heap before
{Heap before GC invocations=12 (full 1):
 PSYoungGen      total 298624K, used 298624K [0x00000000eaab0000, 0x0000000100000000, 0x0000000100000000)
  eden space 267200K, 100% used [0x00000000eaab0000,0x00000000fafa0000,0x00000000fafa0000)
  from space 31424K, 100% used [0x00000000fe150000,0x0000000100000000,0x0000000100000000)
  to   space 41152K, 0% used [0x00000000fafa0000,0x00000000fafa0000,0x00000000fd7d0000)
 ParOldGen       total 87232K, used 56816K [0x00000000c0000000, 0x00000000c5530000, 0x00000000eaab0000)
  object space 87232K, 65% used [0x00000000c0000000,0x00000000c377c340,0x00000000c5530000)
 PSPermGen       total 88256K, used 73090K [0x00000000b0000000, 0x00000000b5630000, 0x00000000c0000000)
  object space 88256K, 82% used [0x00000000b0000000,0x00000000b4760af8,0x00000000b5630000)
Event: 479.101 GC heap after
Heap after GC invocations=12 (full 1):
 PSYoungGen      total 299008K, used 31802K [0x00000000eaab0000, 0x0000000100000000, 0x0000000100000000)
  eden space 267200K, 0% used [0x00000000eaab0000,0x00000000eaab0000,0x00000000fafa0000)
  from space 31808K, 99% used [0x00000000fafa0000,0x00000000fceaeb98,0x00000000fceb0000)
  to   space 44224K, 0% used [0x00000000fd4d0000,0x00000000fd4d0000,0x0000000100000000)
 ParOldGen       total 88000K, used 87741K [0x00000000c0000000, 0x00000000c55f0000, 0x00000000eaab0000)
  object space 88000K, 99% used [0x00000000c0000000,0x00000000c55af548,0x00000000c55f0000)
 PSPermGen       total 88256K, used 73090K [0x00000000b0000000, 0x00000000b5630000, 0x00000000c0000000)
  object space 88256K, 82% used [0x00000000b0000000,0x00000000b4760af8,0x00000000b5630000)
}
Event: 479.101 GC heap before
{Heap before GC invocations=13 (full 2):
 PSYoungGen      total 299008K, used 31802K [0x00000000eaab0000, 0x0000000100000000, 0x0000000100000000)
  eden space 267200K, 0% used [0x00000000eaab0000,0x00000000eaab0000,0x00000000fafa0000)
  from space 31808K, 99% used [0x00000000fafa0000,0x00000000fceaeb98,0x00000000fceb0000)
  to   space 44224K, 0% used [0x00000000fd4d0000,0x00000000fd4d0000,0x0000000100000000)
 ParOldGen       total 88000K, used 87741K [0x00000000c0000000, 0x00000000c55f0000, 0x00000000eaab0000)
  object space 88000K, 99% used [0x00000000c0000000,0x00000000c55af548,0x00000000c55f0000)
 PSPermGen       total 88256K, used 73090K [0x00000000b0000000, 0x00000000b5630000, 0x00000000c0000000)
  object space 88256K, 82% used [0x00000000b0000000,0x00000000b4760af8,0x00000000b5630000)
Event: 480.243 GC heap after
Heap after GC invocations=13 (full 2):
 PSYoungGen      total 299008K, used 11171K [0x00000000eaab0000, 0x0000000100000000, 0x0000000100000000)
  eden space 267200K, 0% used [0x00000000eaab0000,0x00000000eaab0000,0x00000000fafa0000)
  from space 31808K, 35% used [0x00000000fafa0000,0x00000000fba88fa8,0x00000000fceb0000)
  to   space 44224K, 0% used [0x00000000fd4d0000,0x00000000fd4d0000,0x0000000100000000)
 ParOldGen       total 151808K, used 87999K [0x00000000c0000000, 0x00000000c9440000, 0x00000000eaab0000)
  object space 151808K, 57% used [0x00000000c0000000,0x00000000c55efef8,0x00000000c9440000)
 PSPermGen       total 121088K, used 73071K [0x00000000b0000000, 0x00000000b7640000, 0x00000000c0000000)
  object space 121088K, 60% used [0x00000000b0000000,0x00000000b475bcc8,0x00000000b7640000)
}

Deoptimization events (10 events):
Event: 491.671 Thread 0x000000000bb91800 Uncommon trap -12 fr.pc 0x0000000002c4ff44
Event: 491.673 Thread 0x000000000bb91800 Uncommon trap -58 fr.pc 0x0000000002cea77c
Event: 491.674 Thread 0x000000000bb91800 Uncommon trap -58 fr.pc 0x0000000002cea77c
Event: 491.710 Thread 0x000000000bb91800 Uncommon trap 46 fr.pc 0x0000000002afba40
Event: 491.710 Thread 0x000000000bb91800 Uncommon trap 46 fr.pc 0x0000000002ca18f0
Event: 492.466 Thread 0x000000000bb91800 Uncommon trap -34 fr.pc 0x0000000002cf50f8
Event: 492.616 Thread 0x000000000bb91800 Uncommon trap -34 fr.pc 0x0000000002cc7aa8
Event: 492.617 Thread 0x000000000bb91800 Uncommon trap -34 fr.pc 0x0000000002cc7aa8
Event: 492.617 Thread 0x000000000bb91800 Uncommon trap -34 fr.pc 0x0000000002cc7aa8
Event: 492.632 Thread 0x000000000bb91800 Uncommon trap -34 fr.pc 0x0000000002cc2fd8

Internal exceptions (10 events):
Event: 483.645 Thread 0x000000000bb91800 Threw 0x00000000ecaeb2c8 at C:\jdk7u1_64p\jdk7u9\hotspot\src\share\vm\prims\jvm.cpp:1166
Event: 483.646 Thread 0x000000000bb91800 Threw 0x00000000ecaec560 at C:\jdk7u1_64p\jdk7u9\hotspot\src\share\vm\prims\jvm.cpp:1166
Event: 484.077 Thread 0x000000000bb91800 Threw 0x00000000ed19e488 at C:\jdk7u1_64p\jdk7u9\hotspot\src\share\vm\prims\jvm.cpp:1166
Event: 484.077 Thread 0x000000000bb91800 Threw 0x00000000ed19e8b0 at C:\jdk7u1_64p\jdk7u9\hotspot\src\share\vm\prims\jvm.cpp:1166
Event: 485.980 Thread 0x000000000bb91800 Threw 0x00000000ee88d608 at C:\jdk7u1_64p\jdk7u9\hotspot\src\share\vm\prims\jni.cpp:716
Event: 486.494 Thread 0x000000000bb91800 Implicit null exception at 0x0000000002c3cd94 to 0x0000000002c3d3c1
Event: 487.636 Thread 0x000000000bb91800 Implicit null exception at 0x0000000002c4cbcc to 0x0000000002c4cbeb
Event: 491.248 Thread 0x000000000bb91800 Implicit null exception at 0x0000000002d1ff81 to 0x0000000002d226c1
Event: 491.267 Thread 0x000000000bb91800 Implicit null exception at 0x0000000002d1bf9b to 0x0000000002d1ca45
Event: 491.671 Thread 0x000000000bb91800 Implicit null exception at 0x0000000002c4ff04 to 0x0000000002c4ff3a

Events (10 events):
Event: 492.466 Thread 0x000000000bb91800 DEOPT PACKING pc=0x0000000002cf50f8 sp=0x000000000d89bec0
Event: 492.466 Thread 0x000000000bb91800 DEOPT UNPACKING pc=0x0000000002659164 sp=0x000000000d89be58 mode 2
Event: 492.616 Thread 0x000000000bb91800 DEOPT PACKING pc=0x0000000002cc7aa8 sp=0x000000000d89b9f0
Event: 492.616 Thread 0x000000000bb91800 DEOPT UNPACKING pc=0x0000000002659164 sp=0x000000000d89b978 mode 2
Event: 492.617 Thread 0x000000000bb91800 DEOPT PACKING pc=0x0000000002cc7aa8 sp=0x000000000d89bac0
Event: 492.617 Thread 0x000000000bb91800 DEOPT UNPACKING pc=0x0000000002659164 sp=0x000000000d89ba48 mode 2
Event: 492.617 Thread 0x000000000bb91800 DEOPT PACKING pc=0x0000000002cc7aa8 sp=0x000000000d89bbb0
Event: 492.617 Thread 0x000000000bb91800 DEOPT UNPACKING pc=0x0000000002659164 sp=0x000000000d89bb38 mode 2
Event: 492.632 Thread 0x000000000bb91800 DEOPT PACKING pc=0x0000000002cc2fd8 sp=0x000000000d89b960
Event: 492.632 Thread 0x000000000bb91800 DEOPT UNPACKING pc=0x0000000002659164 sp=0x000000000d89b960 mode 2


Dynamic libraries:
0x000000013f650000 - 0x000000013f683000 	C:\Program Files\Java\jdk1.7.0_09\bin\java.exe
0x0000000077c00000 - 0x0000000077da9000 	C:\Windows\SYSTEM32\ntdll.dll
0x0000000077ae0000 - 0x0000000077bff000 	C:\Windows\system32\kernel32.dll
0x000007fefdb60000 - 0x000007fefdbcc000 	C:\Windows\system32\KERNELBASE.dll
0x000007fefdde0000 - 0x000007fefdebb000 	C:\Windows\system32\ADVAPI32.dll
0x000007fefe2b0000 - 0x000007fefe34f000 	C:\Windows\system32\msvcrt.dll
0x000007fefe280000 - 0x000007fefe29f000 	C:\Windows\SYSTEM32\sechost.dll
0x000007fefec10000 - 0x000007fefed3d000 	C:\Windows\system32\RPCRT4.dll
0x00000000779e0000 - 0x0000000077ada000 	C:\Windows\system32\USER32.dll
0x000007fefdd70000 - 0x000007fefddd7000 	C:\Windows\system32\GDI32.dll
0x000007fefe920000 - 0x000007fefe92e000 	C:\Windows\system32\LPK.dll
0x000007fefeb40000 - 0x000007fefec09000 	C:\Windows\system32\USP10.dll
0x000007fefc510000 - 0x000007fefc704000 	C:\Windows\WinSxS\amd64_microsoft.windows.common-controls_6595b64144ccf1df_6.0.7601.18837_none_fa3b1e3d17594757\COMCTL32.dll
0x000007feffe90000 - 0x000007fefff01000 	C:\Windows\system32\SHLWAPI.dll
0x000007fefe930000 - 0x000007fefe95e000 	C:\Windows\system32\IMM32.DLL
0x000007fefeff0000 - 0x000007feff0f9000 	C:\Windows\system32\MSCTF.dll
0x0000000066a90000 - 0x0000000066b61000 	C:\Program Files\Java\jdk1.7.0_09\jre\bin\msvcr100.dll
0x0000000069380000 - 0x0000000069a9f000 	C:\Program Files\Java\jdk1.7.0_09\jre\bin\server\jvm.dll
0x000007fee54d0000 - 0x000007fee54d9000 	C:\Windows\system32\WSOCK32.dll
0x000007fefe5e0000 - 0x000007fefe62d000 	C:\Windows\system32\WS2_32.dll
0x000007fefe2a0000 - 0x000007fefe2a8000 	C:\Windows\system32\NSI.dll
0x000007fef7230000 - 0x000007fef726b000 	C:\Windows\system32\WINMM.dll
0x0000000077dd0000 - 0x0000000077dd7000 	C:\Windows\system32\PSAPI.DLL
0x000000006ea50000 - 0x000000006ea5f000 	C:\Program Files\Java\jdk1.7.0_09\jre\bin\verify.dll
0x000000006e970000 - 0x000000006e998000 	C:\Program Files\Java\jdk1.7.0_09\jre\bin\java.dll
0x000000006e950000 - 0x000000006e965000 	C:\Program Files\Java\jdk1.7.0_09\jre\bin\zip.dll
0x000000006e880000 - 0x000000006e899000 	C:\Program Files\Java\jdk1.7.0_09\jre\bin\net.dll
0x000007fefd190000 - 0x000007fefd1e5000 	C:\Windows\system32\mswsock.dll
0x000007fefd180000 - 0x000007fefd187000 	C:\Windows\System32\wship6.dll
0x000000006e860000 - 0x000000006e871000 	C:\Program Files\Java\jdk1.7.0_09\jre\bin\nio.dll
0x000007fefd1f0000 - 0x000007fefd208000 	C:\Windows\system32\CRYPTSP.dll
0x000007fefcef0000 - 0x000007fefcf37000 	C:\Windows\system32\rsaenh.dll
0x000007fefda60000 - 0x000007fefda7e000 	C:\Windows\system32\USERENV.dll
0x000007fefd9b0000 - 0x000007fefd9bf000 	C:\Windows\system32\profapi.dll
0x000007fefd850000 - 0x000007fefd85f000 	C:\Windows\system32\CRYPTBASE.dll
0x000007fefb020000 - 0x000007fefb035000 	C:\Windows\system32\NLAapi.dll
0x000007fef7460000 - 0x000007fef7475000 	C:\Windows\system32\napinsp.dll
0x000007fef7410000 - 0x000007fef7429000 	C:\Windows\system32\pnrpnsp.dll
0x000007fefd010000 - 0x000007fefd06b000 	C:\Windows\system32\DNSAPI.dll
0x000007fef71b0000 - 0x000007fef71bb000 	C:\Windows\System32\winrnr.dll
0x000007fef6fc0000 - 0x000007fef6fef000 	C:\Program Files\Common Files\Microsoft Shared\Windows Live\WLIDNSP.DLL
0x000007fefcb20000 - 0x000007fefcb27000 	C:\Windows\System32\wshtcpip.dll
0x000007fefabf0000 - 0x000007fefac17000 	C:\Windows\system32\IPHLPAPI.DLL
0x000007fefabe0000 - 0x000007fefabeb000 	C:\Windows\system32\WINNSI.DLL
0x000007fef71a0000 - 0x000007fef71a8000 	C:\Windows\system32\rasadhlp.dll
0x000007fefaa30000 - 0x000007fefaa83000 	C:\Windows\System32\fwpuclnt.dll
0x000007feef730000 - 0x000007feef742000 	C:\Users\Sinky\AppData\Local\Temp\native-platform8186656937702320784dir\native-platform.dll
0x000007fefa870000 - 0x000007fefa888000 	C:\Windows\system32\dhcpcsvc.DLL
0x000007fefa760000 - 0x000007fefa771000 	C:\Windows\system32\dhcpcsvc6.DLL
0x000007fefd7f0000 - 0x000007fefd847000 	C:\Windows\system32\apphelp.dll

VM Arguments:
jvm_args: -XX:MaxPermSize=256m -XX:+HeapDumpOnOutOfMemoryError -Xmx1024m -Dfile.encoding=windows-1252 -Duser.country=GB -Duser.language=en -Duser.variant 
java_command: org.gradle.launcher.daemon.bootstrap.GradleDaemon 2.2.1 C:\Users\Sinky\.gradle\daemon 10800000 c340ffd4-46ca-42a9-be2a-00260373fd0a -XX:MaxPermSize=256m -XX:+HeapDumpOnOutOfMemoryError -Xmx1024m -Dfile.encoding=windows-1252 -Duser.country=GB -Duser.language=en -Duser.variant
Launcher Type: SUN_STANDARD

Environment Variables:
PATH=C:\Program Files (x86)\AMD APP\bin\x86_64;C:\Program Files (x86)\AMD APP\bin\x86;C:\Program Files (x86)\NVIDIA Corporation\PhysX\Common;C:\Program Files\Common Files\Microsoft Shared\Windows Live;C:\Program Files (x86)\Common Files\Microsoft Shared\Windows Live;C:\Windows\system32;C:\Windows;C:\Windows\System32\Wbem;C:\Windows\System32\WindowsPowerShell\v1.0\;C:\Program Files (x86)\ATI Technologies\ATI.ACE\Core-Static;C:\Program Files (x86)\Windows Live\Shared;C:\Program Files\Common Files\Autodesk Shared\;c:\Program Files (x86)\Microsoft SQL Server\100\Tools\Binn\;c:\Program Files (x86)\Microsoft SQL Server\100\DTS\Binn\;C:\Program Files\Microsoft SQL Server\110\Tools\Binn\;C:\Program Files\TortoiseGit\bin;C:\Program Files\Microsoft\Web Platform Installer\;C:\Program Files (x86)\Microsoft SDKs\TypeScript\1.0\
USERNAME=Sinky
OS=Windows_NT
PROCESSOR_IDENTIFIER=AMD64 Family 21 Model 1 Stepping 2, AuthenticAMD



---------------  S Y S T E M  ---------------

OS: Windows 7 , 64 bit Build 7601 Service Pack 1

CPU:total 4 (4 cores per cpu, 1 threads per core) family 21 model 1 stepping 2, cmov, cx8, fxsr, mmx, sse, sse2, sse3, ssse3, sse4.1, sse4.2, popcnt, avx, mmxext, 3dnowpref, lzcnt, sse4a, tsc, tscinvbit, tscinv

Memory: 4k page, physical 8370296k(4050048k free), swap 16738756k(11524464k free)

vm_info: Java HotSpot(TM) 64-Bit Server VM (23.5-b02) for windows-amd64 JRE (1.7.0_09-b05), built on Sep 24 2012 21:45:04 by "java_re" with unknown MS VC++:1600

time: Fri Jul 03 02:37:53 2015
elapsed time: 492 seconds

