#
# A fatal error has been detected by the Java Runtime Environment:
#
#  EXCEPTION_ACCESS_VIOLATION (0xc0000005) at pc=0x000000006d542955, pid=6996, tid=6508
#
# JRE version: 7.0_09-b05
# Java VM: Java HotSpot(TM) 64-Bit Server VM (23.5-b02 mixed mode windows-amd64 compressed oops)
# Problematic frame:
# V  [jvm.dll+0x362955]
#
# Failed to write core dump. Minidumps are not enabled by default on client versions of Windows
#
# If you would like to submit a bug report, please visit:
#   http://bugreport.sun.com/bugreport/crash.jsp
#

---------------  T H R E A D  ---------------

Current thread (0x000000000212c000):  GCTaskThread [stack: 0x0000000005ab0000,0x0000000005bb0000] [id=6508]

siginfo: ExceptionCode=0xc0000005, reading address 0xffffffffffffffff

Registers:
RAX=0x000000000400baf0, RBX=0x0000ecc107ddeb08, RCX=0x0000ecc0f7db0010, RDX=0x0000ecc0f7db0000
RSP=0x0000000005baf200, RBP=0x000000000400baf0, RSI=0x0000000008c1e120, RDI=0x0000ecc107ddebd0
R8 =0x000000000400babe, R9 =0x000000000400baf0, R10=0x0000000000000002, R11=0x00000000ecc0f7d8
R12=0x000000006d737f80, R13=0x0000000002124801, R14=0x0000000000000000, R15=0x000000000212c4f0
RIP=0x000000006d542955, EFLAGS=0x0000000000010283

Top of Stack: (sp=0x0000000005baf200)
0x0000000005baf200:   00000000ecafadd4 0000000000000000
0x0000000005baf210:   0000000000000000 0000000002124801
0x0000000005baf220:   000000000400babe 000000006d542d48
0x0000000005baf230:   0000ecc0f7db0000 0000000008c1e120
0x0000000005baf240:   0000000008c1e120 000000000b3cfb40
0x0000000005baf250:   000000000b3cfb40 000000006d543009
0x0000000005baf260:   00000000ec39ce40 0000000000000000
0x0000000005baf270:   0000000008c1e120 000000006d88ac28
0x0000000005baf280:   00000000021248b0 000000006d3903fd
0x0000000005baf290:   0000000005baf320 0000000000000000
0x0000000005baf2a0:   000000000212c4e0 00000000021248b0
0x0000000005baf2b0:   00000000020dc3e0 000000006d396002
0x0000000005baf2c0:   000000000212c000 0000000000000000
0x0000000005baf2d0:   000000000212c4e0 00000000021248b0
0x0000000005baf2e0:   000000006d737f80 000000000b3cfb40
0x0000000005baf2f0:   0000000000000003 0000000000000000 

Instructions: (pc=0x000000006d542955)
0x000000006d542935:   8d 04 d5 00 00 00 00 48 63 c8 49 63 c0 48 03 ca
0x000000006d542945:   48 8d 1c 81 49 63 c1 48 8d 3c 81 48 3b df 73 38
0x000000006d542955:   8b 03 85 c0 74 29 8b 0d b7 7b 2f 00 48 d3 e0 48
0x000000006d542965:   03 05 a5 7b 2f 00 48 3b 05 36 1e 35 00 0f 93 c0 


Register to memory mapping:

RAX=0x000000000400baf0 is an unknown value
RBX=0x0000ecc107ddeb08 is an unknown value
RCX=0x0000ecc0f7db0010 is an unknown value
RDX=0x0000ecc0f7db0000 is an unknown value
RSP=0x0000000005baf200 is an unknown value
RBP=0x000000000400baf0 is an unknown value
RSI=0x0000000008c1e120 is an unknown value
RDI=0x0000ecc107ddebd0 is an unknown value
R8 =0x000000000400babe is an unknown value
R9 =0x000000000400baf0 is an unknown value
R10=0x0000000000000002 is an unknown value
R11=0x00000000ecc0f7d8 is an oop
[Ljava.util.HashMap$Entry; 
 - klass: 'java/util/HashMap$Entry'[]
 - length: 1024
R12=0x000000006d737f80 is an unknown value
R13=0x0000000002124801 is an unknown value
R14=0x0000000000000000 is an unknown value
R15=0x000000000212c4f0 is an unknown value


Stack: [0x0000000005ab0000,0x0000000005bb0000],  sp=0x0000000005baf200,  free space=1020k
Native frames: (J=compiled Java code, j=interpreted, Vv=VM code, C=native code)
V  [jvm.dll+0x362955]

[error occurred during error reporting (printing native stack), id 0xc0000005]


---------------  P R O C E S S  ---------------

Java Threads: ( => current thread )
  0x0000000008cbb800 JavaThread "Service Thread" daemon [_thread_blocked, id=3288, stack(0x0000000009c00000,0x0000000009d00000)]
  0x0000000008cb2800 JavaThread "C2 CompilerThread1" daemon [_thread_blocked, id=5444, stack(0x000000000a5f0000,0x000000000a6f0000)]
  0x0000000008cad800 JavaThread "C2 CompilerThread0" daemon [_thread_blocked, id=6896, stack(0x000000000a3b0000,0x000000000a4b0000)]
  0x0000000008cac000 JavaThread "Attach Listener" daemon [_thread_blocked, id=5248, stack(0x000000000a250000,0x000000000a350000)]
  0x0000000008ca5000 JavaThread "Signal Dispatcher" daemon [_thread_blocked, id=4636, stack(0x000000000a070000,0x000000000a170000)]
  0x00000000021dc000 JavaThread "Finalizer" daemon [_thread_blocked, id=6724, stack(0x0000000009f70000,0x000000000a070000)]
  0x00000000021d4800 JavaThread "Reference Handler" daemon [_thread_blocked, id=4708, stack(0x0000000009d00000,0x0000000009e00000)]
  0x00000000020dd000 JavaThread "main" [_thread_blocked, id=7064, stack(0x00000000023a0000,0x00000000024a0000)]

Other Threads:
  0x00000000021d0000 VMThread [stack: 0x0000000009b00000,0x0000000009c00000] [id=6908]
  0x0000000008cc4000 WatcherThread [stack: 0x000000000a780000,0x000000000a880000] [id=6000]

=>0x000000000212c000 (exited) GCTaskThread [stack: 0x0000000005ab0000,0x0000000005bb0000] [id=6508]

VM state:at safepoint (normal execution)

VM Mutex/Monitor currently owned by a thread:  ([mutex/lock_event])
[0x00000000020db360] Threads_lock - owner thread: 0x00000000021d0000
[0x00000000020db860] Heap_lock - owner thread: 0x00000000020dd000

Heap
 PSYoungGen      total 38144K, used 32704K [0x00000000eaab0000, 0x00000000ed540000, 0x0000000100000000)
  eden space 32704K, 100% used [0x00000000eaab0000,0x00000000ecaa0000,0x00000000ecaa0000)
  from space 5440K, 0% used [0x00000000ecff0000,0x00000000ecff0000,0x00000000ed540000)
  to   space 5440K, 60% used [0x00000000ecaa0000,0x00000000ecddc038,0x00000000ecff0000)
 ParOldGen       total 87232K, used 8K [0x00000000c0000000, 0x00000000c5530000, 0x00000000eaab0000)
  object space 87232K, 0% used [0x00000000c0000000,0x00000000c0002000,0x00000000c5530000)
 PSPermGen       total 21248K, used 5174K [0x00000000bae00000, 0x00000000bc2c0000, 0x00000000c0000000)
  object space 21248K, 24% used [0x00000000bae00000,0x00000000bb30da48,0x00000000bc2c0000)

Card table byte_map: [0x00000000054a0000,0x00000000056d0000] byte_map_base: 0x0000000004ec9000

Polling page: 0x0000000000230000

Code Cache  [0x00000000024a0000, 0x0000000002710000, 0x00000000054a0000)
 total_blobs=441 nmethods=232 adapters=160 free_code_cache=48236Kb largest_free_block=49360384

Compilation events (10 events):
Event: 3.164 Thread 0x0000000008cad800 nmethod 229 0x000000000257d510 code [0x000000000257d640, 0x000000000257d698]
Event: 3.164 Thread 0x0000000008cad800  230             com.android.dx.ssa.SsaBasicBlock::forEachPhiInsn (54 bytes)
Event: 3.184 Thread 0x0000000008cad800 nmethod 230 0x000000000257e110 code [0x000000000257e2a0, 0x000000000257e768]
Event: 3.185 Thread 0x0000000008cad800  231             com.android.dx.ssa.back.SsaToRop::convertInsns (53 bytes)
Event: 3.199 Thread 0x0000000008cad800 nmethod 231 0x000000000257d710 code [0x000000000257d880, 0x000000000257dbf8]
Event: 3.199 Thread 0x0000000008cad800  232             com.android.dx.util.FixedSizeList::hashCode (8 bytes)
Event: 3.204 Thread 0x0000000008cad800 nmethod 232 0x000000000256a710 code [0x000000000256a860, 0x000000000256a9d8]
Event: 3.204 Thread 0x0000000008cad800  233             com.android.dx.cf.code.Frame::getStack (5 bytes)
Event: 3.204 Thread 0x0000000008cad800 nmethod 233 0x00000000025749d0 code [0x0000000002574b00, 0x0000000002574b58]
Event: 3.204 Thread 0x0000000008cad800  234             com.android.dx.ssa.SCCP::simulateStmt (481 bytes)

GC Heap History (1 events):
Event: 3.275 GC heap before
{Heap before GC invocations=1 (full 0):
 PSYoungGen      total 38144K, used 32704K [0x00000000eaab0000, 0x00000000ed540000, 0x0000000100000000)
  eden space 32704K, 100% used [0x00000000eaab0000,0x00000000ecaa0000,0x00000000ecaa0000)
  from space 5440K, 0% used [0x00000000ecff0000,0x00000000ecff0000,0x00000000ed540000)
  to   space 5440K, 0% used [0x00000000ecaa0000,0x00000000ecaa0000,0x00000000ecff0000)
 ParOldGen       total 87232K, used 0K [0x00000000c0000000, 0x00000000c5530000, 0x00000000eaab0000)
  object space 87232K, 0% used [0x00000000c0000000,0x00000000c0000000,0x00000000c5530000)
 PSPermGen       total 21248K, used 5174K [0x00000000bae00000, 0x00000000bc2c0000, 0x00000000c0000000)
  object space 21248K, 24% used [0x00000000bae00000,0x00000000bb30da48,0x00000000bc2c0000)

Deoptimization events (10 events):
Event: 1.630 Thread 0x00000000020dd000 Uncommon trap -34 fr.pc 0x000000000250f1b4
Event: 1.631 Thread 0x00000000020dd000 Uncommon trap -34 fr.pc 0x000000000250f1b4
Event: 1.789 Thread 0x00000000020dd000 Uncommon trap -34 fr.pc 0x000000000252798c
Event: 1.929 Thread 0x00000000020dd000 Uncommon trap -34 fr.pc 0x000000000250e388
Event: 1.932 Thread 0x00000000020dd000 Uncommon trap -34 fr.pc 0x000000000250e388
Event: 1.952 Thread 0x00000000020dd000 Uncommon trap -34 fr.pc 0x000000000250e388
Event: 1.954 Thread 0x00000000020dd000 Uncommon trap -34 fr.pc 0x000000000250e388
Event: 2.529 Thread 0x00000000020dd000 Uncommon trap -12 fr.pc 0x0000000002556820
Event: 3.082 Thread 0x00000000020dd000 Uncommon trap -83 fr.pc 0x00000000025707ec
Event: 3.094 Thread 0x00000000020dd000 Uncommon trap -83 fr.pc 0x00000000025774f8

Internal exceptions (10 events):
Event: 0.872 Thread 0x00000000020dd000 Threw 0x00000000eb240868 at C:\jdk7u1_64p\jdk7u9\hotspot\src\share\vm\prims\jvm.cpp:1166
Event: 0.895 Thread 0x00000000020dd000 Threw 0x00000000eb2633d0 at C:\jdk7u1_64p\jdk7u9\hotspot\src\share\vm\prims\jvm.cpp:1166
Event: 1.252 Thread 0x00000000020dd000 Threw 0x00000000eb48ff18 at C:\jdk7u1_64p\jdk7u9\hotspot\src\share\vm\prims\jvm.cpp:1166
Event: 1.254 Thread 0x00000000020dd000 Threw 0x00000000eb495390 at C:\jdk7u1_64p\jdk7u9\hotspot\src\share\vm\prims\jvm.cpp:1166
Event: 1.258 Thread 0x00000000020dd000 Threw 0x00000000eb49dfd8 at C:\jdk7u1_64p\jdk7u9\hotspot\src\share\vm\prims\jvm.cpp:1166
Event: 1.454 Thread 0x00000000020dd000 Threw 0x00000000eb5bcf18 at C:\jdk7u1_64p\jdk7u9\hotspot\src\share\vm\prims\jvm.cpp:1166
Event: 1.502 Thread 0x00000000020dd000 Implicit null exception at 0x000000000251f795 to 0x000000000251faf9
Event: 2.079 Thread 0x00000000020dd000 Threw 0x00000000ebb3b148 at C:\jdk7u1_64p\jdk7u9\hotspot\src\share\vm\prims\jvm.cpp:1166
Event: 2.529 Thread 0x00000000020dd000 Implicit null exception at 0x0000000002555862 to 0x00000000025567f1
Event: 3.110 Thread 0x00000000020dd000 Threw 0x00000000ec8298bc at C:\jdk7u1_64p\jdk7u9\hotspot\src\share\vm\prims\jvm.cpp:1166

Events (10 events):
Event: 2.079 loading class 0x0000000008cf1b00 done
Event: 2.529 Thread 0x00000000020dd000 DEOPT PACKING pc=0x0000000002556820 sp=0x000000000249e310
Event: 2.529 Thread 0x00000000020dd000 DEOPT UNPACKING pc=0x00000000024d9164 sp=0x000000000249e228 mode 2
Event: 3.082 Thread 0x00000000020dd000 DEOPT PACKING pc=0x00000000025707ec sp=0x000000000249e310
Event: 3.082 Thread 0x00000000020dd000 DEOPT UNPACKING pc=0x00000000024d9164 sp=0x000000000249e290 mode 2
Event: 3.094 Thread 0x00000000020dd000 DEOPT PACKING pc=0x00000000025774f8 sp=0x000000000249e490
Event: 3.094 Thread 0x00000000020dd000 DEOPT UNPACKING pc=0x00000000024d9164 sp=0x000000000249e420 mode 2
Event: 3.109 loading class 0x000000000a93ea50
Event: 3.109 loading class 0x000000000a93ea50 done
Event: 3.275 Executing VM operation: ParallelGCFailedAllocation


Dynamic libraries:
0x000000013fe30000 - 0x000000013fe63000 	C:\Program Files\Java\jdk1.7.0_09\bin\java.exe
0x0000000077080000 - 0x0000000077229000 	C:\Windows\SYSTEM32\ntdll.dll
0x0000000076f60000 - 0x000000007707f000 	C:\Windows\system32\kernel32.dll
0x000007fefceb0000 - 0x000007fefcf1c000 	C:\Windows\system32\KERNELBASE.dll
0x000007fefd1f0000 - 0x000007fefd2cb000 	C:\Windows\system32\ADVAPI32.dll
0x000007fefd5f0000 - 0x000007fefd68f000 	C:\Windows\system32\msvcrt.dll
0x000007fefdc20000 - 0x000007fefdc3f000 	C:\Windows\SYSTEM32\sechost.dll
0x000007fefdae0000 - 0x000007fefdc0d000 	C:\Windows\system32\RPCRT4.dll
0x0000000076e60000 - 0x0000000076f5a000 	C:\Windows\system32\USER32.dll
0x000007fefe9d0000 - 0x000007fefea37000 	C:\Windows\system32\GDI32.dll
0x000007fefd560000 - 0x000007fefd56e000 	C:\Windows\system32\LPK.dll
0x000007fefda10000 - 0x000007fefdad9000 	C:\Windows\system32\USP10.dll
0x000007fefb990000 - 0x000007fefbb84000 	C:\Windows\WinSxS\amd64_microsoft.windows.common-controls_6595b64144ccf1df_6.0.7601.18837_none_fa3b1e3d17594757\COMCTL32.dll
0x000007fefec20000 - 0x000007fefec91000 	C:\Windows\system32\SHLWAPI.dll
0x000007feff180000 - 0x000007feff1ae000 	C:\Windows\system32\IMM32.DLL
0x000007fefd2d0000 - 0x000007fefd3d9000 	C:\Windows\system32\MSCTF.dll
0x0000000066400000 - 0x00000000664d1000 	C:\Program Files\Java\jdk1.7.0_09\jre\bin\msvcr100.dll
0x000000006d1e0000 - 0x000000006d8ff000 	C:\Program Files\Java\jdk1.7.0_09\jre\bin\server\jvm.dll
0x000007fef9f90000 - 0x000007fef9f99000 	C:\Windows\system32\WSOCK32.dll
0x000007fefebd0000 - 0x000007fefec1d000 	C:\Windows\system32\WS2_32.dll
0x000007fefdc10000 - 0x000007fefdc18000 	C:\Windows\system32\NSI.dll
0x000007fefa290000 - 0x000007fefa2cb000 	C:\Windows\system32\WINMM.dll
0x0000000077240000 - 0x0000000077247000 	C:\Windows\system32\PSAPI.DLL
0x0000000070c90000 - 0x0000000070c9f000 	C:\Program Files\Java\jdk1.7.0_09\jre\bin\verify.dll
0x0000000070950000 - 0x0000000070978000 	C:\Program Files\Java\jdk1.7.0_09\jre\bin\java.dll
0x0000000070da0000 - 0x0000000070db5000 	C:\Program Files\Java\jdk1.7.0_09\jre\bin\zip.dll
0x000007fefb2b0000 - 0x000007fefb3d5000 	C:\Windows\system32\dbghelp.dll

VM Arguments:
jvm_args: -Xmx1024M -Dfile.encoding=windows-1252 -Duser.country=GB -Duser.language=en -Duser.variant 
java_command: com.android.dx.command.Main --dex --output C:\Users\Sinky\StudioProjects\ProtoRunnerV2\ProtoRunnerV2\build\intermediates\dex\debug C:\Users\Sinky\StudioProjects\ProtoRunnerV2\ProtoRunnerV2\build\intermediates\classes\debug C:\Users\Sinky\StudioProjects\ProtoRunnerV2\ProtoRunnerV2\build\intermediates\pre-dexed\debug\support-v4-19.1.0-67f3e68b9d74135449ccbcf8df0f8bc5dfa8fbe1.jar
Launcher Type: SUN_STANDARD

Environment Variables:
PATH=C:\Program Files (x86)\AMD APP\bin\x86_64;C:\Program Files (x86)\AMD APP\bin\x86;C:\Program Files (x86)\NVIDIA Corporation\PhysX\Common;C:\Program Files\Common Files\Microsoft Shared\Windows Live;C:\Program Files (x86)\Common Files\Microsoft Shared\Windows Live;C:\Windows\system32;C:\Windows;C:\Windows\System32\Wbem;C:\Windows\System32\WindowsPowerShell\v1.0\;C:\Program Files (x86)\ATI Technologies\ATI.ACE\Core-Static;C:\Program Files (x86)\Windows Live\Shared;C:\Program Files\Common Files\Autodesk Shared\;c:\Program Files (x86)\Microsoft SQL Server\100\Tools\Binn\;c:\Program Files (x86)\Microsoft SQL Server\100\DTS\Binn\;C:\Program Files\Microsoft SQL Server\110\Tools\Binn\;C:\Program Files\TortoiseGit\bin;C:\Program Files\Microsoft\Web Platform Installer\;C:\Program Files (x86)\Microsoft SDKs\TypeScript\1.0\
USERNAME=Sinky
OS=Windows_NT
PROCESSOR_IDENTIFIER=AMD64 Family 21 Model 1 Stepping 2, AuthenticAMD



---------------  S Y S T E M  ---------------

OS: Windows 7 , 64 bit Build 7601 Service Pack 1

CPU:total 4 (4 cores per cpu, 1 threads per core) family 21 model 1 stepping 2, cmov, cx8, fxsr, mmx, sse, sse2, sse3, ssse3, sse4.1, sse4.2, popcnt, avx, mmxext, 3dnowpref, lzcnt, sse4a, tsc, tscinvbit, tscinv

Memory: 4k page, physical 8370296k(4456880k free), swap 16738756k(11917524k free)

vm_info: Java HotSpot(TM) 64-Bit Server VM (23.5-b02) for windows-amd64 JRE (1.7.0_09-b05), built on Sep 24 2012 21:45:04 by "java_re" with unknown MS VC++:1600

time: Fri Jun 26 19:42:35 2015
elapsed time: 3 seconds

