#
# A fatal error has been detected by the Java Runtime Environment:
#
#  EXCEPTION_ACCESS_VIOLATION (0xc0000005) at pc=0x000000006900f857, pid=6860, tid=5320
#
# JRE version: 7.0_09-b05
# Java VM: Java HotSpot(TM) 64-Bit Server VM (23.5-b02 mixed mode windows-amd64 compressed oops)
# Problematic frame:
# V  [jvm.dll+0x5f857]
#
# Failed to write core dump. Minidumps are not enabled by default on client versions of Windows
#
# If you would like to submit a bug report, please visit:
#   http://bugreport.sun.com/bugreport/crash.jsp
#

---------------  T H R E A D  ---------------

Current thread (0x0000000008bf2800):  VMThread [stack: 0x0000000009d80000,0x0000000009e80000] [id=5320]

siginfo: ExceptionCode=0xc0000005, reading address 0xffffffffffffffff

Registers:
RAX=0xac00000000000000, RBX=0x00000000bb4b8d30, RCX=0x000000000a9d6f61, RDX=0x00000000000035c6
RSP=0x0000000009e7f0b0, RBP=0x0000000002920468, RSI=0x0000000009e7f310, RDI=0x00000000696312f0
R8 =0x0000000000000026, R9 =0x0000000002920468, R10=0x0000000000000001, R11=0x0000000002920260
R12=0x0000000002920110, R13=0x0000000000001000, R14=0x0000000000000000, R15=0x0000000009e7f310
RIP=0x000000006900f857, EFLAGS=0x0000000000010202

Top of Stack: (sp=0x0000000009e7f0b0)
0x0000000009e7f0b0:   00000000694b0a48 000000000000f000
0x0000000009e7f0c0:   0000000000000000 0000000002920260
0x0000000009e7f0d0:   00000000696312f0 000000006900fcc0
0x0000000009e7f0e0:   0000000002920468 0000000009e7f1e0
0x0000000009e7f0f0:   000000000000f000 0000000002920110
0x0000000009e7f100:   0000000009e7f300 000000000b4214f0
0x0000000009e7f110:   0000000000000000 0000000000000000
0x0000000009e7f120:   0000000000000000 0000000002920258
0x0000000009e7f130:   0000000002920258 0000000002920110
0x0000000009e7f140:   000000000292042f 0000000069050002
0x0000000009e7f150:   0000000009e7f148 0000000c0000ffff
0x0000000009e7f160:   0000000002920260 0000000002920260
0x0000000009e7f170:   0000000002920420 0000000002920260
0x0000000009e7f180:   0000000002920420 0000000002920438
0x0000000009e7f190:   00000000694b0a48 0000000009e7f120
0x0000000009e7f1a0:   0000000000000002 0000000009e7f310 

Instructions: (pc=0x000000006900f857)
0x000000006900f837:   43 08 8b 0d d9 ac 5f 00 48 d3 e0 48 03 05 c7 ac
0x000000006900f847:   5f 00 eb 04 48 8b 43 08 48 8d 48 10 48 8b 40 10
0x000000006900f857:   ff 90 68 01 00 00 84 c0 74 53 48 8b 43 10 48 8b
0x000000006900f867:   48 18 48 8b 07 48 8b 51 20 48 8b cf ff 50 08 84 


Register to memory mapping:

RAX=0xac00000000000000 is an unknown value
RBX=0x00000000bb4b8d30 is an oop
{constant pool} 
 - klass: {other class}
 - holder: 0x00000000bb4b93d8
 - cache: 0x00000000bb4c2a18
 -   1 :  : klass_index=11 name_and_type_index=40
 -   2 :  : 'java/lang/IllegalArgumentException'
 -   3 :  : "keys/targets length mismatch" {0xeaab0000}
 -   4 :  : klass_index=2 name_and_type_index=43
 -   5 :  : klass_index=10 name_and_type_index=44
 -   6 :  : klass_index=10 name_and_type_index=45
 -   7 :  : 'java/lang/UnsupportedOperationException'
 -   8 :  : "no index in instruction" {0xeaab0060}
 -   9 :  : klass_index=7 name_and_type_index=43
 -  10 :  : 'com/android/dx/io/instructions/SparseSwitchPayloadDecodedInstruction' {0xbb4b93d8}
 -  11 :  : 'com/android/dx/io/instructions/DecodedInstruction' {0xbb48ab00}
 -  12 :  : 'keys'
 -  13 :  : '[I'
 -  14 :  : 'targets'
 -  15 :  : '<init>'
 -  16 :  : '(Lcom/android/dx/io/instructions/InstructionCodec;I[I[I)V'
 -  17 :  : 'Code'
 -  18 :  : 'LineNumberTable'
 -  19 :  : 'LocalVariableTable'
 -  20 :  : 'this'
 -  21 :  : 'Lcom/android/dx/io/instructions/SparseSwitchPayloadDecodedInstruction;'
 -  22 :  : 'format'
 -  23 :  : 'Lcom/android/dx/io/instructions/InstructionCodec;'
 -  24 :  : 'opcode'
 -  25 :  : 'I'
 -  26 :  : 'StackMapTable'
 -  27 :  : 'com/android/dx/io/instructions/SparseSwitchPayloadDecodedInstruction'
 -  28 :  : 'com/android/dx/io/instructions/InstructionCodec'
 -  29 :  : '[I'
 -  30 :  : 'getRegisterCount'
 -  31 :  : '()I'
 -  32 :  : 'getKeys'
 -  33 :  : '()[I'
 -  34 :  : 'getTargets'
 -  35 :  : 'withIndex'
 -  36 :  : '(I)Lcom/android/dx/io/instructions/DecodedInstruction;'
 -  37 :  : 'newIndex'
 -  38 :  : 'SourceFile'
 -  39 :  : 'SparseSwitchPayloadDecodedInstruction.java'
 -  40 :  : name_index=15 signature_index=51
 -  41 :  : 'java/lang/IllegalArgumentException'
 -  42 :  : 'keys/targets length mismatch'
 -  43 :  : name_index=15 signature_index=52
 -  44 :  : name_index=12 signature_index=13
 -  45 :  : name_index=14 signature_index=13
 -  46 :  : 'java/lang/UnsupportedOperationException'
 -  47 :  : 'no index in instruction'
 -  48 :  : 'com/android/dx/io/instructions/SparseSwitchPayloadDecodedInstruction'
 -  49 :  : 'com/android/dx/io/instructions/DecodedInstruction'
 -  50 :  : 'com/android/dx/io/instructions/InstructionCodec'
 -  51 :  : '(Lcom/android/dx/io/instructions/InstructionCodec;IILcom/android/dx/io/IndexType;IJ)V'
 -  52 :  : '(Ljava/lang/String;)V'

RCX=0x000000000a9d6f61 is an unknown value
RDX=0x00000000000035c6 is an unknown value
RSP=0x0000000009e7f0b0 is an unknown value
RBP=0x0000000002920110 [CodeBlob (0x0000000002920110)]
Framesize: 8
RSI=0x0000000009e7f310 is an unknown value
RDI=0x00000000696312f0 is an unknown value
R8 =0x0000000000000026 is an unknown value
R9 =0x0000000002920110 [CodeBlob (0x0000000002920110)]
Framesize: 8
R10=0x0000000000000001 is an unknown value
R11=0x0000000002920110 [CodeBlob (0x0000000002920110)]
Framesize: 8
R12=0x0000000002920110 [CodeBlob (0x0000000002920110)]
Framesize: 8
R13=0x0000000000001000 is an unknown value
R14=0x0000000000000000 is an unknown value
R15=0x0000000009e7f310 is an unknown value


Stack: [0x0000000009d80000,0x0000000009e80000],  sp=0x0000000009e7f0b0,  free space=1020k
Native frames: (J=compiled Java code, j=interpreted, Vv=VM code, C=native code)
V  [jvm.dll+0x5f857]

VM_Operation (0x00000000025aec60): ParallelGCFailedAllocation, mode: safepoint, requested by thread 0x000000000217f000


---------------  P R O C E S S  ---------------

Java Threads: ( => current thread )
  0x0000000008c9a800 JavaThread "Service Thread" daemon [_thread_blocked, id=4272, stack(0x000000000a450000,0x000000000a550000)]
  0x0000000008c8f800 JavaThread "C2 CompilerThread1" daemon [_thread_blocked, id=7024, stack(0x000000000a5c0000,0x000000000a6c0000)]
  0x0000000008c7b800 JavaThread "C2 CompilerThread0" daemon [_thread_blocked, id=7208, stack(0x000000000a340000,0x000000000a440000)]
  0x0000000008c79800 JavaThread "Attach Listener" daemon [_thread_blocked, id=4728, stack(0x0000000009f00000,0x000000000a000000)]
  0x0000000008c72000 JavaThread "Signal Dispatcher" daemon [_thread_blocked, id=3988, stack(0x000000000a1e0000,0x000000000a2e0000)]
  0x0000000002279000 JavaThread "Finalizer" daemon [_thread_blocked, id=7968, stack(0x000000000a060000,0x000000000a160000)]
  0x0000000002271000 JavaThread "Reference Handler" daemon [_thread_blocked, id=6308, stack(0x0000000009c70000,0x0000000009d70000)]
  0x000000000217f000 JavaThread "main" [_thread_blocked, id=6412, stack(0x00000000024b0000,0x00000000025b0000)]

Other Threads:
=>0x0000000008bf2800 VMThread [stack: 0x0000000009d80000,0x0000000009e80000] [id=5320]
  0x0000000008ca3800 WatcherThread [stack: 0x000000000a810000,0x000000000a910000] [id=5796]

VM state:at safepoint (normal execution)

VM Mutex/Monitor currently owned by a thread:  ([mutex/lock_event])
[0x000000000217d1c0] Threads_lock - owner thread: 0x0000000008bf2800
[0x000000000217d6c0] Heap_lock - owner thread: 0x000000000217f000

Heap
 PSYoungGen      total 322368K, used 24923K [0x00000000eaab0000, 0x0000000100000000, 0x0000000100000000)
  eden space 297408K, 0% used [0x00000000eaab0000,0x00000000eaab00b8,0x00000000fcd20000)
  from space 24960K, 99% used [0x00000000fcd20000,0x00000000fe576c08,0x00000000fe580000)
  to   space 27136K, 0% used [0x00000000fe580000,0x00000000fe580000,0x0000000100000000)
 ParOldGen       total 87232K, used 75443K [0x00000000c0000000, 0x00000000c5530000, 0x00000000eaab0000)
  object space 87232K, 86% used [0x00000000c0000000,0x00000000c49acf98,0x00000000c5530000)
 PSPermGen       total 21248K, used 7629K [0x00000000bae00000, 0x00000000bc2c0000, 0x00000000c0000000)
  object space 21248K, 35% used [0x00000000bae00000,0x00000000bb573710,0x00000000bc2c0000)

Card table byte_map: [0x00000000055b0000,0x00000000057e0000] byte_map_base: 0x0000000004fd9000

Polling page: 0x0000000000230000

Code Cache  [0x00000000025b0000, 0x0000000002930000, 0x00000000055b0000)
 total_blobs=1484 nmethods=1226 adapters=209 free_code_cache=45621Kb largest_free_block=46664576

Compilation events (10 events):
Event: 19.671 Thread 0x0000000008c8f800 1255             com.android.dx.io.instructions.InstructionCodec$15::encode (29 bytes)
Event: 19.671 Thread 0x0000000008c7b800 1254             com.android.dx.io.instructions.InstructionCodec$15::decode (54 bytes)
Event: 19.677 Thread 0x0000000008c7b800 nmethod 1254 0x000000000292b510 code [0x000000000292b660, 0x000000000292b818]
Event: 19.677 Thread 0x0000000008c8f800 nmethod 1255 0x000000000292aed0 code [0x000000000292b020, 0x000000000292b218]
Event: 19.677 Thread 0x0000000008c8f800 1256             com.android.dx.io.instructions.DecodedInstruction::getLiteralByte (58 bytes)
Event: 19.678 Thread 0x0000000008c8f800 nmethod 1256 0x00000000029234d0 code [0x0000000002923600, 0x0000000002923678]
Event: 20.549 Thread 0x0000000008c7b800 1257             com.android.dex.EncodedValue::writeTo (9 bytes)
Event: 20.564 Thread 0x0000000008c7b800 nmethod 1257 0x000000000292a910 code [0x000000000292aa60, 0x000000000292abd8]
Event: 21.319 Thread 0x0000000008c8f800 1258             com.android.dex.EncodedValueReader::readMethod (24 bytes)
Event: 21.325 Thread 0x0000000008c8f800 nmethod 1258 0x000000000292ed90 code [0x000000000292ef00, 0x000000000292f108]

GC Heap History (10 events):
Event: 15.606 GC heap after
Heap after GC invocations=5 (full 0):
 PSYoungGen      total 136256K, used 5428K [0x00000000eaab0000, 0x00000000fd6b0000, 0x0000000100000000)
  eden space 130816K, 0% used [0x00000000eaab0000,0x00000000eaab0000,0x00000000f2a70000)
  from space 5440K, 99% used [0x00000000f2a70000,0x00000000f2fbd088,0x00000000f2fc0000)
  to   space 22784K, 0% used [0x00000000fc070000,0x00000000fc070000,0x00000000fd6b0000)
 ParOldGen       total 87232K, used 42915K [0x00000000c0000000, 0x00000000c5530000, 0x00000000eaab0000)
  object space 87232K, 49% used [0x00000000c0000000,0x00000000c29e8df0,0x00000000c5530000)
 PSPermGen       total 21248K, used 7489K [0x00000000bae00000, 0x00000000bc2c0000, 0x00000000c0000000)
  object space 21248K, 35% used [0x00000000bae00000,0x00000000bb5505b8,0x00000000bc2c0000)
}
Event: 17.037 GC heap before
{Heap before GC invocations=6 (full 0):
 PSYoungGen      total 136256K, used 134068K [0x00000000eaab0000, 0x00000000fd6b0000, 0x0000000100000000)
  eden space 130816K, 98% used [0x00000000eaab0000,0x00000000f2850210,0x00000000f2a70000)
  from space 5440K, 99% used [0x00000000f2a70000,0x00000000f2fbd088,0x00000000f2fc0000)
  to   space 22784K, 0% used [0x00000000fc070000,0x00000000fc070000,0x00000000fd6b0000)
 ParOldGen       total 87232K, used 42915K [0x00000000c0000000, 0x00000000c5530000, 0x00000000eaab0000)
  object space 87232K, 49% used [0x00000000c0000000,0x00000000c29e8df0,0x00000000c5530000)
 PSPermGen       total 21248K, used 7613K [0x00000000bae00000, 0x00000000bc2c0000, 0x00000000c0000000)
  object space 21248K, 35% used [0x00000000bae00000,0x00000000bb56f510,0x00000000bc2c0000)
Event: 17.108 GC heap after
Heap after GC invocations=6 (full 0):
 PSYoungGen      total 284032K, used 9036K [0x00000000eaab0000, 0x00000000fd650000, 0x0000000100000000)
  eden space 261632K, 0% used [0x00000000eaab0000,0x00000000eaab0000,0x00000000faa30000)
  from space 22400K, 40% used [0x00000000fc070000,0x00000000fc943048,0x00000000fd650000)
  to   space 22592K, 0% used [0x00000000faa30000,0x00000000faa30000,0x00000000fc040000)
 ParOldGen       total 87232K, used 42915K [0x00000000c0000000, 0x00000000c5530000, 0x00000000eaab0000)
  object space 87232K, 49% used [0x00000000c0000000,0x00000000c29e8df0,0x00000000c5530000)
 PSPermGen       total 21248K, used 7613K [0x00000000bae00000, 0x00000000bc2c0000, 0x00000000c0000000)
  object space 21248K, 35% used [0x00000000bae00000,0x00000000bb56f510,0x00000000bc2c0000)
}
Event: 18.746 GC heap before
{Heap before GC invocations=7 (full 0):
 PSYoungGen      total 284032K, used 270668K [0x00000000eaab0000, 0x00000000fd650000, 0x0000000100000000)
  eden space 261632K, 100% used [0x00000000eaab0000,0x00000000faa30000,0x00000000faa30000)
  from space 22400K, 40% used [0x00000000fc070000,0x00000000fc943048,0x00000000fd650000)
  to   space 22592K, 0% used [0x00000000faa30000,0x00000000faa30000,0x00000000fc040000)
 ParOldGen       total 87232K, used 42915K [0x00000000c0000000, 0x00000000c5530000, 0x00000000eaab0000)
  object space 87232K, 49% used [0x00000000c0000000,0x00000000c29e8df0,0x00000000c5530000)
 PSPermGen       total 21248K, used 7624K [0x00000000bae00000, 0x00000000bc2c0000, 0x00000000c0000000)
  object space 21248K, 35% used [0x00000000bae00000,0x00000000bb5723b0,0x00000000bc2c0000)
Event: 18.812 GC heap after
Heap after GC invocations=7 (full 0):
 PSYoungGen      total 284224K, used 18170K [0x00000000eaab0000, 0x0000000100000000, 0x0000000100000000)
  eden space 261632K, 0% used [0x00000000eaab0000,0x00000000eaab0000,0x00000000faa30000)
  from space 22592K, 80% used [0x00000000faa30000,0x00000000fbbeea08,0x00000000fc040000)
  to   space 23744K, 0% used [0x00000000fe8d0000,0x00000000fe8d0000,0x0000000100000000)
 ParOldGen       total 87232K, used 45740K [0x00000000c0000000, 0x00000000c5530000, 0x00000000eaab0000)
  object space 87232K, 52% used [0x00000000c0000000,0x00000000c2cab0f8,0x00000000c5530000)
 PSPermGen       total 21248K, used 7624K [0x00000000bae00000, 0x00000000bc2c0000, 0x00000000c0000000)
  object space 21248K, 35% used [0x00000000bae00000,0x00000000bb5723b0,0x00000000bc2c0000)
}
Event: 20.070 GC heap before
{Heap before GC invocations=8 (full 0):
 PSYoungGen      total 284224K, used 279802K [0x00000000eaab0000, 0x0000000100000000, 0x0000000100000000)
  eden space 261632K, 100% used [0x00000000eaab0000,0x00000000faa30000,0x00000000faa30000)
  from space 22592K, 80% used [0x00000000faa30000,0x00000000fbbeea08,0x00000000fc040000)
  to   space 23744K, 0% used [0x00000000fe8d0000,0x00000000fe8d0000,0x0000000100000000)
 ParOldGen       total 87232K, used 45740K [0x00000000c0000000, 0x00000000c5530000, 0x00000000eaab0000)
  object space 87232K, 52% used [0x00000000c0000000,0x00000000c2cab0f8,0x00000000c5530000)
 PSPermGen       total 21248K, used 7629K [0x00000000bae00000, 0x00000000bc2c0000, 0x00000000c0000000)
  object space 21248K, 35% used [0x00000000bae00000,0x00000000bb5735f8,0x00000000bc2c0000)
Event: 20.124 GC heap after
Heap after GC invocations=8 (full 0):
 PSYoungGen      total 321152K, used 21791K [0x00000000eaab0000, 0x0000000100000000, 0x0000000100000000)
  eden space 297408K, 0% used [0x00000000eaab0000,0x00000000eaab0000,0x00000000fcd20000)
  from space 23744K, 91% used [0x00000000fe8d0000,0x00000000ffe17ea8,0x0000000100000000)
  to   space 26048K, 0% used [0x00000000fcd20000,0x00000000fcd20000,0x00000000fe690000)
 ParOldGen       total 87232K, used 65309K [0x00000000c0000000, 0x00000000c5530000, 0x00000000eaab0000)
  object space 87232K, 74% used [0x00000000c0000000,0x00000000c3fc7730,0x00000000c5530000)
 PSPermGen       total 21248K, used 7629K [0x00000000bae00000, 0x00000000bc2c0000, 0x00000000c0000000)
  object space 21248K, 35% used [0x00000000bae00000,0x00000000bb5735f8,0x00000000bc2c0000)
}
Event: 21.472 GC heap before
{Heap before GC invocations=9 (full 0):
 PSYoungGen      total 321152K, used 319199K [0x00000000eaab0000, 0x0000000100000000, 0x0000000100000000)
  eden space 297408K, 100% used [0x00000000eaab0000,0x00000000fcd20000,0x00000000fcd20000)
  from space 23744K, 91% used [0x00000000fe8d0000,0x00000000ffe17ea8,0x0000000100000000)
  to   space 26048K, 0% used [0x00000000fcd20000,0x00000000fcd20000,0x00000000fe690000)
 ParOldGen       total 87232K, used 65309K [0x00000000c0000000, 0x00000000c5530000, 0x00000000eaab0000)
  object space 87232K, 74% used [0x00000000c0000000,0x00000000c3fc7730,0x00000000c5530000)
 PSPermGen       total 21248K, used 7629K [0x00000000bae00000, 0x00000000bc2c0000, 0x00000000c0000000)
  object space 21248K, 35% used [0x00000000bae00000,0x00000000bb573710,0x00000000bc2c0000)
Event: 21.526 GC heap after
Heap after GC invocations=9 (full 0):
 PSYoungGen      total 322368K, used 24923K [0x00000000eaab0000, 0x0000000100000000, 0x0000000100000000)
  eden space 297408K, 0% used [0x00000000eaab0000,0x00000000eaab0000,0x00000000fcd20000)
  from space 24960K, 99% used [0x00000000fcd20000,0x00000000fe576c08,0x00000000fe580000)
  to   space 27136K, 0% used [0x00000000fe580000,0x00000000fe580000,0x0000000100000000)
 ParOldGen       total 87232K, used 75443K [0x00000000c0000000, 0x00000000c5530000, 0x00000000eaab0000)
  object space 87232K, 86% used [0x00000000c0000000,0x00000000c49acf98,0x00000000c5530000)
 PSPermGen       total 21248K, used 7629K [0x00000000bae00000, 0x00000000bc2c0000, 0x00000000c0000000)
  object space 21248K, 35% used [0x00000000bae00000,0x00000000bb573710,0x00000000bc2c0000)
}
Event: 21.526 GC heap before
{Heap before GC invocations=10 (full 1):
 PSYoungGen      total 322368K, used 24923K [0x00000000eaab0000, 0x0000000100000000, 0x0000000100000000)
  eden space 297408K, 0% used [0x00000000eaab0000,0x00000000eaab0000,0x00000000fcd20000)
  from space 24960K, 99% used [0x00000000fcd20000,0x00000000fe576c08,0x00000000fe580000)
  to   space 27136K, 0% used [0x00000000fe580000,0x00000000fe580000,0x0000000100000000)
 ParOldGen       total 87232K, used 75443K [0x00000000c0000000, 0x00000000c5530000, 0x00000000eaab0000)
  object space 87232K, 86% used [0x00000000c0000000,0x00000000c49acf98,0x00000000c5530000)
 PSPermGen       total 21248K, used 7629K [0x00000000bae00000, 0x00000000bc2c0000, 0x00000000c0000000)
  object space 21248K, 35% used [0x00000000bae00000,0x00000000bb573710,0x00000000bc2c0000)

Deoptimization events (10 events):
Event: 15.294 Thread 0x000000000217f000 Uncommon trap -42 fr.pc 0x00000000027cf76c
Event: 15.295 Thread 0x000000000217f000 Uncommon trap -42 fr.pc 0x00000000027cf818
Event: 15.344 Thread 0x000000000217f000 Uncommon trap -42 fr.pc 0x0000000002874798
Event: 15.344 Thread 0x000000000217f000 Uncommon trap -42 fr.pc 0x000000000287458c
Event: 15.344 Thread 0x000000000217f000 Uncommon trap -42 fr.pc 0x00000000028746b4
Event: 15.344 Thread 0x000000000217f000 Uncommon trap -42 fr.pc 0x0000000002874798
Event: 15.434 Thread 0x000000000217f000 Uncommon trap -42 fr.pc 0x00000000027cf76c
Event: 15.434 Thread 0x000000000217f000 Uncommon trap -42 fr.pc 0x00000000027cf818
Event: 16.019 Thread 0x000000000217f000 Uncommon trap -42 fr.pc 0x00000000028c3464
Event: 16.162 Thread 0x000000000217f000 Uncommon trap -42 fr.pc 0x00000000028c3464

Internal exceptions (10 events):
Event: 13.745 Thread 0x000000000217f000 Threw 0x00000000ee8f2290 at C:\jdk7u1_64p\jdk7u9\hotspot\src\share\vm\prims\jvm.cpp:1166
Event: 13.745 Thread 0x000000000217f000 Threw 0x00000000ee8f52f0 at C:\jdk7u1_64p\jdk7u9\hotspot\src\share\vm\prims\jvm.cpp:1166
Event: 13.746 Thread 0x000000000217f000 Threw 0x00000000ee8f8790 at C:\jdk7u1_64p\jdk7u9\hotspot\src\share\vm\prims\jvm.cpp:1166
Event: 13.751 Thread 0x000000000217f000 Threw 0x00000000ee93fcd0 at C:\jdk7u1_64p\jdk7u9\hotspot\src\share\vm\prims\jvm.cpp:1166
Event: 13.752 Thread 0x000000000217f000 Threw 0x00000000ee941ee0 at C:\jdk7u1_64p\jdk7u9\hotspot\src\share\vm\prims\jvm.cpp:1166
Event: 14.181 Thread 0x000000000217f000 Threw 0x00000000eedec390 at C:\jdk7u1_64p\jdk7u9\hotspot\src\share\vm\prims\jvm.cpp:1166
Event: 14.181 Thread 0x000000000217f000 Threw 0x00000000eedec4b8 at C:\jdk7u1_64p\jdk7u9\hotspot\src\share\vm\prims\jvm.cpp:1166
Event: 14.183 Thread 0x000000000217f000 Threw 0x00000000eedf0200 at C:\jdk7u1_64p\jdk7u9\hotspot\src\share\vm\prims\jvm.cpp:1166
Event: 14.183 Thread 0x000000000217f000 Threw 0x00000000eedf0328 at C:\jdk7u1_64p\jdk7u9\hotspot\src\share\vm\prims\jvm.cpp:1166
Event: 14.656 Thread 0x000000000217f000 Threw 0x00000000efa7cd58 at C:\jdk7u1_64p\jdk7u9\hotspot\src\share\vm\prims\jvm.cpp:1166

Events (10 events):
Event: 17.212 Thread 0x0000000008c7b800 flushing nmethod 0x000000000262de10
Event: 17.218 Thread 0x0000000008c7b800 flushing nmethod 0x00000000026f4e90
Event: 17.218 Thread 0x0000000008c7b800 flushing nmethod 0x00000000026f6fd0
Event: 17.265 Thread 0x0000000008c8f800 flushing nmethod 0x00000000027a47d0
Event: 17.313 Thread 0x0000000008c7b800 flushing nmethod 0x00000000027ed790
Event: 18.746 Executing VM operation: ParallelGCFailedAllocation
Event: 18.812 Executing VM operation: ParallelGCFailedAllocation done
Event: 20.070 Executing VM operation: ParallelGCFailedAllocation
Event: 20.124 Executing VM operation: ParallelGCFailedAllocation done
Event: 21.472 Executing VM operation: ParallelGCFailedAllocation


Dynamic libraries:
0x000000013f880000 - 0x000000013f8b3000 	C:\Program Files\Java\jdk1.7.0_09\bin\java.exe
0x0000000077340000 - 0x00000000774e9000 	C:\Windows\SYSTEM32\ntdll.dll
0x0000000077220000 - 0x000000007733f000 	C:\Windows\system32\kernel32.dll
0x000007fefd380000 - 0x000007fefd3ec000 	C:\Windows\system32\KERNELBASE.dll
0x000007feff460000 - 0x000007feff53b000 	C:\Windows\system32\ADVAPI32.dll
0x000007fefdd10000 - 0x000007fefddaf000 	C:\Windows\system32\msvcrt.dll
0x000007fefd670000 - 0x000007fefd68f000 	C:\Windows\SYSTEM32\sechost.dll
0x000007feff200000 - 0x000007feff32d000 	C:\Windows\system32\RPCRT4.dll
0x0000000077120000 - 0x000000007721a000 	C:\Windows\system32\USER32.dll
0x000007fefdc40000 - 0x000007fefdca7000 	C:\Windows\system32\GDI32.dll
0x000007fefdd00000 - 0x000007fefdd0e000 	C:\Windows\system32\LPK.dll
0x000007feff330000 - 0x000007feff3f9000 	C:\Windows\system32\USP10.dll
0x000007fefbab0000 - 0x000007fefbca4000 	C:\Windows\WinSxS\amd64_microsoft.windows.common-controls_6595b64144ccf1df_6.0.7601.18837_none_fa3b1e3d17594757\COMCTL32.dll
0x000007fefed20000 - 0x000007fefed91000 	C:\Windows\system32\SHLWAPI.dll
0x000007fefd9b0000 - 0x000007fefd9de000 	C:\Windows\system32\IMM32.DLL
0x000007feff540000 - 0x000007feff649000 	C:\Windows\system32\MSCTF.dll
0x0000000072da0000 - 0x0000000072e71000 	C:\Program Files\Java\jdk1.7.0_09\jre\bin\msvcr100.dll
0x0000000068fb0000 - 0x00000000696cf000 	C:\Program Files\Java\jdk1.7.0_09\jre\bin\server\jvm.dll
0x000007fee8660000 - 0x000007fee8669000 	C:\Windows\system32\WSOCK32.dll
0x000007fefdcb0000 - 0x000007fefdcfd000 	C:\Windows\system32\WS2_32.dll
0x000007fefd9a0000 - 0x000007fefd9a8000 	C:\Windows\system32\NSI.dll
0x000007fef6ea0000 - 0x000007fef6edb000 	C:\Windows\system32\WINMM.dll
0x0000000077510000 - 0x0000000077517000 	C:\Windows\system32\PSAPI.DLL
0x0000000072ad0000 - 0x0000000072adf000 	C:\Program Files\Java\jdk1.7.0_09\jre\bin\verify.dll
0x0000000071fd0000 - 0x0000000071ff8000 	C:\Program Files\Java\jdk1.7.0_09\jre\bin\java.dll
0x0000000071fb0000 - 0x0000000071fc5000 	C:\Program Files\Java\jdk1.7.0_09\jre\bin\zip.dll
0x0000000071f90000 - 0x0000000071fa9000 	C:\Program Files\Java\jdk1.7.0_09\jre\bin\net.dll
0x000007fefc890000 - 0x000007fefc8e5000 	C:\Windows\system32\mswsock.dll
0x000007fefc880000 - 0x000007fefc887000 	C:\Windows\System32\wship6.dll
0x0000000071f70000 - 0x0000000071f81000 	C:\Program Files\Java\jdk1.7.0_09\jre\bin\nio.dll
0x000007fefb570000 - 0x000007fefb695000 	C:\Windows\system32\dbghelp.dll

VM Arguments:
jvm_args: -Xmx1024M -Dfile.encoding=windows-1252 -Duser.country=GB -Duser.language=en -Duser.variant 
java_command: com.android.dx.command.Main --dex --output C:\Users\Sinky\StudioProjects\ProtoRunnerV2\ProtoRunnerV2\build\intermediates\dex\debug C:\Users\Sinky\StudioProjects\ProtoRunnerV2\ProtoRunnerV2\build\intermediates\classes\debug C:\Users\Sinky\StudioProjects\ProtoRunnerV2\ProtoRunnerV2\build\intermediates\pre-dexed\debug\support-annotations-22.2.0-ce405e005671120865286fbb1a2542953cb92ee2.jar C:\Users\Sinky\StudioProjects\ProtoRunnerV2\ProtoRunnerV2\build\intermediates\pre-dexed\debug\classes-66fdcfc2144d757ac8530a052d47265e07773092.jar C:\Users\Sinky\StudioProjects\ProtoRunnerV2\ProtoRunnerV2\build\intermediates\pre-dexed\debug\classes-06ab37edf61694c22c293dc9ab41bab488406bc9.jar C:\Users\Sinky\StudioProjects\ProtoRunnerV2\ProtoRunnerV2\build\intermediates\pre-dexed\debug\classes-93f5a97fc040ab1733116df9f83fe928f712b237.jar C:\Users\Sinky\StudioProjects\ProtoRunnerV2\ProtoRunnerV2\build\intermediates\pre-dexed\debug\internal_impl-22.0.0-89a57e48793771ae5d65787933a30f0a9fffdc28.jar C:\Users\Sinky\StudioProjects\ProtoRunnerV2\ProtoRunnerV2\build\intermediates\pre-dexed\debug\classes-8e388dcd8b97a09304cc972cb61d3ffff3cfa55d.jar C:\Users\Sinky\StudioProjects\ProtoRunnerV2\ProtoRunnerV2\build\intermediates\pre-dexed\debug\classes-475e55994f5440e819b7988ff0065d4158443666.jar C:\Users\Sinky\StudioProjects\ProtoRunnerV2\ProtoRunnerV2\build\intermediates\pre-dexed\debug\classes-b7a255c659b855a7d768177e722332e1ea9e71a8.jar C:\Users\Sinky\StudioProjects\ProtoRunnerV2\ProtoRunnerV2\build\intermediates\pre-dexed\debug\classes-73d15a7b00f0331346d474c1114b3cc0a1b38ce2.jar C:\Users\Sinky\StudioProjects\ProtoRunnerV2\ProtoRunnerV2\build\intermediates\pre-dexed\debug\classes-b53993833ab07fbfd7d3b51de23eeeca6c4ddeb4.jar C:\Users\Sinky\StudioProjects\ProtoRunnerV2\ProtoRunnerV2\build\intermediates\pre-dexed\debug\classes-b732c20c9a93d8f61a730de1c28f5cdc6066418b.jar C:\Users\Sinky\StudioProjects\ProtoRunnerV2\ProtoRunnerV2\build\intermediates\pre-dexed\debug\classes-45b19e3021
Launcher Type: SUN_STANDARD

Environment Variables:
PATH=C:\Program Files (x86)\AMD APP\bin\x86_64;C:\Program Files (x86)\AMD APP\bin\x86;C:\Program Files (x86)\NVIDIA Corporation\PhysX\Common;C:\Program Files\Common Files\Microsoft Shared\Windows Live;C:\Program Files (x86)\Common Files\Microsoft Shared\Windows Live;C:\Windows\system32;C:\Windows;C:\Windows\System32\Wbem;C:\Windows\System32\WindowsPowerShell\v1.0\;C:\Program Files (x86)\ATI Technologies\ATI.ACE\Core-Static;C:\Program Files (x86)\Windows Live\Shared;C:\Program Files\Common Files\Autodesk Shared\;c:\Program Files (x86)\Microsoft SQL Server\100\Tools\Binn\;c:\Program Files (x86)\Microsoft SQL Server\100\DTS\Binn\;C:\Program Files\Microsoft SQL Server\110\Tools\Binn\;C:\Program Files\TortoiseGit\bin;C:\Program Files\Microsoft\Web Platform Installer\;C:\Program Files (x86)\Microsoft SDKs\TypeScript\1.0\
USERNAME=Sinky
OS=Windows_NT
PROCESSOR_IDENTIFIER=AMD64 Family 21 Model 1 Stepping 2, AuthenticAMD



---------------  S Y S T E M  ---------------

OS: Windows 7 , 64 bit Build 7601 Service Pack 1

CPU:total 4 (4 cores per cpu, 1 threads per core) family 21 model 1 stepping 2, cmov, cx8, fxsr, mmx, sse, sse2, sse3, ssse3, sse4.1, sse4.2, popcnt, avx, mmxext, 3dnowpref, lzcnt, sse4a, tsc, tscinvbit, tscinv

Memory: 4k page, physical 8370296k(2681892k free), swap 16738756k(10243104k free)

vm_info: Java HotSpot(TM) 64-Bit Server VM (23.5-b02) for windows-amd64 JRE (1.7.0_09-b05), built on Sep 24 2012 21:45:04 by "java_re" with unknown MS VC++:1600

time: Sun Jul 12 02:53:25 2015
elapsed time: 21 seconds

