#
# A fatal error has been detected by the Java Runtime Environment:
#
#  Internal Error (os_windows_x86.cpp:149), pid=5256, tid=8016
#  guarantee(result == EXCEPTION_CONTINUE_EXECUTION) failed: Unexpected result from topLevelExceptionFilter
#
# JRE version: 7.0_09-b05
# Java VM: Java HotSpot(TM) 64-Bit Server VM (23.5-b02 mixed mode windows-amd64 compressed oops)
# Failed to write core dump. Minidumps are not enabled by default on client versions of Windows
#
# If you would like to submit a bug report, please visit:
#   http://bugreport.sun.com/bugreport/crash.jsp
#

---------------  T H R E A D  ---------------

Current thread (0x0000000001c2d000):  JavaThread "main" [_thread_in_Java, id=8016, stack(0x0000000002400000,0x0000000002500000)]

Stack: [0x0000000002400000,0x0000000002500000]

---------------  P R O C E S S  ---------------

Java Threads: ( => current thread )
  0x0000000008b1d800 JavaThread "Service Thread" daemon [_thread_blocked, id=7064, stack(0x000000000a770000,0x000000000a870000)]
  0x0000000008b1a800 JavaThread "C2 CompilerThread1" daemon [_thread_in_native, id=1176, stack(0x000000000a640000,0x000000000a740000)]
  0x0000000008b0d800 JavaThread "C2 CompilerThread0" daemon [_thread_in_native, id=7316, stack(0x000000000a430000,0x000000000a530000)]
  0x0000000008b0c000 JavaThread "Attach Listener" daemon [_thread_blocked, id=3040, stack(0x000000000a2d0000,0x000000000a3d0000)]
  0x0000000008b05000 JavaThread "Signal Dispatcher" daemon [_thread_blocked, id=6988, stack(0x000000000a0e0000,0x000000000a1e0000)]
  0x0000000001d2c000 JavaThread "Finalizer" daemon [_thread_blocked, id=5464, stack(0x0000000009f90000,0x000000000a090000)]
  0x0000000001d24800 JavaThread "Reference Handler" daemon [_thread_blocked, id=7172, stack(0x0000000009d90000,0x0000000009e90000)]
=>0x0000000001c2d000 JavaThread "main" [_thread_in_Java, id=8016, stack(0x0000000002400000,0x0000000002500000)]

Other Threads:
  0x0000000001d20000 VMThread [stack: 0x0000000009b40000,0x0000000009c40000] [id=3164]
  0x0000000008b26000 WatcherThread [stack: 0x000000000a8e0000,0x000000000a9e0000] [id=5384]

VM state:not at safepoint (normal execution)

VM Mutex/Monitor currently owned by a thread: None

Heap
 PSYoungGen      total 38144K, used 37486K [0x00000000eaab0000, 0x00000000ef530000, 0x0000000100000000)
  eden space 32704K, 98% used [0x00000000eaab0000,0x00000000ec9fdb50,0x00000000ecaa0000)
  from space 5440K, 99% used [0x00000000ecaa0000,0x00000000ecfedf98,0x00000000ecff0000)
  to   space 5440K, 0% used [0x00000000eefe0000,0x00000000eefe0000,0x00000000ef530000)
 ParOldGen       total 87232K, used 1144K [0x00000000c0000000, 0x00000000c5530000, 0x00000000eaab0000)
  object space 87232K, 1% used [0x00000000c0000000,0x00000000c011e0d8,0x00000000c5530000)
 PSPermGen       total 21248K, used 5243K [0x00000000bae00000, 0x00000000bc2c0000, 0x00000000c0000000)
  object space 21248K, 24% used [0x00000000bae00000,0x00000000bb31ec90,0x00000000bc2c0000)

Card table byte_map: [0x0000000005500000,0x0000000005730000] byte_map_base: 0x0000000004f29000

Polling page: 0x0000000000240000

Code Cache  [0x0000000002500000, 0x0000000002770000, 0x0000000005500000)
 total_blobs=547 nmethods=338 adapters=160 free_code_cache=47801Kb largest_free_block=48883456

Compilation events (10 events):
Event: 5.037 Thread 0x0000000008b1a800 nmethod 333 0x000000000262ccd0 code [0x000000000262ce00, 0x000000000262ce58]
Event: 5.037 Thread 0x0000000008b1a800  334             com.android.dx.ssa.back.LivenessAnalyzer::coInterferePhis (128 bytes)
Event: 5.068 Thread 0x0000000008b1a800 nmethod 334 0x000000000262e0d0 code [0x000000000262e2a0, 0x000000000262e9e8]
Event: 5.068 Thread 0x0000000008b1a800  335             com.android.dx.util.BitIntSet::has (28 bytes)
Event: 5.070 Thread 0x0000000008b1a800 nmethod 335 0x000000000262c950 code [0x000000000262ca80, 0x000000000262cb38]
Event: 5.070 Thread 0x0000000008b1a800  336             com.android.dx.ssa.SsaMethod::makeExitBlock (134 bytes)
Event: 5.176 Thread 0x0000000008b1a800 nmethod 336 0x000000000264f5d0 code [0x000000000264f800, 0x0000000002650a10]
Event: 5.177 Thread 0x0000000008b1a800  337             com.android.dx.ssa.back.SsaToRop::convertBasicBlocks (151 bytes)
Event: 5.192 Thread 0x0000000008b0d800 nmethod 323 0x0000000002651e90 code [0x00000000026536e0, 0x0000000002659770]
Event: 5.193 Thread 0x0000000008b0d800  338             com.android.dx.ssa.SsaMethod::getCountReachableBlocks (44 bytes)

GC Heap History (2 events):
Event: 3.696 GC heap before
{Heap before GC invocations=1 (full 0):
 PSYoungGen      total 38144K, used 32704K [0x00000000eaab0000, 0x00000000ed540000, 0x0000000100000000)
  eden space 32704K, 100% used [0x00000000eaab0000,0x00000000ecaa0000,0x00000000ecaa0000)
  from space 5440K, 0% used [0x00000000ecff0000,0x00000000ecff0000,0x00000000ed540000)
  to   space 5440K, 0% used [0x00000000ecaa0000,0x00000000ecaa0000,0x00000000ecff0000)
 ParOldGen       total 87232K, used 0K [0x00000000c0000000, 0x00000000c5530000, 0x00000000eaab0000)
  object space 87232K, 0% used [0x00000000c0000000,0x00000000c0000000,0x00000000c5530000)
 PSPermGen       total 21248K, used 5173K [0x00000000bae00000, 0x00000000bc2c0000, 0x00000000c0000000)
  object space 21248K, 24% used [0x00000000bae00000,0x00000000bb30d488,0x00000000bc2c0000)
Event: 3.737 GC heap after
Heap after GC invocations=1 (full 0):
 PSYoungGen      total 38144K, used 5431K [0x00000000eaab0000, 0x00000000ef530000, 0x0000000100000000)
  eden space 32704K, 0% used [0x00000000eaab0000,0x00000000eaab0000,0x00000000ecaa0000)
  from space 5440K, 99% used [0x00000000ecaa0000,0x00000000ecfedf98,0x00000000ecff0000)
  to   space 5440K, 0% used [0x00000000eefe0000,0x00000000eefe0000,0x00000000ef530000)
 ParOldGen       total 87232K, used 1144K [0x00000000c0000000, 0x00000000c5530000, 0x00000000eaab0000)
  object space 87232K, 1% used [0x00000000c0000000,0x00000000c011e0d8,0x00000000c5530000)
 PSPermGen       total 21248K, used 5173K [0x00000000bae00000, 0x00000000bc2c0000, 0x00000000c0000000)
  object space 21248K, 24% used [0x00000000bae00000,0x00000000bb30d488,0x00000000bc2c0000)
}

Deoptimization events (10 events):
Event: 2.215 Thread 0x0000000001c2d000 Uncommon trap -34 fr.pc 0x000000000258c2c8
Event: 2.218 Thread 0x0000000001c2d000 Uncommon trap -34 fr.pc 0x000000000258c2c8
Event: 2.241 Thread 0x0000000001c2d000 Uncommon trap -34 fr.pc 0x000000000258c2c8
Event: 2.243 Thread 0x0000000001c2d000 Uncommon trap -34 fr.pc 0x000000000258c2c8
Event: 2.882 Thread 0x0000000001c2d000 Uncommon trap -12 fr.pc 0x00000000025b8660
Event: 3.438 Thread 0x0000000001c2d000 Uncommon trap -83 fr.pc 0x00000000025d20dc
Event: 3.448 Thread 0x0000000001c2d000 Uncommon trap -83 fr.pc 0x00000000025d8df8
Event: 4.371 Thread 0x0000000001c2d000 Uncommon trap -12 fr.pc 0x000000000260b544
Event: 5.126 Thread 0x0000000001c2d000 Uncommon trap -83 fr.pc 0x0000000002582144
Event: 5.193 Thread 0x0000000001c2d000 Uncommon trap -58 fr.pc 0x0000000002654950

Internal exceptions (10 events):
Event: 1.121 Thread 0x0000000001c2d000 Threw 0x00000000eb263340 at C:\jdk7u1_64p\jdk7u9\hotspot\src\share\vm\prims\jvm.cpp:1166
Event: 1.484 Thread 0x0000000001c2d000 Threw 0x00000000eb48fe98 at C:\jdk7u1_64p\jdk7u9\hotspot\src\share\vm\prims\jvm.cpp:1166
Event: 1.486 Thread 0x0000000001c2d000 Threw 0x00000000eb495310 at C:\jdk7u1_64p\jdk7u9\hotspot\src\share\vm\prims\jvm.cpp:1166
Event: 1.490 Thread 0x0000000001c2d000 Threw 0x00000000eb49df58 at C:\jdk7u1_64p\jdk7u9\hotspot\src\share\vm\prims\jvm.cpp:1166
Event: 1.684 Thread 0x0000000001c2d000 Threw 0x00000000eb5bce98 at C:\jdk7u1_64p\jdk7u9\hotspot\src\share\vm\prims\jvm.cpp:1166
Event: 1.737 Thread 0x0000000001c2d000 Implicit null exception at 0x0000000002579455 to 0x00000000025797b9
Event: 2.383 Thread 0x0000000001c2d000 Threw 0x00000000ebb3b168 at C:\jdk7u1_64p\jdk7u9\hotspot\src\share\vm\prims\jvm.cpp:1166
Event: 2.882 Thread 0x0000000001c2d000 Implicit null exception at 0x00000000025b76a2 to 0x00000000025b8631
Event: 3.463 Thread 0x0000000001c2d000 Threw 0x00000000ec735da0 at C:\jdk7u1_64p\jdk7u9\hotspot\src\share\vm\prims\jvm.cpp:1166
Event: 4.371 Thread 0x0000000001c2d000 Implicit null exception at 0x000000000260ae57 to 0x000000000260b535

Events (10 events):
Event: 4.288 Thread 0x0000000008b1a800 flushing nmethod 0x000000000256ee90
Event: 4.312 Thread 0x0000000008b1a800 flushing nmethod 0x0000000002579110
Event: 4.371 Thread 0x0000000001c2d000 DEOPT PACKING pc=0x000000000260b544 sp=0x00000000024fe2a0
Event: 4.371 Thread 0x0000000001c2d000 DEOPT UNPACKING pc=0x0000000002539164 sp=0x00000000024fe1c0 mode 2
Event: 4.908 loading class 0x0000000008a98a70
Event: 4.909 loading class 0x0000000008a98a70 done
Event: 5.127 Thread 0x0000000001c2d000 DEOPT PACKING pc=0x0000000002582144 sp=0x00000000024fde80
Event: 5.127 Thread 0x0000000001c2d000 DEOPT UNPACKING pc=0x0000000002539164 sp=0x00000000024fde20 mode 2
Event: 5.193 Thread 0x0000000001c2d000 DEOPT PACKING pc=0x0000000002654950 sp=0x00000000024fe1a0
Event: 5.193 Thread 0x0000000001c2d000 DEOPT UNPACKING pc=0x0000000002539164 sp=0x00000000024fe138 mode 2


Dynamic libraries:
0x000000013fbe0000 - 0x000000013fc13000 	C:\Program Files\Java\jdk1.7.0_09\bin\java.exe
0x00000000775e0000 - 0x0000000077789000 	C:\Windows\SYSTEM32\ntdll.dll
0x00000000774c0000 - 0x00000000775df000 	C:\Windows\system32\kernel32.dll
0x000007fefd3f0000 - 0x000007fefd45c000 	C:\Windows\system32\KERNELBASE.dll
0x000007fefdb00000 - 0x000007fefdbdb000 	C:\Windows\system32\ADVAPI32.dll
0x000007feff550000 - 0x000007feff5ef000 	C:\Windows\system32\msvcrt.dll
0x000007fefef00000 - 0x000007fefef1f000 	C:\Windows\SYSTEM32\sechost.dll
0x000007fefdfe0000 - 0x000007fefe10d000 	C:\Windows\system32\RPCRT4.dll
0x00000000773c0000 - 0x00000000774ba000 	C:\Windows\system32\USER32.dll
0x000007fefded0000 - 0x000007fefdf37000 	C:\Windows\system32\GDI32.dll
0x000007fefdec0000 - 0x000007fefdece000 	C:\Windows\system32\LPK.dll
0x000007fefdbe0000 - 0x000007fefdca9000 	C:\Windows\system32\USP10.dll
0x000007fefbd50000 - 0x000007fefbf44000 	C:\Windows\WinSxS\amd64_microsoft.windows.common-controls_6595b64144ccf1df_6.0.7601.18837_none_fa3b1e3d17594757\COMCTL32.dll
0x000007feff610000 - 0x000007feff681000 	C:\Windows\system32\SHLWAPI.dll
0x000007fefd830000 - 0x000007fefd85e000 	C:\Windows\system32\IMM32.DLL
0x000007fefd860000 - 0x000007fefd969000 	C:\Windows\system32\MSCTF.dll
0x0000000066d10000 - 0x0000000066de1000 	C:\Program Files\Java\jdk1.7.0_09\jre\bin\msvcr100.dll
0x000000005f810000 - 0x000000005ff2f000 	C:\Program Files\Java\jdk1.7.0_09\jre\bin\server\jvm.dll
0x000007fef78d0000 - 0x000007fef78d9000 	C:\Windows\system32\WSOCK32.dll
0x000007fefef20000 - 0x000007fefef6d000 	C:\Windows\system32\WS2_32.dll
0x000007feff540000 - 0x000007feff548000 	C:\Windows\system32\NSI.dll
0x000007fef8050000 - 0x000007fef808b000 	C:\Windows\system32\WINMM.dll
0x00000000777b0000 - 0x00000000777b7000 	C:\Windows\system32\PSAPI.DLL
0x00000000741b0000 - 0x00000000741bf000 	C:\Program Files\Java\jdk1.7.0_09\jre\bin\verify.dll
0x00000000734c0000 - 0x00000000734e8000 	C:\Program Files\Java\jdk1.7.0_09\jre\bin\java.dll
0x00000000734a0000 - 0x00000000734b5000 	C:\Program Files\Java\jdk1.7.0_09\jre\bin\zip.dll

VM Arguments:
jvm_args: -Xmx1024M -Dfile.encoding=windows-1252 -Duser.country=GB -Duser.language=en -Duser.variant 
java_command: com.android.dx.command.Main --dex --output C:\Users\Sinky\StudioProjects\ProtoRunnerV2\ProtoRunnerV2\build\intermediates\dex\debug C:\Users\Sinky\StudioProjects\ProtoRunnerV2\ProtoRunnerV2\build\intermediates\classes\debug C:\Users\Sinky\StudioProjects\ProtoRunnerV2\ProtoRunnerV2\build\intermediates\pre-dexed\debug\support-v4-19.1.0-67f3e68b9d74135449ccbcf8df0f8bc5dfa8fbe1.jar
Launcher Type: SUN_STANDARD

Environment Variables:
PATH=C:\Program Files (x86)\AMD APP\bin\x86_64;C:\Program Files (x86)\AMD APP\bin\x86;C:\Program Files (x86)\NVIDIA Corporation\PhysX\Common;C:\Program Files\Common Files\Microsoft Shared\Windows Live;C:\Program Files (x86)\Common Files\Microsoft Shared\Windows Live;C:\Windows\system32;C:\Windows;C:\Windows\System32\Wbem;C:\Windows\System32\WindowsPowerShell\v1.0\;C:\Program Files (x86)\ATI Technologies\ATI.ACE\Core-Static;C:\Program Files (x86)\Windows Live\Shared;C:\Program Files\Common Files\Autodesk Shared\;c:\Program Files (x86)\Microsoft SQL Server\100\Tools\Binn\;c:\Program Files (x86)\Microsoft SQL Server\100\DTS\Binn\;C:\Program Files\Microsoft SQL Server\110\Tools\Binn\;C:\Program Files\TortoiseGit\bin;C:\Program Files\Microsoft\Web Platform Installer\;C:\Program Files (x86)\Microsoft SDKs\TypeScript\1.0\
USERNAME=Sinky
OS=Windows_NT
PROCESSOR_IDENTIFIER=AMD64 Family 21 Model 1 Stepping 2, AuthenticAMD



---------------  S Y S T E M  ---------------

OS: Windows 7 , 64 bit Build 7601 Service Pack 1

CPU:total 4 (4 cores per cpu, 1 threads per core) family 21 model 1 stepping 2, cmov, cx8, fxsr, mmx, sse, sse2, sse3, ssse3, sse4.1, sse4.2, popcnt, avx, mmxext, 3dnowpref, lzcnt, sse4a, tsc, tscinvbit, tscinv

Memory: 4k page, physical 8370296k(3388228k free), swap 16738756k(10778032k free)

vm_info: Java HotSpot(TM) 64-Bit Server VM (23.5-b02) for windows-amd64 JRE (1.7.0_09-b05), built on Sep 24 2012 21:45:04 by "java_re" with unknown MS VC++:1600

time: Mon Jun 22 22:54:40 2015
elapsed time: 5 seconds

