#
# A fatal error has been detected by the Java Runtime Environment:
#
#  EXCEPTION_ILLEGAL_INSTRUCTION (0xc000001d) at pc=0x000000000266cdb3, pid=6824, tid=4800
#
# JRE version: 7.0_09-b05
# Java VM: Java HotSpot(TM) 64-Bit Server VM (23.5-b02 mixed mode windows-amd64 compressed oops)
# Problematic frame:
# J  com.android.dx.ssa.SsaMethod.makeExitBlock()V
#
# Failed to write core dump. Minidumps are not enabled by default on client versions of Windows
#
# If you would like to submit a bug report, please visit:
#   http://bugreport.sun.com/bugreport/crash.jsp
#

---------------  T H R E A D  ---------------

Current thread (0x00000000020af000):  JavaThread "main" [_thread_in_Java, id=4800, stack(0x0000000002410000,0x0000000002510000)]

siginfo: ExceptionCode=0xc000001d

Registers:
RAX=0x0000000000000067, RBX=0x00000000ec933380, RCX=0x0000000000000065, RDX=0x00000000ec923be0
RSP=0x000000000250e2e0, RBP=0x00000000ec933198, RSI=0x0000000000000000, RDI=0x00000000ec923be0
R8 =0x0000000000000067, R9 =0x0000000000000064, R10=0x0000000000000000, R11=0x00000000ec9333b8
R12=0x0000000000000000, R13=0x00000000ec94b100, R14=0x000000000250e418, R15=0x00000000020af000
RIP=0x000000000266cdb3, EFLAGS=0x0000000000010246

Top of Stack: (sp=0x000000000250e2e0)
0x000000000250e2e0:   00000000025161f8 00000000ec923ba0
0x000000000250e2f0:   00000000ec923ba0 000000000250e2f8
0x000000000250e300:   00000000bb1f4060 000000000250e348
0x000000000250e310:   00000000bb1fa198 0000000000000000
0x000000000250e320:   00000000bb1f4088 00000000ec923ba0
0x000000000250e330:   000000000250e348 000000000250e390
0x000000000250e340:   00000000025161f8 00000000ec923ba0
0x000000000250e350:   000000000250e350 00000000bb214656
0x000000000250e360:   000000000250e3a0 00000000bb215af8
0x000000000250e370:   0000000000000000 00000000bb214678
0x000000000250e380:   000000000250e3e8 00000000025161f8
0x000000000250e390:   000000000250e3e8 00000000025161f8
0x000000000250e3a0:   00000000ec923ba0 000000000250e3a8
0x000000000250e3b0:   00000000bb1eec64 000000000250e418
0x000000000250e3c0:   00000000bb1f0050 0000000000000000
0x000000000250e3d0:   00000000bb1eecb8 000000000250e3a0 

Instructions: (pc=0x000000000266cdb3)
0x000000000266cd93:   42 10 ff ff ff ff 48 81 c4 a0 00 00 00 5d 85 05
0x000000000266cda3:   59 32 bc fd c3 49 8b db e9 61 ff ff ff 8b 5d 2c
0x000000000266cdb3:   c5 8b 55 14 8b 43 14 45 85 d2 0f 8c d2 09 00 00
0x000000000266cdc3:   44 89 5c 24 44 48 89 6c 24 50 89 4c 24 40 44 89 


Register to memory mapping:

RAX=0x0000000000000067 is an unknown value
RBX=0x00000000ec933380 is an oop
java.util.BitSet 
 - klass: 'java/util/BitSet'
RCX=0x0000000000000065 is an unknown value
RDX=0x00000000ec923be0 is an oop
java.util.ArrayList 
 - klass: 'java/util/ArrayList'
RSP=0x000000000250e2e0 is pointing into the stack for thread: 0x00000000020af000
RBP=0x00000000ec933198 is an oop
com.android.dx.ssa.SsaBasicBlock 
 - klass: 'com/android/dx/ssa/SsaBasicBlock'
RSI=0x0000000000000000 is an unknown value
RDI=0x00000000ec923be0 is an oop
java.util.ArrayList 
 - klass: 'java/util/ArrayList'
R8 =0x0000000000000067 is an unknown value
R9 =0x0000000000000064 is an unknown value
R10=0x0000000000000000 is an unknown value
R11=0x00000000ec9333b8 is an oop
com.android.dx.util.IntList 
 - klass: 'com/android/dx/util/IntList'
R12=0x0000000000000000 is an unknown value
R13=0x00000000ec94b100 is an oop
com.android.dx.ssa.SsaBasicBlock 
 - klass: 'com/android/dx/ssa/SsaBasicBlock'
R14=0x000000000250e418 is pointing into the stack for thread: 0x00000000020af000
R15=0x00000000020af000 is a thread


Stack: [0x0000000002410000,0x0000000002510000],  sp=0x000000000250e2e0,  free space=1016k
Native frames: (J=compiled Java code, j=interpreted, Vv=VM code, C=native code)
J  com.android.dx.ssa.SsaMethod.makeExitBlock()V


---------------  P R O C E S S  ---------------

Java Threads: ( => current thread )
  0x0000000008e61000 JavaThread "Service Thread" daemon [_thread_blocked, id=568, stack(0x000000000a070000,0x000000000a170000)]
  0x0000000008e60000 JavaThread "C2 CompilerThread1" daemon [_thread_in_native, id=7768, stack(0x000000000a820000,0x000000000a920000)]
  0x0000000008e5e800 JavaThread "C2 CompilerThread0" daemon [_thread_in_native, id=2180, stack(0x000000000a6f0000,0x000000000a7f0000)]
  0x0000000008e5c800 JavaThread "Attach Listener" daemon [_thread_blocked, id=3224, stack(0x000000000a5c0000,0x000000000a6c0000)]
  0x0000000008e55800 JavaThread "Signal Dispatcher" daemon [_thread_blocked, id=7712, stack(0x000000000a410000,0x000000000a510000)]
  0x00000000021ac800 JavaThread "Finalizer" daemon [_thread_blocked, id=8176, stack(0x000000000a180000,0x000000000a280000)]
  0x00000000021a4800 JavaThread "Reference Handler" daemon [_thread_blocked, id=6656, stack(0x0000000009e30000,0x0000000009f30000)]
=>0x00000000020af000 JavaThread "main" [_thread_in_Java, id=4800, stack(0x0000000002410000,0x0000000002510000)]

Other Threads:
  0x0000000008dd2800 VMThread [stack: 0x0000000009f40000,0x000000000a040000] [id=6716]
  0x0000000008e71800 WatcherThread [stack: 0x000000000a930000,0x000000000aa30000] [id=7824]

VM state:not at safepoint (normal execution)

VM Mutex/Monitor currently owned by a thread: None

Heap
 PSYoungGen      total 38144K, used 36825K [0x00000000eaab0000, 0x00000000ef530000, 0x0000000100000000)
  eden space 32704K, 96% used [0x00000000eaab0000,0x00000000ec95a418,0x00000000ecaa0000)
  from space 5440K, 99% used [0x00000000ecaa0000,0x00000000ecfec038,0x00000000ecff0000)
  to   space 5440K, 0% used [0x00000000eefe0000,0x00000000eefe0000,0x00000000ef530000)
 ParOldGen       total 87232K, used 2870K [0x00000000c0000000, 0x00000000c5530000, 0x00000000eaab0000)
  object space 87232K, 3% used [0x00000000c0000000,0x00000000c02cdb88,0x00000000c5530000)
 PSPermGen       total 21248K, used 5245K [0x00000000bae00000, 0x00000000bc2c0000, 0x00000000c0000000)
  object space 21248K, 24% used [0x00000000bae00000,0x00000000bb31f578,0x00000000bc2c0000)

Card table byte_map: [0x0000000005510000,0x0000000005740000] byte_map_base: 0x0000000004f39000

Polling page: 0x0000000000230000

Code Cache  [0x0000000002510000, 0x0000000002780000, 0x0000000005510000)
 total_blobs=569 nmethods=360 adapters=160 free_code_cache=47786Kb largest_free_block=48894080

Compilation events (10 events):
Event: 6.333 Thread 0x0000000008e60000 nmethod 353 0x000000000263e3d0 code [0x000000000263e500, 0x000000000263e598]
Event: 6.339 Thread 0x0000000008e60000  354             com.android.dx.cf.code.BaseMachine::getAuxCst (5 bytes)
Event: 6.339 Thread 0x0000000008e60000 nmethod 354 0x0000000002661790 code [0x00000000026618c0, 0x0000000002661918]
Event: 6.360 Thread 0x0000000008e60000  355             com.android.dx.rop.type.Type::getBasicType (5 bytes)
Event: 6.360 Thread 0x0000000008e60000 nmethod 355 0x0000000002666390 code [0x00000000026664c0, 0x0000000002666518]
Event: 6.375 Thread 0x0000000008e60000  356             com.android.dx.ssa.back.LivenessAnalyzer::coInterferePhis (128 bytes)
Event: 6.412 Thread 0x0000000008e60000 nmethod 356 0x00000000026667d0 code [0x00000000026669a0, 0x00000000026670e8]
Event: 6.412 Thread 0x0000000008e60000  357             com.android.dx.ssa.SsaMethod::makeExitBlock (134 bytes)
Event: 6.564 Thread 0x0000000008e60000 nmethod 357 0x000000000266c550 code [0x000000000266c7a0, 0x000000000266da40]
Event: 6.564 Thread 0x0000000008e60000  358             com.android.dx.ssa.back.SsaToRop::convertBasicBlocks (151 bytes)

GC Heap History (2 events):
Event: 4.426 GC heap before
{Heap before GC invocations=1 (full 0):
 PSYoungGen      total 38144K, used 32704K [0x00000000eaab0000, 0x00000000ed540000, 0x0000000100000000)
  eden space 32704K, 100% used [0x00000000eaab0000,0x00000000ecaa0000,0x00000000ecaa0000)
  from space 5440K, 0% used [0x00000000ecff0000,0x00000000ecff0000,0x00000000ed540000)
  to   space 5440K, 0% used [0x00000000ecaa0000,0x00000000ecaa0000,0x00000000ecff0000)
 ParOldGen       total 87232K, used 0K [0x00000000c0000000, 0x00000000c5530000, 0x00000000eaab0000)
  object space 87232K, 0% used [0x00000000c0000000,0x00000000c0000000,0x00000000c5530000)
 PSPermGen       total 21248K, used 5132K [0x00000000bae00000, 0x00000000bc2c0000, 0x00000000c0000000)
  object space 21248K, 24% used [0x00000000bae00000,0x00000000bb3033a8,0x00000000bc2c0000)
Event: 4.476 GC heap after
Heap after GC invocations=1 (full 0):
 PSYoungGen      total 38144K, used 5424K [0x00000000eaab0000, 0x00000000ef530000, 0x0000000100000000)
  eden space 32704K, 0% used [0x00000000eaab0000,0x00000000eaab0000,0x00000000ecaa0000)
  from space 5440K, 99% used [0x00000000ecaa0000,0x00000000ecfec038,0x00000000ecff0000)
  to   space 5440K, 0% used [0x00000000eefe0000,0x00000000eefe0000,0x00000000ef530000)
 ParOldGen       total 87232K, used 2870K [0x00000000c0000000, 0x00000000c5530000, 0x00000000eaab0000)
  object space 87232K, 3% used [0x00000000c0000000,0x00000000c02cdb88,0x00000000c5530000)
 PSPermGen       total 21248K, used 5132K [0x00000000bae00000, 0x00000000bc2c0000, 0x00000000c0000000)
  object space 21248K, 24% used [0x00000000bae00000,0x00000000bb3033a8,0x00000000bc2c0000)
}

Deoptimization events (10 events):
Event: 3.953 Thread 0x00000000020af000 Uncommon trap -34 fr.pc 0x00000000025b83fc
Event: 3.954 Thread 0x00000000020af000 Uncommon trap -34 fr.pc 0x00000000025b83fc
Event: 3.955 Thread 0x00000000020af000 Uncommon trap -34 fr.pc 0x00000000025b83fc
Event: 3.955 Thread 0x00000000020af000 Uncommon trap -34 fr.pc 0x00000000025b83fc
Event: 3.955 Thread 0x00000000020af000 Uncommon trap -34 fr.pc 0x00000000025ae8b0
Event: 3.962 Thread 0x00000000020af000 Uncommon trap -75 fr.pc 0x0000000002596e84
Event: 4.256 Thread 0x00000000020af000 Uncommon trap -12 fr.pc 0x00000000025e6cc8
Event: 5.893 Thread 0x00000000020af000 Uncommon trap -83 fr.pc 0x00000000025f894c
Event: 5.902 Thread 0x00000000020af000 Uncommon trap -83 fr.pc 0x00000000025fc614
Event: 5.920 Thread 0x00000000020af000 Uncommon trap -83 fr.pc 0x00000000025e28cc

Internal exceptions (10 events):
Event: 3.446 Thread 0x00000000020af000 Implicit null exception at 0x00000000025b2a8e to 0x00000000025b3315
Event: 3.447 Thread 0x00000000020af000 Threw 0x00000000ec3bf9b8 at C:\jdk7u1_64p\jdk7u9\hotspot\src\share\vm\prims\jvm.cpp:1166
Event: 3.471 Thread 0x00000000020af000 Threw 0x00000000ec3fc178 at C:\jdk7u1_64p\jdk7u9\hotspot\src\share\vm\prims\jvm.cpp:1166
Event: 3.475 Thread 0x00000000020af000 Threw 0x00000000ec4083f0 at C:\jdk7u1_64p\jdk7u9\hotspot\src\share\vm\prims\jvm.cpp:1166
Event: 3.500 Thread 0x00000000020af000 Threw 0x00000000ec4400f8 at C:\jdk7u1_64p\jdk7u9\hotspot\src\share\vm\prims\jvm.cpp:1166
Event: 3.678 Thread 0x00000000020af000 Implicit null exception at 0x00000000025bc2fa to 0x00000000025bc649
Event: 3.937 Thread 0x00000000020af000 Threw 0x00000000ec7a15a8 at C:\jdk7u1_64p\jdk7u9\hotspot\src\share\vm\prims\jvm.cpp:1166
Event: 4.256 Thread 0x00000000020af000 Implicit null exception at 0x00000000025e5dee to 0x00000000025e6c91
Event: 4.808 Thread 0x00000000020af000 Threw 0x00000000eaf58b28 at C:\jdk7u1_64p\jdk7u9\hotspot\src\share\vm\prims\jvm.cpp:1166
Event: 5.919 Thread 0x00000000020af000 Threw 0x00000000ebe41c50 at C:\jdk7u1_64p\jdk7u9\hotspot\src\share\vm\prims\jvm.cpp:1166

Events (10 events):
Event: 4.808 loading class 0x0000000008ea2540
Event: 4.808 loading class 0x0000000008ea2540 done
Event: 5.893 Thread 0x00000000020af000 DEOPT PACKING pc=0x00000000025f894c sp=0x000000000250e2d0
Event: 5.893 Thread 0x00000000020af000 DEOPT UNPACKING pc=0x0000000002549164 sp=0x000000000250e250 mode 2
Event: 5.902 Thread 0x00000000020af000 DEOPT PACKING pc=0x00000000025fc614 sp=0x000000000250e450
Event: 5.902 Thread 0x00000000020af000 DEOPT UNPACKING pc=0x0000000002549164 sp=0x000000000250e3e0 mode 2
Event: 5.919 loading class 0x000000000ab910c0
Event: 5.919 loading class 0x000000000ab910c0 done
Event: 5.920 Thread 0x00000000020af000 DEOPT PACKING pc=0x00000000025e28cc sp=0x000000000250e040
Event: 5.920 Thread 0x00000000020af000 DEOPT UNPACKING pc=0x0000000002549164 sp=0x000000000250dfe8 mode 2


Dynamic libraries:
0x000000013fc10000 - 0x000000013fc43000 	C:\Program Files\Java\jdk1.7.0_09\bin\java.exe
0x0000000077710000 - 0x00000000778b9000 	C:\Windows\SYSTEM32\ntdll.dll
0x00000000774f0000 - 0x000000007760f000 	C:\Windows\system32\kernel32.dll
0x000007fefd810000 - 0x000007fefd87c000 	C:\Windows\system32\KERNELBASE.dll
0x000007feff190000 - 0x000007feff26b000 	C:\Windows\system32\ADVAPI32.dll
0x000007fefdc00000 - 0x000007fefdc9f000 	C:\Windows\system32\msvcrt.dll
0x000007fefe140000 - 0x000007fefe15f000 	C:\Windows\SYSTEM32\sechost.dll
0x000007fefddb0000 - 0x000007fefdedd000 	C:\Windows\system32\RPCRT4.dll
0x0000000077610000 - 0x000000007770a000 	C:\Windows\system32\USER32.dll
0x000007feff4d0000 - 0x000007feff537000 	C:\Windows\system32\GDI32.dll
0x000007fefdda0000 - 0x000007fefddae000 	C:\Windows\system32\LPK.dll
0x000007feff540000 - 0x000007feff609000 	C:\Windows\system32\USP10.dll
0x000007fefbe80000 - 0x000007fefc074000 	C:\Windows\WinSxS\amd64_microsoft.windows.common-controls_6595b64144ccf1df_6.0.7601.18837_none_fa3b1e3d17594757\COMCTL32.dll
0x000007fefdcc0000 - 0x000007fefdd31000 	C:\Windows\system32\SHLWAPI.dll
0x000007feff160000 - 0x000007feff18e000 	C:\Windows\system32\IMM32.DLL
0x000007fefdae0000 - 0x000007fefdbe9000 	C:\Windows\system32\MSCTF.dll
0x0000000059240000 - 0x0000000059311000 	C:\Program Files\Java\jdk1.7.0_09\jre\bin\msvcr100.dll
0x0000000067820000 - 0x0000000067f3f000 	C:\Program Files\Java\jdk1.7.0_09\jre\bin\server\jvm.dll
0x000007fefb660000 - 0x000007fefb669000 	C:\Windows\system32\WSOCK32.dll
0x000007fefe0f0000 - 0x000007fefe13d000 	C:\Windows\system32\WS2_32.dll
0x000007fefdbf0000 - 0x000007fefdbf8000 	C:\Windows\system32\NSI.dll
0x000007fef9e10000 - 0x000007fef9e4b000 	C:\Windows\system32\WINMM.dll
0x00000000778e0000 - 0x00000000778e7000 	C:\Windows\system32\PSAPI.DLL
0x0000000074c30000 - 0x0000000074c3f000 	C:\Program Files\Java\jdk1.7.0_09\jre\bin\verify.dll
0x0000000074c00000 - 0x0000000074c28000 	C:\Program Files\Java\jdk1.7.0_09\jre\bin\java.dll
0x0000000074be0000 - 0x0000000074bf5000 	C:\Program Files\Java\jdk1.7.0_09\jre\bin\zip.dll

VM Arguments:
jvm_args: -Xmx1024M -Dfile.encoding=windows-1252 -Duser.country=GB -Duser.language=en -Duser.variant 
java_command: com.android.dx.command.Main --dex --output C:\Users\Sinky\StudioProjects\ProtoRunnerV2\ProtoRunnerV2\build\intermediates\dex\debug C:\Users\Sinky\StudioProjects\ProtoRunnerV2\ProtoRunnerV2\build\intermediates\classes\debug C:\Users\Sinky\StudioProjects\ProtoRunnerV2\ProtoRunnerV2\build\intermediates\pre-dexed\debug\support-annotations-22.2.0-ce405e005671120865286fbb1a2542953cb92ee2.jar C:\Users\Sinky\StudioProjects\ProtoRunnerV2\ProtoRunnerV2\build\intermediates\pre-dexed\debug\classes-66fdcfc2144d757ac8530a052d47265e07773092.jar C:\Users\Sinky\StudioProjects\ProtoRunnerV2\ProtoRunnerV2\build\intermediates\pre-dexed\debug\classes-06ab37edf61694c22c293dc9ab41bab488406bc9.jar C:\Users\Sinky\StudioProjects\ProtoRunnerV2\ProtoRunnerV2\build\intermediates\pre-dexed\debug\classes-93f5a97fc040ab1733116df9f83fe928f712b237.jar C:\Users\Sinky\StudioProjects\ProtoRunnerV2\ProtoRunnerV2\build\intermediates\pre-dexed\debug\internal_impl-22.0.0-89a57e48793771ae5d65787933a30f0a9fffdc28.jar C:\Users\Sinky\StudioProjects\ProtoRunnerV2\ProtoRunnerV2\build\intermediates\pre-dexed\debug\classes-8e388dcd8b97a09304cc972cb61d3ffff3cfa55d.jar C:\Users\Sinky\StudioProjects\ProtoRunnerV2\ProtoRunnerV2\build\intermediates\pre-dexed\debug\classes-475e55994f5440e819b7988ff0065d4158443666.jar C:\Users\Sinky\StudioProjects\ProtoRunnerV2\ProtoRunnerV2\build\intermediates\pre-dexed\debug\classes-b7a255c659b855a7d768177e722332e1ea9e71a8.jar C:\Users\Sinky\StudioProjects\ProtoRunnerV2\ProtoRunnerV2\build\intermediates\pre-dexed\debug\classes-73d15a7b00f0331346d474c1114b3cc0a1b38ce2.jar C:\Users\Sinky\StudioProjects\ProtoRunnerV2\ProtoRunnerV2\build\intermediates\pre-dexed\debug\classes-b53993833ab07fbfd7d3b51de23eeeca6c4ddeb4.jar C:\Users\Sinky\StudioProjects\ProtoRunnerV2\ProtoRunnerV2\build\intermediates\pre-dexed\debug\classes-b732c20c9a93d8f61a730de1c28f5cdc6066418b.jar C:\Users\Sinky\StudioProjects\ProtoRunnerV2\ProtoRunnerV2\build\intermediates\pre-dexed\debug\classes-45b19e3021
Launcher Type: SUN_STANDARD

Environment Variables:
PATH=C:\Program Files\Common Files\Microsoft Shared\Windows Live;C:\Program Files (x86)\Common Files\Microsoft Shared\Windows Live;C:\Program Files (x86)\AMD APP\bin\x86_64;C:\Program Files (x86)\AMD APP\bin\x86;C:\Program Files (x86)\NVIDIA Corporation\PhysX\Common;C:\Windows\system32;C:\Windows;C:\Windows\System32\Wbem;C:\Windows\System32\WindowsPowerShell\v1.0\;C:\Program Files (x86)\ATI Technologies\ATI.ACE\Core-Static;C:\Program Files (x86)\Windows Live\Shared;C:\Program Files\Common Files\Autodesk Shared\;c:\Program Files (x86)\Microsoft SQL Server\100\Tools\Binn\;c:\Program Files (x86)\Microsoft SQL Server\100\DTS\Binn\;C:\Program Files\Microsoft SQL Server\110\Tools\Binn\;C:\Program Files\TortoiseGit\bin;C:\Program Files\Microsoft\Web Platform Installer\;C:\Program Files (x86)\Microsoft SDKs\TypeScript\1.0\;C:\Program Files (x86)\Skype\Phone\
USERNAME=Sinky
OS=Windows_NT
PROCESSOR_IDENTIFIER=AMD64 Family 21 Model 1 Stepping 2, AuthenticAMD



---------------  S Y S T E M  ---------------

OS: Windows 7 , 64 bit Build 7601 Service Pack 1

CPU:total 4 (4 cores per cpu, 1 threads per core) family 21 model 1 stepping 2, cmov, cx8, fxsr, mmx, sse, sse2, sse3, ssse3, sse4.1, sse4.2, popcnt, avx, mmxext, 3dnowpref, lzcnt, sse4a, tsc, tscinvbit, tscinv

Memory: 4k page, physical 8370296k(3418312k free), swap 16738752k(10734080k free)

vm_info: Java HotSpot(TM) 64-Bit Server VM (23.5-b02) for windows-amd64 JRE (1.7.0_09-b05), built on Sep 24 2012 21:45:04 by "java_re" with unknown MS VC++:1600

time: Sat Aug 22 15:29:08 2015
elapsed time: 6 seconds

