#
# A fatal error has been detected by the Java Runtime Environment:
#
#  EXCEPTION_ACCESS_VIOLATION (0xc0000005) at pc=0x0000000067b85673, pid=5764, tid=2572
#
# JRE version: 7.0_09-b05
# Java VM: Java HotSpot(TM) 64-Bit Server VM (23.5-b02 mixed mode windows-amd64 compressed oops)
# Problematic frame:
# V  [jvm.dll+0x365673]
#
# Failed to write core dump. Minidumps are not enabled by default on client versions of Windows
#
# If you would like to submit a bug report, please visit:
#   http://bugreport.sun.com/bugreport/crash.jsp
#

---------------  T H R E A D  ---------------

Current thread (0x0000000002208800):  GCTaskThread [stack: 0x0000000005bf0000,0x0000000005cf0000] [id=2572]

siginfo: ExceptionCode=0xc0000005, reading address 0xffffffffffffffff

Registers:
RAX=0x00000000025df401, RBX=0x00000000025df467, RCX=0x0000000005cef710, RDX=0x0061007302200065
RSP=0x0000000005cef550, RBP=0x0000000005cef609, RSI=0x00000000025dced0, RDI=0x0000000005cef710
R8 =0x0000000005cef501, R9 =0x0000000067820000, R10=0x0000000000000000, R11=0x00000000025dd3d5
R12=0x000000000000f000, R13=0x0000000067d20a48, R14=0x0000000000000000, R15=0x0000000000001000
RIP=0x0000000067b85673, EFLAGS=0x0000000000010202

Top of Stack: (sp=0x0000000005cef550)
0x0000000005cef550:   0000000067d77f98 00000000025dced0
0x0000000005cef560:   00000000025dced0 00000000022066a0
0x0000000005cef570:   0000000067d77f98 000000006787fe65
0x0000000005cef580:   0000000067d77f98 00000000025dced0
0x0000000005cef590:   00000000025dced0 0000000005cef710
0x0000000005cef5a0:   0000000000000000 00000000025dd2b4
0x0000000005cef5b0:   00000000025dd320 00000000025dced0
0x0000000005cef5c0:   00000000025df465 00000000022a0025
0x0000000005cef5d0:   00000000025dd2b0 0000000067000000
0x0000000005cef5e0:   00000000025dd320 00000000025dd3c0
0x0000000005cef5f0:   00000000025df3c0 00000000025dd3c0
0x0000000005cef600:   00000000025df3c0 00000000025df520
0x0000000005cef610:   0000000067d20a48 0000000005cef5a0
0x0000000005cef620:   0000000000000000 0000000008ecdfe0
0x0000000005cef630:   0000000005cef6f0 000000006787e5ea
0x0000000005cef640:   0000000002208f90 0000000002208f80 

Instructions: (pc=0x0000000067b85673)
0x0000000067b85653:   83 ec 20 48 8b da 48 8b 12 48 85 d2 0f 84 89 00
0x0000000067b85663:   00 00 48 3b 15 3c f1 34 00 0f 93 c0 84 c0 74 7b
0x0000000067b85673:   48 8b 02 48 8b 49 18 24 03 3c 03 75 1f 48 8b 12
0x0000000067b85683:   80 3d 17 97 2f 00 00 74 0d 0f b6 c2 24 07 3c 05 


Register to memory mapping:

RAX=0x00000000025dced0 is non-entrant nmethod
[CodeBlob (0x00000000025dced0)]
Framesize: 16
RBX=0x00000000025dced0 is non-entrant nmethod
[CodeBlob (0x00000000025dced0)]
Framesize: 16
RCX=0x0000000005cef710 is an unknown value
RDX=0x0061007302200065 is an unknown value
RSP=0x0000000005cef550 is an unknown value
RBP=0x0000000005cef609 is an unknown value
RSI=0x00000000025dced0 is non-entrant nmethod
[CodeBlob (0x00000000025dced0)]
Framesize: 16
RDI=0x0000000005cef710 is an unknown value
R8 =0x0000000005cef501 is an unknown value
R9 =0x0000000067820000 is an unknown value
R10=0x0000000000000000 is an unknown value
R11=0x00000000025dced0 is non-entrant nmethod
[CodeBlob (0x00000000025dced0)]
Framesize: 16
R12=0x000000000000f000 is an unknown value
R13=0x0000000067d20a48 is an unknown value
R14=0x0000000000000000 is an unknown value
R15=0x0000000000001000 is an unknown value


Stack: [0x0000000005bf0000,0x0000000005cf0000],  sp=0x0000000005cef550,  free space=1021k
Native frames: (J=compiled Java code, j=interpreted, Vv=VM code, C=native code)
V  [jvm.dll+0x365673]


---------------  P R O C E S S  ---------------

Java Threads: ( => current thread )
  0x0000000008f75000 JavaThread "Service Thread" daemon [_thread_blocked, id=3680, stack(0x000000000a840000,0x000000000a940000)]
  0x0000000008f72800 JavaThread "C2 CompilerThread1" daemon [_thread_blocked, id=7768, stack(0x000000000a3a0000,0x000000000a4a0000)]
  0x0000000008f5e000 JavaThread "C2 CompilerThread0" daemon [_thread_blocked, id=6788, stack(0x000000000a590000,0x000000000a690000)]
  0x0000000008f5c800 JavaThread "Attach Listener" daemon [_thread_blocked, id=7376, stack(0x0000000009e50000,0x0000000009f50000)]
  0x0000000008f55000 JavaThread "Signal Dispatcher" daemon [_thread_blocked, id=5732, stack(0x000000000a2a0000,0x000000000a3a0000)]
  0x00000000022bc000 JavaThread "Finalizer" daemon [_thread_blocked, id=7072, stack(0x000000000a120000,0x000000000a220000)]
  0x00000000022b4800 JavaThread "Reference Handler" daemon [_thread_blocked, id=6920, stack(0x0000000009fc0000,0x000000000a0c0000)]
  0x00000000021bf000 JavaThread "main" [_thread_blocked, id=744, stack(0x0000000002450000,0x0000000002550000)]

Other Threads:
  0x0000000008ed2000 VMThread [stack: 0x0000000009cd0000,0x0000000009dd0000] [id=3356]
  0x0000000008f86000 WatcherThread [stack: 0x000000000a950000,0x000000000aa50000] [id=2568]

=>0x0000000002208800 (exited) GCTaskThread [stack: 0x0000000005bf0000,0x0000000005cf0000] [id=2572]

VM state:at safepoint (normal execution)

VM Mutex/Monitor currently owned by a thread:  ([mutex/lock_event])
[0x00000000021bd1e0] Threads_lock - owner thread: 0x0000000008ed2000
[0x00000000021bd6e0] Heap_lock - owner thread: 0x00000000021bf000

Heap
 PSYoungGen      total 38144K, used 32704K [0x00000000eaab0000, 0x00000000ed540000, 0x0000000100000000)
  eden space 32704K, 100% used [0x00000000eaab0000,0x00000000ecaa0000,0x00000000ecaa0000)
  from space 5440K, 0% used [0x00000000ecff0000,0x00000000ecff0000,0x00000000ed540000)
  to   space 5440K, 99% used [0x00000000ecaa0000,0x00000000ecfec038,0x00000000ecff0000)
 ParOldGen       total 87232K, used 1340K [0x00000000c0000000, 0x00000000c5530000, 0x00000000eaab0000)
  object space 87232K, 1% used [0x00000000c0000000,0x00000000c014f3d0,0x00000000c5530000)
 PSPermGen       total 21248K, used 5133K [0x00000000bae00000, 0x00000000bc2c0000, 0x00000000c0000000)
  object space 21248K, 24% used [0x00000000bae00000,0x00000000bb303690,0x00000000bc2c0000)

Card table byte_map: [0x0000000005550000,0x0000000005780000] byte_map_base: 0x0000000004f79000

Polling page: 0x0000000000330000

Code Cache  [0x0000000002550000, 0x00000000027c0000, 0x0000000005550000)
 total_blobs=433 nmethods=225 adapters=159 free_code_cache=48314Kb largest_free_block=49442816

Compilation events (10 events):
Event: 4.268 Thread 0x0000000008f72800 nmethod 219 0x0000000002616650 code [0x00000000026167a0, 0x0000000002616858]
Event: 4.268 Thread 0x0000000008f72800  220             com.android.dx.rop.cst.CstInteger::getValue (5 bytes)
Event: 4.269 Thread 0x0000000008f72800 nmethod 220 0x0000000002616450 code [0x0000000002616580, 0x00000000026165d8]
Event: 4.270 Thread 0x0000000008f72800  221             com.android.dx.rop.cst.CstLiteral32::getIntBits (5 bytes)
Event: 4.271 Thread 0x0000000008f72800 nmethod 221 0x0000000002616250 code [0x0000000002616380, 0x00000000026163d8]
Event: 4.271 Thread 0x0000000008f72800  222             com.android.dx.rop.code.RegisterSpec::getCategory (13 bytes)
Event: 4.272 Thread 0x0000000008f72800 nmethod 222 0x0000000002615f90 code [0x00000000026160e0, 0x0000000002616178]
Event: 4.272 Thread 0x0000000008f72800  223             com.android.dx.dex.code.ZeroSizeInsn::<init> (12 bytes)
Event: 4.274 Thread 0x0000000008f72800 nmethod 223 0x0000000002615d10 code [0x0000000002615e60, 0x0000000002615ef8]
Event: 4.274 Thread 0x0000000008f72800  224             com.android.dx.ssa.LocalVariableExtractor::processBlock (383 bytes)

GC Heap History (1 events):
Event: 4.289 GC heap before
{Heap before GC invocations=1 (full 0):
 PSYoungGen      total 38144K, used 32704K [0x00000000eaab0000, 0x00000000ed540000, 0x0000000100000000)
  eden space 32704K, 100% used [0x00000000eaab0000,0x00000000ecaa0000,0x00000000ecaa0000)
  from space 5440K, 0% used [0x00000000ecff0000,0x00000000ecff0000,0x00000000ed540000)
  to   space 5440K, 0% used [0x00000000ecaa0000,0x00000000ecaa0000,0x00000000ecff0000)
 ParOldGen       total 87232K, used 0K [0x00000000c0000000, 0x00000000c5530000, 0x00000000eaab0000)
  object space 87232K, 0% used [0x00000000c0000000,0x00000000c0000000,0x00000000c5530000)
 PSPermGen       total 21248K, used 5133K [0x00000000bae00000, 0x00000000bc2c0000, 0x00000000c0000000)
  object space 21248K, 24% used [0x00000000bae00000,0x00000000bb303690,0x00000000bc2c0000)

Deoptimization events (10 events):
Event: 3.598 Thread 0x00000000021bf000 Uncommon trap -34 fr.pc 0x00000000025db8d0
Event: 3.598 Thread 0x00000000021bf000 Uncommon trap -34 fr.pc 0x00000000025db8d0
Event: 3.672 Thread 0x00000000021bf000 Uncommon trap -12 fr.pc 0x00000000025fb65c
Event: 3.714 Thread 0x00000000021bf000 Uncommon trap -34 fr.pc 0x00000000025edd1c
Event: 3.952 Thread 0x00000000021bf000 Uncommon trap -34 fr.pc 0x00000000025ff7b8
Event: 3.953 Thread 0x00000000021bf000 Uncommon trap -34 fr.pc 0x00000000025ff7b8
Event: 3.954 Thread 0x00000000021bf000 Uncommon trap -34 fr.pc 0x00000000025ff7b8
Event: 3.954 Thread 0x00000000021bf000 Uncommon trap -34 fr.pc 0x00000000025ff7b8
Event: 3.954 Thread 0x00000000021bf000 Uncommon trap -34 fr.pc 0x00000000025efff0
Event: 3.961 Thread 0x00000000021bf000 Uncommon trap -75 fr.pc 0x00000000025d8504

Internal exceptions (10 events):
Event: 3.201 Thread 0x00000000021bf000 Threw 0x00000000ec2f2570 at C:\jdk7u1_64p\jdk7u9\hotspot\src\share\vm\prims\jvm.cpp:1166
Event: 3.215 Thread 0x00000000021bf000 Threw 0x00000000ec30fd60 at C:\jdk7u1_64p\jdk7u9\hotspot\src\share\vm\prims\jvm.cpp:1166
Event: 3.278 Thread 0x00000000021bf000 Threw 0x00000000ec3b9220 at C:\jdk7u1_64p\jdk7u9\hotspot\src\share\vm\prims\jvm.cpp:1166
Event: 3.280 Thread 0x00000000021bf000 Implicit null exception at 0x00000000025f0b8e to 0x00000000025f1415
Event: 3.281 Thread 0x00000000021bf000 Threw 0x00000000ec3bf0a8 at C:\jdk7u1_64p\jdk7u9\hotspot\src\share\vm\prims\jvm.cpp:1166
Event: 3.308 Thread 0x00000000021bf000 Threw 0x00000000ec3fb868 at C:\jdk7u1_64p\jdk7u9\hotspot\src\share\vm\prims\jvm.cpp:1166
Event: 3.313 Thread 0x00000000021bf000 Threw 0x00000000ec407ae0 at C:\jdk7u1_64p\jdk7u9\hotspot\src\share\vm\prims\jvm.cpp:1166
Event: 3.342 Thread 0x00000000021bf000 Threw 0x00000000ec43f7e8 at C:\jdk7u1_64p\jdk7u9\hotspot\src\share\vm\prims\jvm.cpp:1166
Event: 3.672 Thread 0x00000000021bf000 Implicit null exception at 0x00000000025fb2fa to 0x00000000025fb649
Event: 3.936 Thread 0x00000000021bf000 Threw 0x00000000ec7a5a48 at C:\jdk7u1_64p\jdk7u9\hotspot\src\share\vm\prims\jvm.cpp:1166

Events (10 events):
Event: 3.954 Thread 0x00000000021bf000 DEOPT UNPACKING pc=0x0000000002589164 sp=0x000000000254e2d0 mode 2
Event: 3.954 Thread 0x00000000021bf000 DEOPT PACKING pc=0x00000000025ff7b8 sp=0x000000000254e410
Event: 3.954 Thread 0x00000000021bf000 DEOPT UNPACKING pc=0x0000000002589164 sp=0x000000000254e300 mode 2
Event: 3.954 Thread 0x00000000021bf000 DEOPT PACKING pc=0x00000000025efff0 sp=0x000000000254e380
Event: 3.954 Thread 0x00000000021bf000 DEOPT UNPACKING pc=0x0000000002589164 sp=0x000000000254e2d0 mode 2
Event: 3.961 Thread 0x00000000021bf000 DEOPT PACKING pc=0x00000000025d8504 sp=0x000000000254e7d0
Event: 3.961 Thread 0x00000000021bf000 DEOPT UNPACKING pc=0x0000000002589164 sp=0x000000000254e748 mode 2
Event: 4.215 Executing VM operation: EnableBiasedLocking
Event: 4.216 Executing VM operation: EnableBiasedLocking done
Event: 4.288 Executing VM operation: ParallelGCFailedAllocation


Dynamic libraries:
0x000000013f970000 - 0x000000013f9a3000 	C:\Program Files\Java\jdk1.7.0_09\bin\java.exe
0x0000000077710000 - 0x00000000778b9000 	C:\Windows\SYSTEM32\ntdll.dll
0x00000000774f0000 - 0x000000007760f000 	C:\Windows\system32\kernel32.dll
0x000007fefd810000 - 0x000007fefd87c000 	C:\Windows\system32\KERNELBASE.dll
0x000007feff190000 - 0x000007feff26b000 	C:\Windows\system32\ADVAPI32.dll
0x000007fefdc00000 - 0x000007fefdc9f000 	C:\Windows\system32\msvcrt.dll
0x000007fefe140000 - 0x000007fefe15f000 	C:\Windows\SYSTEM32\sechost.dll
0x000007fefddb0000 - 0x000007fefdedd000 	C:\Windows\system32\RPCRT4.dll
0x0000000077610000 - 0x000000007770a000 	C:\Windows\system32\USER32.dll
0x000007feff4d0000 - 0x000007feff537000 	C:\Windows\system32\GDI32.dll
0x000007fefdda0000 - 0x000007fefddae000 	C:\Windows\system32\LPK.dll
0x000007feff540000 - 0x000007feff609000 	C:\Windows\system32\USP10.dll
0x000007fefbe80000 - 0x000007fefc074000 	C:\Windows\WinSxS\amd64_microsoft.windows.common-controls_6595b64144ccf1df_6.0.7601.18837_none_fa3b1e3d17594757\COMCTL32.dll
0x000007fefdcc0000 - 0x000007fefdd31000 	C:\Windows\system32\SHLWAPI.dll
0x000007feff160000 - 0x000007feff18e000 	C:\Windows\system32\IMM32.DLL
0x000007fefdae0000 - 0x000007fefdbe9000 	C:\Windows\system32\MSCTF.dll
0x0000000063fd0000 - 0x00000000640a1000 	C:\Program Files\Java\jdk1.7.0_09\jre\bin\msvcr100.dll
0x0000000067820000 - 0x0000000067f3f000 	C:\Program Files\Java\jdk1.7.0_09\jre\bin\server\jvm.dll
0x000007fefb660000 - 0x000007fefb669000 	C:\Windows\system32\WSOCK32.dll
0x000007fefe0f0000 - 0x000007fefe13d000 	C:\Windows\system32\WS2_32.dll
0x000007fefdbf0000 - 0x000007fefdbf8000 	C:\Windows\system32\NSI.dll
0x000007fef9e10000 - 0x000007fef9e4b000 	C:\Windows\system32\WINMM.dll
0x00000000778e0000 - 0x00000000778e7000 	C:\Windows\system32\PSAPI.DLL
0x0000000074c30000 - 0x0000000074c3f000 	C:\Program Files\Java\jdk1.7.0_09\jre\bin\verify.dll
0x0000000074c00000 - 0x0000000074c28000 	C:\Program Files\Java\jdk1.7.0_09\jre\bin\java.dll
0x0000000074be0000 - 0x0000000074bf5000 	C:\Program Files\Java\jdk1.7.0_09\jre\bin\zip.dll
0x000007fefb3e0000 - 0x000007fefb505000 	C:\Windows\system32\dbghelp.dll

VM Arguments:
jvm_args: -Xmx1024M -Dfile.encoding=windows-1252 -Duser.country=GB -Duser.language=en -Duser.variant 
java_command: com.android.dx.command.Main --dex --output C:\Users\Sinky\StudioProjects\ProtoRunnerV2\ProtoRunnerV2\build\intermediates\dex\debug C:\Users\Sinky\StudioProjects\ProtoRunnerV2\ProtoRunnerV2\build\intermediates\classes\debug C:\Users\Sinky\StudioProjects\ProtoRunnerV2\ProtoRunnerV2\build\intermediates\pre-dexed\debug\support-annotations-22.2.0-ce405e005671120865286fbb1a2542953cb92ee2.jar C:\Users\Sinky\StudioProjects\ProtoRunnerV2\ProtoRunnerV2\build\intermediates\pre-dexed\debug\classes-66fdcfc2144d757ac8530a052d47265e07773092.jar C:\Users\Sinky\StudioProjects\ProtoRunnerV2\ProtoRunnerV2\build\intermediates\pre-dexed\debug\classes-06ab37edf61694c22c293dc9ab41bab488406bc9.jar C:\Users\Sinky\StudioProjects\ProtoRunnerV2\ProtoRunnerV2\build\intermediates\pre-dexed\debug\classes-93f5a97fc040ab1733116df9f83fe928f712b237.jar C:\Users\Sinky\StudioProjects\ProtoRunnerV2\ProtoRunnerV2\build\intermediates\pre-dexed\debug\internal_impl-22.0.0-89a57e48793771ae5d65787933a30f0a9fffdc28.jar C:\Users\Sinky\StudioProjects\ProtoRunnerV2\ProtoRunnerV2\build\intermediates\pre-dexed\debug\classes-8e388dcd8b97a09304cc972cb61d3ffff3cfa55d.jar C:\Users\Sinky\StudioProjects\ProtoRunnerV2\ProtoRunnerV2\build\intermediates\pre-dexed\debug\classes-475e55994f5440e819b7988ff0065d4158443666.jar C:\Users\Sinky\StudioProjects\ProtoRunnerV2\ProtoRunnerV2\build\intermediates\pre-dexed\debug\classes-b7a255c659b855a7d768177e722332e1ea9e71a8.jar C:\Users\Sinky\StudioProjects\ProtoRunnerV2\ProtoRunnerV2\build\intermediates\pre-dexed\debug\classes-73d15a7b00f0331346d474c1114b3cc0a1b38ce2.jar C:\Users\Sinky\StudioProjects\ProtoRunnerV2\ProtoRunnerV2\build\intermediates\pre-dexed\debug\classes-b53993833ab07fbfd7d3b51de23eeeca6c4ddeb4.jar C:\Users\Sinky\StudioProjects\ProtoRunnerV2\ProtoRunnerV2\build\intermediates\pre-dexed\debug\classes-b732c20c9a93d8f61a730de1c28f5cdc6066418b.jar C:\Users\Sinky\StudioProjects\ProtoRunnerV2\ProtoRunnerV2\build\intermediates\pre-dexed\debug\classes-45b19e3021
Launcher Type: SUN_STANDARD

Environment Variables:
PATH=C:\Program Files\Common Files\Microsoft Shared\Windows Live;C:\Program Files (x86)\Common Files\Microsoft Shared\Windows Live;C:\Program Files (x86)\AMD APP\bin\x86_64;C:\Program Files (x86)\AMD APP\bin\x86;C:\Program Files (x86)\NVIDIA Corporation\PhysX\Common;C:\Windows\system32;C:\Windows;C:\Windows\System32\Wbem;C:\Windows\System32\WindowsPowerShell\v1.0\;C:\Program Files (x86)\ATI Technologies\ATI.ACE\Core-Static;C:\Program Files (x86)\Windows Live\Shared;C:\Program Files\Common Files\Autodesk Shared\;c:\Program Files (x86)\Microsoft SQL Server\100\Tools\Binn\;c:\Program Files (x86)\Microsoft SQL Server\100\DTS\Binn\;C:\Program Files\Microsoft SQL Server\110\Tools\Binn\;C:\Program Files\TortoiseGit\bin;C:\Program Files\Microsoft\Web Platform Installer\;C:\Program Files (x86)\Microsoft SDKs\TypeScript\1.0\;C:\Program Files (x86)\Skype\Phone\
USERNAME=Sinky
OS=Windows_NT
PROCESSOR_IDENTIFIER=AMD64 Family 21 Model 1 Stepping 2, AuthenticAMD



---------------  S Y S T E M  ---------------

OS: Windows 7 , 64 bit Build 7601 Service Pack 1

CPU:total 4 (4 cores per cpu, 1 threads per core) family 21 model 1 stepping 2, cmov, cx8, fxsr, mmx, sse, sse2, sse3, ssse3, sse4.1, sse4.2, popcnt, avx, mmxext, 3dnowpref, lzcnt, sse4a, tsc, tscinvbit, tscinv

Memory: 4k page, physical 8370296k(3776176k free), swap 16738752k(11297788k free)

vm_info: Java HotSpot(TM) 64-Bit Server VM (23.5-b02) for windows-amd64 JRE (1.7.0_09-b05), built on Sep 24 2012 21:45:04 by "java_re" with unknown MS VC++:1600

time: Sat Aug 22 17:03:03 2015
elapsed time: 4 seconds

