#
# A fatal error has been detected by the Java Runtime Environment:
#
#  EXCEPTION_ACCESS_VIOLATION (0xc0000005) at pc=0x000000000275446f, pid=4196, tid=7552
#
# JRE version: 7.0_09-b05
# Java VM: Java HotSpot(TM) 64-Bit Server VM (23.5-b02 mixed mode windows-amd64 compressed oops)
# Problematic frame:
# J  com.android.dx.cf.code.BytecodeArray.processWorkSet([ILcom/android/dx/cf/code/BytecodeArray$Visitor;)V
#
# Failed to write core dump. Minidumps are not enabled by default on client versions of Windows
#
# If you would like to submit a bug report, please visit:
#   http://bugreport.sun.com/bugreport/crash.jsp
#

---------------  T H R E A D  ---------------

Current thread (0x000000000226f000):  JavaThread "main" [_thread_in_Java, id=7552, stack(0x00000000024d0000,0x00000000025d0000)]

siginfo: ExceptionCode=0xc0000005, writing address 0xffffffffffffff9f

Registers:
RAX=0x0000000000000002, RBX=0x00000000025ce4c0, RCX=0x0000000000000001, RDX=0x00000000025ce420
RSP=0x00000000025ce4c0, RBP=0x0000000000000014, RSI=0x00000000bb19a568, RDI=0x00000000eb522f60
R8 =0x00000000eb522f88, R9 =0x0000000000000001, R10=0x0000000000000000, R11=0x000000000264b190
R12=0x0000000000000000, R13=0x0000000002754438, R14=0x00000000025ce4b8, R15=0x000000000226f000
RIP=0x000000000275446f, EFLAGS=0x0000000000010297

Top of Stack: (sp=0x00000000025ce4c0)
0x00000000025ce4c0:   00000000eb504ce8 00000000eb522f60
0x00000000025ce4d0:   00000000eb522f88 000000170000001e
0x00000000025ce4e0:   00000000eb522f60 00000000bb323220
0x00000000025ce4f0:   00000000bb197468 0000000000000000
0x00000000025ce500:   00000000025ce570 00000000025d61f8
0x00000000025ce510:   00000000025d61f8 00000000eb522f60
0x00000000025ce520:   00000000eb522f88 00000000eb504ce8
0x00000000025ce530:   00000000025ce530 00000000bb1957d5
0x00000000025ce540:   00000000025ce5b8 00000000bb196228
0x00000000025ce550:   0000000000000000 00000000bb1958c8
0x00000000025ce560:   00000000025ce518 00000000025ce5b8
0x00000000025ce570:   00000000025ce600 00000000025d61f8
0x00000000025ce580:   0000000000000000 0000000000000000
0x00000000025ce590:   0000000000000000 0000000000000000
0x00000000025ce5a0:   0000000000000000 00000000ecefc9e0
0x00000000025ce5b0:   00000000eb504ce8 00000000eb522f60 

Instructions: (pc=0x000000000275446f)
0x000000000275444f:   54 88 10 45 85 d2 0f 85 7b 00 00 00 ff c1 83 f9
0x000000000275445f:   01 7c e6 3b cd 7d 4c 66 66 0f 1f 86 00 00 00 00
0x000000000275446f:   00 45 8b 54 88 10 45 85 d2 0f 85 10 ff ff ff 4c
0x000000000275447f:   63 c9 47 8b 5c 88 14 45 85 db 0f 85 b8 fe ff ff 


Register to memory mapping:

RAX=0x0000000000000002 is an unknown value
RBX=0x00000000025ce4c0 is pointing into the stack for thread: 0x000000000226f000
RCX=0x0000000000000001 is an unknown value
RDX=0x00000000025ce420 is pointing into the stack for thread: 0x000000000226f000
RSP=0x00000000025ce4c0 is pointing into the stack for thread: 0x000000000226f000
RBP=0x0000000000000014 is an unknown value
RSI=0x00000000bb19a568 is an oop
{instance class} 
 - klass: {other class}
RDI=0x00000000eb522f60 is an oop
com.android.dx.cf.code.BasicBlocker 
 - klass: 'com/android/dx/cf/code/BasicBlocker'
R8 =0x00000000eb522f88 is an oop
[I 
 - klass: {type array int}
 - length: 23
R9 =0x0000000000000001 is an unknown value
R10=0x0000000000000000 is an unknown value
R11=0x000000000264b050 [CodeBlob (0x000000000264b050)]
Framesize: 4
R12=0x0000000000000000 is an unknown value
R13=0x0000000002754090 [CodeBlob (0x0000000002754090)]
Framesize: 10
R14=0x00000000025ce4b8 is pointing into the stack for thread: 0x000000000226f000
R15=0x000000000226f000 is a thread


Stack: [0x00000000024d0000,0x00000000025d0000],  sp=0x00000000025ce4c0,  free space=1017k
Native frames: (J=compiled Java code, j=interpreted, Vv=VM code, C=native code)
J  com.android.dx.cf.code.BytecodeArray.processWorkSet([ILcom/android/dx/cf/code/BytecodeArray$Visitor;)V


---------------  P R O C E S S  ---------------

Java Threads: ( => current thread )
  0x0000000008e2b000 JavaThread "Service Thread" daemon [_thread_blocked, id=7944, stack(0x000000000a720000,0x000000000a820000)]
  0x0000000008e20800 JavaThread "C2 CompilerThread1" daemon [_thread_in_native, id=7340, stack(0x000000000a1b0000,0x000000000a2b0000)]
  0x0000000008e1b800 JavaThread "C2 CompilerThread0" daemon [_thread_in_native, id=7940, stack(0x000000000a540000,0x000000000a640000)]
  0x0000000008e19800 JavaThread "Attach Listener" daemon [_thread_blocked, id=5848, stack(0x000000000a350000,0x000000000a450000)]
  0x0000000008e12000 JavaThread "Signal Dispatcher" daemon [_thread_blocked, id=3308, stack(0x0000000009b80000,0x0000000009c80000)]
  0x00000000021b9000 JavaThread "Finalizer" daemon [_thread_blocked, id=7888, stack(0x000000000a090000,0x000000000a190000)]
  0x00000000021b1000 JavaThread "Reference Handler" daemon [_thread_blocked, id=1368, stack(0x0000000009f20000,0x000000000a020000)]
=>0x000000000226f000 JavaThread "main" [_thread_in_Java, id=7552, stack(0x00000000024d0000,0x00000000025d0000)]

Other Threads:
  0x0000000008d92800 VMThread [stack: 0x0000000009d20000,0x0000000009e20000] [id=3360]
  0x0000000008e43800 WatcherThread [stack: 0x000000000a840000,0x000000000a940000] [id=4944]

VM state:not at safepoint (normal execution)

VM Mutex/Monitor currently owned by a thread: None

Heap
 PSYoungGen      total 38144K, used 16372K [0x00000000eaab0000, 0x00000000ef530000, 0x0000000100000000)
  eden space 32704K, 33% used [0x00000000eaab0000,0x00000000eb5652f0,0x00000000ecaa0000)
  from space 5440K, 99% used [0x00000000ecaa0000,0x00000000ecfe8028,0x00000000ecff0000)
  to   space 5440K, 0% used [0x00000000eefe0000,0x00000000eefe0000,0x00000000ef530000)
 ParOldGen       total 87232K, used 12329K [0x00000000c0000000, 0x00000000c5530000, 0x00000000eaab0000)
  object space 87232K, 14% used [0x00000000c0000000,0x00000000c0c0a688,0x00000000c5530000)
 PSPermGen       total 21248K, used 5305K [0x00000000bae00000, 0x00000000bc2c0000, 0x00000000c0000000)
  object space 21248K, 24% used [0x00000000bae00000,0x00000000bb32e430,0x00000000bc2c0000)

Card table byte_map: [0x00000000055d0000,0x0000000005800000] byte_map_base: 0x0000000004ff9000

Polling page: 0x0000000000130000

Code Cache  [0x00000000025d0000, 0x0000000002840000, 0x00000000055d0000)
 total_blobs=647 nmethods=438 adapters=160 free_code_cache=47452Kb largest_free_block=48525824

Compilation events (10 events):
Event: 7.461 Thread 0x0000000008e1b800 nmethod 446 0x00000000026ccfd0 code [0x00000000026cd100, 0x00000000026cd198]
Event: 7.461 Thread 0x0000000008e1b800  447             com.android.dx.cf.code.ConcreteMethod::getCatches (8 bytes)
Event: 7.462 Thread 0x0000000008e1b800 nmethod 447 0x0000000002731190 code [0x00000000027312c0, 0x0000000002731338]
Event: 7.462 Thread 0x0000000008e1b800  448             com.android.dx.dex.file.IndexedItem::<init> (10 bytes)
Event: 7.462 Thread 0x0000000008e1b800 nmethod 448 0x00000000026ccdd0 code [0x00000000026ccf00, 0x00000000026ccf58]
Event: 7.462 Thread 0x0000000008e1b800  449             com.android.dx.ssa.SsaRenamer::setNameForSsaReg (54 bytes)
Event: 7.476 Thread 0x0000000008e1b800 nmethod 449 0x0000000002677150 code [0x00000000026772e0, 0x0000000002677690]
Event: 7.476 Thread 0x0000000008e1b800  450             com.android.dx.ssa.DeadCodeRemover::run (194 bytes)
Event: 7.483 Thread 0x0000000008e20800 nmethod 439 0x0000000002684990 code [0x0000000002684ba0, 0x00000000026854d0]
Event: 7.483 Thread 0x0000000008e20800  451             com.android.dx.rop.code.Rops::ropFor (771 bytes)

GC Heap History (6 events):
Event: 4.101 GC heap before
{Heap before GC invocations=1 (full 0):
 PSYoungGen      total 38144K, used 32704K [0x00000000eaab0000, 0x00000000ed540000, 0x0000000100000000)
  eden space 32704K, 100% used [0x00000000eaab0000,0x00000000ecaa0000,0x00000000ecaa0000)
  from space 5440K, 0% used [0x00000000ecff0000,0x00000000ecff0000,0x00000000ed540000)
  to   space 5440K, 0% used [0x00000000ecaa0000,0x00000000ecaa0000,0x00000000ecff0000)
 ParOldGen       total 87232K, used 0K [0x00000000c0000000, 0x00000000c5530000, 0x00000000eaab0000)
  object space 87232K, 0% used [0x00000000c0000000,0x00000000c0000000,0x00000000c5530000)
 PSPermGen       total 21248K, used 5135K [0x00000000bae00000, 0x00000000bc2c0000, 0x00000000c0000000)
  object space 21248K, 24% used [0x00000000bae00000,0x00000000bb303c10,0x00000000bc2c0000)
Event: 4.135 GC heap after
Heap after GC invocations=1 (full 0):
 PSYoungGen      total 38144K, used 5408K [0x00000000eaab0000, 0x00000000ed540000, 0x0000000100000000)
  eden space 32704K, 0% used [0x00000000eaab0000,0x00000000eaab0000,0x00000000ecaa0000)
  from space 5440K, 99% used [0x00000000ecaa0000,0x00000000ecfe8038,0x00000000ecff0000)
  to   space 5440K, 0% used [0x00000000ecff0000,0x00000000ecff0000,0x00000000ed540000)
 ParOldGen       total 87232K, used 2624K [0x00000000c0000000, 0x00000000c5530000, 0x00000000eaab0000)
  object space 87232K, 3% used [0x00000000c0000000,0x00000000c0290200,0x00000000c5530000)
 PSPermGen       total 21248K, used 5135K [0x00000000bae00000, 0x00000000bc2c0000, 0x00000000c0000000)
  object space 21248K, 24% used [0x00000000bae00000,0x00000000bb303c10,0x00000000bc2c0000)
}
Event: 5.799 GC heap before
{Heap before GC invocations=2 (full 0):
 PSYoungGen      total 38144K, used 38112K [0x00000000eaab0000, 0x00000000ed540000, 0x0000000100000000)
  eden space 32704K, 100% used [0x00000000eaab0000,0x00000000ecaa0000,0x00000000ecaa0000)
  from space 5440K, 99% used [0x00000000ecaa0000,0x00000000ecfe8038,0x00000000ecff0000)
  to   space 5440K, 0% used [0x00000000ecff0000,0x00000000ecff0000,0x00000000ed540000)
 ParOldGen       total 87232K, used 2624K [0x00000000c0000000, 0x00000000c5530000, 0x00000000eaab0000)
  object space 87232K, 3% used [0x00000000c0000000,0x00000000c0290200,0x00000000c5530000)
 PSPermGen       total 21248K, used 5247K [0x00000000bae00000, 0x00000000bc2c0000, 0x00000000c0000000)
  object space 21248K, 24% used [0x00000000bae00000,0x00000000bb31ffa8,0x00000000bc2c0000)
Event: 5.842 GC heap after
Heap after GC invocations=2 (full 0):
 PSYoungGen      total 38144K, used 5408K [0x00000000eaab0000, 0x00000000ef530000, 0x0000000100000000)
  eden space 32704K, 0% used [0x00000000eaab0000,0x00000000eaab0000,0x00000000ecaa0000)
  from space 5440K, 99% used [0x00000000ecff0000,0x00000000ed538028,0x00000000ed540000)
  to   space 5440K, 0% used [0x00000000ecaa0000,0x00000000ecaa0000,0x00000000ecff0000)
 ParOldGen       total 87232K, used 7614K [0x00000000c0000000, 0x00000000c5530000, 0x00000000eaab0000)
  object space 87232K, 8% used [0x00000000c0000000,0x00000000c076faf8,0x00000000c5530000)
 PSPermGen       total 21248K, used 5247K [0x00000000bae00000, 0x00000000bc2c0000, 0x00000000c0000000)
  object space 21248K, 24% used [0x00000000bae00000,0x00000000bb31ffa8,0x00000000bc2c0000)
}
Event: 6.979 GC heap before
{Heap before GC invocations=3 (full 0):
 PSYoungGen      total 38144K, used 38112K [0x00000000eaab0000, 0x00000000ef530000, 0x0000000100000000)
  eden space 32704K, 100% used [0x00000000eaab0000,0x00000000ecaa0000,0x00000000ecaa0000)
  from space 5440K, 99% used [0x00000000ecff0000,0x00000000ed538028,0x00000000ed540000)
  to   space 5440K, 0% used [0x00000000ecaa0000,0x00000000ecaa0000,0x00000000ecff0000)
 ParOldGen       total 87232K, used 7614K [0x00000000c0000000, 0x00000000c5530000, 0x00000000eaab0000)
  object space 87232K, 8% used [0x00000000c0000000,0x00000000c076faf8,0x00000000c5530000)
 PSPermGen       total 21248K, used 5297K [0x00000000bae00000, 0x00000000bc2c0000, 0x00000000c0000000)
  object space 21248K, 24% used [0x00000000bae00000,0x00000000bb32c6a8,0x00000000bc2c0000)
Event: 7.048 GC heap after
Heap after GC invocations=3 (full 0):
 PSYoungGen      total 38144K, used 5408K [0x00000000eaab0000, 0x00000000ef530000, 0x0000000100000000)
  eden space 32704K, 0% used [0x00000000eaab0000,0x00000000eaab0000,0x00000000ecaa0000)
  from space 5440K, 99% used [0x00000000ecaa0000,0x00000000ecfe8028,0x00000000ecff0000)
  to   space 5440K, 0% used [0x00000000eefe0000,0x00000000eefe0000,0x00000000ef530000)
 ParOldGen       total 87232K, used 12329K [0x00000000c0000000, 0x00000000c5530000, 0x00000000eaab0000)
  object space 87232K, 14% used [0x00000000c0000000,0x00000000c0c0a688,0x00000000c5530000)
 PSPermGen       total 21248K, used 5297K [0x00000000bae00000, 0x00000000bc2c0000, 0x00000000c0000000)
  object space 21248K, 24% used [0x00000000bae00000,0x00000000bb32c6a8,0x00000000bc2c0000)
}

Deoptimization events (10 events):
Event: 5.054 Thread 0x000000000226f000 Uncommon trap -83 fr.pc 0x000000000268e50c
Event: 5.859 Thread 0x000000000226f000 Uncommon trap -83 fr.pc 0x00000000026e6b2c
Event: 6.105 Thread 0x000000000226f000 Uncommon trap -12 fr.pc 0x000000000271dfe0
Event: 6.561 Thread 0x000000000226f000 Uncommon trap -83 fr.pc 0x0000000002636604
Event: 6.700 Thread 0x000000000226f000 Uncommon trap -12 fr.pc 0x0000000002759b94
Event: 7.109 Thread 0x000000000226f000 Uncommon trap -12 fr.pc 0x00000000026a52dc
Event: 7.155 Thread 0x000000000226f000 Uncommon trap -83 fr.pc 0x00000000026ff980
Event: 7.159 Thread 0x000000000226f000 Uncommon trap -12 fr.pc 0x00000000026bd878
Event: 7.191 Thread 0x000000000226f000 Uncommon trap 208 fr.pc 0x00000000027718b4
Event: 7.193 Thread 0x000000000226f000 Uncommon trap -75 fr.pc 0x0000000002710b40

Internal exceptions (10 events):
Event: 3.465 Thread 0x000000000226f000 Threw 0x00000000ec4c7458 at C:\jdk7u1_64p\jdk7u9\hotspot\src\share\vm\prims\jvm.cpp:1166
Event: 3.574 Thread 0x000000000226f000 Threw 0x00000000ec5e0690 at C:\jdk7u1_64p\jdk7u9\hotspot\src\share\vm\prims\jvm.cpp:1166
Event: 4.203 Thread 0x000000000226f000 Threw 0x00000000eac9bbf8 at C:\jdk7u1_64p\jdk7u9\hotspot\src\share\vm\prims\jvm.cpp:1166
Event: 5.053 Thread 0x000000000226f000 Threw 0x00000000ebb77f88 at C:\jdk7u1_64p\jdk7u9\hotspot\src\share\vm\prims\jvm.cpp:1166
Event: 6.105 Thread 0x000000000226f000 Implicit null exception at 0x000000000271d83c to 0x000000000271dfd1
Event: 6.545 Thread 0x000000000226f000 Threw 0x00000000ebcc6d30 at C:\jdk7u1_64p\jdk7u9\hotspot\src\share\vm\prims\jvm.cpp:1166
Event: 6.700 Thread 0x000000000226f000 Implicit null exception at 0x0000000002757178 to 0x0000000002759b89
Event: 6.815 Thread 0x000000000226f000 Threw 0x00000000ec578dd8 at C:\jdk7u1_64p\jdk7u9\hotspot\src\share\vm\prims\jvm.cpp:1166
Event: 7.109 Thread 0x000000000226f000 Implicit null exception at 0x00000000026a403b to 0x00000000026a52b1
Event: 7.159 Thread 0x000000000226f000 Implicit null exception at 0x00000000026bcd3d to 0x00000000026bd85d

Events (10 events):
Event: 7.468 Executing VM operation: RevokeBias
Event: 7.468 Executing VM operation: RevokeBias done
Event: 7.500 Executing VM operation: RevokeBias
Event: 7.500 Executing VM operation: RevokeBias done
Event: 7.500 Executing VM operation: RevokeBias
Event: 7.500 Executing VM operation: RevokeBias done
Event: 7.511 Executing VM operation: RevokeBias
Event: 7.511 Executing VM operation: RevokeBias done
Event: 7.514 Executing VM operation: RevokeBias
Event: 7.514 Executing VM operation: RevokeBias done


Dynamic libraries:
0x000000013fb00000 - 0x000000013fb33000 	C:\Program Files\Java\jdk1.7.0_09\bin\java.exe
0x0000000077a30000 - 0x0000000077bd9000 	C:\Windows\SYSTEM32\ntdll.dll
0x0000000077910000 - 0x0000000077a2f000 	C:\Windows\system32\kernel32.dll
0x000007fefdb30000 - 0x000007fefdb9c000 	C:\Windows\system32\KERNELBASE.dll
0x000007feff340000 - 0x000007feff41b000 	C:\Windows\system32\ADVAPI32.dll
0x000007fefe0c0000 - 0x000007fefe15f000 	C:\Windows\system32\msvcrt.dll
0x000007feffcd0000 - 0x000007feffcef000 	C:\Windows\SYSTEM32\sechost.dll
0x000007feff030000 - 0x000007feff15d000 	C:\Windows\system32\RPCRT4.dll
0x0000000077810000 - 0x000000007790a000 	C:\Windows\system32\USER32.dll
0x000007feff450000 - 0x000007feff4b7000 	C:\Windows\system32\GDI32.dll
0x000007fefde40000 - 0x000007fefde4e000 	C:\Windows\system32\LPK.dll
0x000007feff920000 - 0x000007feff9e9000 	C:\Windows\system32\USP10.dll
0x000007fefc340000 - 0x000007fefc534000 	C:\Windows\WinSxS\amd64_microsoft.windows.common-controls_6595b64144ccf1df_6.0.7601.18837_none_fa3b1e3d17594757\COMCTL32.dll
0x000007fefdba0000 - 0x000007fefdc11000 	C:\Windows\system32\SHLWAPI.dll
0x000007feff420000 - 0x000007feff44e000 	C:\Windows\system32\IMM32.DLL
0x000007fefdfb0000 - 0x000007fefe0b9000 	C:\Windows\system32\MSCTF.dll
0x000000006d6b0000 - 0x000000006d781000 	C:\Program Files\Java\jdk1.7.0_09\jre\bin\msvcr100.dll
0x000000006c940000 - 0x000000006d05f000 	C:\Program Files\Java\jdk1.7.0_09\jre\bin\server\jvm.dll
0x000007feedc80000 - 0x000007feedc89000 	C:\Windows\system32\WSOCK32.dll
0x000007feffcf0000 - 0x000007feffd3d000 	C:\Windows\system32\WS2_32.dll
0x000007fefdc20000 - 0x000007fefdc28000 	C:\Windows\system32\NSI.dll
0x000007fefae00000 - 0x000007fefae3b000 	C:\Windows\system32\WINMM.dll
0x0000000077c00000 - 0x0000000077c07000 	C:\Windows\system32\PSAPI.DLL
0x000000006c920000 - 0x000000006c92f000 	C:\Program Files\Java\jdk1.7.0_09\jre\bin\verify.dll
0x000000006c8e0000 - 0x000000006c908000 	C:\Program Files\Java\jdk1.7.0_09\jre\bin\java.dll
0x000000006d330000 - 0x000000006d345000 	C:\Program Files\Java\jdk1.7.0_09\jre\bin\zip.dll

VM Arguments:
jvm_args: -Xmx1024M -Dfile.encoding=windows-1252 -Duser.country=GB -Duser.language=en -Duser.variant 
java_command: com.android.dx.command.Main --dex --output C:\Users\Sinky\StudioProjects\ProtoRunnerV2\ProtoRunnerV2\build\intermediates\dex\debug C:\Users\Sinky\StudioProjects\ProtoRunnerV2\ProtoRunnerV2\build\intermediates\classes\debug C:\Users\Sinky\StudioProjects\ProtoRunnerV2\ProtoRunnerV2\build\intermediates\pre-dexed\debug\support-annotations-22.2.0-ce405e005671120865286fbb1a2542953cb92ee2.jar C:\Users\Sinky\StudioProjects\ProtoRunnerV2\ProtoRunnerV2\build\intermediates\pre-dexed\debug\classes-66fdcfc2144d757ac8530a052d47265e07773092.jar C:\Users\Sinky\StudioProjects\ProtoRunnerV2\ProtoRunnerV2\build\intermediates\pre-dexed\debug\classes-06ab37edf61694c22c293dc9ab41bab488406bc9.jar C:\Users\Sinky\StudioProjects\ProtoRunnerV2\ProtoRunnerV2\build\intermediates\pre-dexed\debug\classes-93f5a97fc040ab1733116df9f83fe928f712b237.jar C:\Users\Sinky\StudioProjects\ProtoRunnerV2\ProtoRunnerV2\build\intermediates\pre-dexed\debug\internal_impl-22.0.0-89a57e48793771ae5d65787933a30f0a9fffdc28.jar C:\Users\Sinky\StudioProjects\ProtoRunnerV2\ProtoRunnerV2\build\intermediates\pre-dexed\debug\classes-8e388dcd8b97a09304cc972cb61d3ffff3cfa55d.jar C:\Users\Sinky\StudioProjects\ProtoRunnerV2\ProtoRunnerV2\build\intermediates\pre-dexed\debug\classes-475e55994f5440e819b7988ff0065d4158443666.jar C:\Users\Sinky\StudioProjects\ProtoRunnerV2\ProtoRunnerV2\build\intermediates\pre-dexed\debug\classes-73d15a7b00f0331346d474c1114b3cc0a1b38ce2.jar C:\Users\Sinky\StudioProjects\ProtoRunnerV2\ProtoRunnerV2\build\intermediates\pre-dexed\debug\classes-b53993833ab07fbfd7d3b51de23eeeca6c4ddeb4.jar C:\Users\Sinky\StudioProjects\ProtoRunnerV2\ProtoRunnerV2\build\intermediates\pre-dexed\debug\classes-b732c20c9a93d8f61a730de1c28f5cdc6066418b.jar C:\Users\Sinky\StudioProjects\ProtoRunnerV2\ProtoRunnerV2\build\intermediates\pre-dexed\debug\classes-45b19e302165e60edda4c2af302b99c3055306bc.jar C:\Users\Sinky\StudioProjects\ProtoRunnerV2\ProtoRunnerV2\build\intermediates\pre-dexed\debug\classes-e2113edb41
Launcher Type: SUN_STANDARD

Environment Variables:
PATH=C:\Program Files (x86)\AMD APP\bin\x86_64;C:\Program Files (x86)\AMD APP\bin\x86;C:\Program Files (x86)\NVIDIA Corporation\PhysX\Common;C:\Program Files\Common Files\Microsoft Shared\Windows Live;C:\Program Files (x86)\Common Files\Microsoft Shared\Windows Live;C:\Windows\system32;C:\Windows;C:\Windows\System32\Wbem;C:\Windows\System32\WindowsPowerShell\v1.0\;C:\Program Files (x86)\ATI Technologies\ATI.ACE\Core-Static;C:\Program Files (x86)\Windows Live\Shared;C:\Program Files\Common Files\Autodesk Shared\;c:\Program Files (x86)\Microsoft SQL Server\100\Tools\Binn\;c:\Program Files (x86)\Microsoft SQL Server\100\DTS\Binn\;C:\Program Files\Microsoft SQL Server\110\Tools\Binn\;C:\Program Files\TortoiseGit\bin;C:\Program Files\Microsoft\Web Platform Installer\;C:\Program Files (x86)\Microsoft SDKs\TypeScript\1.0\
USERNAME=Sinky
OS=Windows_NT
PROCESSOR_IDENTIFIER=AMD64 Family 21 Model 1 Stepping 2, AuthenticAMD



---------------  S Y S T E M  ---------------

OS: Windows 7 , 64 bit Build 7601 Service Pack 1

CPU:total 4 (4 cores per cpu, 1 threads per core) family 21 model 1 stepping 2, cmov, cx8, fxsr, mmx, sse, sse2, sse3, ssse3, sse4.1, sse4.2, popcnt, avx, mmxext, 3dnowpref, lzcnt, sse4a, tsc, tscinvbit, tscinv

Memory: 4k page, physical 8370296k(3365500k free), swap 16738756k(10689368k free)

vm_info: Java HotSpot(TM) 64-Bit Server VM (23.5-b02) for windows-amd64 JRE (1.7.0_09-b05), built on Sep 24 2012 21:45:04 by "java_re" with unknown MS VC++:1600

time: Sat Jul 04 01:09:56 2015
elapsed time: 7 seconds

