#
# A fatal error has been detected by the Java Runtime Environment:
#
#  EXCEPTION_ACCESS_VIOLATION (0xc0000005) at pc=0x0000000000000000, pid=3444, tid=6772
#
# JRE version: 7.0_09-b05
# Java VM: Java HotSpot(TM) 64-Bit Server VM (23.5-b02 mixed mode windows-amd64 compressed oops)
# Problematic frame:
# C  0x0000000000000000
#
# Failed to write core dump. Minidumps are not enabled by default on client versions of Windows
#
# If you would like to submit a bug report, please visit:
#   http://bugreport.sun.com/bugreport/crash.jsp
#

---------------  T H R E A D  ---------------

Current thread (0x00000000021cf000):  JavaThread "main" [_thread_in_Java, id=6772, stack(0x0000000002380000,0x0000000002480000)]

siginfo: ExceptionCode=0xc0000005, ExceptionInformation=0x0000000000000008 0x0000000000000000

Registers:
RAX=0x00000000025e7724, RBX=0x00000000bb906888, RCX=0x0000000000000000, RDX=0x0000000000000007
RSP=0x000000000247e760, RBP=0x0000000000000007, RSI=0x00000000c0000100, RDI=0x000000000000153c
R8 =0x00000000000010c2, R9 =0x0000000000000089, R10=0x00000000690339c0, R11=0x00000000ead485a0
R12=0x0000000000000000, R13=0x000000000247e770, R14=0x000000000247e760, R15=0x00000000021cf000
RIP=0x0000000000000000, EFLAGS=0x0000000000010206

Top of Stack: (sp=0x000000000247e760)
0x000000000247e760:   00000000025e7724 0000000000000007
0x000000000247e770:   0000008700000000 00000000ead59220
0x000000000247e780:   00000000ead54998 ead549b0bb195f58
0x000000000247e790:   ead485a000000088 ead49dd800000010
0x000000000247e7a0:   00000004000010c2 0000008900000100
0x000000000247e7b0:   0000008000000004 000000000000008a
0x000000000247e7c0:   000000000000021c 00000000bb196228
0x000000000247e7d0:   00000000bb30ef48 00000000bb195de8
0x000000000247e7e0:   000000000247e850 0000000002486374
0x000000000247e7f0:   0000000002486374 00000000ead59220
0x000000000247e800:   0000000000000087 00000000ead54998
0x000000000247e810:   000000000247e810 00000000bb130563
0x000000000247e820:   000000000247e878 00000000bb134970
0x000000000247e830:   00000000bb304ee8 00000000bb1305b8
0x000000000247e840:   000000000247e7f8 000000000247e868
0x000000000247e850:   000000000247e8c0 00000000024861f8 

Instructions: (pc=0x0000000000000000)
0xffffffffffffffe0:   


Register to memory mapping:

RAX=0x00000000025e4dd0 [CodeBlob (0x00000000025e4dd0)]
Framesize: 16
RBX=
[error occurred during error reporting (printing register info), id 0xc0000005]

Stack: [0x0000000002380000,0x0000000002480000],  sp=0x000000000247e760,  free space=1017k

---------------  P R O C E S S  ---------------

Java Threads: ( => current thread )
  0x0000000008cc1800 JavaThread "Service Thread" daemon [_thread_blocked, id=6432, stack(0x000000000a7e0000,0x000000000a8e0000)]
  0x0000000008cbf000 JavaThread "C2 CompilerThread1" daemon [_thread_in_native, id=4452, stack(0x000000000a590000,0x000000000a690000)]
  0x0000000008cab800 JavaThread "C2 CompilerThread0" daemon [_thread_in_native, id=5728, stack(0x000000000a3d0000,0x000000000a4d0000)]
  0x0000000008ca9800 JavaThread "Attach Listener" daemon [_thread_blocked, id=2968, stack(0x0000000009fb0000,0x000000000a0b0000)]
  0x0000000008ca2000 JavaThread "Signal Dispatcher" daemon [_thread_blocked, id=6180, stack(0x000000000a2b0000,0x000000000a3b0000)]
  0x00000000022c9000 JavaThread "Finalizer" daemon [_thread_blocked, id=6508, stack(0x000000000a0c0000,0x000000000a1c0000)]
  0x00000000022c1000 JavaThread "Reference Handler" daemon [_thread_blocked, id=2748, stack(0x0000000009de0000,0x0000000009ee0000)]
=>0x00000000021cf000 JavaThread "main" [_thread_in_Java, id=6772, stack(0x0000000002380000,0x0000000002480000)]

Other Threads:
  0x0000000008c22800 VMThread [stack: 0x0000000009c50000,0x0000000009d50000] [id=2444]
  0x0000000008cd6800 WatcherThread [stack: 0x000000000aa30000,0x000000000ab30000] [id=7020]

VM state:not at safepoint (normal execution)

VM Mutex/Monitor currently owned by a thread: None

Heap
 PSYoungGen      total 70848K, used 9949K [0x00000000eaab0000, 0x00000000ef530000, 0x0000000100000000)
  eden space 65408K, 6% used [0x00000000eaab0000,0x00000000eaf17648,0x00000000eea90000)
  from space 5440K, 100% used [0x00000000eefe0000,0x00000000ef530000,0x00000000ef530000)
  to   space 5440K, 0% used [0x00000000eea90000,0x00000000eea90000,0x00000000eefe0000)
 ParOldGen       total 87232K, used 7660K [0x00000000c0000000, 0x00000000c5530000, 0x00000000eaab0000)
  object space 87232K, 8% used [0x00000000c0000000,0x00000000c077b0a8,0x00000000c5530000)
 PSPermGen       total 21248K, used 5251K [0x00000000bae00000, 0x00000000bc2c0000, 0x00000000c0000000)
  object space 21248K, 24% used [0x00000000bae00000,0x00000000bb320fd8,0x00000000bc2c0000)

Card table byte_map: [0x0000000005480000,0x00000000056b0000] byte_map_base: 0x0000000004ea9000

Polling page: 0x0000000000340000

Code Cache  [0x0000000002480000, 0x00000000026f0000, 0x0000000005480000)
 total_blobs=592 nmethods=383 adapters=160 free_code_cache=47662Kb largest_free_block=48719680

Compilation events (10 events):
Event: 6.896 Thread 0x0000000008cab800 nmethod 372 0x0000000002527110 code [0x0000000002527260, 0x00000000025274a8]
Event: 6.896 Thread 0x0000000008cab800  373             com.android.dx.dex.code.RopTranslator$TranslationVisitor::addOutput (9 bytes)
Event: 6.897 Thread 0x0000000008cab800 nmethod 373 0x00000000025ddf10 code [0x00000000025de060, 0x00000000025de108]
Event: 6.897 Thread 0x0000000008cab800  374             com.android.dx.cf.code.BasicBlocker::addWorkIfNecessary (32 bytes)
Event: 6.901 Thread 0x0000000008cab800 nmethod 374 0x000000000250e510 code [0x000000000250e660, 0x000000000250e798]
Event: 6.901 Thread 0x0000000008cab800  375             com.android.dx.rop.code.PlainInsn::getCatches (4 bytes)
Event: 6.901 Thread 0x0000000008cab800 nmethod 375 0x00000000025067d0 code [0x0000000002506900, 0x0000000002506958]
Event: 6.901 Thread 0x0000000008cab800  376             com.android.dx.ssa.SCCP::addUsersToWorklist (103 bytes)
Event: 6.991 Thread 0x0000000008cab800 nmethod 376 0x000000000252fd50 code [0x0000000002530020, 0x0000000002531188]
Event: 6.991 Thread 0x0000000008cab800  377             com.android.dx.rop.code.Rop::hashCode (54 bytes)

GC Heap History (4 events):
Event: 4.282 GC heap before
{Heap before GC invocations=1 (full 0):
 PSYoungGen      total 38144K, used 32704K [0x00000000eaab0000, 0x00000000ed540000, 0x0000000100000000)
  eden space 32704K, 100% used [0x00000000eaab0000,0x00000000ecaa0000,0x00000000ecaa0000)
  from space 5440K, 0% used [0x00000000ecff0000,0x00000000ecff0000,0x00000000ed540000)
  to   space 5440K, 0% used [0x00000000ecaa0000,0x00000000ecaa0000,0x00000000ecff0000)
 ParOldGen       total 87232K, used 0K [0x00000000c0000000, 0x00000000c5530000, 0x00000000eaab0000)
  object space 87232K, 0% used [0x00000000c0000000,0x00000000c0000000,0x00000000c5530000)
 PSPermGen       total 21248K, used 5132K [0x00000000bae00000, 0x00000000bc2c0000, 0x00000000c0000000)
  object space 21248K, 24% used [0x00000000bae00000,0x00000000bb303318,0x00000000bc2c0000)
Event: 4.332 GC heap after
Heap after GC invocations=1 (full 0):
 PSYoungGen      total 38144K, used 5408K [0x00000000eaab0000, 0x00000000ef530000, 0x0000000100000000)
  eden space 32704K, 0% used [0x00000000eaab0000,0x00000000eaab0000,0x00000000ecaa0000)
  from space 5440K, 99% used [0x00000000ecaa0000,0x00000000ecfe8038,0x00000000ecff0000)
  to   space 5440K, 0% used [0x00000000eefe0000,0x00000000eefe0000,0x00000000ef530000)
 ParOldGen       total 87232K, used 2797K [0x00000000c0000000, 0x00000000c5530000, 0x00000000eaab0000)
  object space 87232K, 3% used [0x00000000c0000000,0x00000000c02bb5a8,0x00000000c5530000)
 PSPermGen       total 21248K, used 5132K [0x00000000bae00000, 0x00000000bc2c0000, 0x00000000c0000000)
  object space 21248K, 24% used [0x00000000bae00000,0x00000000bb303318,0x00000000bc2c0000)
}
Event: 6.823 GC heap before
{Heap before GC invocations=2 (full 0):
 PSYoungGen      total 38144K, used 38112K [0x00000000eaab0000, 0x00000000ef530000, 0x0000000100000000)
  eden space 32704K, 100% used [0x00000000eaab0000,0x00000000ecaa0000,0x00000000ecaa0000)
  from space 5440K, 99% used [0x00000000ecaa0000,0x00000000ecfe8038,0x00000000ecff0000)
  to   space 5440K, 0% used [0x00000000eefe0000,0x00000000eefe0000,0x00000000ef530000)
 ParOldGen       total 87232K, used 2797K [0x00000000c0000000, 0x00000000c5530000, 0x00000000eaab0000)
  object space 87232K, 3% used [0x00000000c0000000,0x00000000c02bb5a8,0x00000000c5530000)
 PSPermGen       total 21248K, used 5250K [0x00000000bae00000, 0x00000000bc2c0000, 0x00000000c0000000)
  object space 21248K, 24% used [0x00000000bae00000,0x00000000bb3208d0,0x00000000bc2c0000)
Event: 6.882 GC heap after
Heap after GC invocations=2 (full 0):
 PSYoungGen      total 70848K, used 5440K [0x00000000eaab0000, 0x00000000ef530000, 0x0000000100000000)
  eden space 65408K, 0% used [0x00000000eaab0000,0x00000000eaab0000,0x00000000eea90000)
  from space 5440K, 100% used [0x00000000eefe0000,0x00000000ef530000,0x00000000ef530000)
  to   space 5440K, 0% used [0x00000000eea90000,0x00000000eea90000,0x00000000eefe0000)
 ParOldGen       total 87232K, used 7660K [0x00000000c0000000, 0x00000000c5530000, 0x00000000eaab0000)
  object space 87232K, 8% used [0x00000000c0000000,0x00000000c077b0a8,0x00000000c5530000)
 PSPermGen       total 21248K, used 5250K [0x00000000bae00000, 0x00000000bc2c0000, 0x00000000c0000000)
  object space 21248K, 24% used [0x00000000bae00000,0x00000000bb3208d0,0x00000000bc2c0000)
}

Deoptimization events (10 events):
Event: 4.481 Thread 0x00000000021cf000 Uncommon trap -34 fr.pc 0x000000000254d228
Event: 4.481 Thread 0x00000000021cf000 Uncommon trap -34 fr.pc 0x000000000254d228
Event: 4.484 Thread 0x00000000021cf000 Uncommon trap -34 fr.pc 0x000000000254d228
Event: 4.487 Thread 0x00000000021cf000 Uncommon trap -34 fr.pc 0x000000000254d228
Event: 4.550 Thread 0x00000000021cf000 Uncommon trap -34 fr.pc 0x000000000251c7dc
Event: 5.846 Thread 0x00000000021cf000 Uncommon trap -83 fr.pc 0x00000000025892e8
Event: 5.864 Thread 0x00000000021cf000 Uncommon trap -83 fr.pc 0x0000000002582254
Event: 5.894 Thread 0x00000000021cf000 Uncommon trap -83 fr.pc 0x00000000025aefd8
Event: 5.897 Thread 0x00000000021cf000 Uncommon trap -83 fr.pc 0x000000000256a94c
Event: 6.529 Thread 0x00000000021cf000 Uncommon trap -12 fr.pc 0x00000000025c72a0

Internal exceptions (10 events):
Event: 3.400 Thread 0x00000000021cf000 Threw 0x00000000ec3c9c38 at C:\jdk7u1_64p\jdk7u9\hotspot\src\share\vm\prims\jvm.cpp:1166
Event: 3.413 Thread 0x00000000021cf000 Threw 0x00000000ec3ebec0 at C:\jdk7u1_64p\jdk7u9\hotspot\src\share\vm\prims\jvm.cpp:1166
Event: 3.495 Thread 0x00000000021cf000 Implicit null exception at 0x0000000002526f3e to 0x000000000252761d
Event: 3.694 Thread 0x00000000021cf000 Threw 0x00000000ec60ec38 at C:\jdk7u1_64p\jdk7u9\hotspot\src\share\vm\prims\jvm.cpp:1166
Event: 3.698 Thread 0x00000000021cf000 Threw 0x00000000ec6177a0 at C:\jdk7u1_64p\jdk7u9\hotspot\src\share\vm\prims\jvm.cpp:1166
Event: 3.931 Thread 0x00000000021cf000 Threw 0x00000000ec8142c0 at C:\jdk7u1_64p\jdk7u9\hotspot\src\share\vm\prims\jvm.cpp:1166
Event: 4.342 Thread 0x00000000021cf000 Implicit null exception at 0x000000000255fc5f to 0x0000000002560add
Event: 4.516 Thread 0x00000000021cf000 Threw 0x00000000eadd9b00 at C:\jdk7u1_64p\jdk7u9\hotspot\src\share\vm\prims\jvm.cpp:1166
Event: 5.895 Thread 0x00000000021cf000 Threw 0x00000000ebd24fe0 at C:\jdk7u1_64p\jdk7u9\hotspot\src\share\vm\prims\jvm.cpp:1166
Event: 6.529 Thread 0x00000000021cf000 Implicit null exception at 0x00000000025c6afc to 0x00000000025c7291

Events (10 events):
Event: 6.471 Thread 0x0000000008cbf000 flushing nmethod 0x00000000025161d0
Event: 6.472 Thread 0x0000000008cbf000 flushing nmethod 0x000000000251eb10
Event: 6.472 Thread 0x0000000008cbf000 flushing nmethod 0x000000000251ee90
Event: 6.474 Thread 0x0000000008cbf000 flushing nmethod 0x0000000002526910
Event: 6.518 Thread 0x0000000008cbf000 flushing nmethod 0x000000000252ead0
Event: 6.519 Thread 0x0000000008cbf000 flushing nmethod 0x000000000253fc50
Event: 6.529 Thread 0x00000000021cf000 DEOPT PACKING pc=0x00000000025c72a0 sp=0x000000000247eb80
Event: 6.529 Thread 0x00000000021cf000 DEOPT UNPACKING pc=0x00000000024b9164 sp=0x000000000247eac8 mode 2
Event: 6.823 Executing VM operation: ParallelGCFailedAllocation
Event: 6.882 Executing VM operation: ParallelGCFailedAllocation done


Dynamic libraries:
0x000000013fbf0000 - 0x000000013fc23000 	C:\Program Files\Java\jdk1.7.0_09\bin\java.exe
0x0000000077470000 - 0x0000000077619000 	C:\Windows\SYSTEM32\ntdll.dll
0x0000000077250000 - 0x000000007736f000 	C:\Windows\system32\kernel32.dll
0x000007fefd390000 - 0x000007fefd3fc000 	C:\Windows\system32\KERNELBASE.dll
0x000007fefe0a0000 - 0x000007fefe17b000 	C:\Windows\system32\ADVAPI32.dll
0x000007fefd600000 - 0x000007fefd69f000 	C:\Windows\system32\msvcrt.dll
0x000007feff4d0000 - 0x000007feff4ef000 	C:\Windows\SYSTEM32\sechost.dll
0x000007fefe290000 - 0x000007fefe3bd000 	C:\Windows\system32\RPCRT4.dll
0x0000000077370000 - 0x000000007746a000 	C:\Windows\system32\USER32.dll
0x000007fefe3c0000 - 0x000007fefe427000 	C:\Windows\system32\GDI32.dll
0x000007fefddc0000 - 0x000007fefddce000 	C:\Windows\system32\LPK.dll
0x000007fefdcf0000 - 0x000007fefddb9000 	C:\Windows\system32\USP10.dll
0x000007fefbbe0000 - 0x000007fefbdd4000 	C:\Windows\WinSxS\amd64_microsoft.windows.common-controls_6595b64144ccf1df_6.0.7601.18837_none_fa3b1e3d17594757\COMCTL32.dll
0x000007feff700000 - 0x000007feff771000 	C:\Windows\system32\SHLWAPI.dll
0x000007fefe260000 - 0x000007fefe28e000 	C:\Windows\system32\IMM32.DLL
0x000007feff3c0000 - 0x000007feff4c9000 	C:\Windows\system32\MSCTF.dll
0x000000006abf0000 - 0x000000006acc1000 	C:\Program Files\Java\jdk1.7.0_09\jre\bin\msvcr100.dll
0x0000000068990000 - 0x00000000690af000 	C:\Program Files\Java\jdk1.7.0_09\jre\bin\server\jvm.dll
0x000007fefb9a0000 - 0x000007fefb9a9000 	C:\Windows\system32\WSOCK32.dll
0x000007fefd860000 - 0x000007fefd8ad000 	C:\Windows\system32\WS2_32.dll
0x000007fefe5c0000 - 0x000007fefe5c8000 	C:\Windows\system32\NSI.dll
0x000007fef7090000 - 0x000007fef70cb000 	C:\Windows\system32\WINMM.dll
0x0000000077640000 - 0x0000000077647000 	C:\Windows\system32\PSAPI.DLL
0x0000000074200000 - 0x000000007420f000 	C:\Program Files\Java\jdk1.7.0_09\jre\bin\verify.dll
0x0000000073190000 - 0x00000000731b8000 	C:\Program Files\Java\jdk1.7.0_09\jre\bin\java.dll
0x0000000073fb0000 - 0x0000000073fc5000 	C:\Program Files\Java\jdk1.7.0_09\jre\bin\zip.dll
0x000007fefb5c0000 - 0x000007fefb6e5000 	C:\Windows\system32\dbghelp.dll

VM Arguments:
jvm_args: -Xmx1024M -Dfile.encoding=windows-1252 -Duser.country=GB -Duser.language=en -Duser.variant 
java_command: com.android.dx.command.Main --dex --output C:\Users\Sinky\StudioProjects\ProtoRunnerV2\ProtoRunnerV2\build\intermediates\dex\debug C:\Users\Sinky\StudioProjects\ProtoRunnerV2\ProtoRunnerV2\build\intermediates\classes\debug C:\Users\Sinky\StudioProjects\ProtoRunnerV2\ProtoRunnerV2\build\intermediates\pre-dexed\debug\support-annotations-22.2.0-ce405e005671120865286fbb1a2542953cb92ee2.jar C:\Users\Sinky\StudioProjects\ProtoRunnerV2\ProtoRunnerV2\build\intermediates\pre-dexed\debug\classes-66fdcfc2144d757ac8530a052d47265e07773092.jar C:\Users\Sinky\StudioProjects\ProtoRunnerV2\ProtoRunnerV2\build\intermediates\pre-dexed\debug\classes-06ab37edf61694c22c293dc9ab41bab488406bc9.jar C:\Users\Sinky\StudioProjects\ProtoRunnerV2\ProtoRunnerV2\build\intermediates\pre-dexed\debug\classes-93f5a97fc040ab1733116df9f83fe928f712b237.jar C:\Users\Sinky\StudioProjects\ProtoRunnerV2\ProtoRunnerV2\build\intermediates\pre-dexed\debug\internal_impl-22.0.0-89a57e48793771ae5d65787933a30f0a9fffdc28.jar C:\Users\Sinky\StudioProjects\ProtoRunnerV2\ProtoRunnerV2\build\intermediates\pre-dexed\debug\classes-8e388dcd8b97a09304cc972cb61d3ffff3cfa55d.jar C:\Users\Sinky\StudioProjects\ProtoRunnerV2\ProtoRunnerV2\build\intermediates\pre-dexed\debug\classes-475e55994f5440e819b7988ff0065d4158443666.jar C:\Users\Sinky\StudioProjects\ProtoRunnerV2\ProtoRunnerV2\build\intermediates\pre-dexed\debug\classes-b7a255c659b855a7d768177e722332e1ea9e71a8.jar C:\Users\Sinky\StudioProjects\ProtoRunnerV2\ProtoRunnerV2\build\intermediates\pre-dexed\debug\classes-73d15a7b00f0331346d474c1114b3cc0a1b38ce2.jar C:\Users\Sinky\StudioProjects\ProtoRunnerV2\ProtoRunnerV2\build\intermediates\pre-dexed\debug\classes-b53993833ab07fbfd7d3b51de23eeeca6c4ddeb4.jar C:\Users\Sinky\StudioProjects\ProtoRunnerV2\ProtoRunnerV2\build\intermediates\pre-dexed\debug\classes-b732c20c9a93d8f61a730de1c28f5cdc6066418b.jar C:\Users\Sinky\StudioProjects\ProtoRunnerV2\ProtoRunnerV2\build\intermediates\pre-dexed\debug\classes-45b19e3021
Launcher Type: SUN_STANDARD

Environment Variables:
PATH=C:\Program Files (x86)\AMD APP\bin\x86_64;C:\Program Files (x86)\AMD APP\bin\x86;C:\Program Files (x86)\NVIDIA Corporation\PhysX\Common;C:\Program Files\Common Files\Microsoft Shared\Windows Live;C:\Program Files (x86)\Common Files\Microsoft Shared\Windows Live;C:\Windows\system32;C:\Windows;C:\Windows\System32\Wbem;C:\Windows\System32\WindowsPowerShell\v1.0\;C:\Program Files (x86)\ATI Technologies\ATI.ACE\Core-Static;C:\Program Files (x86)\Windows Live\Shared;C:\Program Files\Common Files\Autodesk Shared\;c:\Program Files (x86)\Microsoft SQL Server\100\Tools\Binn\;c:\Program Files (x86)\Microsoft SQL Server\100\DTS\Binn\;C:\Program Files\Microsoft SQL Server\110\Tools\Binn\;C:\Program Files\TortoiseGit\bin;C:\Program Files\Microsoft\Web Platform Installer\;C:\Program Files (x86)\Microsoft SDKs\TypeScript\1.0\
USERNAME=Sinky
OS=Windows_NT
PROCESSOR_IDENTIFIER=AMD64 Family 21 Model 1 Stepping 2, AuthenticAMD



---------------  S Y S T E M  ---------------

OS: Windows 7 , 64 bit Build 7601 Service Pack 1

CPU:total 4 (4 cores per cpu, 1 threads per core) family 21 model 1 stepping 2, cmov, cx8, fxsr, mmx, sse, sse2, sse3, ssse3, sse4.1, sse4.2, popcnt, avx, mmxext, 3dnowpref, lzcnt, sse4a, tsc, tscinvbit, tscinv

Memory: 4k page, physical 8370296k(4214624k free), swap 16738756k(11479488k free)

vm_info: Java HotSpot(TM) 64-Bit Server VM (23.5-b02) for windows-amd64 JRE (1.7.0_09-b05), built on Sep 24 2012 21:45:04 by "java_re" with unknown MS VC++:1600

time: Thu Jul 09 02:29:14 2015
elapsed time: 7 seconds

