#
# A fatal error has been detected by the Java Runtime Environment:
#
#  EXCEPTION_ACCESS_VIOLATION (0xc0000005) at pc=0x00000000026b9db3, pid=7088, tid=7244
#
# JRE version: 7.0_09-b05
# Java VM: Java HotSpot(TM) 64-Bit Server VM (23.5-b02 mixed mode windows-amd64 compressed oops)
# Problematic frame:
# J  com.android.dx.io.instructions.InstructionCodec$6.decode(ILcom/android/dx/io/instructions/CodeInput;)Lcom/android/dx/io/instructions/DecodedInstruction;
#
# Failed to write core dump. Minidumps are not enabled by default on client versions of Windows
#
# If you would like to submit a bug report, please visit:
#   http://bugreport.sun.com/bugreport/crash.jsp
#

---------------  T H R E A D  ---------------

Current thread (0x00000000003cf000):  JavaThread "main" [_thread_in_Java, id=7244, stack(0x00000000023c0000,0x00000000024c0000)]

siginfo: ExceptionCode=0xc0000005, reading address 0x0000000000000010

Registers:
RAX=0x00000000f08d4fe0, RBX=0x00000000bb49d628, RCX=0x0000000000000028, RDX=0x00000000f2e43788
RSP=0x00000000024bef70, RBP=0x0000000000000010, RSI=0x0000000000000000, RDI=0x0000000000000006
R8 =0x00000000000000fb, R9 =0x0000000000000011, R10=0x00000000f08d4fe0, R11=0x000000000000000b
R12=0x0000000000000000, R13=0x0000000000000000, R14=0x00000000f2e43100, R15=0x00000000003cf000
RIP=0x00000000026b9db3, EFLAGS=0x0000000000010203

Top of Stack: (sp=0x00000000024bef70)
0x00000000024bef70:   00000000f2e43788 000000000000000c
0x00000000024bef80:   00000000f2e437e0 0000000000000001
0x00000000024bef90:   0000000000000005 00000000f08d4d78
0x00000000024befa0:   0000000000000010 00000000026f4d20
0x00000000024befb0:   00000000bb442e8e 0000000000000000
0x00000000024befc0:   00000000efe3be98 0000000002715004
0x00000000024befd0:   00000000efe3ba78 000000000000fb28
0x00000000024befe0:   3f40000000000023 0000000000000023
0x00000000024beff0:   00000000000000a0 0000000000000012
0x00000000024bf000:   00000000f08d4cd8 00000000f08d4d78
0x00000000024bf010:   00000000f08d4fb0 0000000000000010
0x00000000024bf020:   00000000f08d4c58 00000000f08d4bf0
0x00000000024bf030:   00000000efe251a0 00000000027aab60
0x00000000024bf040:   00000001efe246a0 00000000f08d3938
0x00000000024bf050:   0000000100000003 00000000efe251a0
0x00000000024bf060:   0000000000001517 00000000f08d4b48 

Instructions: (pc=0x00000000026b9db3)
0x00000000026b9d93:   44 89 60 18 44 89 60 24 89 48 0c 45 03 d9 4c 8b
0x00000000026b9da3:   14 24 41 ff cb 44 89 58 1c 44 89 50 20 4c 8b d0
0x00000000026b9db3:   c9 c1 ea 09 41 bb 00 90 ee 04 47 88 24 13 48 83
0x00000000026b9dc3:   c4 30 5d 85 05 34 62 c7 fd c3 44 89 5c 24 10 89 


Register to memory mapping:

RAX=0x00000000f08d4fe0 is an oop
com.android.dx.io.instructions.ZeroRegisterDecodedInstruction 
 - klass: 'com/android/dx/io/instructions/ZeroRegisterDecodedInstruction'
RBX=0x00000000bb49d628 is an oop
{method} 
 - klass: {other class}
RCX=0x0000000000000028 is an unknown value
RDX=0x00000000f2e43788 is an oop
com.android.dx.io.instructions.InstructionCodec$6 
 - klass: 'com/android/dx/io/instructions/InstructionCodec$6'
RSP=0x00000000024bef70 is pointing into the stack for thread: 0x00000000003cf000
RBP=0x0000000000000010 is an unknown value
RSI=0x0000000000000000 is an unknown value
RDI=0x0000000000000006 is an unknown value
R8 =0x00000000000000fb is an unknown value
R9 =0x0000000000000011 is an unknown value
R10=0x00000000f08d4fe0 is an oop
com.android.dx.io.instructions.ZeroRegisterDecodedInstruction 
 - klass: 'com/android/dx/io/instructions/ZeroRegisterDecodedInstruction'
R11=0x000000000000000b is an unknown value
R12=0x0000000000000000 is an unknown value
R13=0x0000000000000000 is an unknown value
R14=0x00000000f2e43100 is an oop
com.android.dx.io.instructions.InstructionCodec$25 
 - klass: 'com/android/dx/io/instructions/InstructionCodec$25'
R15=0x00000000003cf000 is a thread


Stack: [0x00000000023c0000,0x00000000024c0000],  sp=0x00000000024bef70,  free space=1019k
Native frames: (J=compiled Java code, y=interpreted, Vv=VM code, C=native code)
J  com.android.dx.io.instructions.InstructionCodec$6.decode(ILcom/android/dx/io/instructions/CodeInput;)Lcom/android/dx/io/instructions/DecodedInstruction;

[error occurred during error reporting (printing native stack), id 0xc0000005]


---------------  P R O C E S S  ---------------

Java Threads: ( => current thread )
  0x0000000008e99800 JavaThread "Service Thread" daemon [_thread_blocked, id=6600, stack(0x000000000a900000,0x000000000aa00000)]
  0x0000000008e90800 JavaThread "C2 CompilerThread1" daemon [_thread_in_native, id=5172, stack(0x000000000a730000,0x000000000a830000)]
  0x0000000008e8b800 JavaThread "C2 CompilerThread0" daemon [_thread_in_native, id=7268, stack(0x0000000009e00000,0x0000000009f00000)]
  0x0000000008e89800 JavaThread "Attach Listener" daemon [_thread_blocked, id=6252, stack(0x000000000a510000,0x000000000a610000)]
  0x0000000008e82000 JavaThread "Signal Dispatcher" daemon [_thread_blocked, id=7176, stack(0x000000000a350000,0x000000000a450000)]
  0x0000000002149000 JavaThread "Finalizer" daemon [_thread_blocked, id=5464, stack(0x000000000a190000,0x000000000a290000)]
  0x0000000002141000 JavaThread "Reference Handler" daemon [_thread_blocked, id=2276, stack(0x0000000009f00000,0x000000000a000000)]
=>0x00000000003cf000 JavaThread "main" [_thread_in_Java, id=7244, stack(0x00000000023c0000,0x00000000024c0000)]

Other Threads:
  0x0000000008e02800 VMThread [stack: 0x0000000009cd0000,0x0000000009dd0000] [id=1300]
  0x0000000008ea2800 WatcherThread [stack: 0x000000000aa50000,0x000000000ab50000] [id=6008]

VM state:not at safepoint (normal execution)

VM Mutex/Monitor currently owned by a thread: None

Heap
 PSYoungGen      total 136256K, used 103469K [0x00000000eaab0000, 0x00000000fd4d0000, 0x0000000100000000)
  eden space 130816K, 74% used [0x00000000eaab0000,0x00000000f0a72b60,0x00000000f2a70000)
  from space 5440K, 99% used [0x00000000f2a70000,0x00000000f2fb8980,0x00000000f2fc0000)
  to   space 21824K, 0% used [0x00000000fbf80000,0x00000000fbf80000,0x00000000fd4d0000)
 ParOldGen       total 87232K, used 41508K [0x00000000c0000000, 0x00000000c5530000, 0x00000000eaab0000)
  object space 87232K, 47% used [0x00000000c0000000,0x00000000c2889350,0x00000000c5530000)
 PSPermGen       total 21248K, used 7604K [0x00000000bae00000, 0x00000000bc2c0000, 0x00000000c0000000)
  object space 21248K, 35% used [0x00000000bae00000,0x00000000bb56d300,0x00000000bc2c0000)

Card table byte_map: [0x00000000054c0000,0x00000000056f0000] byte_map_base: 0x0000000004ee9000

Polling page: 0x0000000000330000

Code Cache  [0x00000000024c0000, 0x0000000002800000, 0x00000000054c0000)
 total_blobs=1377 nmethods=1119 adapters=209 free_code_cache=45898Kb largest_free_block=46929600

Compilation events (10 events):
Event: 21.321 Thread 0x0000000008e8b800 1133             java.util.Arrays$ArrayList::indexOf (69 bytes)
Event: 21.350 Thread 0x0000000008e8b800 nmethod 1133 0x00000000027c1410 code [0x00000000027c1560, 0x00000000027c1778]
Event: 21.350 Thread 0x0000000008e8b800 1134             com.android.dx.io.instructions.InstructionCodec$6::decode (40 bytes)
Event: 21.354 Thread 0x0000000008e8b800 nmethod 1134 0x00000000026b9bd0 code [0x00000000026b9d20, 0x00000000026b9e58]
Event: 21.354 Thread 0x0000000008e8b800 1135             com.android.dx.io.instructions.InstructionCodec$6::encode (26 bytes)
Event: 21.358 Thread 0x0000000008e8b800 nmethod 1135 0x0000000002715550 code [0x00000000027156a0, 0x00000000027157d8]
Event: 21.358 Thread 0x0000000008e8b800 1136             com.android.dx.io.instructions.DecodedInstruction::getTargetByte (48 bytes)
Event: 21.359 Thread 0x0000000008e8b800 nmethod 1136 0x00000000027c11d0 code [0x00000000027c1300, 0x00000000027c1378]
Event: 21.359 Thread 0x0000000008e8b800 1137             com.android.dex.Dex::readClassData (28 bytes)
Event: 21.374 Thread 0x0000000008e90800 nmethod 1132 0x00000000027f5150 code [0x00000000027f5620, 0x00000000027f86f8]

GC Heap History (10 events):
Event: 4.872 GC heap before
{Heap before GC invocations=1 (full 0):
 PSYoungGen      total 38144K, used 32704K [0x00000000eaab0000, 0x00000000ed540000, 0x0000000100000000)
  eden space 32704K, 100% used [0x00000000eaab0000,0x00000000ecaa0000,0x00000000ecaa0000)
  from space 5440K, 0% used [0x00000000ecff0000,0x00000000ecff0000,0x00000000ed540000)
  to   space 5440K, 0% used [0x00000000ecaa0000,0x00000000ecaa0000,0x00000000ecff0000)
 ParOldGen       total 87232K, used 0K [0x00000000c0000000, 0x00000000c5530000, 0x00000000eaab0000)
  object space 87232K, 0% used [0x00000000c0000000,0x00000000c0000000,0x00000000c5530000)
 PSPermGen       total 21248K, used 5133K [0x00000000bae00000, 0x00000000bc2c0000, 0x00000000c0000000)
  object space 21248K, 24% used [0x00000000bae00000,0x00000000bb3037e8,0x00000000bc2c0000)
Event: 5.084 GC heap after
Heap after GC invocations=1 (full 0):
 PSYoungGen      total 38144K, used 5424K [0x00000000eaab0000, 0x00000000ef530000, 0x0000000100000000)
  eden space 32704K, 0% used [0x00000000eaab0000,0x00000000eaab0000,0x00000000ecaa0000)
  from space 5440K, 99% used [0x00000000ecaa0000,0x00000000ecfec038,0x00000000ecff0000)
  to   space 5440K, 0% used [0x00000000eefe0000,0x00000000eefe0000,0x00000000ef530000)
 ParOldGen       total 87232K, used 2872K [0x00000000c0000000, 0x00000000c5530000, 0x00000000eaab0000)
  object space 87232K, 3% used [0x00000000c0000000,0x00000000c02ce0b8,0x00000000c5530000)
 PSPermGen       total 21248K, used 5133K [0x00000000bae00000, 0x00000000bc2c0000, 0x00000000c0000000)
  object space 21248K, 24% used [0x00000000bae00000,0x00000000bb3037e8,0x00000000bc2c0000)
}
Event: 7.250 GC heap before
{Heap before GC invocations=2 (full 0):
 PSYoungGen      total 38144K, used 38128K [0x00000000eaab0000, 0x00000000ef530000, 0x0000000100000000)
  eden space 32704K, 100% used [0x00000000eaab0000,0x00000000ecaa0000,0x00000000ecaa0000)
  from space 5440K, 99% used [0x00000000ecaa0000,0x00000000ecfec038,0x00000000ecff0000)
  to   space 5440K, 0% used [0x00000000eefe0000,0x00000000eefe0000,0x00000000ef530000)
 ParOldGen       total 87232K, used 2872K [0x00000000c0000000, 0x00000000c5530000, 0x00000000eaab0000)
  object space 87232K, 3% used [0x00000000c0000000,0x00000000c02ce0b8,0x00000000c5530000)
 PSPermGen       total 21248K, used 5247K [0x00000000bae00000, 0x00000000bc2c0000, 0x00000000c0000000)
  object space 21248K, 24% used [0x00000000bae00000,0x00000000bb31fe58,0x00000000bc2c0000)
Event: 7.342 GC heap after
Heap after GC invocations=2 (full 0):
 PSYoungGen      total 70848K, used 5408K [0x00000000eaab0000, 0x00000000ef530000, 0x0000000100000000)
  eden space 65408K, 0% used [0x00000000eaab0000,0x00000000eaab0000,0x00000000eea90000)
  from space 5440K, 99% used [0x00000000eefe0000,0x00000000ef528028,0x00000000ef530000)
  to   space 5440K, 0% used [0x00000000eea90000,0x00000000eea90000,0x00000000eefe0000)
 ParOldGen       total 87232K, used 7739K [0x00000000c0000000, 0x00000000c5530000, 0x00000000eaab0000)
  object space 87232K, 8% used [0x00000000c0000000,0x00000000c078ec20,0x00000000c5530000)
 PSPermGen       total 21248K, used 5247K [0x00000000bae00000, 0x00000000bc2c0000, 0x00000000c0000000)
  object space 21248K, 24% used [0x00000000bae00000,0x00000000bb31fe58,0x00000000bc2c0000)
}
Event: 10.374 GC heap before
{Heap before GC invocations=3 (full 0):
 PSYoungGen      total 70848K, used 70816K [0x00000000eaab0000, 0x00000000ef530000, 0x0000000100000000)
  eden space 65408K, 100% used [0x00000000eaab0000,0x00000000eea90000,0x00000000eea90000)
  from space 5440K, 99% used [0x00000000eefe0000,0x00000000ef528028,0x00000000ef530000)
  to   space 5440K, 0% used [0x00000000eea90000,0x00000000eea90000,0x00000000eefe0000)
 ParOldGen       total 87232K, used 7739K [0x00000000c0000000, 0x00000000c5530000, 0x00000000eaab0000)
  object space 87232K, 8% used [0x00000000c0000000,0x00000000c078ec20,0x00000000c5530000)
 PSPermGen       total 21248K, used 5313K [0x00000000bae00000, 0x00000000bc2c0000, 0x00000000c0000000)
  object space 21248K, 25% used [0x00000000bae00000,0x00000000bb3305c8,0x00000000bc2c0000)
Event: 10.476 GC heap after
Heap after GC invocations=3 (full 0):
 PSYoungGen      total 70848K, used 5426K [0x00000000eaab0000, 0x00000000f3510000, 0x0000000100000000)
  eden space 65408K, 0% used [0x00000000eaab0000,0x00000000eaab0000,0x00000000eea90000)
  from space 5440K, 99% used [0x00000000eea90000,0x00000000eefdc968,0x00000000eefe0000)
  to   space 5440K, 0% used [0x00000000f2fc0000,0x00000000f2fc0000,0x00000000f3510000)
 ParOldGen       total 87232K, used 17949K [0x00000000c0000000, 0x00000000c5530000, 0x00000000eaab0000)
  object space 87232K, 20% used [0x00000000c0000000,0x00000000c11877b8,0x00000000c5530000)
 PSPermGen       total 21248K, used 5313K [0x00000000bae00000, 0x00000000bc2c0000, 0x00000000c0000000)
  object space 21248K, 25% used [0x00000000bae00000,0x00000000bb3305c8,0x00000000bc2c0000)
}
Event: 12.459 GC heap before
{Heap before GC invocations=4 (full 0):
 PSYoungGen      total 70848K, used 70834K [0x00000000eaab0000, 0x00000000f3510000, 0x0000000100000000)
  eden space 65408K, 100% used [0x00000000eaab0000,0x00000000eea90000,0x00000000eea90000)
  from space 5440K, 99% used [0x00000000eea90000,0x00000000eefdc968,0x00000000eefe0000)
  to   space 5440K, 0% used [0x00000000f2fc0000,0x00000000f2fc0000,0x00000000f3510000)
 ParOldGen       total 87232K, used 17949K [0x00000000c0000000, 0x00000000c5530000, 0x00000000eaab0000)
  object space 87232K, 20% used [0x00000000c0000000,0x00000000c11877b8,0x00000000c5530000)
 PSPermGen       total 21248K, used 5348K [0x00000000bae00000, 0x00000000bc2c0000, 0x00000000c0000000)
  object space 21248K, 25% used [0x00000000bae00000,0x00000000bb3391b8,0x00000000bc2c0000)
Event: 13.014 GC heap after
Heap after GC invocations=4 (full 0):
 PSYoungGen      total 136256K, used 5410K [0x00000000eaab0000, 0x00000000f3510000, 0x0000000100000000)
  eden space 130816K, 0% used [0x00000000eaab0000,0x00000000eaab0000,0x00000000f2a70000)
  from space 5440K, 99% used [0x00000000f2fc0000,0x00000000f3508978,0x00000000f3510000)
  to   space 5440K, 0% used [0x00000000f2a70000,0x00000000f2a70000,0x00000000f2fc0000)
 ParOldGen       total 87232K, used 27864K [0x00000000c0000000, 0x00000000c5530000, 0x00000000eaab0000)
  object space 87232K, 31% used [0x00000000c0000000,0x00000000c1b36138,0x00000000c5530000)
 PSPermGen       total 21248K, used 5348K [0x00000000bae00000, 0x00000000bc2c0000, 0x00000000c0000000)
  object space 21248K, 25% used [0x00000000bae00000,0x00000000bb3391b8,0x00000000bc2c0000)
}
Event: 19.605 GC heap before
{Heap before GC invocations=5 (full 0):
 PSYoungGen      total 136256K, used 135628K [0x00000000eaab0000, 0x00000000f3510000, 0x0000000100000000)
  eden space 130816K, 99% used [0x00000000eaab0000,0x00000000f29da690,0x00000000f2a70000)
  from space 5440K, 99% used [0x00000000f2fc0000,0x00000000f3508978,0x00000000f3510000)
  to   space 5440K, 0% used [0x00000000f2a70000,0x00000000f2a70000,0x00000000f2fc0000)
 ParOldGen       total 87232K, used 27864K [0x00000000c0000000, 0x00000000c5530000, 0x00000000eaab0000)
  object space 87232K, 31% used [0x00000000c0000000,0x00000000c1b36138,0x00000000c5530000)
 PSPermGen       total 21248K, used 7485K [0x00000000bae00000, 0x00000000bc2c0000, 0x00000000c0000000)
  object space 21248K, 35% used [0x00000000bae00000,0x00000000bb54f6e0,0x00000000bc2c0000)
Event: 19.754 GC heap after
Heap after GC invocations=5 (full 0):
 PSYoungGen      total 136256K, used 5410K [0x00000000eaab0000, 0x00000000fd4d0000, 0x0000000100000000)
  eden space 130816K, 0% used [0x00000000eaab0000,0x00000000eaab0000,0x00000000f2a70000)
  from space 5440K, 99% used [0x00000000f2a70000,0x00000000f2fb8980,0x00000000f2fc0000)
  to   space 21824K, 0% used [0x00000000fbf80000,0x00000000fbf80000,0x00000000fd4d0000)
 ParOldGen       total 87232K, used 41508K [0x00000000c0000000, 0x00000000c5530000, 0x00000000eaab0000)
  object space 87232K, 47% used [0x00000000c0000000,0x00000000c2889350,0x00000000c5530000)
 PSPermGen       total 21248K, used 7485K [0x00000000bae00000, 0x00000000bc2c0000, 0x00000000c0000000)
  object space 21248K, 35% used [0x00000000bae00000,0x00000000bb54f6e0,0x00000000bc2c0000)
}

Deoptimization events (10 events):
Event: 19.304 Thread 0x00000000003cf000 Uncommon trap -42 fr.pc 0x00000000027a5218
Event: 19.305 Thread 0x00000000003cf000 Uncommon trap -42 fr.pc 0x00000000027a500c
Event: 19.305 Thread 0x00000000003cf000 Uncommon trap -42 fr.pc 0x00000000027a5134
Event: 19.305 Thread 0x00000000003cf000 Uncommon trap -42 fr.pc 0x00000000027a5218
Event: 19.411 Thread 0x00000000003cf000 Uncommon trap -42 fr.pc 0x00000000027a42ec
Event: 19.411 Thread 0x00000000003cf000 Uncommon trap -42 fr.pc 0x00000000027a4398
Event: 19.604 Thread 0x00000000003cf000 Uncommon trap -42 fr.pc 0x00000000027a42ec
Event: 19.605 Thread 0x00000000003cf000 Uncommon trap -42 fr.pc 0x00000000027a4398
Event: 20.400 Thread 0x00000000003cf000 Uncommon trap -42 fr.pc 0x00000000027552a4
Event: 20.589 Thread 0x00000000003cf000 Uncommon trap -42 fr.pc 0x00000000027552a4

Internal exceptions (10 events):
Event: 17.327 Thread 0x00000000003cf000 Threw 0x00000000ee7207c8 at C:\jdk7u1_64p\jdk7u9\hotspot\src\share\vm\prims\jvm.cpp:1166
Event: 17.329 Thread 0x00000000003cf000 Threw 0x00000000ee723c68 at C:\jdk7u1_64p\jdk7u9\hotspot\src\share\vm\prims\jvm.cpp:1166
Event: 17.334 Thread 0x00000000003cf000 Threw 0x00000000ee76b1a8 at C:\jdk7u1_64p\jdk7u9\hotspot\src\share\vm\prims\jvm.cpp:1166
Event: 17.335 Thread 0x00000000003cf000 Threw 0x00000000ee76d3b8 at C:\jdk7u1_64p\jdk7u9\hotspot\src\share\vm\prims\jvm.cpp:1166
Event: 17.845 Thread 0x00000000003cf000 Threw 0x00000000eebf37c0 at C:\jdk7u1_64p\jdk7u9\hotspot\src\share\vm\prims\jvm.cpp:1166
Event: 17.845 Thread 0x00000000003cf000 Threw 0x00000000eebf38e8 at C:\jdk7u1_64p\jdk7u9\hotspot\src\share\vm\prims\jvm.cpp:1166
Event: 17.848 Thread 0x00000000003cf000 Threw 0x00000000eebf7630 at C:\jdk7u1_64p\jdk7u9\hotspot\src\share\vm\prims\jvm.cpp:1166
Event: 17.848 Thread 0x00000000003cf000 Threw 0x00000000eebf7758 at C:\jdk7u1_64p\jdk7u9\hotspot\src\share\vm\prims\jvm.cpp:1166
Event: 18.422 Thread 0x00000000003cf000 Threw 0x00000000ef87fb00 at C:\jdk7u1_64p\jdk7u9\hotspot\src\share\vm\prims\jvm.cpp:1166
Event: 21.375 Thread 0x00000000003cf000 Implicit null exception at 0x00000000026b9db3 to 0x0000000000000000

Events (10 events):
Event: 21.195 loading class 0x000000000aeee360
Event: 21.195 loading class 0x000000000aeee360 done
Event: 21.195 loading class 0x000000000bcfde70
Event: 21.195 loading class 0x000000000bcfde70 done
Event: 21.196 loading class 0x000000000bcfdf30
Event: 21.196 loading class 0x000000000bcfdf30 done
Event: 21.196 loading class 0x000000000213fdb0
Event: 21.196 loading class 0x000000000213fdb0 done
Event: 21.319 Thread 0x0000000008e8b800 flushing nmethod 0x0000000002715110
Event: 21.354 Thread 0x0000000008e8b800 flushing nmethod 0x0000000002773610


Dynamic libraries:
0x000000013f900000 - 0x000000013f933000 	C:\Program Files\Java\jdk1.7.0_09\bin\java.exe
0x00000000773f0000 - 0x0000000077599000 	C:\Windows\SYSTEM32\ntdll.dll
0x00000000772d0000 - 0x00000000773ef000 	C:\Windows\system32\kernel32.dll
0x000007fefd3c0000 - 0x000007fefd42c000 	C:\Windows\system32\KERNELBASE.dll
0x000007fefd560000 - 0x000007fefd63b000 	C:\Windows\system32\ADVAPI32.dll
0x000007fefe190000 - 0x000007fefe22f000 	C:\Windows\system32\msvcrt.dll
0x000007fefe2a0000 - 0x000007fefe2bf000 	C:\Windows\SYSTEM32\sechost.dll
0x000007fefe710000 - 0x000007fefe83d000 	C:\Windows\system32\RPCRT4.dll
0x00000000771d0000 - 0x00000000772ca000 	C:\Windows\system32\USER32.dll
0x000007fefe230000 - 0x000007fefe297000 	C:\Windows\system32\GDI32.dll
0x000007fefd790000 - 0x000007fefd79e000 	C:\Windows\system32\LPK.dll
0x000007fefd6c0000 - 0x000007fefd789000 	C:\Windows\system32\USP10.dll
0x000007fefbb60000 - 0x000007fefbd54000 	C:\Windows\WinSxS\amd64_microsoft.windows.common-controls_6595b64144ccf1df_6.0.7601.18837_none_fa3b1e3d17594757\COMCTL32.dll
0x000007fefd640000 - 0x000007fefd6b1000 	C:\Windows\system32\SHLWAPI.dll
0x000007fefdd80000 - 0x000007fefddae000 	C:\Windows\system32\IMM32.DLL
0x000007feff5f0000 - 0x000007feff6f9000 	C:\Windows\system32\MSCTF.dll
0x00000000596d0000 - 0x00000000597a1000 	C:\Program Files\Java\jdk1.7.0_09\jre\bin\msvcr100.dll
0x0000000064990000 - 0x00000000650af000 	C:\Program Files\Java\jdk1.7.0_09\jre\bin\server\jvm.dll
0x000007fef0630000 - 0x000007fef0639000 	C:\Windows\system32\WSOCK32.dll
0x000007fefdfb0000 - 0x000007fefdffd000 	C:\Windows\system32\WS2_32.dll
0x000007fefe700000 - 0x000007fefe708000 	C:\Windows\system32\NSI.dll
0x000007fef9a50000 - 0x000007fef9a8b000 	C:\Windows\system32\WINMM.dll
0x00000000775c0000 - 0x00000000775c7000 	C:\Windows\system32\PSAPI.DLL
0x0000000074c90000 - 0x0000000074c9f000 	C:\Program Files\Java\jdk1.7.0_09\jre\bin\verify.dll
0x0000000074850000 - 0x0000000074878000 	C:\Program Files\Java\jdk1.7.0_09\jre\bin\java.dll
0x0000000074340000 - 0x0000000074355000 	C:\Program Files\Java\jdk1.7.0_09\jre\bin\zip.dll
0x0000000074320000 - 0x0000000074339000 	C:\Program Files\Java\jdk1.7.0_09\jre\bin\net.dll
0x000007fefc980000 - 0x000007fefc9d5000 	C:\Windows\system32\mswsock.dll
0x000007fefc970000 - 0x000007fefc977000 	C:\Windows\System32\wship6.dll
0x0000000074300000 - 0x0000000074311000 	C:\Program Files\Java\jdk1.7.0_09\jre\bin\nio.dll

VM Arguments:
jvm_args: -Xmx1024M -Dfile.encoding=windows-1252 -Duser.country=GB -Duser.language=en -Duser.variant 
java_command: com.android.dx.command.Main --dex --output C:\Users\Sinky\StudioProjects\ProtoRunnerV2\ProtoRunnerV2\build\intermediates\dex\debug C:\Users\Sinky\StudioProjects\ProtoRunnerV2\ProtoRunnerV2\build\intermediates\classes\debug C:\Users\Sinky\StudioProjects\ProtoRunnerV2\ProtoRunnerV2\build\intermediates\pre-dexed\debug\support-annotations-22.2.0-ce405e005671120865286fbb1a2542953cb92ee2.jar C:\Users\Sinky\StudioProjects\ProtoRunnerV2\ProtoRunnerV2\build\intermediates\pre-dexed\debug\classes-66fdcfc2144d757ac8530a052d47265e07773092.jar C:\Users\Sinky\StudioProjects\ProtoRunnerV2\ProtoRunnerV2\build\intermediates\pre-dexed\debug\classes-06ab37edf61694c22c293dc9ab41bab488406bc9.jar C:\Users\Sinky\StudioProjects\ProtoRunnerV2\ProtoRunnerV2\build\intermediates\pre-dexed\debug\classes-93f5a97fc040ab1733116df9f83fe928f712b237.jar C:\Users\Sinky\StudioProjects\ProtoRunnerV2\ProtoRunnerV2\build\intermediates\pre-dexed\debug\internal_impl-22.0.0-89a57e48793771ae5d65787933a30f0a9fffdc28.jar C:\Users\Sinky\StudioProjects\ProtoRunnerV2\ProtoRunnerV2\build\intermediates\pre-dexed\debug\classes-8e388dcd8b97a09304cc972cb61d3ffff3cfa55d.jar C:\Users\Sinky\StudioProjects\ProtoRunnerV2\ProtoRunnerV2\build\intermediates\pre-dexed\debug\classes-475e55994f5440e819b7988ff0065d4158443666.jar C:\Users\Sinky\StudioProjects\ProtoRunnerV2\ProtoRunnerV2\build\intermediates\pre-dexed\debug\classes-b7a255c659b855a7d768177e722332e1ea9e71a8.jar C:\Users\Sinky\StudioProjects\ProtoRunnerV2\ProtoRunnerV2\build\intermediates\pre-dexed\debug\classes-73d15a7b00f0331346d474c1114b3cc0a1b38ce2.jar C:\Users\Sinky\StudioProjects\ProtoRunnerV2\ProtoRunnerV2\build\intermediates\pre-dexed\debug\classes-b53993833ab07fbfd7d3b51de23eeeca6c4ddeb4.jar C:\Users\Sinky\StudioProjects\ProtoRunnerV2\ProtoRunnerV2\build\intermediates\pre-dexed\debug\classes-b732c20c9a93d8f61a730de1c28f5cdc6066418b.jar C:\Users\Sinky\StudioProjects\ProtoRunnerV2\ProtoRunnerV2\build\intermediates\pre-dexed\debug\classes-45b19e3021
Launcher Type: SUN_STANDARD

Environment Variables:
PATH=C:\Program Files\Common Files\Microsoft Shared\Windows Live;C:\Program Files (x86)\Common Files\Microsoft Shared\Windows Live;C:\Program Files (x86)\AMD APP\bin\x86_64;C:\Program Files (x86)\AMD APP\bin\x86;C:\Program Files (x86)\NVIDIA Corporation\PhysX\Common;C:\Windows\system32;C:\Windows;C:\Windows\System32\Wbem;C:\Windows\System32\WindowsPowerShell\v1.0\;C:\Program Files (x86)\ATI Technologies\ATI.ACE\Core-Static;C:\Program Files (x86)\Windows Live\Shared;C:\Program Files\Common Files\Autodesk Shared\;c:\Program Files (x86)\Microsoft SQL Server\100\Tools\Binn\;c:\Program Files (x86)\Microsoft SQL Server\100\DTS\Binn\;C:\Program Files\Microsoft SQL Server\110\Tools\Binn\;C:\Program Files\TortoiseGit\bin;C:\Program Files\Microsoft\Web Platform Installer\;C:\Program Files (x86)\Microsoft SDKs\TypeScript\1.0\;C:\Program Files (x86)\Skype\Phone\
USERNAME=Sinky
OS=Windows_NT
PROCESSOR_IDENTIFIER=AMD64 Family 21 Model 1 Stepping 2, AuthenticAMD



---------------  S Y S T E M  ---------------

OS: Windows 7 , 64 bit Build 7601 Service Pack 1

CPU:total 4 (4 cores per cpu, 1 threads per core) family 21 model 1 stepping 2, cmov, cx8, fxsr, mmx, sse, sse2, sse3, ssse3, sse4.1, sse4.2, popcnt, avx, mmxext, 3dnowpref, lzcnt, sse4a, tsc, tscinvbit, tscinv

Memory: 4k page, physical 8370296k(2883920k free), swap 16738752k(10155296k free)

vm_info: Java HotSpot(TM) 64-Bit Server VM (23.5-b02) for windows-amd64 JRE (1.7.0_09-b05), built on Sep 24 2012 21:45:04 by "java_re" with unknown MS VC++:1600

time: Sun Aug 23 18:24:57 2015
elapsed time: 21 seconds

