#
# A fatal error has been detected by the Java Runtime Environment:
#
#  EXCEPTION_ACCESS_VIOLATION (0xc0000005) at pc=0x000000006befecc9, pid=7716, tid=8148
#
# JRE version: 7.0_09-b05
# Java VM: Java HotSpot(TM) 64-Bit Server VM (23.5-b02 mixed mode windows-amd64 compressed oops)
# Problematic frame:
# V  [jvm.dll+0x5ecc9]
#
# Failed to write core dump. Minidumps are not enabled by default on client versions of Windows
#
# If you would like to submit a bug report, please visit:
#   http://bugreport.sun.com/bugreport/crash.jsp
#

---------------  T H R E A D  ---------------

Current thread (0x0000000001f7d000):  JavaThread "main" [_thread_in_vm, id=8148, stack(0x00000000024a0000,0x00000000025a0000)]

siginfo: ExceptionCode=0xc0000005, reading address 0x00000080bb1195b0

Registers:
RAX=0x00000080bb1195a8, RBX=0x0000000001f7dbe8, RCX=0x00000080bb1195a8, RDX=0x0000000002063390
RSP=0x000000000259db88, RBP=0x000000000259dc90, RSI=0x0000000001f7dc20, RDI=0x0000000001f7b9e0
R8 =0x0000000000000000, R9 =0x0000000000000000, R10=0x0000000000000000, R11=0x0000000001f7d7d0
R12=0x0000000001fb7850, R13=0x0000000001f7d7b0, R14=0x000000000259e2f8, R15=0x0000000001f7d7c0
RIP=0x000000006befecc9, EFLAGS=0x0000000000010202

Top of Stack: (sp=0x000000000259db88)
0x000000000259db88:   000000006c06681a 00000000026ffdad
0x000000000259db98:   00000000026ffdb7 00000000026ffb90
0x000000000259dba8:   00000000bb30ea98 000000000259dc30
0x000000000259dbb8:   0000000001f7d000 0000000001f7d7c0
0x000000000259dbc8:   0000000001f7d7c0 0000000001f7d000
0x000000000259dbd8:   00000080bb1195a8 00000000000000b9
0x000000000259dbe8:   0000000001f7db98 000000000259e2f0
0x000000000259dbf8:   00000000025d7bde 00000000025d7b10
0x000000000259dc08:   0000000000000000 0000000000000000
0x000000000259dc18:   000000000259e2f0 0000000001f7d7b0
0x000000000259dc28:   0000000001f7d7c0 0000000001f7dc00
0x000000000259dc38:   0000000001f7dc10 0000000001f7dc18
0x000000000259dc48:   0000000001f7dc20 00000000fffffffc
0x000000000259dc58:   000000006c3b9e88 00000000bb3162f8
0x000000000259dc68:   0000000000000000 000000000259dc20
0x000000000259dc78:   0000000000000000 0000000000000000 

Instructions: (pc=0x000000006befecc9)
0x000000006befeca9:   4c 8d 4c 24 40 e8 cd fe ff ff 48 83 c4 28 c3 cc
0x000000006befecb9:   cc cc cc cc cc cc cc 80 3d 21 d0 64 00 00 74 22
0x000000006befecc9:   8b 41 08 8b 0d 46 b8 5f 00 48 d3 e0 48 03 05 34
0x000000006befecd9:   b8 5f 00 48 8d 48 10 48 8b 40 10 48 ff a0 68 01 


Register to memory mapping:

RAX=0x00000080bb1195a8 is an unknown value
RBX=0x0000000001f7dbe8 is an unknown value
RCX=0x00000080bb1195a8 is an unknown value
RDX=0x0000000002063390 is an unknown value
RSP=0x000000000259db88 is pointing into the stack for thread: 0x0000000001f7d000
RBP=0x000000000259dc90 is pointing into the stack for thread: 0x0000000001f7d000
RSI=0x0000000001f7dc20 is an unknown value
RDI=0x0000000001f7b9e0 is an unknown value
R8 =0x0000000000000000 is an unknown value
R9 =0x0000000000000000 is an unknown value
R10=0x0000000000000000 is an unknown value
R11=0x0000000001f7d7d0 is an unknown value
R12=0x0000000001fb7850 is an unknown value
R13=0x0000000001f7d7b0 is an unknown value
R14=0x000000000259e2f8 is pointing into the stack for thread: 0x0000000001f7d000
R15=0x0000000001f7d7c0 is an unknown value


Stack: [0x00000000024a0000,0x00000000025a0000],  sp=0x000000000259db88,  free space=1014k
Native frames: (J=compiled Java code, j=interpreted, Vv=VM code, C=native code)
V  [jvm.dll+0x5ecc9]

Java frames: (J=compiled Java code, j=interpreted, Vv=VM code)
v  ~RuntimeStub::ic_miss_stub
J  com.android.dx.cf.code.BaseMachine.getLocalTarget(Z)Lcom/android/dx/rop/code/RegisterSpec;
J  com.android.dx.cf.code.BaseMachine.storeResults(Lcom/android/dx/cf/code/Frame;)V
J  com.android.dx.cf.code.ValueAwareMachine.run(Lcom/android/dx/cf/code/Frame;II)V
J  com.android.dx.cf.code.RopperMachine.run(Lcom/android/dx/cf/code/Frame;II)V
j  com.android.dx.cf.code.Simulator$SimVisitor.visitLocal(IIIILcom/android/dx/rop/type/Type;I)V+323
j  com.android.dx.cf.code.BytecodeArray.parseInstruction(ILcom/android/dx/cf/code/BytecodeArray$Visitor;)I+1891
j  com.android.dx.cf.code.Simulator.simulate(Lcom/android/dx/cf/code/ByteBlock;Lcom/android/dx/cf/code/Frame;)V+35
j  com.android.dx.cf.code.Ropper.processBlock(Lcom/android/dx/cf/code/ByteBlock;Lcom/android/dx/cf/code/Frame;[I)V+29
j  com.android.dx.cf.code.Ropper.doit()V+61
j  com.android.dx.cf.code.Ropper.convert(Lcom/android/dx/cf/code/ConcreteMethod;Lcom/android/dx/rop/code/TranslationAdvice;Lcom/android/dx/cf/iface/MethodList;)Lcom/android/dx/rop/code/RopMethod;+12
j  com.android.dx.dex.cf.CfTranslator.processMethods(Lcom/android/dx/cf/direct/DirectClassFile;Lcom/android/dx/dex/cf/CfOptions;Lcom/android/dx/dex/DexOptions;Lcom/android/dx/dex/file/ClassDefItem;Lcom/android/dx/dex/file/DexFile;)V+176
j  com.android.dx.dex.cf.CfTranslator.translate0(Lcom/android/dx/cf/direct/DirectClassFile;[BLcom/android/dx/dex/cf/CfOptions;Lcom/android/dx/dex/DexOptions;Lcom/android/dx/dex/file/DexFile;)Lcom/android/dx/dex/file/ClassDefItem;+120
j  com.android.dx.dex.cf.CfTranslator.translate(Lcom/android/dx/cf/direct/DirectClassFile;[BLcom/android/dx/dex/cf/CfOptions;Lcom/android/dx/dex/DexOptions;Lcom/android/dx/dex/file/DexFile;)Lcom/android/dx/dex/file/ClassDefItem;+6
j  com.android.dx.command.dexer.Main.processClass(Ljava/lang/String;[B)Z+251
j  com.android.dx.command.dexer.Main.processFileBytes(Ljava/lang/String;J[B)Z+188
j  com.android.dx.command.dexer.Main.access$300(Ljava/lang/String;J[B)Z+3
j  com.android.dx.command.dexer.Main$1.processFileBytes(Ljava/lang/String;J[B)Z+4
j  com.android.dx.cf.direct.ClassPathOpener.processOne(Ljava/io/File;Z)Z+82
j  com.android.dx.cf.direct.ClassPathOpener.processDirectory(Ljava/io/File;Z)Z+64
j  com.android.dx.cf.direct.ClassPathOpener.processOne(Ljava/io/File;Z)Z+10
j  com.android.dx.cf.direct.ClassPathOpener.processDirectory(Ljava/io/File;Z)Z+64
j  com.android.dx.cf.direct.ClassPathOpener.processOne(Ljava/io/File;Z)Z+10
j  com.android.dx.cf.direct.ClassPathOpener.processDirectory(Ljava/io/File;Z)Z+64
j  com.android.dx.cf.direct.ClassPathOpener.processOne(Ljava/io/File;Z)Z+10
j  com.android.dx.cf.direct.ClassPathOpener.processDirectory(Ljava/io/File;Z)Z+64
j  com.android.dx.cf.direct.ClassPathOpener.processOne(Ljava/io/File;Z)Z+10
j  com.android.dx.cf.direct.ClassPathOpener.processDirectory(Ljava/io/File;Z)Z+64
j  com.android.dx.cf.direct.ClassPathOpener.processOne(Ljava/io/File;Z)Z+10
j  com.android.dx.cf.direct.ClassPathOpener.process()Z+15
j  com.android.dx.command.dexer.Main.processOne(Ljava/lang/String;Lcom/android/dx/cf/direct/ClassPathOpener$FileNameFilter;)V+58
j  com.android.dx.command.dexer.Main.processAllFiles()Z+202
j  com.android.dx.command.dexer.Main.runMonoDex()I+58
j  com.android.dx.command.dexer.Main.run(Lcom/android/dx/command/dexer/Main$Arguments;)I+76
j  com.android.dx.command.dexer.Main.main([Ljava/lang/String;)V+14
j  com.android.dx.command.Main.main([Ljava/lang/String;)V+61
v  ~StubRoutines::call_stub

---------------  P R O C E S S  ---------------

Java Threads: ( => current thread )
  0x0000000008b41800 JavaThread "Service Thread" daemon [_thread_blocked, id=6404, stack(0x000000000a5d0000,0x000000000a6d0000)]
  0x0000000008b3e800 JavaThread "C2 CompilerThread1" daemon [_thread_in_native, id=7964, stack(0x000000000a480000,0x000000000a580000)]
  0x0000000008b39800 JavaThread "C2 CompilerThread0" daemon [_thread_in_native, id=6564, stack(0x000000000a2c0000,0x000000000a3c0000)]
  0x0000000008b37000 JavaThread "Attach Listener" daemon [_thread_blocked, id=5496, stack(0x000000000a190000,0x000000000a290000)]
  0x0000000008b30000 JavaThread "Signal Dispatcher" daemon [_thread_blocked, id=4132, stack(0x0000000009d90000,0x0000000009e90000)]
  0x0000000002077000 JavaThread "Finalizer" daemon [_thread_blocked, id=7588, stack(0x0000000009ef0000,0x0000000009ff0000)]
  0x000000000206f000 JavaThread "Reference Handler" daemon [_thread_blocked, id=6264, stack(0x0000000009c90000,0x0000000009d90000)]
=>0x0000000001f7d000 JavaThread "main" [_thread_in_vm, id=8148, stack(0x00000000024a0000,0x00000000025a0000)]

Other Threads:
  0x0000000008ab2800 VMThread [stack: 0x0000000009aa0000,0x0000000009ba0000] [id=7780]
  0x0000000008b52000 WatcherThread [stack: 0x000000000a7c0000,0x000000000a8c0000] [id=7344]

VM state:not at safepoint (normal execution)

VM Mutex/Monitor currently owned by a thread:  ([mutex/lock_event])
[0x0000000001f7b9e0] CompiledIC_lock - owner thread: 0x0000000001f7d000

Heap
 PSYoungGen      total 38144K, used 23342K [0x00000000eaab0000, 0x00000000ef530000, 0x0000000100000000)
  eden space 32704K, 54% used [0x00000000eaab0000,0x00000000ebc33b58,0x00000000ecaa0000)
  from space 5440K, 99% used [0x00000000ecff0000,0x00000000ed538048,0x00000000ed540000)
  to   space 5440K, 0% used [0x00000000ecaa0000,0x00000000ecaa0000,0x00000000ecff0000)
 ParOldGen       total 87232K, used 5497K [0x00000000c0000000, 0x00000000c5530000, 0x00000000eaab0000)
  object space 87232K, 6% used [0x00000000c0000000,0x00000000c055e740,0x00000000c5530000)
 PSPermGen       total 21248K, used 5266K [0x00000000bae00000, 0x00000000bc2c0000, 0x00000000c0000000)
  object space 21248K, 24% used [0x00000000bae00000,0x00000000bb3248a0,0x00000000bc2c0000)

Card table byte_map: [0x00000000055a0000,0x00000000057d0000] byte_map_base: 0x0000000004fc9000

Polling page: 0x0000000000330000

Code Cache  [0x00000000025a0000, 0x0000000002810000, 0x00000000055a0000)
 total_blobs=606 nmethods=397 adapters=160 free_code_cache=47588Kb largest_free_block=48691328

Compilation events (10 events):
Event: 5.404 Thread 0x0000000008b3e800 nmethod 397 0x0000000002724e90 code [0x0000000002725040, 0x00000000027256e8]
Event: 5.404 Thread 0x0000000008b3e800  399             com.android.dx.cf.code.BasicBlocker::setPreviousOffset (6 bytes)
Event: 5.405 Thread 0x0000000008b3e800 nmethod 399 0x0000000002717710 code [0x0000000002717840, 0x0000000002717898]
Event: 5.405 Thread 0x0000000008b3e800  400             com.android.dx.cf.code.BaseMachine::resultCount (22 bytes)
Event: 5.405 Thread 0x0000000008b3e800 nmethod 400 0x0000000002718c10 code [0x0000000002718d40, 0x0000000002718d98]
Event: 5.405 Thread 0x0000000008b3e800  401             com.android.dx.ssa.SCCP::<init> (142 bytes)
Event: 5.433 Thread 0x0000000008b39800 nmethod 398 0x0000000002723110 code [0x0000000002723360, 0x0000000002723d60]
Event: 5.433 Thread 0x0000000008b39800  402             com.android.dx.ssa.DeadCodeRemover::isCircularNoSideEffect (140 bytes)
Event: 5.437 Thread 0x0000000008b3e800 nmethod 401 0x00000000027280d0 code [0x00000000027282a0, 0x0000000002728cf8]
Event: 5.437 Thread 0x0000000008b3e800  403             com.android.dx.ssa.ConstCollector::getConstsSortedByCountUse (386 bytes)

GC Heap History (4 events):
Event: 3.300 GC heap before
{Heap before GC invocations=1 (full 0):
 PSYoungGen      total 38144K, used 32704K [0x00000000eaab0000, 0x00000000ed540000, 0x0000000100000000)
  eden space 32704K, 100% used [0x00000000eaab0000,0x00000000ecaa0000,0x00000000ecaa0000)
  from space 5440K, 0% used [0x00000000ecff0000,0x00000000ecff0000,0x00000000ed540000)
  to   space 5440K, 0% used [0x00000000ecaa0000,0x00000000ecaa0000,0x00000000ecff0000)
 ParOldGen       total 87232K, used 0K [0x00000000c0000000, 0x00000000c5530000, 0x00000000eaab0000)
  object space 87232K, 0% used [0x00000000c0000000,0x00000000c0000000,0x00000000c5530000)
 PSPermGen       total 21248K, used 5173K [0x00000000bae00000, 0x00000000bc2c0000, 0x00000000c0000000)
  object space 21248K, 24% used [0x00000000bae00000,0x00000000bb30d428,0x00000000bc2c0000)
Event: 3.323 GC heap after
Heap after GC invocations=1 (full 0):
 PSYoungGen      total 38144K, used 5434K [0x00000000eaab0000, 0x00000000ed540000, 0x0000000100000000)
  eden space 32704K, 0% used [0x00000000eaab0000,0x00000000eaab0000,0x00000000ecaa0000)
  from space 5440K, 99% used [0x00000000ecaa0000,0x00000000ecfee980,0x00000000ecff0000)
  to   space 5440K, 0% used [0x00000000ecff0000,0x00000000ecff0000,0x00000000ed540000)
 ParOldGen       total 87232K, used 1165K [0x00000000c0000000, 0x00000000c5530000, 0x00000000eaab0000)
  object space 87232K, 1% used [0x00000000c0000000,0x00000000c0123428,0x00000000c5530000)
 PSPermGen       total 21248K, used 5173K [0x00000000bae00000, 0x00000000bc2c0000, 0x00000000c0000000)
  object space 21248K, 24% used [0x00000000bae00000,0x00000000bb30d428,0x00000000bc2c0000)
}
Event: 4.637 GC heap before
{Heap before GC invocations=2 (full 0):
 PSYoungGen      total 38144K, used 38138K [0x00000000eaab0000, 0x00000000ed540000, 0x0000000100000000)
  eden space 32704K, 100% used [0x00000000eaab0000,0x00000000ecaa0000,0x00000000ecaa0000)
  from space 5440K, 99% used [0x00000000ecaa0000,0x00000000ecfee980,0x00000000ecff0000)
  to   space 5440K, 0% used [0x00000000ecff0000,0x00000000ecff0000,0x00000000ed540000)
 ParOldGen       total 87232K, used 1165K [0x00000000c0000000, 0x00000000c5530000, 0x00000000eaab0000)
  object space 87232K, 1% used [0x00000000c0000000,0x00000000c0123428,0x00000000c5530000)
 PSPermGen       total 21248K, used 5240K [0x00000000bae00000, 0x00000000bc2c0000, 0x00000000c0000000)
  object space 21248K, 24% used [0x00000000bae00000,0x00000000bb31e338,0x00000000bc2c0000)
Event: 4.674 GC heap after
Heap after GC invocations=2 (full 0):
 PSYoungGen      total 38144K, used 5408K [0x00000000eaab0000, 0x00000000ef530000, 0x0000000100000000)
  eden space 32704K, 0% used [0x00000000eaab0000,0x00000000eaab0000,0x00000000ecaa0000)
  from space 5440K, 99% used [0x00000000ecff0000,0x00000000ed538048,0x00000000ed540000)
  to   space 5440K, 0% used [0x00000000ecaa0000,0x00000000ecaa0000,0x00000000ecff0000)
 ParOldGen       total 87232K, used 5497K [0x00000000c0000000, 0x00000000c5530000, 0x00000000eaab0000)
  object space 87232K, 6% used [0x00000000c0000000,0x00000000c055e740,0x00000000c5530000)
 PSPermGen       total 21248K, used 5240K [0x00000000bae00000, 0x00000000bc2c0000, 0x00000000c0000000)
  object space 21248K, 24% used [0x00000000bae00000,0x00000000bb31e338,0x00000000bc2c0000)
}

Deoptimization events (10 events):
Event: 4.633 Thread 0x0000000001f7d000 Uncommon trap -34 fr.pc 0x00000000026c64a4
Event: 4.757 Thread 0x0000000001f7d000 Uncommon trap -83 fr.pc 0x0000000002621304
Event: 4.805 Thread 0x0000000001f7d000 Uncommon trap -58 fr.pc 0x00000000026c6454
Event: 4.805 Thread 0x0000000001f7d000 Uncommon trap -58 fr.pc 0x00000000026c6454
Event: 4.808 Thread 0x0000000001f7d000 Uncommon trap -58 fr.pc 0x00000000026c6454
Event: 4.809 Thread 0x0000000001f7d000 Uncommon trap -58 fr.pc 0x00000000026c6454
Event: 4.900 Thread 0x0000000001f7d000 Uncommon trap -12 fr.pc 0x000000000262b448
Event: 4.977 Thread 0x0000000001f7d000 Uncommon trap -83 fr.pc 0x0000000002698da0
Event: 5.022 Thread 0x0000000001f7d000 Uncommon trap -12 fr.pc 0x00000000026fc9a0
Event: 5.025 Thread 0x0000000001f7d000 Uncommon trap 208 fr.pc 0x00000000026d426c

Internal exceptions (10 events):
Event: 1.302 Thread 0x0000000001f7d000 Threw 0x00000000eb495fd8 at C:\jdk7u1_64p\jdk7u9\hotspot\src\share\vm\prims\jvm.cpp:1166
Event: 1.306 Thread 0x0000000001f7d000 Threw 0x00000000eb49ebb0 at C:\jdk7u1_64p\jdk7u9\hotspot\src\share\vm\prims\jvm.cpp:1166
Event: 1.483 Thread 0x0000000001f7d000 Threw 0x00000000eb5bdaf0 at C:\jdk7u1_64p\jdk7u9\hotspot\src\share\vm\prims\jvm.cpp:1166
Event: 1.533 Thread 0x0000000001f7d000 Implicit null exception at 0x000000000261e215 to 0x000000000261e579
Event: 2.122 Thread 0x0000000001f7d000 Threw 0x00000000ebb309c0 at C:\jdk7u1_64p\jdk7u9\hotspot\src\share\vm\prims\jvm.cpp:1166
Event: 2.626 Thread 0x0000000001f7d000 Implicit null exception at 0x0000000002656b56 to 0x0000000002657ae1
Event: 3.164 Thread 0x0000000001f7d000 Threw 0x00000000ec86be98 at C:\jdk7u1_64p\jdk7u9\hotspot\src\share\vm\prims\jvm.cpp:1166
Event: 3.720 Thread 0x0000000001f7d000 Implicit null exception at 0x00000000026a0957 to 0x00000000026a1035
Event: 4.900 Thread 0x0000000001f7d000 Implicit null exception at 0x000000000262aa18 to 0x000000000262b42d
Event: 5.293 Thread 0x0000000001f7d000 Threw 0x00000000eb83c8b8 at C:\jdk7u1_64p\jdk7u9\hotspot\src\share\vm\prims\jvm.cpp:1166

Events (10 events):
Event: 4.900 Thread 0x0000000001f7d000 DEOPT PACKING pc=0x000000000262b448 sp=0x000000000259e7f0
Event: 4.900 Thread 0x0000000001f7d000 DEOPT UNPACKING pc=0x00000000025d9164 sp=0x000000000259e5e8 mode 2
Event: 4.977 Thread 0x0000000001f7d000 DEOPT PACKING pc=0x0000000002698da0 sp=0x000000000259e9a0
Event: 4.977 Thread 0x0000000001f7d000 DEOPT UNPACKING pc=0x00000000025d9164 sp=0x000000000259e908 mode 2
Event: 5.023 Thread 0x0000000001f7d000 DEOPT PACKING pc=0x00000000026fc9a0 sp=0x000000000259ec70
Event: 5.023 Thread 0x0000000001f7d000 DEOPT UNPACKING pc=0x00000000025d9164 sp=0x000000000259ebb8 mode 2
Event: 5.025 Thread 0x0000000001f7d000 DEOPT PACKING pc=0x00000000026d426c sp=0x000000000259ea80
Event: 5.025 Thread 0x0000000001f7d000 DEOPT UNPACKING pc=0x00000000025d9164 sp=0x000000000259ea20 mode 2
Event: 5.292 loading class 0x000000000a9cd190
Event: 5.292 loading class 0x000000000a9cd190 done


Dynamic libraries:
0x000000013f300000 - 0x000000013f333000 	C:\Program Files\Java\jdk1.7.0_09\bin\java.exe
0x0000000076ed0000 - 0x0000000077079000 	C:\Windows\SYSTEM32\ntdll.dll
0x0000000076db0000 - 0x0000000076ecf000 	C:\Windows\system32\kernel32.dll
0x000007fefcd30000 - 0x000007fefcd9c000 	C:\Windows\system32\KERNELBASE.dll
0x000007fefee80000 - 0x000007fefef5b000 	C:\Windows\system32\ADVAPI32.dll
0x000007fefdd80000 - 0x000007fefde1f000 	C:\Windows\system32\msvcrt.dll
0x000007fefdbc0000 - 0x000007fefdbdf000 	C:\Windows\SYSTEM32\sechost.dll
0x000007fefdc50000 - 0x000007fefdd7d000 	C:\Windows\system32\RPCRT4.dll
0x0000000076cb0000 - 0x0000000076daa000 	C:\Windows\system32\USER32.dll
0x000007fefdbe0000 - 0x000007fefdc47000 	C:\Windows\system32\GDI32.dll
0x000007feff030000 - 0x000007feff03e000 	C:\Windows\system32\LPK.dll
0x000007fefef60000 - 0x000007feff029000 	C:\Windows\system32\USP10.dll
0x000007fefb640000 - 0x000007fefb834000 	C:\Windows\WinSxS\amd64_microsoft.windows.common-controls_6595b64144ccf1df_6.0.7601.18837_none_fa3b1e3d17594757\COMCTL32.dll
0x000007fefee00000 - 0x000007fefee71000 	C:\Windows\system32\SHLWAPI.dll
0x000007fefd4e0000 - 0x000007fefd50e000 	C:\Windows\system32\IMM32.DLL
0x000007feff0d0000 - 0x000007feff1d9000 	C:\Windows\system32\MSCTF.dll
0x0000000071760000 - 0x0000000071831000 	C:\Program Files\Java\jdk1.7.0_09\jre\bin\msvcr100.dll
0x000000006bea0000 - 0x000000006c5bf000 	C:\Program Files\Java\jdk1.7.0_09\jre\bin\server\jvm.dll
0x000007fef9b90000 - 0x000007fef9b99000 	C:\Windows\system32\WSOCK32.dll
0x000007fefd490000 - 0x000007fefd4dd000 	C:\Windows\system32\WS2_32.dll
0x000007feff0c0000 - 0x000007feff0c8000 	C:\Windows\system32\NSI.dll
0x000007fefa180000 - 0x000007fefa1bb000 	C:\Windows\system32\WINMM.dll
0x0000000077090000 - 0x0000000077097000 	C:\Windows\system32\PSAPI.DLL
0x000000006c710000 - 0x000000006c71f000 	C:\Program Files\Java\jdk1.7.0_09\jre\bin\verify.dll
0x000000006c690000 - 0x000000006c6b8000 	C:\Program Files\Java\jdk1.7.0_09\jre\bin\java.dll
0x000000006c670000 - 0x000000006c685000 	C:\Program Files\Java\jdk1.7.0_09\jre\bin\zip.dll
0x000007fefb100000 - 0x000007fefb225000 	C:\Windows\system32\dbghelp.dll

VM Arguments:
jvm_args: -Xmx1024M -Dfile.encoding=windows-1252 -Duser.country=GB -Duser.language=en -Duser.variant 
java_command: com.android.dx.command.Main --dex --output C:\Users\Sinky\StudioProjects\ProtoRunnerV2\ProtoRunnerV2\build\intermediates\dex\debug C:\Users\Sinky\StudioProjects\ProtoRunnerV2\ProtoRunnerV2\build\intermediates\classes\debug C:\Users\Sinky\StudioProjects\ProtoRunnerV2\ProtoRunnerV2\build\intermediates\pre-dexed\debug\support-v4-19.1.0-67f3e68b9d74135449ccbcf8df0f8bc5dfa8fbe1.jar
Launcher Type: SUN_STANDARD

Environment Variables:
PATH=C:\Program Files (x86)\AMD APP\bin\x86_64;C:\Program Files (x86)\AMD APP\bin\x86;C:\Program Files (x86)\NVIDIA Corporation\PhysX\Common;C:\Program Files\Common Files\Microsoft Shared\Windows Live;C:\Program Files (x86)\Common Files\Microsoft Shared\Windows Live;C:\Windows\system32;C:\Windows;C:\Windows\System32\Wbem;C:\Windows\System32\WindowsPowerShell\v1.0\;C:\Program Files (x86)\ATI Technologies\ATI.ACE\Core-Static;C:\Program Files (x86)\Windows Live\Shared;C:\Program Files\Common Files\Autodesk Shared\;c:\Program Files (x86)\Microsoft SQL Server\100\Tools\Binn\;c:\Program Files (x86)\Microsoft SQL Server\100\DTS\Binn\;C:\Program Files\Microsoft SQL Server\110\Tools\Binn\;C:\Program Files\TortoiseGit\bin;C:\Program Files\Microsoft\Web Platform Installer\;C:\Program Files (x86)\Microsoft SDKs\TypeScript\1.0\
USERNAME=Sinky
OS=Windows_NT
PROCESSOR_IDENTIFIER=AMD64 Family 21 Model 1 Stepping 2, AuthenticAMD



---------------  S Y S T E M  ---------------

OS: Windows 7 , 64 bit Build 7601 Service Pack 1

CPU:total 4 (4 cores per cpu, 1 threads per core) family 21 model 1 stepping 2, cmov, cx8, fxsr, mmx, sse, sse2, sse3, ssse3, sse4.1, sse4.2, popcnt, avx, mmxext, 3dnowpref, lzcnt, sse4a, tsc, tscinvbit, tscinv

Memory: 4k page, physical 8370296k(3696328k free), swap 16738756k(11129616k free)

vm_info: Java HotSpot(TM) 64-Bit Server VM (23.5-b02) for windows-amd64 JRE (1.7.0_09-b05), built on Sep 24 2012 21:45:04 by "java_re" with unknown MS VC++:1600

time: Mon Jun 29 15:30:40 2015
elapsed time: 5 seconds

