#
# A fatal error has been detected by the Java Runtime Environment:
#
#  EXCEPTION_ACCESS_VIOLATION (0xc0000005) at pc=0x000000006ce4f1c8, pid=4972, tid=8020
#
# JRE version: 7.0_09-b05
# Java VM: Java HotSpot(TM) 64-Bit Server VM (23.5-b02 mixed mode windows-amd64 compressed oops)
# Problematic frame:
# V  [jvm.dll+0x5f1c8]
#
# Failed to write core dump. Minidumps are not enabled by default on client versions of Windows
#
# If you would like to submit a bug report, please visit:
#   http://bugreport.sun.com/bugreport/crash.jsp
#

---------------  T H R E A D  ---------------

Current thread (0x0000000008e0f000):  JavaThread "C2 CompilerThread0" daemon [_thread_in_vm, id=8020, stack(0x000000000a4f0000,0x000000000a5f0000)]

siginfo: ExceptionCode=0xc0000005, reading address 0xffffffffffffffff

Registers:
RAX=0xffffffffffffffff, RBX=0x000080000ab4d6f0, RCX=0x000000006d0088ec, RDX=0x0000000000000049
RSP=0x000000000a5ede40, RBP=0x000000000000f000, RSI=0x0000000000000001, RDI=0x0000000002791fae
R8 =0x000000000a5ede01, R9 =0x000000006cdf0000, R10=0x0000000000000000, R11=0x0000000002791fa2
R12=0x000000006d2f0a48, R13=0x0000000000000000, R14=0x0000000000001000, R15=0x0000000000000000
RIP=0x000000006ce4f1c8, EFLAGS=0x0000000000010213

Top of Stack: (sp=0x000000000a5ede40)
0x000000000a5ede40:   000000000ab4d6f0 0000000000000001
0x000000000a5ede50:   0000000000000001 000000000b6b29d0
0x000000000a5ede60:   0000000000000000 000000000278fbec
0x000000000a5ede70:   00000000027901b0 000000000278f910
0x000000000a5ede80:   0000000002791fac 000000006cfa0027
0x000000000a5ede90:   000000000a5ede88 000000006c000000
0x000000000a5edea0:   00000000027901c0 00000000027901c0
0x000000000a5edeb0:   0000000002794760 00000000027901c0
0x000000000a5edec0:   0000000002794760 0000000002794b70
0x000000000a5eded0:   000000006d2f0a48 000000000a5ede60
0x000000000a5edee0:   0000000000000000 000000006ce53515
0x000000000a5edef0:   00000000000008b0 000000000a5ef484
0x000000000a5edf00:   000000000a5ef4e8 000000000a5ef668
0x000000000a5edf10:   000000000a5ef650 000000006ce5220f
0x000000000a5edf20:   0000000008e03930 000000000b6b29d0
0x000000000a5edf30:   000000000a5ef484 000000000278f910 

Instructions: (pc=0x000000006ce4f1c8)
0x000000006ce4f1a8:   8c 24 90 00 00 00 e8 cd 4d 00 00 48 8b f8 48 8b
0x000000006ce4f1b8:   18 48 85 db 74 22 e8 ed 9b 04 00 48 3b d8 74 18
0x000000006ce4f1c8:   48 8b 0b 48 89 0f 48 8d 8c 24 90 00 00 00 e8 25
0x000000006ce4f1d8:   4e 00 00 e9 13 ff ff ff 48 89 1f 48 8d 8c 24 90 


Register to memory mapping:

RAX=0xffffffffffffffff is an unknown value
RBX=0x000080000ab4d6f0 is an unknown value
RCX=0x000000006d0088ec is an unknown value
RDX=0x0000000000000049 is an unknown value
RSP=0x000000000a5ede40 is pointing into the stack for thread: 0x0000000008e0f000
RBP=0x000000000000f000 is an unknown value
RSI=0x0000000000000001 is an unknown value
RDI=0x000000000278f910 [CodeBlob (0x000000000278f910)]
Framesize: 22
R8 =0x000000000a5ede01 is pointing into the stack for thread: 0x0000000008e0f000
R9 =0x000000006cdf0000 is an unknown value
R10=0x0000000000000000 is an unknown value
R11=0x000000000278f910 [CodeBlob (0x000000000278f910)]
Framesize: 22
R12=0x000000006d2f0a48 is an unknown value
R13=0x0000000000000000 is an unknown value
R14=0x0000000000001000 is an unknown value
R15=0x0000000000000000 is an unknown value


Stack: [0x000000000a4f0000,0x000000000a5f0000],  sp=0x000000000a5ede40,  free space=1015k
Native frames: (J=compiled Java code, j=interpreted, Vv=VM code, C=native code)
V  [jvm.dll+0x5f1c8]

[error occurred during error reporting (printing native stack), id 0xc0000005]


Current CompileTask:
C2:  11586  594   !         com.android.dx.cf.code.RopperMachine::run (1550 bytes)


---------------  P R O C E S S  ---------------

Java Threads: ( => current thread )
  0x0000000008e15000 JavaThread "Service Thread" daemon [_thread_blocked, id=172, stack(0x000000000a7b0000,0x000000000a8b0000)]
  0x0000000008e14000 JavaThread "C2 CompilerThread1" daemon [_thread_in_vm, id=4152, stack(0x000000000a5f0000,0x000000000a6f0000)]
=>0x0000000008e0f000 JavaThread "C2 CompilerThread0" daemon [_thread_in_vm, id=8020, stack(0x000000000a4f0000,0x000000000a5f0000)]
  0x0000000008e09800 JavaThread "Attach Listener" daemon [_thread_blocked, id=6688, stack(0x000000000a280000,0x000000000a380000)]
  0x0000000008e02000 JavaThread "Signal Dispatcher" daemon [_thread_blocked, id=7276, stack(0x0000000009f10000,0x000000000a010000)]
  0x00000000020c9000 JavaThread "Finalizer" daemon [_thread_blocked, id=7424, stack(0x000000000a020000,0x000000000a120000)]
  0x00000000020c1000 JavaThread "Reference Handler" daemon [_thread_blocked, id=7252, stack(0x0000000009c90000,0x0000000009d90000)]
  0x000000000210f000 JavaThread "main" [_thread_in_vm, id=6336, stack(0x0000000002440000,0x0000000002540000)]

Other Threads:
  0x0000000008d82800 VMThread [stack: 0x0000000009e00000,0x0000000009f00000] [id=4688]
  0x0000000008e25800 WatcherThread [stack: 0x000000000a160000,0x000000000a260000] [id=5972]

VM state:not at safepoint (normal execution)

VM Mutex/Monitor currently owned by a thread:  ([mutex/lock_event])
[0x000000000210c490] CodeCache_lock - owner thread: 0x0000000008e0f000
[0x000000000210dbc0] Compile_lock - owner thread: 0x0000000008e0f000
[0x000000000210dcc0] MethodCompileQueue_lock - owner thread: 0x0000000008e0f000

Heap
 PSYoungGen      total 136256K, used 8021K [0x00000000eaab0000, 0x00000000f3510000, 0x0000000100000000)
  eden space 130816K, 1% used [0x00000000eaab0000,0x00000000ead39738,0x00000000f2a70000)
  from space 5440K, 99% used [0x00000000f2fc0000,0x00000000f350c010,0x00000000f3510000)
  to   space 5440K, 0% used [0x00000000f2a70000,0x00000000f2a70000,0x00000000f2fc0000)
 ParOldGen       total 87232K, used 28220K [0x00000000c0000000, 0x00000000c5530000, 0x00000000eaab0000)
  object space 87232K, 32% used [0x00000000c0000000,0x00000000c1b8f1f0,0x00000000c5530000)
 PSPermGen       total 21248K, used 5348K [0x00000000bae00000, 0x00000000bc2c0000, 0x00000000c0000000)
  object space 21248K, 25% used [0x00000000bae00000,0x00000000bb3390e0,0x00000000bc2c0000)

Card table byte_map: [0x0000000005540000,0x0000000005770000] byte_map_base: 0x0000000004f69000

Polling page: 0x0000000000330000

Code Cache  [0x0000000002540000, 0x00000000027b0000, 0x0000000005540000)
 total_blobs=814 nmethods=602 adapters=160 free_code_cache=46763Kb largest_free_block=47854912

Compilation events (10 events):
Event: 11.126 Thread 0x0000000008e14000 nmethod 617 0x00000000026487d0 code [0x0000000002648900, 0x0000000002648998]
Event: 11.126 Thread 0x0000000008e14000  618             com.android.dx.rop.cst.CstNat::isCategory2 (2 bytes)
Event: 11.127 Thread 0x0000000008e14000 nmethod 618 0x0000000002687710 code [0x0000000002687840, 0x0000000002687898]
Event: 11.127 Thread 0x0000000008e14000  619             com.android.dx.util.LabeledList::getMaxLabel (47 bytes)
Event: 11.133 Thread 0x0000000008e14000 nmethod 619 0x00000000026872d0 code [0x0000000002687420, 0x0000000002687598]
Event: 11.133 Thread 0x0000000008e14000  620             com.android.dx.rop.code.LocalItem::compareTo (32 bytes)
Event: 11.138 Thread 0x0000000008e14000 nmethod 620 0x0000000002646f50 code [0x00000000026470a0, 0x0000000002647398]
Event: 11.138 Thread 0x0000000008e14000  621             com.android.dx.ssa.SsaRenamer::<init> (100 bytes)
Event: 11.153 Thread 0x0000000008e14000 nmethod 621 0x0000000002773fd0 code [0x0000000002774140, 0x0000000002774568]
Event: 11.154 Thread 0x0000000008e14000  622   !         com.android.dx.cf.code.BytecodeArray::parseInstruction (2764 bytes)

GC Heap History (8 events):
Event: 4.336 GC heap before
{Heap before GC invocations=1 (full 0):
 PSYoungGen      total 38144K, used 32704K [0x00000000eaab0000, 0x00000000ed540000, 0x0000000100000000)
  eden space 32704K, 100% used [0x00000000eaab0000,0x00000000ecaa0000,0x00000000ecaa0000)
  from space 5440K, 0% used [0x00000000ecff0000,0x00000000ecff0000,0x00000000ed540000)
  to   space 5440K, 0% used [0x00000000ecaa0000,0x00000000ecaa0000,0x00000000ecff0000)
 ParOldGen       total 87232K, used 0K [0x00000000c0000000, 0x00000000c5530000, 0x00000000eaab0000)
  object space 87232K, 0% used [0x00000000c0000000,0x00000000c0000000,0x00000000c5530000)
 PSPermGen       total 21248K, used 5134K [0x00000000bae00000, 0x00000000bc2c0000, 0x00000000c0000000)
  object space 21248K, 24% used [0x00000000bae00000,0x00000000bb303b58,0x00000000bc2c0000)
Event: 4.388 GC heap after
Heap after GC invocations=1 (full 0):
 PSYoungGen      total 38144K, used 5424K [0x00000000eaab0000, 0x00000000ef530000, 0x0000000100000000)
  eden space 32704K, 0% used [0x00000000eaab0000,0x00000000eaab0000,0x00000000ecaa0000)
  from space 5440K, 99% used [0x00000000ecaa0000,0x00000000ecfec028,0x00000000ecff0000)
  to   space 5440K, 0% used [0x00000000eefe0000,0x00000000eefe0000,0x00000000ef530000)
 ParOldGen       total 87232K, used 2781K [0x00000000c0000000, 0x00000000c5530000, 0x00000000eaab0000)
  object space 87232K, 3% used [0x00000000c0000000,0x00000000c02b76b8,0x00000000c5530000)
 PSPermGen       total 21248K, used 5134K [0x00000000bae00000, 0x00000000bc2c0000, 0x00000000c0000000)
  object space 21248K, 24% used [0x00000000bae00000,0x00000000bb303b58,0x00000000bc2c0000)
}
Event: 6.414 GC heap before
{Heap before GC invocations=2 (full 0):
 PSYoungGen      total 38144K, used 38128K [0x00000000eaab0000, 0x00000000ef530000, 0x0000000100000000)
  eden space 32704K, 100% used [0x00000000eaab0000,0x00000000ecaa0000,0x00000000ecaa0000)
  from space 5440K, 99% used [0x00000000ecaa0000,0x00000000ecfec028,0x00000000ecff0000)
  to   space 5440K, 0% used [0x00000000eefe0000,0x00000000eefe0000,0x00000000ef530000)
 ParOldGen       total 87232K, used 2781K [0x00000000c0000000, 0x00000000c5530000, 0x00000000eaab0000)
  object space 87232K, 3% used [0x00000000c0000000,0x00000000c02b76b8,0x00000000c5530000)
 PSPermGen       total 21248K, used 5251K [0x00000000bae00000, 0x00000000bc2c0000, 0x00000000c0000000)
  object space 21248K, 24% used [0x00000000bae00000,0x00000000bb320d20,0x00000000bc2c0000)
Event: 6.470 GC heap after
Heap after GC invocations=2 (full 0):
 PSYoungGen      total 70848K, used 5408K [0x00000000eaab0000, 0x00000000ef530000, 0x0000000100000000)
  eden space 65408K, 0% used [0x00000000eaab0000,0x00000000eaab0000,0x00000000eea90000)
  from space 5440K, 99% used [0x00000000eefe0000,0x00000000ef528048,0x00000000ef530000)
  to   space 5440K, 0% used [0x00000000eea90000,0x00000000eea90000,0x00000000eefe0000)
 ParOldGen       total 87232K, used 7814K [0x00000000c0000000, 0x00000000c5530000, 0x00000000eaab0000)
  object space 87232K, 8% used [0x00000000c0000000,0x00000000c07a1998,0x00000000c5530000)
 PSPermGen       total 21248K, used 5251K [0x00000000bae00000, 0x00000000bc2c0000, 0x00000000c0000000)
  object space 21248K, 24% used [0x00000000bae00000,0x00000000bb320d20,0x00000000bc2c0000)
}
Event: 9.457 GC heap before
{Heap before GC invocations=3 (full 0):
 PSYoungGen      total 70848K, used 70816K [0x00000000eaab0000, 0x00000000ef530000, 0x0000000100000000)
  eden space 65408K, 100% used [0x00000000eaab0000,0x00000000eea90000,0x00000000eea90000)
  from space 5440K, 99% used [0x00000000eefe0000,0x00000000ef528048,0x00000000ef530000)
  to   space 5440K, 0% used [0x00000000eea90000,0x00000000eea90000,0x00000000eefe0000)
 ParOldGen       total 87232K, used 7814K [0x00000000c0000000, 0x00000000c5530000, 0x00000000eaab0000)
  object space 87232K, 8% used [0x00000000c0000000,0x00000000c07a1998,0x00000000c5530000)
 PSPermGen       total 21248K, used 5317K [0x00000000bae00000, 0x00000000bc2c0000, 0x00000000c0000000)
  object space 21248K, 25% used [0x00000000bae00000,0x00000000bb331578,0x00000000bc2c0000)
Event: 9.524 GC heap after
Heap after GC invocations=3 (full 0):
 PSYoungGen      total 70848K, used 5410K [0x00000000eaab0000, 0x00000000f3510000, 0x0000000100000000)
  eden space 65408K, 0% used [0x00000000eaab0000,0x00000000eaab0000,0x00000000eea90000)
  from space 5440K, 99% used [0x00000000eea90000,0x00000000eefd8940,0x00000000eefe0000)
  to   space 5440K, 0% used [0x00000000f2fc0000,0x00000000f2fc0000,0x00000000f3510000)
 ParOldGen       total 87232K, used 18182K [0x00000000c0000000, 0x00000000c5530000, 0x00000000eaab0000)
  object space 87232K, 20% used [0x00000000c0000000,0x00000000c11c1a98,0x00000000c5530000)
 PSPermGen       total 21248K, used 5317K [0x00000000bae00000, 0x00000000bc2c0000, 0x00000000c0000000)
  object space 21248K, 25% used [0x00000000bae00000,0x00000000bb331578,0x00000000bc2c0000)
}
Event: 11.305 GC heap before
{Heap before GC invocations=4 (full 0):
 PSYoungGen      total 70848K, used 70818K [0x00000000eaab0000, 0x00000000f3510000, 0x0000000100000000)
  eden space 65408K, 100% used [0x00000000eaab0000,0x00000000eea90000,0x00000000eea90000)
  from space 5440K, 99% used [0x00000000eea90000,0x00000000eefd8940,0x00000000eefe0000)
  to   space 5440K, 0% used [0x00000000f2fc0000,0x00000000f2fc0000,0x00000000f3510000)
 ParOldGen       total 87232K, used 18182K [0x00000000c0000000, 0x00000000c5530000, 0x00000000eaab0000)
  object space 87232K, 20% used [0x00000000c0000000,0x00000000c11c1a98,0x00000000c5530000)
 PSPermGen       total 21248K, used 5348K [0x00000000bae00000, 0x00000000bc2c0000, 0x00000000c0000000)
  object space 21248K, 25% used [0x00000000bae00000,0x00000000bb339020,0x00000000bc2c0000)
Event: 11.468 GC heap after
Heap after GC invocations=4 (full 0):
 PSYoungGen      total 136256K, used 5424K [0x00000000eaab0000, 0x00000000f3510000, 0x0000000100000000)
  eden space 130816K, 0% used [0x00000000eaab0000,0x00000000eaab0000,0x00000000f2a70000)
  from space 5440K, 99% used [0x00000000f2fc0000,0x00000000f350c010,0x00000000f3510000)
  to   space 5440K, 0% used [0x00000000f2a70000,0x00000000f2a70000,0x00000000f2fc0000)
 ParOldGen       total 87232K, used 28220K [0x00000000c0000000, 0x00000000c5530000, 0x00000000eaab0000)
  object space 87232K, 32% used [0x00000000c0000000,0x00000000c1b8f1f0,0x00000000c5530000)
 PSPermGen       total 21248K, used 5348K [0x00000000bae00000, 0x00000000bc2c0000, 0x00000000c0000000)
  object space 21248K, 25% used [0x00000000bae00000,0x00000000bb339020,0x00000000bc2c0000)
}

Deoptimization events (10 events):
Event: 9.552 Thread 0x000000000210f000 Uncommon trap -58 fr.pc 0x0000000002614f30
Event: 9.552 Thread 0x000000000210f000 Uncommon trap -58 fr.pc 0x0000000002614f30
Event: 9.553 Thread 0x000000000210f000 Uncommon trap -58 fr.pc 0x0000000002614f30
Event: 9.642 Thread 0x000000000210f000 Uncommon trap -58 fr.pc 0x0000000002614f30
Event: 11.104 Thread 0x000000000210f000 Uncommon trap -58 fr.pc 0x000000000275ae7c
Event: 11.104 Thread 0x000000000210f000 Uncommon trap -58 fr.pc 0x000000000275ae7c
Event: 11.104 Thread 0x000000000210f000 Uncommon trap -58 fr.pc 0x000000000275ae7c
Event: 11.104 Thread 0x000000000210f000 Uncommon trap -58 fr.pc 0x000000000275ae7c
Event: 11.125 Thread 0x000000000210f000 Uncommon trap -58 fr.pc 0x00000000026e7a74
Event: 11.191 Thread 0x000000000210f000 Uncommon trap -58 fr.pc 0x00000000026e7a74

Internal exceptions (10 events):
Event: 3.772 Thread 0x000000000210f000 Threw 0x00000000ec614718 at C:\jdk7u1_64p\jdk7u9\hotspot\src\share\vm\prims\jvm.cpp:1166
Event: 3.993 Thread 0x000000000210f000 Threw 0x00000000ec811c68 at C:\jdk7u1_64p\jdk7u9\hotspot\src\share\vm\prims\jvm.cpp:1166
Event: 4.451 Thread 0x000000000210f000 Implicit null exception at 0x000000000262145f to 0x00000000026222dd
Event: 4.591 Thread 0x000000000210f000 Threw 0x00000000eadd9828 at C:\jdk7u1_64p\jdk7u9\hotspot\src\share\vm\prims\jvm.cpp:1166
Event: 5.630 Thread 0x000000000210f000 Threw 0x00000000ebccc4a8 at C:\jdk7u1_64p\jdk7u9\hotspot\src\share\vm\prims\jvm.cpp:1166
Event: 6.725 Thread 0x000000000210f000 Threw 0x00000000eb0ac238 at C:\jdk7u1_64p\jdk7u9\hotspot\src\share\vm\prims\jvm.cpp:1166
Event: 6.977 Thread 0x000000000210f000 Implicit null exception at 0x00000000026873bc to 0x0000000002687b51
Event: 7.321 Thread 0x000000000210f000 Threw 0x00000000ebf0eb60 at C:\jdk7u1_64p\jdk7u9\hotspot\src\share\vm\prims\jvm.cpp:1166
Event: 7.882 Thread 0x000000000210f000 Implicit null exception at 0x0000000002628a6f to 0x0000000002629ce5
Event: 7.934 Thread 0x000000000210f000 Implicit null exception at 0x000000000263acbd to 0x000000000263b7dd

Events (10 events):
Event: 11.104 Thread 0x000000000210f000 DEOPT PACKING pc=0x000000000275ae7c sp=0x000000000253e380
Event: 11.104 Thread 0x000000000210f000 DEOPT UNPACKING pc=0x0000000002579164 sp=0x000000000253e338 mode 2
Event: 11.104 Thread 0x000000000210f000 DEOPT PACKING pc=0x000000000275ae7c sp=0x000000000253e380
Event: 11.104 Thread 0x000000000210f000 DEOPT UNPACKING pc=0x0000000002579164 sp=0x000000000253e338 mode 2
Event: 11.125 Thread 0x000000000210f000 DEOPT PACKING pc=0x00000000026e7a74 sp=0x000000000253e910
Event: 11.125 Thread 0x000000000210f000 DEOPT UNPACKING pc=0x0000000002579164 sp=0x000000000253e828 mode 2
Event: 11.191 Thread 0x000000000210f000 DEOPT PACKING pc=0x00000000026e7a74 sp=0x000000000253e910
Event: 11.191 Thread 0x000000000210f000 DEOPT UNPACKING pc=0x0000000002579164 sp=0x000000000253e828 mode 2
Event: 11.304 Executing VM operation: ParallelGCFailedAllocation
Event: 11.468 Executing VM operation: ParallelGCFailedAllocation done


Dynamic libraries:
0x000000013fdd0000 - 0x000000013fe03000 	C:\Program Files\Java\jdk1.7.0_09\bin\java.exe
0x0000000077b60000 - 0x0000000077d09000 	C:\Windows\SYSTEM32\ntdll.dll
0x0000000077a40000 - 0x0000000077b5f000 	C:\Windows\system32\kernel32.dll
0x000007fefdaf0000 - 0x000007fefdb5c000 	C:\Windows\system32\KERNELBASE.dll
0x000007fefe3d0000 - 0x000007fefe4ab000 	C:\Windows\system32\ADVAPI32.dll
0x000007feffdd0000 - 0x000007feffe6f000 	C:\Windows\system32\msvcrt.dll
0x000007fefe330000 - 0x000007fefe34f000 	C:\Windows\SYSTEM32\sechost.dll
0x000007fefe070000 - 0x000007fefe19d000 	C:\Windows\system32\RPCRT4.dll
0x0000000077940000 - 0x0000000077a3a000 	C:\Windows\system32\USER32.dll
0x000007fefe240000 - 0x000007fefe2a7000 	C:\Windows\system32\GDI32.dll
0x000007fefe700000 - 0x000007fefe70e000 	C:\Windows\system32\LPK.dll
0x000007fefe970000 - 0x000007fefea39000 	C:\Windows\system32\USP10.dll
0x000007fefc2d0000 - 0x000007fefc4c4000 	C:\Windows\WinSxS\amd64_microsoft.windows.common-controls_6595b64144ccf1df_6.0.7601.18837_none_fa3b1e3d17594757\COMCTL32.dll
0x000007fefe2b0000 - 0x000007fefe321000 	C:\Windows\system32\SHLWAPI.dll
0x000007fefe940000 - 0x000007fefe96e000 	C:\Windows\system32\IMM32.DLL
0x000007fefe4b0000 - 0x000007fefe5b9000 	C:\Windows\system32\MSCTF.dll
0x0000000074f00000 - 0x0000000074fd1000 	C:\Program Files\Java\jdk1.7.0_09\jre\bin\msvcr100.dll
0x000000006cdf0000 - 0x000000006d50f000 	C:\Program Files\Java\jdk1.7.0_09\jre\bin\server\jvm.dll
0x000007fef3a40000 - 0x000007fef3a49000 	C:\Windows\system32\WSOCK32.dll
0x000007fefe710000 - 0x000007fefe75d000 	C:\Windows\system32\WS2_32.dll
0x000007feff7d0000 - 0x000007feff7d8000 	C:\Windows\system32\NSI.dll
0x000007fef7740000 - 0x000007fef777b000 	C:\Windows\system32\WINMM.dll
0x0000000077d20000 - 0x0000000077d27000 	C:\Windows\system32\PSAPI.DLL
0x000000006d570000 - 0x000000006d57f000 	C:\Program Files\Java\jdk1.7.0_09\jre\bin\verify.dll
0x000000006d540000 - 0x000000006d568000 	C:\Program Files\Java\jdk1.7.0_09\jre\bin\java.dll
0x000000006cc70000 - 0x000000006cc85000 	C:\Program Files\Java\jdk1.7.0_09\jre\bin\zip.dll
0x000007fefbd90000 - 0x000007fefbeb5000 	C:\Windows\system32\dbghelp.dll

VM Arguments:
jvm_args: -Xmx1024M -Dfile.encoding=windows-1252 -Duser.country=GB -Duser.language=en -Duser.variant 
java_command: com.android.dx.command.Main --dex --output C:\Users\Sinky\StudioProjects\ProtoRunnerV2\ProtoRunnerV2\build\intermediates\dex\debug C:\Users\Sinky\StudioProjects\ProtoRunnerV2\ProtoRunnerV2\build\intermediates\classes\debug C:\Users\Sinky\StudioProjects\ProtoRunnerV2\ProtoRunnerV2\build\intermediates\pre-dexed\debug\support-annotations-22.2.0-ce405e005671120865286fbb1a2542953cb92ee2.jar C:\Users\Sinky\StudioProjects\ProtoRunnerV2\ProtoRunnerV2\build\intermediates\pre-dexed\debug\classes-66fdcfc2144d757ac8530a052d47265e07773092.jar C:\Users\Sinky\StudioProjects\ProtoRunnerV2\ProtoRunnerV2\build\intermediates\pre-dexed\debug\classes-06ab37edf61694c22c293dc9ab41bab488406bc9.jar C:\Users\Sinky\StudioProjects\ProtoRunnerV2\ProtoRunnerV2\build\intermediates\pre-dexed\debug\classes-93f5a97fc040ab1733116df9f83fe928f712b237.jar C:\Users\Sinky\StudioProjects\ProtoRunnerV2\ProtoRunnerV2\build\intermediates\pre-dexed\debug\internal_impl-22.0.0-89a57e48793771ae5d65787933a30f0a9fffdc28.jar C:\Users\Sinky\StudioProjects\ProtoRunnerV2\ProtoRunnerV2\build\intermediates\pre-dexed\debug\classes-8e388dcd8b97a09304cc972cb61d3ffff3cfa55d.jar C:\Users\Sinky\StudioProjects\ProtoRunnerV2\ProtoRunnerV2\build\intermediates\pre-dexed\debug\classes-475e55994f5440e819b7988ff0065d4158443666.jar C:\Users\Sinky\StudioProjects\ProtoRunnerV2\ProtoRunnerV2\build\intermediates\pre-dexed\debug\classes-b7a255c659b855a7d768177e722332e1ea9e71a8.jar C:\Users\Sinky\StudioProjects\ProtoRunnerV2\ProtoRunnerV2\build\intermediates\pre-dexed\debug\classes-73d15a7b00f0331346d474c1114b3cc0a1b38ce2.jar C:\Users\Sinky\StudioProjects\ProtoRunnerV2\ProtoRunnerV2\build\intermediates\pre-dexed\debug\classes-b53993833ab07fbfd7d3b51de23eeeca6c4ddeb4.jar C:\Users\Sinky\StudioProjects\ProtoRunnerV2\ProtoRunnerV2\build\intermediates\pre-dexed\debug\classes-b732c20c9a93d8f61a730de1c28f5cdc6066418b.jar C:\Users\Sinky\StudioProjects\ProtoRunnerV2\ProtoRunnerV2\build\intermediates\pre-dexed\debug\classes-45b19e3021
Launcher Type: SUN_STANDARD

Environment Variables:
PATH=C:\Program Files (x86)\AMD APP\bin\x86_64;C:\Program Files (x86)\AMD APP\bin\x86;C:\Program Files (x86)\NVIDIA Corporation\PhysX\Common;C:\Program Files\Common Files\Microsoft Shared\Windows Live;C:\Program Files (x86)\Common Files\Microsoft Shared\Windows Live;C:\Windows\system32;C:\Windows;C:\Windows\System32\Wbem;C:\Windows\System32\WindowsPowerShell\v1.0\;C:\Program Files (x86)\ATI Technologies\ATI.ACE\Core-Static;C:\Program Files (x86)\Windows Live\Shared;C:\Program Files\Common Files\Autodesk Shared\;c:\Program Files (x86)\Microsoft SQL Server\100\Tools\Binn\;c:\Program Files (x86)\Microsoft SQL Server\100\DTS\Binn\;C:\Program Files\Microsoft SQL Server\110\Tools\Binn\;C:\Program Files\TortoiseGit\bin;C:\Program Files\Microsoft\Web Platform Installer\;C:\Program Files (x86)\Microsoft SDKs\TypeScript\1.0\
USERNAME=Sinky
OS=Windows_NT
PROCESSOR_IDENTIFIER=AMD64 Family 21 Model 1 Stepping 2, AuthenticAMD



---------------  S Y S T E M  ---------------

OS: Windows 7 , 64 bit Build 7601 Service Pack 1

CPU:total 4 (4 cores per cpu, 1 threads per core) family 21 model 1 stepping 2, cmov, cx8, fxsr, mmx, sse, sse2, sse3, ssse3, sse4.1, sse4.2, popcnt, avx, mmxext, 3dnowpref, lzcnt, sse4a, tsc, tscinvbit, tscinv

Memory: 4k page, physical 8370296k(3529472k free), swap 16738756k(10913732k free)

vm_info: Java HotSpot(TM) 64-Bit Server VM (23.5-b02) for windows-amd64 JRE (1.7.0_09-b05), built on Sep 24 2012 21:45:04 by "java_re" with unknown MS VC++:1600

time: Sun Jul 12 19:38:17 2015
elapsed time: 11 seconds

