#
# A fatal error has been detected by the Java Runtime Environment:
#
#  EXCEPTION_ACCESS_VIOLATION (0xc0000005) at pc=0x000000000233742c, pid=7776, tid=7376
#
# JRE version: 7.0_09-b05
# Java VM: Java HotSpot(TM) 64-Bit Server VM (23.5-b02 mixed mode windows-amd64 compressed oops)
# Problematic frame:
# v  ~BufferBlob::vtable chunks
#
# Failed to write core dump. Minidumps are not enabled by default on client versions of Windows
#
# If you would like to submit a bug report, please visit:
#   http://bugreport.sun.com/bugreport/crash.jsp
#

---------------  T H R E A D  ---------------

Current thread (0x00000000020bf000):  JavaThread "main" [_thread_in_Java, id=7376, stack(0x00000000021d0000,0x00000000022d0000)]

siginfo: ExceptionCode=0xc0000005, reading address 0x000000000024020e

Registers:
RAX=0x00000000bb0ca7e8, RBX=0x00000000bb1fb4e0, RCX=0x00000000ebc088b0, RDX=0x00000000ebb32648
RSP=0x00000000022ce368, RBP=0x00000000eefe6f00, RSI=0x00000000ebc088b0, RDI=0x0000000000000001
R8 =0x00000000ebb32648, R9 =0x00000000ebc08920, R10=0x000000000024006e, R11=0x00000000ebe04c10
R12=0xebe04c1000000000, R13=0x00000000023cd9d4, R14=0x00000000022ce368, R15=0x00000000020bf000
RIP=0x000000000233742c, EFLAGS=0x0000000000010282

Top of Stack: (sp=0x00000000022ce368)
0x00000000022ce368:   0000000002404da8 00000000ebc09448
0x00000000022ce378:   00000000ebc088e0 0000000000000001
0x00000000022ce388:   0000000000000000 00000000022ce3c0
0x00000000022ce398:   0000000000000001 00000000024a51d4
0x00000000022ce3a8:   00000000ebc08660 0000000000000000
0x00000000022ce3b8:   00000000023af694 00000000022ce460
0x00000000022ce3c8:   00000000022d68a6 0000000000000000
0x00000000022ce3d8:   00000000023b00a0 00000000ebc08920
0x00000000022ce3e8:   00000000ebc09448 0000000d0000000e
0x00000000022ce3f8:   00000001ebc088b0 00000000ebc088b0
0x00000000022ce408:   00000000022ce448 00000000bb1fc010
0x00000000022ce418:   0000000000000000 00000000bb1fb300
0x00000000022ce428:   0000000000000000 00000000022ce498
0x00000000022ce438:   00000000022d61f8 00000000022d61f8
0x00000000022ce448:   00000000ebc09448 00000000ebc08920
0x00000000022ce458:   00000000022ce458 00000000bb1e1e12 

Instructions: (pc=0x000000000233742c)
0x000000000233740c:   00 00 00 00 00 00 00 00 00 00 00 00 00 00 00 00
0x000000000233741c:   00 00 00 00 00 00 3b 00 00 00 00 00 44 8b 52 08
0x000000000233742c:   45 8b 9a a0 01 00 00 4f 8d 9c da 18 02 00 00 4d
0x000000000233743c:   8d 12 49 8b 1b 48 3b c3 74 15 48 85 db 0f 84 17 


Register to memory mapping:

RAX=0x00000000bb0ca7e8 is an oop
{instance class} 
 - klass: {other class}
RBX=0x00000000bb1fb4e0 is an oop
{method} 
 - klass: {other class}
RCX=0x00000000ebc088b0 is an oop
com.android.dx.rop.code.InsnList 
 - klass: 'com/android/dx/rop/code/InsnList'
RDX=0x00000000ebb32648 is an unknown value
RSP=0x00000000022ce368 is pointing into the stack for thread: 0x00000000020bf000
RBP=0x00000000eefe6f00 is an oop
com.android.dx.rop.code.Rop 
 - klass: 'com/android/dx/rop/code/Rop'
RSI=0x00000000ebc088b0 is an oop
com.android.dx.rop.code.InsnList 
 - klass: 'com/android/dx/rop/code/InsnList'
RDI=0x0000000000000001 is an unknown value
R8 =0x00000000ebb32648 is an unknown value
R9 =0x00000000ebc08920 is an oop
com.android.dx.rop.code.BasicBlockList 
 - klass: 'com/android/dx/rop/code/BasicBlockList'
R10=0x000000000024006e is an unknown value
R11=0x00000000ebe04c10 is an oop
com.android.dx.rop.code.ThrowingCstInsn 
 - klass: 'com/android/dx/rop/code/ThrowingCstInsn'
R12=0xebe04c1000000000 is an unknown value
R13=0x00000000023cd790 [CodeBlob (0x00000000023cd790)]
Framesize: 10
R14=0x00000000022ce368 is pointing into the stack for thread: 0x00000000020bf000
R15=0x00000000020bf000 is a thread


Stack: [0x00000000021d0000,0x00000000022d0000],  sp=0x00000000022ce368,  free space=1016k
Native frames: (J=compiled Java code, j=interpreted, Vv=VM code, C=native code)
v  ~BufferBlob::vtable chunks


---------------  P R O C E S S  ---------------

Java Threads: ( => current thread )
  0x0000000008d43800 JavaThread "Service Thread" daemon [_thread_blocked, id=5216, stack(0x000000000a410000,0x000000000a510000)]
  0x0000000008d43000 JavaThread "C2 CompilerThread1" daemon [_thread_in_native, id=7128, stack(0x0000000009bf0000,0x0000000009cf0000)]
  0x0000000008d3e000 JavaThread "C2 CompilerThread0" daemon [_thread_in_native, id=3308, stack(0x000000000a240000,0x000000000a340000)]
  0x0000000008d3c000 JavaThread "Attach Listener" daemon [_thread_blocked, id=8052, stack(0x000000000a0b0000,0x000000000a1b0000)]
  0x0000000008d35000 JavaThread "Signal Dispatcher" daemon [_thread_blocked, id=7296, stack(0x0000000009e30000,0x0000000009f30000)]
  0x00000000021bc000 JavaThread "Finalizer" daemon [_thread_blocked, id=2332, stack(0x0000000009f40000,0x000000000a040000)]
  0x00000000021b4800 JavaThread "Reference Handler" daemon [_thread_blocked, id=7884, stack(0x0000000009d10000,0x0000000009e10000)]
=>0x00000000020bf000 JavaThread "main" [_thread_in_Java, id=7376, stack(0x00000000021d0000,0x00000000022d0000)]

Other Threads:
  0x0000000008cb2000 VMThread [stack: 0x0000000009aa0000,0x0000000009ba0000] [id=7852]
  0x0000000008d54800 WatcherThread [stack: 0x000000000a640000,0x000000000a740000] [id=4692]

VM state:not at safepoint (normal execution)

VM Mutex/Monitor currently owned by a thread: None

Heap
 PSYoungGen      total 70848K, used 23592K [0x00000000eaab0000, 0x00000000f3510000, 0x0000000100000000)
  eden space 65408K, 27% used [0x00000000eaab0000,0x00000000ebc71708,0x00000000eea90000)
  from space 5440K, 99% used [0x00000000eea90000,0x00000000eefd8940,0x00000000eefe0000)
  to   space 5440K, 0% used [0x00000000f2fc0000,0x00000000f2fc0000,0x00000000f3510000)
 ParOldGen       total 87232K, used 18280K [0x00000000c0000000, 0x00000000c5530000, 0x00000000eaab0000)
  object space 87232K, 20% used [0x00000000c0000000,0x00000000c11da0d0,0x00000000c5530000)
 PSPermGen       total 21248K, used 5367K [0x00000000bae00000, 0x00000000bc2c0000, 0x00000000c0000000)
  object space 21248K, 25% used [0x00000000bae00000,0x00000000bb33dd58,0x00000000bc2c0000)

Card table byte_map: [0x0000000005390000,0x00000000055c0000] byte_map_base: 0x0000000004db9000

Polling page: 0x0000000001c60000

Code Cache  [0x00000000022d0000, 0x0000000002540000, 0x00000000052d0000)
 total_blobs=748 nmethods=539 adapters=160 free_code_cache=47160Kb largest_free_block=48213120

Compilation events (10 events):
Event: 9.560 Thread 0x0000000008d43000 nmethod 549 0x00000000024ce910 code [0x00000000024cea80, 0x00000000024cec78]
Event: 9.560 Thread 0x0000000008d43000  550             com.android.dx.rop.cst.CstLiteral32::equals (35 bytes)
Event: 9.562 Thread 0x0000000008d43000 nmethod 550 0x00000000024ce5d0 code [0x00000000024ce700, 0x00000000024ce7b8]
Event: 9.562 Thread 0x0000000008d43000  551             com.android.dx.dex.file.EncodedMember::<init> (10 bytes)
Event: 9.563 Thread 0x0000000008d43000 nmethod 551 0x00000000024ca210 code [0x00000000024ca340, 0x00000000024ca398]
Event: 9.563 Thread 0x0000000008d43000  552             com.android.dx.rop.cst.CstFieldRef::<init> (7 bytes)
Event: 9.565 Thread 0x0000000008d43000 nmethod 552 0x00000000024c9f50 code [0x00000000024ca080, 0x00000000024ca138]
Event: 9.565 Thread 0x0000000008d43000  553             com.android.dx.cf.code.BaseMachine::auxCstArg (20 bytes)
Event: 9.566 Thread 0x0000000008d43000 nmethod 553 0x00000000024d1450 code [0x00000000024d1580, 0x00000000024d15f8]
Event: 9.566 Thread 0x0000000008d43000  554   !         com.android.dx.cf.code.Ropper::processBlock (1101 bytes)

GC Heap History (6 events):
Event: 4.393 GC heap before
{Heap before GC invocations=1 (full 0):
 PSYoungGen      total 38144K, used 32704K [0x00000000eaab0000, 0x00000000ed540000, 0x0000000100000000)
  eden space 32704K, 100% used [0x00000000eaab0000,0x00000000ecaa0000,0x00000000ecaa0000)
  from space 5440K, 0% used [0x00000000ecff0000,0x00000000ecff0000,0x00000000ed540000)
  to   space 5440K, 0% used [0x00000000ecaa0000,0x00000000ecaa0000,0x00000000ecff0000)
 ParOldGen       total 87232K, used 0K [0x00000000c0000000, 0x00000000c5530000, 0x00000000eaab0000)
  object space 87232K, 0% used [0x00000000c0000000,0x00000000c0000000,0x00000000c5530000)
 PSPermGen       total 21248K, used 5133K [0x00000000bae00000, 0x00000000bc2c0000, 0x00000000c0000000)
  object space 21248K, 24% used [0x00000000bae00000,0x00000000bb303560,0x00000000bc2c0000)
Event: 4.441 GC heap after
Heap after GC invocations=1 (full 0):
 PSYoungGen      total 38144K, used 5408K [0x00000000eaab0000, 0x00000000ef530000, 0x0000000100000000)
  eden space 32704K, 0% used [0x00000000eaab0000,0x00000000eaab0000,0x00000000ecaa0000)
  from space 5440K, 99% used [0x00000000ecaa0000,0x00000000ecfe8038,0x00000000ecff0000)
  to   space 5440K, 0% used [0x00000000eefe0000,0x00000000eefe0000,0x00000000ef530000)
 ParOldGen       total 87232K, used 2670K [0x00000000c0000000, 0x00000000c5530000, 0x00000000eaab0000)
  object space 87232K, 3% used [0x00000000c0000000,0x00000000c029b8d0,0x00000000c5530000)
 PSPermGen       total 21248K, used 5133K [0x00000000bae00000, 0x00000000bc2c0000, 0x00000000c0000000)
  object space 21248K, 24% used [0x00000000bae00000,0x00000000bb303560,0x00000000bc2c0000)
}
Event: 6.350 GC heap before
{Heap before GC invocations=2 (full 0):
 PSYoungGen      total 38144K, used 38112K [0x00000000eaab0000, 0x00000000ef530000, 0x0000000100000000)
  eden space 32704K, 100% used [0x00000000eaab0000,0x00000000ecaa0000,0x00000000ecaa0000)
  from space 5440K, 99% used [0x00000000ecaa0000,0x00000000ecfe8038,0x00000000ecff0000)
  to   space 5440K, 0% used [0x00000000eefe0000,0x00000000eefe0000,0x00000000ef530000)
 ParOldGen       total 87232K, used 2670K [0x00000000c0000000, 0x00000000c5530000, 0x00000000eaab0000)
  object space 87232K, 3% used [0x00000000c0000000,0x00000000c029b8d0,0x00000000c5530000)
 PSPermGen       total 21248K, used 5246K [0x00000000bae00000, 0x00000000bc2c0000, 0x00000000c0000000)
  object space 21248K, 24% used [0x00000000bae00000,0x00000000bb31f8d0,0x00000000bc2c0000)
Event: 6.434 GC heap after
Heap after GC invocations=2 (full 0):
 PSYoungGen      total 70848K, used 5408K [0x00000000eaab0000, 0x00000000ef530000, 0x0000000100000000)
  eden space 65408K, 0% used [0x00000000eaab0000,0x00000000eaab0000,0x00000000eea90000)
  from space 5440K, 99% used [0x00000000eefe0000,0x00000000ef528028,0x00000000ef530000)
  to   space 5440K, 0% used [0x00000000eea90000,0x00000000eea90000,0x00000000eefe0000)
 ParOldGen       total 87232K, used 7581K [0x00000000c0000000, 0x00000000c5530000, 0x00000000eaab0000)
  object space 87232K, 8% used [0x00000000c0000000,0x00000000c0767710,0x00000000c5530000)
 PSPermGen       total 21248K, used 5246K [0x00000000bae00000, 0x00000000bc2c0000, 0x00000000c0000000)
  object space 21248K, 24% used [0x00000000bae00000,0x00000000bb31f8d0,0x00000000bc2c0000)
}
Event: 8.741 GC heap before
{Heap before GC invocations=3 (full 0):
 PSYoungGen      total 70848K, used 70816K [0x00000000eaab0000, 0x00000000ef530000, 0x0000000100000000)
  eden space 65408K, 100% used [0x00000000eaab0000,0x00000000eea90000,0x00000000eea90000)
  from space 5440K, 99% used [0x00000000eefe0000,0x00000000ef528028,0x00000000ef530000)
  to   space 5440K, 0% used [0x00000000eea90000,0x00000000eea90000,0x00000000eefe0000)
 ParOldGen       total 87232K, used 7581K [0x00000000c0000000, 0x00000000c5530000, 0x00000000eaab0000)
  object space 87232K, 8% used [0x00000000c0000000,0x00000000c0767710,0x00000000c5530000)
 PSPermGen       total 21248K, used 5324K [0x00000000bae00000, 0x00000000bc2c0000, 0x00000000c0000000)
  object space 21248K, 25% used [0x00000000bae00000,0x00000000bb3331f0,0x00000000bc2c0000)
Event: 8.847 GC heap after
Heap after GC invocations=3 (full 0):
 PSYoungGen      total 70848K, used 5410K [0x00000000eaab0000, 0x00000000f3510000, 0x0000000100000000)
  eden space 65408K, 0% used [0x00000000eaab0000,0x00000000eaab0000,0x00000000eea90000)
  from space 5440K, 99% used [0x00000000eea90000,0x00000000eefd8940,0x00000000eefe0000)
  to   space 5440K, 0% used [0x00000000f2fc0000,0x00000000f2fc0000,0x00000000f3510000)
 ParOldGen       total 87232K, used 18280K [0x00000000c0000000, 0x00000000c5530000, 0x00000000eaab0000)
  object space 87232K, 20% used [0x00000000c0000000,0x00000000c11da0d0,0x00000000c5530000)
 PSPermGen       total 21248K, used 5324K [0x00000000bae00000, 0x00000000bc2c0000, 0x00000000c0000000)
  object space 21248K, 25% used [0x00000000bae00000,0x00000000bb3331f0,0x00000000bc2c0000)
}

Deoptimization events (10 events):
Event: 7.660 Thread 0x00000000020bf000 Uncommon trap -83 fr.pc 0x000000000241be84
Event: 7.663 Thread 0x00000000020bf000 Uncommon trap -12 fr.pc 0x00000000023c18c4
Event: 7.682 Thread 0x00000000020bf000 Uncommon trap -12 fr.pc 0x00000000024155e0
Event: 7.684 Thread 0x00000000020bf000 Uncommon trap 208 fr.pc 0x00000000024547c4
Event: 7.685 Thread 0x00000000020bf000 Uncommon trap -75 fr.pc 0x00000000023d9284
Event: 8.091 Thread 0x00000000020bf000 Uncommon trap -83 fr.pc 0x000000000246cd68
Event: 8.550 Thread 0x00000000020bf000 Uncommon trap -58 fr.pc 0x0000000002496b2c
Event: 8.619 Thread 0x00000000020bf000 Uncommon trap -83 fr.pc 0x0000000002484124
Event: 9.159 Thread 0x00000000020bf000 Uncommon trap 3 fr.pc 0x00000000023b1aa4
Event: 9.173 Thread 0x00000000020bf000 Uncommon trap 3 fr.pc 0x000000000236bb7c

Internal exceptions (10 events):
Event: 3.796 Thread 0x00000000020bf000 Threw 0x00000000ec4cea18 at C:\jdk7u1_64p\jdk7u9\hotspot\src\share\vm\prims\jvm.cpp:1166
Event: 3.915 Thread 0x00000000020bf000 Threw 0x00000000ec5e74d0 at C:\jdk7u1_64p\jdk7u9\hotspot\src\share\vm\prims\jvm.cpp:1166
Event: 4.529 Thread 0x00000000020bf000 Threw 0x00000000eaca4b10 at C:\jdk7u1_64p\jdk7u9\hotspot\src\share\vm\prims\jvm.cpp:1166
Event: 5.655 Thread 0x00000000020bf000 Threw 0x00000000ebb862e8 at C:\jdk7u1_64p\jdk7u9\hotspot\src\share\vm\prims\jvm.cpp:1166
Event: 6.844 Thread 0x00000000020bf000 Implicit null exception at 0x00000000023777c0 to 0x000000000237870d
Event: 7.130 Thread 0x00000000020bf000 Threw 0x00000000ebcd38d0 at C:\jdk7u1_64p\jdk7u9\hotspot\src\share\vm\prims\jvm.cpp:1166
Event: 7.417 Thread 0x00000000020bf000 Threw 0x00000000ec590960 at C:\jdk7u1_64p\jdk7u9\hotspot\src\share\vm\prims\jvm.cpp:1166
Event: 7.625 Thread 0x00000000020bf000 Implicit null exception at 0x00000000023a98ef to 0x00000000023aab65
Event: 7.663 Thread 0x00000000020bf000 Implicit null exception at 0x00000000023c0ed4 to 0x00000000023c18ad
Event: 7.682 Thread 0x00000000020bf000 Implicit null exception at 0x0000000002414e3c to 0x00000000024155d1

Events (10 events):
Event: 9.173 Thread 0x00000000020bf000 DEOPT PACKING pc=0x000000000236bb7c sp=0x00000000022ce460
Event: 9.173 Thread 0x00000000020bf000 DEOPT UNPACKING pc=0x0000000002309164 sp=0x00000000022ce400 mode 2
Event: 9.342 Executing VM operation: BulkRevokeBias
Event: 9.343 Executing VM operation: BulkRevokeBias done
Event: 9.417 Thread 0x0000000008d3e000 flushing nmethod 0x0000000002407b10
Event: 9.549 Executing VM operation: BulkRevokeBias
Event: 9.549 Executing VM operation: BulkRevokeBias done
Event: 9.551 Thread 0x0000000008d43000 flushing nmethod 0x0000000002336350
Event: 9.563 Thread 0x0000000008d43000 flushing nmethod 0x0000000002376610
Event: 9.566 Thread 0x0000000008d43000 flushing nmethod 0x00000000023a8e10


Dynamic libraries:
0x000000013fb00000 - 0x000000013fb33000 	C:\Program Files\Java\jdk1.7.0_09\bin\java.exe
0x0000000077a30000 - 0x0000000077bd9000 	C:\Windows\SYSTEM32\ntdll.dll
0x0000000077910000 - 0x0000000077a2f000 	C:\Windows\system32\kernel32.dll
0x000007fefdb30000 - 0x000007fefdb9c000 	C:\Windows\system32\KERNELBASE.dll
0x000007feff340000 - 0x000007feff41b000 	C:\Windows\system32\ADVAPI32.dll
0x000007fefe0c0000 - 0x000007fefe15f000 	C:\Windows\system32\msvcrt.dll
0x000007feffcd0000 - 0x000007feffcef000 	C:\Windows\SYSTEM32\sechost.dll
0x000007feff030000 - 0x000007feff15d000 	C:\Windows\system32\RPCRT4.dll
0x0000000077810000 - 0x000000007790a000 	C:\Windows\system32\USER32.dll
0x000007feff450000 - 0x000007feff4b7000 	C:\Windows\system32\GDI32.dll
0x000007fefde40000 - 0x000007fefde4e000 	C:\Windows\system32\LPK.dll
0x000007feff920000 - 0x000007feff9e9000 	C:\Windows\system32\USP10.dll
0x000007fefc340000 - 0x000007fefc534000 	C:\Windows\WinSxS\amd64_microsoft.windows.common-controls_6595b64144ccf1df_6.0.7601.18837_none_fa3b1e3d17594757\COMCTL32.dll
0x000007fefdba0000 - 0x000007fefdc11000 	C:\Windows\system32\SHLWAPI.dll
0x000007feff420000 - 0x000007feff44e000 	C:\Windows\system32\IMM32.DLL
0x000007fefdfb0000 - 0x000007fefe0b9000 	C:\Windows\system32\MSCTF.dll
0x000000006d6b0000 - 0x000000006d781000 	C:\Program Files\Java\jdk1.7.0_09\jre\bin\msvcr100.dll
0x000000006c940000 - 0x000000006d05f000 	C:\Program Files\Java\jdk1.7.0_09\jre\bin\server\jvm.dll
0x000007feedc80000 - 0x000007feedc89000 	C:\Windows\system32\WSOCK32.dll
0x000007feffcf0000 - 0x000007feffd3d000 	C:\Windows\system32\WS2_32.dll
0x000007fefdc20000 - 0x000007fefdc28000 	C:\Windows\system32\NSI.dll
0x000007fefae00000 - 0x000007fefae3b000 	C:\Windows\system32\WINMM.dll
0x0000000077c00000 - 0x0000000077c07000 	C:\Windows\system32\PSAPI.DLL
0x000000006c920000 - 0x000000006c92f000 	C:\Program Files\Java\jdk1.7.0_09\jre\bin\verify.dll
0x000000006c8e0000 - 0x000000006c908000 	C:\Program Files\Java\jdk1.7.0_09\jre\bin\java.dll
0x000000006d330000 - 0x000000006d345000 	C:\Program Files\Java\jdk1.7.0_09\jre\bin\zip.dll

VM Arguments:
jvm_args: -Xmx1024M -Dfile.encoding=windows-1252 -Duser.country=GB -Duser.language=en -Duser.variant 
java_command: com.android.dx.command.Main --dex --output C:\Users\Sinky\StudioProjects\ProtoRunnerV2\ProtoRunnerV2\build\intermediates\dex\debug C:\Users\Sinky\StudioProjects\ProtoRunnerV2\ProtoRunnerV2\build\intermediates\classes\debug C:\Users\Sinky\StudioProjects\ProtoRunnerV2\ProtoRunnerV2\build\intermediates\pre-dexed\debug\support-annotations-22.2.0-ce405e005671120865286fbb1a2542953cb92ee2.jar C:\Users\Sinky\StudioProjects\ProtoRunnerV2\ProtoRunnerV2\build\intermediates\pre-dexed\debug\classes-66fdcfc2144d757ac8530a052d47265e07773092.jar C:\Users\Sinky\StudioProjects\ProtoRunnerV2\ProtoRunnerV2\build\intermediates\pre-dexed\debug\classes-06ab37edf61694c22c293dc9ab41bab488406bc9.jar C:\Users\Sinky\StudioProjects\ProtoRunnerV2\ProtoRunnerV2\build\intermediates\pre-dexed\debug\classes-93f5a97fc040ab1733116df9f83fe928f712b237.jar C:\Users\Sinky\StudioProjects\ProtoRunnerV2\ProtoRunnerV2\build\intermediates\pre-dexed\debug\internal_impl-22.0.0-89a57e48793771ae5d65787933a30f0a9fffdc28.jar C:\Users\Sinky\StudioProjects\ProtoRunnerV2\ProtoRunnerV2\build\intermediates\pre-dexed\debug\classes-8e388dcd8b97a09304cc972cb61d3ffff3cfa55d.jar C:\Users\Sinky\StudioProjects\ProtoRunnerV2\ProtoRunnerV2\build\intermediates\pre-dexed\debug\classes-475e55994f5440e819b7988ff0065d4158443666.jar C:\Users\Sinky\StudioProjects\ProtoRunnerV2\ProtoRunnerV2\build\intermediates\pre-dexed\debug\classes-73d15a7b00f0331346d474c1114b3cc0a1b38ce2.jar C:\Users\Sinky\StudioProjects\ProtoRunnerV2\ProtoRunnerV2\build\intermediates\pre-dexed\debug\classes-b53993833ab07fbfd7d3b51de23eeeca6c4ddeb4.jar C:\Users\Sinky\StudioProjects\ProtoRunnerV2\ProtoRunnerV2\build\intermediates\pre-dexed\debug\classes-b732c20c9a93d8f61a730de1c28f5cdc6066418b.jar C:\Users\Sinky\StudioProjects\ProtoRunnerV2\ProtoRunnerV2\build\intermediates\pre-dexed\debug\classes-45b19e302165e60edda4c2af302b99c3055306bc.jar C:\Users\Sinky\StudioProjects\ProtoRunnerV2\ProtoRunnerV2\build\intermediates\pre-dexed\debug\classes-e2113edb41
Launcher Type: SUN_STANDARD

Environment Variables:
PATH=C:\Program Files (x86)\AMD APP\bin\x86_64;C:\Program Files (x86)\AMD APP\bin\x86;C:\Program Files (x86)\NVIDIA Corporation\PhysX\Common;C:\Program Files\Common Files\Microsoft Shared\Windows Live;C:\Program Files (x86)\Common Files\Microsoft Shared\Windows Live;C:\Windows\system32;C:\Windows;C:\Windows\System32\Wbem;C:\Windows\System32\WindowsPowerShell\v1.0\;C:\Program Files (x86)\ATI Technologies\ATI.ACE\Core-Static;C:\Program Files (x86)\Windows Live\Shared;C:\Program Files\Common Files\Autodesk Shared\;c:\Program Files (x86)\Microsoft SQL Server\100\Tools\Binn\;c:\Program Files (x86)\Microsoft SQL Server\100\DTS\Binn\;C:\Program Files\Microsoft SQL Server\110\Tools\Binn\;C:\Program Files\TortoiseGit\bin;C:\Program Files\Microsoft\Web Platform Installer\;C:\Program Files (x86)\Microsoft SDKs\TypeScript\1.0\
USERNAME=Sinky
OS=Windows_NT
PROCESSOR_IDENTIFIER=AMD64 Family 21 Model 1 Stepping 2, AuthenticAMD



---------------  S Y S T E M  ---------------

OS: Windows 7 , 64 bit Build 7601 Service Pack 1

CPU:total 4 (4 cores per cpu, 1 threads per core) family 21 model 1 stepping 2, cmov, cx8, fxsr, mmx, sse, sse2, sse3, ssse3, sse4.1, sse4.2, popcnt, avx, mmxext, 3dnowpref, lzcnt, sse4a, tsc, tscinvbit, tscinv

Memory: 4k page, physical 8370296k(3430856k free), swap 16738756k(10729500k free)

vm_info: Java HotSpot(TM) 64-Bit Server VM (23.5-b02) for windows-amd64 JRE (1.7.0_09-b05), built on Sep 24 2012 21:45:04 by "java_re" with unknown MS VC++:1600

time: Sat Jul 04 01:39:19 2015
elapsed time: 9 seconds

