#
# A fatal error has been detected by the Java Runtime Environment:
#
#  EXCEPTION_ACCESS_VIOLATION (0xc0000005) at pc=0x0000000060062ffb, pid=3404, tid=3016
#
# JRE version: 7.0_09-b05
# Java VM: Java HotSpot(TM) 64-Bit Server VM (23.5-b02 mixed mode windows-amd64 compressed oops)
# Problematic frame:
# V  [jvm.dll+0x82ffb]
#
# Failed to write core dump. Minidumps are not enabled by default on client versions of Windows
#
# If you would like to submit a bug report, please visit:
#   http://bugreport.sun.com/bugreport/crash.jsp
#

---------------  T H R E A D  ---------------

Current thread (0x000000000237f000):  JavaThread "main" [_thread_in_vm, id=3016, stack(0x0000000002380000,0x0000000002480000)]

siginfo: ExceptionCode=0xc0000005, reading address 0x0000000000000007

Registers:
RAX=0x000000000237fa30, RBX=0x0000000000000000, RCX=0x00000000bb129af0, RDX=0x000000000237fa08
RSP=0x000000000247d490, RBP=0x00000000021c78e0, RSI=0x000000000237fa20, RDI=0x000000000237fa28
R8 =0x00000000bb129af0, R9 =0x0000000000000040, R10=0x00000000bb129af0, R11=0x0000000000000005
R12=0xffffffffffffffff, R13=0x000000000237f000, R14=0x000000000221d090, R15=0x000000000221b000
RIP=0x0000000060062ffb, EFLAGS=0x0000000000010202

Top of Stack: (sp=0x000000000247d490)
0x000000000247d490:   000000000221b001 000000000237fa10
0x000000000247d4a0:   0000000000000000 0000000000000005
0x000000000247d4b0:   0000000000000000 000000000247e3d0
0x000000000247d4c0:   000000000247d980 00000000601a27e6
0x000000000247d4d0:   000000000237f000 000000000247d630
0x000000000247d4e0:   000000000247d670 000000000247d5e0
0x000000000247d4f0:   000000000247d990 0000000000000005
0x000000000247d500:   000000000237f000 00000000bb129af0
0x000000000247d510:   000000000237fa08 000000000247d980
0x000000000247d520:   000000000247d670 0000000060063119
0x000000000247d530:   000000000247d9f0 000000000237fa08
0x000000000247d540:   000000000247d9f0 b62a150000000000
0x000000000247d550:   000000000237f000 000000000247d670
0x000000000247d560:   00000000021c78e0 00000000601a3ee3
0x000000000247d570:   000000000237f000 000000000237f9d8
0x000000000247d580:   0600b60500000000 000000000237f9f0 

Instructions: (pc=0x0000000060062ffb)
0x0000000060062fdb:   5d 08 0f 85 bb 00 00 00 48 8b 94 24 a8 00 00 00
0x0000000060062feb:   48 85 d2 74 7d 38 1d f2 8c 62 00 4c 8b 22 74 17
0x0000000060062ffb:   45 8b 64 24 08 8b 0d 12 75 5d 00 49 d3 e4 4c 03
0x000000006006300b:   25 00 75 5d 00 eb 05 4d 8b 64 24 08 4d 85 e4 74 


Register to memory mapping:

RAX=0x000000000237fa30 is an unknown value
RBX=0x0000000000000000 is an unknown value
RCX=0x00000000bb129af0 is an oop
{constant pool} 
 - klass: {other class}
 - holder: 0x00000000bb12a580
 - cache: 0x00000000bb12a888
 -   1 :  : klass_index=11 name_and_type_index=47
 -   2 :  : klass_index=10 name_and_type_index=48
 -   3 :  : 'com/android/dx/cf/iface/Attribute' {0xbb0fffb8}
 -   4 :  : klass_index=10 name_and_type_index=50
 -   5 :  : klass_index=10 name_and_type_index=51
 -   6 :  : klass_index=3 name_and_type_index=52
 -   7 :  : klass_index=3 name_and_type_index=53
 -   8 :  : klass_index=54 name_and_type_index=55
 -   9 :  : klass_index=10 name_and_type_index=56
 -  10 :  : 'com/android/dx/cf/iface/StdAttributeList' {0xbb12a580}
 -  11 :  : 'com/android/dx/util/FixedSizeList' {0xbb1215c0}
 -  12 :  : 'com/android/dx/cf/iface/AttributeList'
 -  13 :  : '<init>'
 -  14 :  : '(I)V'
 -  15 :  : 'Code'
 -  16 :  : 'LineNumberTable'
 -  17 :  : 'LocalVariableTable'
 -  18 :  : 'this'
 -  19 :  : 'Lcom/android/dx/cf/iface/StdAttributeList;'
 -  20 :  : 'size'
 -  21 :  : 'I'
 -  22 :  : 'get'
 -  23 :  : '(I)Lcom/android/dx/cf/iface/Attribute;'
 -  24 :  : 'n'
 -  25 :  : 'byteLength'
 -  26 :  : '()I'
 -  27 :  : 'i'
 -  28 :  : 'sz'
 -  29 :  : 'result'
 -  30 :  : 'StackMapTable'
 -  31 :  : 'findFirst'
 -  32 :  : '(Ljava/lang/String;)Lcom/android/dx/cf/iface/Attribute;'
 -  33 :  : 'att'
 -  34 :  : 'Lcom/android/dx/cf/iface/Attribute;'
 -  35 :  : 'name'
 -  36 :  : 'Ljava/lang/String;'
 -  37 :  : 'findNext'
 -  38 :  : '(Lcom/android/dx/cf/iface/Attribute;)Lcom/android/dx/cf/iface/Attribute;'
 -  39 :  : 'attrib'
 -  40 :  : 'at'
 -  41 :  : 'java/lang/String'
 -  42 :  : 'set'
 -  43 :  : '(ILcom/android/dx/cf/iface/Attribute;)V'
 -  44 :  : 'attribute'
 -  45 :  : 'SourceFile'
 -  46 :  : 'StdAttributeList.java'
 -  47 :  : name_index=13 signature_index=14
 -  48 :  : name_index=61 signature_index=62
 -  49 :  : 'com/android/dx/cf/iface/Attribute'
 -  50 :  : name_index=20 signature_index=26
 -  51 :  : name_index=22 signature_index=23
 -  52 :  : name_index=25 signature_index=26
 -  53 :  : name_index=63 signature_index=64
 -  54 :  : 'java/lang/String' {0xbae0b6c0}
 -  55 :  : name_index=65 signature_index=66
 -  56 :  : name_index=67 signature_index=68
 -  57 :  : 'com/android/dx/cf/iface/StdAttributeList'
 -  58 :  : 'com/android/dx/util/FixedSizeList'
 -  59 :  : 'com/android/dx/cf/iface/AttributeList'
 -  60 :  : 'java/lang/String'
 -  61 :  : 'get0'
 -  62 :  : '(I)Ljava/lang/Object;'
 -  63 :  : 'getName'
 -  64 :  : '()Ljava/lang/String;'
 -  65 :  : 'equals'
 -  66 :  : '(Ljava/lang/Object;)Z'
 -  67 :  : 'set0'
 -  68 :  : '(ILjava/lang/Object;)V'

RDX=0x000000000237fa08 is an unknown value
RSP=0x000000000247d490 is pointing into the stack for thread: 0x000000000237f000
RBP=0x00000000021c78e0 is an unknown value
RSI=0x000000000237fa20 is an unknown value
RDI=0x000000000237fa28 is an unknown value
R8 =0x00000000bb129af0 is an oop
{constant pool} 
 - klass: {other class}
 - holder: 0x00000000bb12a580
 - cache: 0x00000000bb12a888
 -   1 :  : klass_index=11 name_and_type_index=47
 -   2 :  : klass_index=10 name_and_type_index=48
 -   3 :  : 'com/android/dx/cf/iface/Attribute' {0xbb0fffb8}
 -   4 :  : klass_index=10 name_and_type_index=50
 -   5 :  : klass_index=10 name_and_type_index=51
 -   6 :  : klass_index=3 name_and_type_index=52
 -   7 :  : klass_index=3 name_and_type_index=53
 -   8 :  : klass_index=54 name_and_type_index=55
 -   9 :  : klass_index=10 name_and_type_index=56
 -  10 :  : 'com/android/dx/cf/iface/StdAttributeList' {0xbb12a580}
 -  11 :  : 'com/android/dx/util/FixedSizeList' {0xbb1215c0}
 -  12 :  : 'com/android/dx/cf/iface/AttributeList'
 -  13 :  : '<init>'
 -  14 :  : '(I)V'
 -  15 :  : 'Code'
 -  16 :  : 'LineNumberTable'
 -  17 :  : 'LocalVariableTable'
 -  18 :  : 'this'
 -  19 :  : 'Lcom/android/dx/cf/iface/StdAttributeList;'
 -  20 :  : 'size'
 -  21 :  : 'I'
 -  22 :  : 'get'
 -  23 :  : '(I)Lcom/android/dx/cf/iface/Attribute;'
 -  24 :  : 'n'
 -  25 :  : 'byteLength'
 -  26 :  : '()I'
 -  27 :  : 'i'
 -  28 :  : 'sz'
 -  29 :  : 'result'
 -  30 :  : 'StackMapTable'
 -  31 :  : 'findFirst'
 -  32 :  : '(Ljava/lang/String;)Lcom/android/dx/cf/iface/Attribute;'
 -  33 :  : 'att'
 -  34 :  : 'Lcom/android/dx/cf/iface/Attribute;'
 -  35 :  : 'name'
 -  36 :  : 'Ljava/lang/String;'
 -  37 :  : 'findNext'
 -  38 :  : '(Lcom/android/dx/cf/iface/Attribute;)Lcom/android/dx/cf/iface/Attribute;'
 -  39 :  : 'attrib'
 -  40 :  : 'at'
 -  41 :  : 'java/lang/String'
 -  42 :  : 'set'
 -  43 :  : '(ILcom/android/dx/cf/iface/Attribute;)V'
 -  44 :  : 'attribute'
 -  45 :  : 'SourceFile'
 -  46 :  : 'StdAttributeList.java'
 -  47 :  : name_index=13 signature_index=14
 -  48 :  : name_index=61 signature_index=62
 -  49 :  : 'com/android/dx/cf/iface/Attribute'
 -  50 :  : name_index=20 signature_index=26
 -  51 :  : name_index=22 signature_index=23
 -  52 :  : name_index=25 signature_index=26
 -  53 :  : name_index=63 signature_index=64
 -  54 :  : 'java/lang/String' {0xbae0b6c0}
 -  55 :  : name_index=65 signature_index=66
 -  56 :  : name_index=67 signature_index=68
 -  57 :  : 'com/android/dx/cf/iface/StdAttributeList'
 -  58 :  : 'com/android/dx/util/FixedSizeList'
 -  59 :  : 'com/android/dx/cf/iface/AttributeList'
 -  60 :  : 'java/lang/String'
 -  61 :  : 'get0'
 -  62 :  : '(I)Ljava/lang/Object;'
 -  63 :  : 'getName'
 -  64 :  : '()Ljava/lang/String;'
 -  65 :  : 'equals'
 -  66 :  : '(Ljava/lang/Object;)Z'
 -  67 :  : 'set0'
 -  68 :  : '(ILjava/lang/Object;)V'

R9 =0x0000000000000040 is an unknown value
R10=0x00000000bb129af0 is an oop
{constant pool} 
 - klass: {other class}
 - holder: 0x00000000bb12a580
 - cache: 0x00000000bb12a888
 -   1 :  : klass_index=11 name_and_type_index=47
 -   2 :  : klass_index=10 name_and_type_index=48
 -   3 :  : 'com/android/dx/cf/iface/Attribute' {0xbb0fffb8}
 -   4 :  : klass_index=10 name_and_type_index=50
 -   5 :  : klass_index=10 name_and_type_index=51
 -   6 :  : klass_index=3 name_and_type_index=52
 -   7 :  : klass_index=3 name_and_type_index=53
 -   8 :  : klass_index=54 name_and_type_index=55
 -   9 :  : klass_index=10 name_and_type_index=56
 -  10 :  : 'com/android/dx/cf/iface/StdAttributeList' {0xbb12a580}
 -  11 :  : 'com/android/dx/util/FixedSizeList' {0xbb1215c0}
 -  12 :  : 'com/android/dx/cf/iface/AttributeList'
 -  13 :  : '<init>'
 -  14 :  : '(I)V'
 -  15 :  : 'Code'
 -  16 :  : 'LineNumberTable'
 -  17 :  : 'LocalVariableTable'
 -  18 :  : 'this'
 -  19 :  : 'Lcom/android/dx/cf/iface/StdAttributeList;'
 -  20 :  : 'size'
 -  21 :  : 'I'
 -  22 :  : 'get'
 -  23 :  : '(I)Lcom/android/dx/cf/iface/Attribute;'
 -  24 :  : 'n'
 -  25 :  : 'byteLength'
 -  26 :  : '()I'
 -  27 :  : 'i'
 -  28 :  : 'sz'
 -  29 :  : 'result'
 -  30 :  : 'StackMapTable'
 -  31 :  : 'findFirst'
 -  32 :  : '(Ljava/lang/String;)Lcom/android/dx/cf/iface/Attribute;'
 -  33 :  : 'att'
 -  34 :  : 'Lcom/android/dx/cf/iface/Attribute;'
 -  35 :  : 'name'
 -  36 :  : 'Ljava/lang/String;'
 -  37 :  : 'findNext'
 -  38 :  : '(Lcom/android/dx/cf/iface/Attribute;)Lcom/android/dx/cf/iface/Attribute;'
 -  39 :  : 'attrib'
 -  40 :  : 'at'
 -  41 :  : 'java/lang/String'
 -  42 :  : 'set'
 -  43 :  : '(ILcom/android/dx/cf/iface/Attribute;)V'
 -  44 :  : 'attribute'
 -  45 :  : 'SourceFile'
 -  46 :  : 'StdAttributeList.java'
 -  47 :  : name_index=13 signature_index=14
 -  48 :  : name_index=61 signature_index=62
 -  49 :  : 'com/android/dx/cf/iface/Attribute'
 -  50 :  : name_index=20 signature_index=26
 -  51 :  : name_index=22 signature_index=23
 -  52 :  : name_index=25 signature_index=26
 -  53 :  : name_index=63 signature_index=64
 -  54 :  : 'java/lang/String' {0xbae0b6c0}
 -  55 :  : name_index=65 signature_index=66
 -  56 :  : name_index=67 signature_index=68
 -  57 :  : 'com/android/dx/cf/iface/StdAttributeList'
 -  58 :  : 'com/android/dx/util/FixedSizeList'
 -  59 :  : 'com/android/dx/cf/iface/AttributeList'
 -  60 :  : 'java/lang/String'
 -  61 :  : 'get0'
 -  62 :  : '(I)Ljava/lang/Object;'
 -  63 :  : 'getName'
 -  64 :  : '()Ljava/lang/String;'
 -  65 :  : 'equals'
 -  66 :  : '(Ljava/lang/Object;)Z'
 -  67 :  : 'set0'
 -  68 :  : '(ILjava/lang/Object;)V'

R11=0x0000000000000005 is an unknown value
R12=0xffffffffffffffff is an unknown value
R13=0x000000000237f000 is a thread
R14=0x000000000221d090 is an unknown value
R15=0x000000000221b000 is an unknown value


Stack: [0x0000000002380000,0x0000000002480000],  sp=0x000000000247d490,  free space=1013k
Native frames: (J=compiled Java code, j=interpreted, Vv=VM code, C=native code)
V  [jvm.dll+0x82ffb]

Java frames: (J=compiled Java code, j=interpreted, Vv=VM code)
v  ~RuntimeStub::resolve_virtual_call
J  com.android.dx.dex.cf.AttributeTranslator.getAnnotations(Lcom/android/dx/cf/iface/AttributeList;)Lcom/android/dx/rop/annotation/Annotations;
j  com.android.dx.dex.cf.AttributeTranslator.getMethodAnnotations(Lcom/android/dx/cf/iface/Method;)Lcom/android/dx/rop/annotation/Annotations;+6
j  com.android.dx.dex.cf.CfTranslator.processMethods(Lcom/android/dx/cf/direct/DirectClassFile;Lcom/android/dx/dex/cf/CfOptions;Lcom/android/dx/dex/DexOptions;Lcom/android/dx/dex/file/ClassDefItem;Lcom/android/dx/dex/file/DexFile;)V+456
J  com.android.dx.dex.cf.CfTranslator.translate0(Lcom/android/dx/cf/direct/DirectClassFile;[BLcom/android/dx/dex/cf/CfOptions;Lcom/android/dx/dex/DexOptions;Lcom/android/dx/dex/file/DexFile;)Lcom/android/dx/dex/file/ClassDefItem;
j  com.android.dx.dex.cf.CfTranslator.translate(Lcom/android/dx/cf/direct/DirectClassFile;[BLcom/android/dx/dex/cf/CfOptions;Lcom/android/dx/dex/DexOptions;Lcom/android/dx/dex/file/DexFile;)Lcom/android/dx/dex/file/ClassDefItem;+6
j  com.android.dx.command.dexer.Main.processClass(Ljava/lang/String;[B)Z+251
j  com.android.dx.command.dexer.Main.processFileBytes(Ljava/lang/String;J[B)Z+188
j  com.android.dx.command.dexer.Main.access$300(Ljava/lang/String;J[B)Z+3
j  com.android.dx.command.dexer.Main$1.processFileBytes(Ljava/lang/String;J[B)Z+4
j  com.android.dx.cf.direct.ClassPathOpener.processOne(Ljava/io/File;Z)Z+82
j  com.android.dx.cf.direct.ClassPathOpener.processDirectory(Ljava/io/File;Z)Z+64
j  com.android.dx.cf.direct.ClassPathOpener.processOne(Ljava/io/File;Z)Z+10
j  com.android.dx.cf.direct.ClassPathOpener.processDirectory(Ljava/io/File;Z)Z+64
j  com.android.dx.cf.direct.ClassPathOpener.processOne(Ljava/io/File;Z)Z+10
j  com.android.dx.cf.direct.ClassPathOpener.processDirectory(Ljava/io/File;Z)Z+64
j  com.android.dx.cf.direct.ClassPathOpener.processOne(Ljava/io/File;Z)Z+10
j  com.android.dx.cf.direct.ClassPathOpener.processDirectory(Ljava/io/File;Z)Z+64
j  com.android.dx.cf.direct.ClassPathOpener.processOne(Ljava/io/File;Z)Z+10
j  com.android.dx.cf.direct.ClassPathOpener.processDirectory(Ljava/io/File;Z)Z+64
j  com.android.dx.cf.direct.ClassPathOpener.processOne(Ljava/io/File;Z)Z+10
j  com.android.dx.cf.direct.ClassPathOpener.process()Z+15
j  com.android.dx.command.dexer.Main.processOne(Ljava/lang/String;Lcom/android/dx/cf/direct/ClassPathOpener$FileNameFilter;)V+58
j  com.android.dx.command.dexer.Main.processAllFiles()Z+202
j  com.android.dx.command.dexer.Main.runMonoDex()I+58
j  com.android.dx.command.dexer.Main.run(Lcom/android/dx/command/dexer/Main$Arguments;)I+76
j  com.android.dx.command.dexer.Main.main([Ljava/lang/String;)V+14
j  com.android.dx.command.Main.main([Ljava/lang/String;)V+61
v  ~StubRoutines::call_stub

---------------  P R O C E S S  ---------------

Java Threads: ( => current thread )
  0x0000000008d89800 JavaThread "Service Thread" daemon [_thread_blocked, id=4312, stack(0x000000000a630000,0x000000000a730000)]
  0x0000000008d80800 JavaThread "C2 CompilerThread1" daemon [_thread_in_native, id=6384, stack(0x000000000a7a0000,0x000000000a8a0000)]
  0x0000000008d7b800 JavaThread "C2 CompilerThread0" daemon [_thread_in_native, id=6968, stack(0x000000000a4f0000,0x000000000a5f0000)]
  0x0000000008d79800 JavaThread "Attach Listener" daemon [_thread_blocked, id=3616, stack(0x000000000a2f0000,0x000000000a3f0000)]
  0x0000000008d72000 JavaThread "Signal Dispatcher" daemon [_thread_blocked, id=6524, stack(0x0000000009c30000,0x0000000009d30000)]
  0x0000000002289000 JavaThread "Finalizer" daemon [_thread_blocked, id=6640, stack(0x000000000a180000,0x000000000a280000)]
  0x0000000002281000 JavaThread "Reference Handler" daemon [_thread_blocked, id=6560, stack(0x0000000009f80000,0x000000000a080000)]
=>0x000000000237f000 JavaThread "main" [_thread_in_vm, id=3016, stack(0x0000000002380000,0x0000000002480000)]

Other Threads:
  0x0000000008cf2800 VMThread [stack: 0x0000000009d90000,0x0000000009e90000] [id=5220]
  0x0000000008d92800 WatcherThread [stack: 0x000000000a950000,0x000000000aa50000] [id=6772]

VM state:not at safepoint (normal execution)

VM Mutex/Monitor currently owned by a thread: None

Heap
 PSYoungGen      total 70848K, used 20889K [0x00000000eaab0000, 0x00000000f3510000, 0x0000000100000000)
  eden space 65408K, 23% used [0x00000000eaab0000,0x00000000eb9cddd0,0x00000000eea90000)
  from space 5440K, 99% used [0x00000000eea90000,0x00000000eefd8968,0x00000000eefe0000)
  to   space 5440K, 0% used [0x00000000f2fc0000,0x00000000f2fc0000,0x00000000f3510000)
 ParOldGen       total 87232K, used 18145K [0x00000000c0000000, 0x00000000c5530000, 0x00000000eaab0000)
  object space 87232K, 20% used [0x00000000c0000000,0x00000000c11b8628,0x00000000c5530000)
 PSPermGen       total 21248K, used 5333K [0x00000000bae00000, 0x00000000bc2c0000, 0x00000000c0000000)
  object space 21248K, 25% used [0x00000000bae00000,0x00000000bb335468,0x00000000bc2c0000)

Card table byte_map: [0x0000000005480000,0x00000000056b0000] byte_map_base: 0x0000000004ea9000

Polling page: 0x0000000000140000

Code Cache  [0x0000000002480000, 0x00000000026f0000, 0x0000000005480000)
 total_blobs=761 nmethods=552 adapters=160 free_code_cache=47014Kb largest_free_block=48099904

Compilation events (10 events):
Event: 8.498 Thread 0x0000000008d7b800  535             com.android.dx.rop.code.Rop::isCommutative (60 bytes)
Event: 8.499 Thread 0x0000000008d7b800 nmethod 535 0x0000000002689110 code [0x0000000002689240, 0x00000000026892b8]
Event: 8.499 Thread 0x0000000008d7b800  536   !         com.android.dx.cf.direct.MemberListParser::parse (641 bytes)
Event: 8.531 Thread 0x0000000008d80800 nmethod 525 0x000000000268d2d0 code [0x000000000268d580, 0x000000000268e620]
Event: 8.531 Thread 0x0000000008d80800  537             com.android.dx.dex.file.IdItem::<init> (24 bytes)
Event: 8.532 Thread 0x0000000008d80800 nmethod 537 0x0000000002688ed0 code [0x0000000002689000, 0x0000000002689098]
Event: 8.532 Thread 0x0000000008d80800  538             com.android.dx.dex.file.MemberIdItem::<init> (14 bytes)
Event: 8.535 Thread 0x0000000008d80800 nmethod 538 0x0000000002678550 code [0x0000000002678680, 0x0000000002678738]
Event: 8.535 Thread 0x0000000008d80800  539             com.android.dx.dex.cf.AttributeTranslator::getAnnotations (22 bytes)
Event: 8.561 Thread 0x0000000008d80800 nmethod 539 0x0000000002689e90 code [0x000000000268a060, 0x000000000268a8f8]

GC Heap History (6 events):
Event: 3.702 GC heap before
{Heap before GC invocations=1 (full 0):
 PSYoungGen      total 38144K, used 32704K [0x00000000eaab0000, 0x00000000ed540000, 0x0000000100000000)
  eden space 32704K, 100% used [0x00000000eaab0000,0x00000000ecaa0000,0x00000000ecaa0000)
  from space 5440K, 0% used [0x00000000ecff0000,0x00000000ecff0000,0x00000000ed540000)
  to   space 5440K, 0% used [0x00000000ecaa0000,0x00000000ecaa0000,0x00000000ecff0000)
 ParOldGen       total 87232K, used 0K [0x00000000c0000000, 0x00000000c5530000, 0x00000000eaab0000)
  object space 87232K, 0% used [0x00000000c0000000,0x00000000c0000000,0x00000000c5530000)
 PSPermGen       total 21248K, used 5130K [0x00000000bae00000, 0x00000000bc2c0000, 0x00000000c0000000)
  object space 21248K, 24% used [0x00000000bae00000,0x00000000bb3028b8,0x00000000bc2c0000)
Event: 3.768 GC heap after
Heap after GC invocations=1 (full 0):
 PSYoungGen      total 38144K, used 5424K [0x00000000eaab0000, 0x00000000ef530000, 0x0000000100000000)
  eden space 32704K, 0% used [0x00000000eaab0000,0x00000000eaab0000,0x00000000ecaa0000)
  from space 5440K, 99% used [0x00000000ecaa0000,0x00000000ecfec028,0x00000000ecff0000)
  to   space 5440K, 0% used [0x00000000eefe0000,0x00000000eefe0000,0x00000000ef530000)
 ParOldGen       total 87232K, used 2850K [0x00000000c0000000, 0x00000000c5530000, 0x00000000eaab0000)
  object space 87232K, 3% used [0x00000000c0000000,0x00000000c02c8858,0x00000000c5530000)
 PSPermGen       total 21248K, used 5130K [0x00000000bae00000, 0x00000000bc2c0000, 0x00000000c0000000)
  object space 21248K, 24% used [0x00000000bae00000,0x00000000bb3028b8,0x00000000bc2c0000)
}
Event: 5.428 GC heap before
{Heap before GC invocations=2 (full 0):
 PSYoungGen      total 38144K, used 38128K [0x00000000eaab0000, 0x00000000ef530000, 0x0000000100000000)
  eden space 32704K, 100% used [0x00000000eaab0000,0x00000000ecaa0000,0x00000000ecaa0000)
  from space 5440K, 99% used [0x00000000ecaa0000,0x00000000ecfec028,0x00000000ecff0000)
  to   space 5440K, 0% used [0x00000000eefe0000,0x00000000eefe0000,0x00000000ef530000)
 ParOldGen       total 87232K, used 2850K [0x00000000c0000000, 0x00000000c5530000, 0x00000000eaab0000)
  object space 87232K, 3% used [0x00000000c0000000,0x00000000c02c8858,0x00000000c5530000)
 PSPermGen       total 21248K, used 5249K [0x00000000bae00000, 0x00000000bc2c0000, 0x00000000c0000000)
  object space 21248K, 24% used [0x00000000bae00000,0x00000000bb320720,0x00000000bc2c0000)
Event: 5.462 GC heap after
Heap after GC invocations=2 (full 0):
 PSYoungGen      total 70848K, used 5408K [0x00000000eaab0000, 0x00000000ef530000, 0x0000000100000000)
  eden space 65408K, 0% used [0x00000000eaab0000,0x00000000eaab0000,0x00000000eea90000)
  from space 5440K, 99% used [0x00000000eefe0000,0x00000000ef528028,0x00000000ef530000)
  to   space 5440K, 0% used [0x00000000eea90000,0x00000000eea90000,0x00000000eefe0000)
 ParOldGen       total 87232K, used 7874K [0x00000000c0000000, 0x00000000c5530000, 0x00000000eaab0000)
  object space 87232K, 9% used [0x00000000c0000000,0x00000000c07b0868,0x00000000c5530000)
 PSPermGen       total 21248K, used 5249K [0x00000000bae00000, 0x00000000bc2c0000, 0x00000000c0000000)
  object space 21248K, 24% used [0x00000000bae00000,0x00000000bb320720,0x00000000bc2c0000)
}
Event: 7.990 GC heap before
{Heap before GC invocations=3 (full 0):
 PSYoungGen      total 70848K, used 70816K [0x00000000eaab0000, 0x00000000ef530000, 0x0000000100000000)
  eden space 65408K, 100% used [0x00000000eaab0000,0x00000000eea90000,0x00000000eea90000)
  from space 5440K, 99% used [0x00000000eefe0000,0x00000000ef528028,0x00000000ef530000)
  to   space 5440K, 0% used [0x00000000eea90000,0x00000000eea90000,0x00000000eefe0000)
 ParOldGen       total 87232K, used 7874K [0x00000000c0000000, 0x00000000c5530000, 0x00000000eaab0000)
  object space 87232K, 9% used [0x00000000c0000000,0x00000000c07b0868,0x00000000c5530000)
 PSPermGen       total 21248K, used 5316K [0x00000000bae00000, 0x00000000bc2c0000, 0x00000000c0000000)
  object space 21248K, 25% used [0x00000000bae00000,0x00000000bb3312c0,0x00000000bc2c0000)
Event: 8.053 GC heap after
Heap after GC invocations=3 (full 0):
 PSYoungGen      total 70848K, used 5410K [0x00000000eaab0000, 0x00000000f3510000, 0x0000000100000000)
  eden space 65408K, 0% used [0x00000000eaab0000,0x00000000eaab0000,0x00000000eea90000)
  from space 5440K, 99% used [0x00000000eea90000,0x00000000eefd8968,0x00000000eefe0000)
  to   space 5440K, 0% used [0x00000000f2fc0000,0x00000000f2fc0000,0x00000000f3510000)
 ParOldGen       total 87232K, used 18145K [0x00000000c0000000, 0x00000000c5530000, 0x00000000eaab0000)
  object space 87232K, 20% used [0x00000000c0000000,0x00000000c11b8628,0x00000000c5530000)
 PSPermGen       total 21248K, used 5316K [0x00000000bae00000, 0x00000000bc2c0000, 0x00000000c0000000)
  object space 21248K, 25% used [0x00000000bae00000,0x00000000bb3312c0,0x00000000bc2c0000)
}

Deoptimization events (10 events):
Event: 6.301 Thread 0x000000000237f000 Uncommon trap -83 fr.pc 0x00000000024e9f84
Event: 6.644 Thread 0x000000000237f000 Uncommon trap -58 fr.pc 0x000000000260e1e0
Event: 6.646 Thread 0x000000000237f000 Uncommon trap -58 fr.pc 0x000000000260e1e0
Event: 6.766 Thread 0x000000000237f000 Uncommon trap -12 fr.pc 0x000000000254a954
Event: 6.814 Thread 0x000000000237f000 Uncommon trap -83 fr.pc 0x00000000025ac680
Event: 6.820 Thread 0x000000000237f000 Uncommon trap -12 fr.pc 0x0000000002555a7c
Event: 6.853 Thread 0x000000000237f000 Uncommon trap 208 fr.pc 0x00000000025ea984
Event: 6.854 Thread 0x000000000237f000 Uncommon trap -75 fr.pc 0x00000000025bcad0
Event: 7.410 Thread 0x000000000237f000 Uncommon trap -83 fr.pc 0x0000000002624238
Event: 7.812 Thread 0x000000000237f000 Uncommon trap -12 fr.pc 0x00000000025ca060

Internal exceptions (10 events):
Event: 3.340 Thread 0x000000000237f000 Threw 0x00000000ec72aa48 at C:\jdk7u1_64p\jdk7u9\hotspot\src\share\vm\prims\jvm.cpp:1166
Event: 3.678 Thread 0x000000000237f000 Implicit null exception at 0x000000000254eaf2 to 0x000000000254f9a1
Event: 4.013 Thread 0x000000000237f000 Threw 0x00000000eaef5538 at C:\jdk7u1_64p\jdk7u9\hotspot\src\share\vm\prims\jvm.cpp:1166
Event: 4.807 Thread 0x000000000237f000 Threw 0x00000000ebd9f728 at C:\jdk7u1_64p\jdk7u9\hotspot\src\share\vm\prims\jvm.cpp:1166
Event: 5.719 Thread 0x000000000237f000 Threw 0x00000000eb277970 at C:\jdk7u1_64p\jdk7u9\hotspot\src\share\vm\prims\jvm.cpp:1166
Event: 6.172 Thread 0x000000000237f000 Threw 0x00000000ebe56528 at C:\jdk7u1_64p\jdk7u9\hotspot\src\share\vm\prims\jvm.cpp:1166
Event: 6.220 Thread 0x000000000237f000 Implicit null exception at 0x00000000025fabb8 to 0x00000000025fd4f9
Event: 6.766 Thread 0x000000000237f000 Implicit null exception at 0x000000000254959b to 0x000000000254a929
Event: 6.820 Thread 0x000000000237f000 Implicit null exception at 0x0000000002554f3d to 0x0000000002555a61
Event: 7.812 Thread 0x000000000237f000 Implicit null exception at 0x00000000025c98bc to 0x00000000025ca051

Events (10 events):
Event: 6.853 Thread 0x000000000237f000 DEOPT PACKING pc=0x00000000025ea984 sp=0x000000000247e460
Event: 6.853 Thread 0x000000000237f000 DEOPT UNPACKING pc=0x00000000024b9164 sp=0x000000000247e400 mode 2
Event: 6.854 Thread 0x000000000237f000 DEOPT PACKING pc=0x00000000025bcad0 sp=0x000000000247e250
Event: 6.854 Thread 0x000000000237f000 DEOPT UNPACKING pc=0x00000000024b9164 sp=0x000000000247e1e0 mode 2
Event: 7.410 Thread 0x000000000237f000 DEOPT PACKING pc=0x0000000002624238 sp=0x000000000247e130
Event: 7.410 Thread 0x000000000237f000 DEOPT UNPACKING pc=0x00000000024b9164 sp=0x000000000247e0a8 mode 2
Event: 7.812 Thread 0x000000000237f000 DEOPT PACKING pc=0x00000000025ca060 sp=0x000000000247e640
Event: 7.812 Thread 0x000000000237f000 DEOPT UNPACKING pc=0x00000000024b9164 sp=0x000000000247e588 mode 2
Event: 7.990 Executing VM operation: ParallelGCFailedAllocation
Event: 8.053 Executing VM operation: ParallelGCFailedAllocation done


Dynamic libraries:
0x000000013fec0000 - 0x000000013fef3000 	C:\Program Files\Java\jdk1.7.0_09\bin\java.exe
0x0000000077810000 - 0x00000000779b9000 	C:\Windows\SYSTEM32\ntdll.dll
0x00000000776f0000 - 0x000000007780f000 	C:\Windows\system32\kernel32.dll
0x000007fefd740000 - 0x000007fefd7ac000 	C:\Windows\system32\KERNELBASE.dll
0x000007feff6a0000 - 0x000007feff77b000 	C:\Windows\system32\ADVAPI32.dll
0x000007fefde70000 - 0x000007fefdf0f000 	C:\Windows\system32\msvcrt.dll
0x000007fefe550000 - 0x000007fefe56f000 	C:\Windows\SYSTEM32\sechost.dll
0x000007feff780000 - 0x000007feff8ad000 	C:\Windows\system32\RPCRT4.dll
0x00000000775f0000 - 0x00000000776ea000 	C:\Windows\system32\USER32.dll
0x000007feff8e0000 - 0x000007feff947000 	C:\Windows\system32\GDI32.dll
0x000007fefe900000 - 0x000007fefe90e000 	C:\Windows\system32\LPK.dll
0x000007fefe830000 - 0x000007fefe8f9000 	C:\Windows\system32\USP10.dll
0x000007fefc120000 - 0x000007fefc314000 	C:\Windows\WinSxS\amd64_microsoft.windows.common-controls_6595b64144ccf1df_6.0.7601.18837_none_fa3b1e3d17594757\COMCTL32.dll
0x000007fefe620000 - 0x000007fefe691000 	C:\Windows\system32\SHLWAPI.dll
0x000007feff8b0000 - 0x000007feff8de000 	C:\Windows\system32\IMM32.DLL
0x000007feffa10000 - 0x000007feffb19000 	C:\Windows\system32\MSCTF.dll
0x00000000675c0000 - 0x0000000067691000 	C:\Program Files\Java\jdk1.7.0_09\jre\bin\msvcr100.dll
0x000000005ffe0000 - 0x00000000606ff000 	C:\Program Files\Java\jdk1.7.0_09\jre\bin\server\jvm.dll
0x000007fee9690000 - 0x000007fee9699000 	C:\Windows\system32\WSOCK32.dll
0x000007fefe570000 - 0x000007fefe5bd000 	C:\Windows\system32\WS2_32.dll
0x000007fefe540000 - 0x000007fefe548000 	C:\Windows\system32\NSI.dll
0x000007fef76a0000 - 0x000007fef76db000 	C:\Windows\system32\WINMM.dll
0x00000000779d0000 - 0x00000000779d7000 	C:\Windows\system32\PSAPI.DLL
0x0000000074a40000 - 0x0000000074a4f000 	C:\Program Files\Java\jdk1.7.0_09\jre\bin\verify.dll
0x00000000730a0000 - 0x00000000730c8000 	C:\Program Files\Java\jdk1.7.0_09\jre\bin\java.dll
0x0000000073080000 - 0x0000000073095000 	C:\Program Files\Java\jdk1.7.0_09\jre\bin\zip.dll
0x000007fefba40000 - 0x000007fefbb65000 	C:\Windows\system32\dbghelp.dll

VM Arguments:
jvm_args: -Xmx1024M -Dfile.encoding=windows-1252 -Duser.country=GB -Duser.language=en -Duser.variant 
java_command: com.android.dx.command.Main --dex --output C:\Users\Sinky\StudioProjects\ProtoRunnerV2\ProtoRunnerV2\build\intermediates\dex\debug C:\Users\Sinky\StudioProjects\ProtoRunnerV2\ProtoRunnerV2\build\intermediates\classes\debug C:\Users\Sinky\StudioProjects\ProtoRunnerV2\ProtoRunnerV2\build\intermediates\pre-dexed\debug\support-annotations-22.2.0-ce405e005671120865286fbb1a2542953cb92ee2.jar C:\Users\Sinky\StudioProjects\ProtoRunnerV2\ProtoRunnerV2\build\intermediates\pre-dexed\debug\classes-66fdcfc2144d757ac8530a052d47265e07773092.jar C:\Users\Sinky\StudioProjects\ProtoRunnerV2\ProtoRunnerV2\build\intermediates\pre-dexed\debug\classes-06ab37edf61694c22c293dc9ab41bab488406bc9.jar C:\Users\Sinky\StudioProjects\ProtoRunnerV2\ProtoRunnerV2\build\intermediates\pre-dexed\debug\classes-93f5a97fc040ab1733116df9f83fe928f712b237.jar C:\Users\Sinky\StudioProjects\ProtoRunnerV2\ProtoRunnerV2\build\intermediates\pre-dexed\debug\internal_impl-22.0.0-89a57e48793771ae5d65787933a30f0a9fffdc28.jar C:\Users\Sinky\StudioProjects\ProtoRunnerV2\ProtoRunnerV2\build\intermediates\pre-dexed\debug\classes-8e388dcd8b97a09304cc972cb61d3ffff3cfa55d.jar C:\Users\Sinky\StudioProjects\ProtoRunnerV2\ProtoRunnerV2\build\intermediates\pre-dexed\debug\classes-475e55994f5440e819b7988ff0065d4158443666.jar C:\Users\Sinky\StudioProjects\ProtoRunnerV2\ProtoRunnerV2\build\intermediates\pre-dexed\debug\classes-b7a255c659b855a7d768177e722332e1ea9e71a8.jar C:\Users\Sinky\StudioProjects\ProtoRunnerV2\ProtoRunnerV2\build\intermediates\pre-dexed\debug\classes-73d15a7b00f0331346d474c1114b3cc0a1b38ce2.jar C:\Users\Sinky\StudioProjects\ProtoRunnerV2\ProtoRunnerV2\build\intermediates\pre-dexed\debug\classes-b53993833ab07fbfd7d3b51de23eeeca6c4ddeb4.jar C:\Users\Sinky\StudioProjects\ProtoRunnerV2\ProtoRunnerV2\build\intermediates\pre-dexed\debug\classes-b732c20c9a93d8f61a730de1c28f5cdc6066418b.jar C:\Users\Sinky\StudioProjects\ProtoRunnerV2\ProtoRunnerV2\build\intermediates\pre-dexed\debug\classes-45b19e3021
Launcher Type: SUN_STANDARD

Environment Variables:
PATH=C:\Program Files (x86)\AMD APP\bin\x86_64;C:\Program Files (x86)\AMD APP\bin\x86;C:\Program Files (x86)\NVIDIA Corporation\PhysX\Common;C:\Program Files\Common Files\Microsoft Shared\Windows Live;C:\Program Files (x86)\Common Files\Microsoft Shared\Windows Live;C:\Windows\system32;C:\Windows;C:\Windows\System32\Wbem;C:\Windows\System32\WindowsPowerShell\v1.0\;C:\Program Files (x86)\ATI Technologies\ATI.ACE\Core-Static;C:\Program Files (x86)\Windows Live\Shared;C:\Program Files\Common Files\Autodesk Shared\;c:\Program Files (x86)\Microsoft SQL Server\100\Tools\Binn\;c:\Program Files (x86)\Microsoft SQL Server\100\DTS\Binn\;C:\Program Files\Microsoft SQL Server\110\Tools\Binn\;C:\Program Files\TortoiseGit\bin;C:\Program Files\Microsoft\Web Platform Installer\;C:\Program Files (x86)\Microsoft SDKs\TypeScript\1.0\
USERNAME=Sinky
OS=Windows_NT
PROCESSOR_IDENTIFIER=AMD64 Family 21 Model 1 Stepping 2, AuthenticAMD



---------------  S Y S T E M  ---------------

OS: Windows 7 , 64 bit Build 7601 Service Pack 1

CPU:total 4 (4 cores per cpu, 1 threads per core) family 21 model 1 stepping 2, cmov, cx8, fxsr, mmx, sse, sse2, sse3, ssse3, sse4.1, sse4.2, popcnt, avx, mmxext, 3dnowpref, lzcnt, sse4a, tsc, tscinvbit, tscinv

Memory: 4k page, physical 8370296k(3981696k free), swap 16738756k(11371364k free)

vm_info: Java HotSpot(TM) 64-Bit Server VM (23.5-b02) for windows-amd64 JRE (1.7.0_09-b05), built on Sep 24 2012 21:45:04 by "java_re" with unknown MS VC++:1600

time: Sun Jul 26 13:48:38 2015
elapsed time: 8 seconds

