#
# A fatal error has been detected by the Java Runtime Environment:
#
#  EXCEPTION_ACCESS_VIOLATION (0xc0000005) at pc=0x00000000688cf1c8, pid=6168, tid=6164
#
# JRE version: 7.0_09-b05
# Java VM: Java HotSpot(TM) 64-Bit Server VM (23.5-b02 mixed mode windows-amd64 compressed oops)
# Problematic frame:
# V  [jvm.dll+0x5f1c8]
#
# Failed to write core dump. Minidumps are not enabled by default on client versions of Windows
#
# If you would like to submit a bug report, please visit:
#   http://bugreport.sun.com/bugreport/crash.jsp
#

---------------  T H R E A D  ---------------

Current thread (0x000000000885e000):  JavaThread "C2 CompilerThread0" daemon [_thread_in_vm, id=6164, stack(0x0000000009a50000,0x0000000009b50000)]

siginfo: ExceptionCode=0xc0000005, reading address 0x00000000887d8bf0

Registers:
RAX=0xffffffffffffffff, RBX=0x00000000887d8bf0, RCX=0x0000000068a888ec, RDX=0x0000000000000048
RSP=0x0000000009b4de90, RBP=0x000000000000f000, RSI=0x0000000000000001, RDI=0x0000000002487fb0
R8 =0x0000000009b4de01, R9 =0x0000000068870000, R10=0x0000000000000000, R11=0x0000000002487f6e
R12=0x0000000068d70a48, R13=0x0000000000000000, R14=0x0000000000001000, R15=0x0000000000000000
RIP=0x00000000688cf1c8, EFLAGS=0x0000000000010213

Top of Stack: (sp=0x0000000009b4de90)
0x0000000009b4de90:   00000000087d8bf0 0000000000000001
0x0000000009b4dea0:   0000000000000001 000000000a7b8d00
0x0000000009b4deb0:   0000000000000000 0000000002485964
0x0000000009b4dec0:   0000000002486670 00000000024854d0
0x0000000009b4ded0:   0000000002487fae 0000000068a20007
0x0000000009b4dee0:   0000000009b4ded8 0000000068000000
0x0000000009b4def0:   0000000002486680 0000000002486f40
0x0000000009b4df00:   000000000248d480 0000000002486f40
0x0000000009b4df10:   000000000248d480 000000000248dd28
0x0000000009b4df20:   0000000068d70a48 0000000009b4deb0
0x0000000009b4df30:   0000000000000000 00000000688d3515
0x0000000009b4df40:   00000000000011b0 0000000009b4f4d4
0x0000000009b4df50:   0000000009b4f538 0000000009b4f6b8
0x0000000009b4df60:   0000000009b4f6a0 00000000688d220f
0x0000000009b4df70:   0000000008856c70 000000000a7b8d00
0x0000000009b4df80:   0000000009b4f4d4 00000000024854d0 

Instructions: (pc=0x00000000688cf1c8)
0x00000000688cf1a8:   8c 24 90 00 00 00 e8 cd 4d 00 00 48 8b f8 48 8b
0x00000000688cf1b8:   18 48 85 db 74 22 e8 ed 9b 04 00 48 3b d8 74 18
0x00000000688cf1c8:   48 8b 0b 48 89 0f 48 8d 8c 24 90 00 00 00 e8 25
0x00000000688cf1d8:   4e 00 00 e9 13 ff ff ff 48 89 1f 48 8d 8c 24 90 


Register to memory mapping:

RAX=0xffffffffffffffff is an unknown value
RBX=0x00000000887d8bf0 is an unknown value
RCX=0x0000000068a888ec is an unknown value
RDX=0x0000000000000048 is an unknown value
RSP=0x0000000009b4de90 is pointing into the stack for thread: 0x000000000885e000
RBP=0x000000000000f000 is an unknown value
RSI=0x0000000000000001 is an unknown value
RDI=0x00000000024854d0 [CodeBlob (0x00000000024854d0)]
Framesize: 20
R8 =0x0000000009b4de01 is pointing into the stack for thread: 0x000000000885e000
R9 =0x0000000068870000 is an unknown value
R10=0x0000000000000000 is an unknown value
R11=0x00000000024854d0 [CodeBlob (0x00000000024854d0)]
Framesize: 20
R12=0x0000000068d70a48 is an unknown value
R13=0x0000000000000000 is an unknown value
R14=0x0000000000001000 is an unknown value
R15=0x0000000000000000 is an unknown value


Stack: [0x0000000009a50000,0x0000000009b50000],  sp=0x0000000009b4de90,  free space=1015k
Native frames: (J=compiled Java code, y=interpreted, Vv=VM code, C=native code)
V  [jvm.dll+0x5f1c8]

[error occurred during error reporting (printing native stack), id 0xc0000005]


Current CompileTask:
C2:  10145  540   !         com.android.dx.cf.code.BytecodeArray::parseInstruction (2764 bytes)


---------------  P R O C E S S  ---------------

Java Threads: ( => current thread )
  0x0000000008864000 JavaThread "Service Thread" daemon [_thread_blocked, id=3136, stack(0x000000000a180000,0x000000000a280000)]
  0x0000000008863000 JavaThread "C2 CompilerThread1" daemon [_thread_in_native, id=5548, stack(0x000000000a000000,0x000000000a100000)]
=>0x000000000885e000 JavaThread "C2 CompilerThread0" daemon [_thread_in_vm, id=6164, stack(0x0000000009a50000,0x0000000009b50000)]
  0x000000000885c800 JavaThread "Attach Listener" daemon [_thread_blocked, id=3300, stack(0x0000000009ee0000,0x0000000009fe0000)]
  0x0000000008855000 JavaThread "Signal Dispatcher" daemon [_thread_blocked, id=4020, stack(0x0000000009d30000,0x0000000009e30000)]
  0x000000000204c000 JavaThread "Finalizer" daemon [_thread_blocked, id=7068, stack(0x0000000009b60000,0x0000000009c60000)]
  0x0000000002044800 JavaThread "Reference Handler" daemon [_thread_blocked, id=7100, stack(0x0000000009810000,0x0000000009910000)]
  0x000000000050f000 JavaThread "main" [_thread_in_vm, id=6828, stack(0x0000000002180000,0x0000000002280000)]

Other Threads:
  0x00000000087d2000 VMThread [stack: 0x0000000009930000,0x0000000009a30000] [id=1652]
  0x000000000887c800 WatcherThread [stack: 0x000000000a3a0000,0x000000000a4a0000] [id=2028]

VM state:not at safepoint (normal execution)

VM Mutex/Monitor currently owned by a thread:  ([mutex/lock_event])
[0x000000000050c4b0] CodeCache_lock - owner thread: 0x000000000885e000
[0x000000000050dbe0] Compile_lock - owner thread: 0x000000000885e000
[0x000000000050dce0] MethodCompileQueue_lock - owner thread: 0x000000000885e000

Heap
 PSYoungGen      total 70848K, used 19594K [0x00000000eaab0000, 0x00000000f3510000, 0x0000000100000000)
  eden space 65408K, 21% used [0x00000000eaab0000,0x00000000eb88aab0,0x00000000eea90000)
  from space 5440K, 99% used [0x00000000eea90000,0x00000000eefd8028,0x00000000eefe0000)
  to   space 5440K, 0% used [0x00000000f2fc0000,0x00000000f2fc0000,0x00000000f3510000)
 ParOldGen       total 87232K, used 18090K [0x00000000c0000000, 0x00000000c5530000, 0x00000000eaab0000)
  object space 87232K, 20% used [0x00000000c0000000,0x00000000c11aa850,0x00000000c5530000)
 PSPermGen       total 21248K, used 5329K [0x00000000bae00000, 0x00000000bc2c0000, 0x00000000c0000000)
  object space 21248K, 25% used [0x00000000bae00000,0x00000000bb334748,0x00000000bc2c0000)

Card table byte_map: [0x0000000005280000,0x00000000054b0000] byte_map_base: 0x0000000004ca9000

Polling page: 0x0000000000110000

Code Cache  [0x0000000002280000, 0x00000000024f0000, 0x0000000005280000)
 total_blobs=739 nmethods=527 adapters=160 free_code_cache=47050Kb largest_free_block=48146496

Compilation events (10 events):
Event: 9.357 Thread 0x000000000885e000 nmethod 538 0x000000000238ec50 code [0x000000000238edc0, 0x000000000238f198]
Event: 9.358 Thread 0x000000000885e000  539             com.android.dx.cf.code.Simulator$SimVisitor::setPreviousOffset (6 bytes)
Event: 9.358 Thread 0x000000000885e000 nmethod 539 0x000000000238ea50 code [0x000000000238eb80, 0x000000000238ebd8]
Event: 9.358 Thread 0x000000000885e000  540   !         com.android.dx.cf.code.BytecodeArray::parseInstruction (2764 bytes)
Event: 9.396 Thread 0x0000000008863000 nmethod 529 0x000000000247a7d0 code [0x000000000247aa80, 0x000000000247bb20]
Event: 9.397 Thread 0x0000000008863000  541             java.io.DataInputStream::readUnsignedShort (39 bytes)
Event: 9.403 Thread 0x0000000008863000 nmethod 541 0x000000000237e250 code [0x000000000237e3a0, 0x000000000237e558]
Event: 9.403 Thread 0x0000000008863000  542             com.android.dx.dex.file.DexFile::getFieldIds (5 bytes)
Event: 9.403 Thread 0x0000000008863000 nmethod 542 0x000000000237e050 code [0x000000000237e180, 0x000000000237e1d8]
Event: 9.403 Thread 0x0000000008863000  543   !         com.android.dx.cf.code.Ropper::processBlock (1101 bytes)

GC Heap History (6 events):
Event: 4.441 GC heap before
{Heap before GC invocations=1 (full 0):
 PSYoungGen      total 38144K, used 32704K [0x00000000eaab0000, 0x00000000ed540000, 0x0000000100000000)
  eden space 32704K, 100% used [0x00000000eaab0000,0x00000000ecaa0000,0x00000000ecaa0000)
  from space 5440K, 0% used [0x00000000ecff0000,0x00000000ecff0000,0x00000000ed540000)
  to   space 5440K, 0% used [0x00000000ecaa0000,0x00000000ecaa0000,0x00000000ecff0000)
 ParOldGen       total 87232K, used 0K [0x00000000c0000000, 0x00000000c5530000, 0x00000000eaab0000)
  object space 87232K, 0% used [0x00000000c0000000,0x00000000c0000000,0x00000000c5530000)
 PSPermGen       total 21248K, used 5133K [0x00000000bae00000, 0x00000000bc2c0000, 0x00000000c0000000)
  object space 21248K, 24% used [0x00000000bae00000,0x00000000bb3035c8,0x00000000bc2c0000)
Event: 4.511 GC heap after
Heap after GC invocations=1 (full 0):
 PSYoungGen      total 38144K, used 5424K [0x00000000eaab0000, 0x00000000ef530000, 0x0000000100000000)
  eden space 32704K, 0% used [0x00000000eaab0000,0x00000000eaab0000,0x00000000ecaa0000)
  from space 5440K, 99% used [0x00000000ecaa0000,0x00000000ecfec028,0x00000000ecff0000)
  to   space 5440K, 0% used [0x00000000eefe0000,0x00000000eefe0000,0x00000000ef530000)
 ParOldGen       total 87232K, used 2838K [0x00000000c0000000, 0x00000000c5530000, 0x00000000eaab0000)
  object space 87232K, 3% used [0x00000000c0000000,0x00000000c02c5a00,0x00000000c5530000)
 PSPermGen       total 21248K, used 5133K [0x00000000bae00000, 0x00000000bc2c0000, 0x00000000c0000000)
  object space 21248K, 24% used [0x00000000bae00000,0x00000000bb3035c8,0x00000000bc2c0000)
}
Event: 6.596 GC heap before
{Heap before GC invocations=2 (full 0):
 PSYoungGen      total 38144K, used 38128K [0x00000000eaab0000, 0x00000000ef530000, 0x0000000100000000)
  eden space 32704K, 100% used [0x00000000eaab0000,0x00000000ecaa0000,0x00000000ecaa0000)
  from space 5440K, 99% used [0x00000000ecaa0000,0x00000000ecfec028,0x00000000ecff0000)
  to   space 5440K, 0% used [0x00000000eefe0000,0x00000000eefe0000,0x00000000ef530000)
 ParOldGen       total 87232K, used 2838K [0x00000000c0000000, 0x00000000c5530000, 0x00000000eaab0000)
  object space 87232K, 3% used [0x00000000c0000000,0x00000000c02c5a00,0x00000000c5530000)
 PSPermGen       total 21248K, used 5247K [0x00000000bae00000, 0x00000000bc2c0000, 0x00000000c0000000)
  object space 21248K, 24% used [0x00000000bae00000,0x00000000bb31fec0,0x00000000bc2c0000)
Event: 6.650 GC heap after
Heap after GC invocations=2 (full 0):
 PSYoungGen      total 70848K, used 5408K [0x00000000eaab0000, 0x00000000ef530000, 0x0000000100000000)
  eden space 65408K, 0% used [0x00000000eaab0000,0x00000000eaab0000,0x00000000eea90000)
  from space 5440K, 99% used [0x00000000eefe0000,0x00000000ef528028,0x00000000ef530000)
  to   space 5440K, 0% used [0x00000000eea90000,0x00000000eea90000,0x00000000eefe0000)
 ParOldGen       total 87232K, used 7710K [0x00000000c0000000, 0x00000000c5530000, 0x00000000eaab0000)
  object space 87232K, 8% used [0x00000000c0000000,0x00000000c0787a00,0x00000000c5530000)
 PSPermGen       total 21248K, used 5247K [0x00000000bae00000, 0x00000000bc2c0000, 0x00000000c0000000)
  object space 21248K, 24% used [0x00000000bae00000,0x00000000bb31fec0,0x00000000bc2c0000)
}
Event: 9.495 GC heap before
{Heap before GC invocations=3 (full 0):
 PSYoungGen      total 70848K, used 70816K [0x00000000eaab0000, 0x00000000ef530000, 0x0000000100000000)
  eden space 65408K, 100% used [0x00000000eaab0000,0x00000000eea90000,0x00000000eea90000)
  from space 5440K, 99% used [0x00000000eefe0000,0x00000000ef528028,0x00000000ef530000)
  to   space 5440K, 0% used [0x00000000eea90000,0x00000000eea90000,0x00000000eefe0000)
 ParOldGen       total 87232K, used 7710K [0x00000000c0000000, 0x00000000c5530000, 0x00000000eaab0000)
  object space 87232K, 8% used [0x00000000c0000000,0x00000000c0787a00,0x00000000c5530000)
 PSPermGen       total 21248K, used 5322K [0x00000000bae00000, 0x00000000bc2c0000, 0x00000000c0000000)
  object space 21248K, 25% used [0x00000000bae00000,0x00000000bb332a98,0x00000000bc2c0000)
Event: 9.599 GC heap after
Heap after GC invocations=3 (full 0):
 PSYoungGen      total 70848K, used 5408K [0x00000000eaab0000, 0x00000000f3510000, 0x0000000100000000)
  eden space 65408K, 0% used [0x00000000eaab0000,0x00000000eaab0000,0x00000000eea90000)
  from space 5440K, 99% used [0x00000000eea90000,0x00000000eefd8028,0x00000000eefe0000)
  to   space 5440K, 0% used [0x00000000f2fc0000,0x00000000f2fc0000,0x00000000f3510000)
 ParOldGen       total 87232K, used 18090K [0x00000000c0000000, 0x00000000c5530000, 0x00000000eaab0000)
  object space 87232K, 20% used [0x00000000c0000000,0x00000000c11aa850,0x00000000c5530000)
 PSPermGen       total 21248K, used 5322K [0x00000000bae00000, 0x00000000bc2c0000, 0x00000000c0000000)
  object space 21248K, 25% used [0x00000000bae00000,0x00000000bb332a98,0x00000000bc2c0000)
}

Deoptimization events (10 events):
Event: 7.711 Thread 0x000000000050f000 Uncommon trap -34 fr.pc 0x0000000002422f24
Event: 7.711 Thread 0x000000000050f000 Uncommon trap -34 fr.pc 0x0000000002422f24
Event: 7.711 Thread 0x000000000050f000 Uncommon trap -34 fr.pc 0x0000000002422f24
Event: 7.712 Thread 0x000000000050f000 Uncommon trap -34 fr.pc 0x0000000002422f24
Event: 7.788 Thread 0x000000000050f000 Uncommon trap -12 fr.pc 0x0000000002353754
Event: 7.846 Thread 0x000000000050f000 Uncommon trap -83 fr.pc 0x00000000023bff00
Event: 7.856 Thread 0x000000000050f000 Uncommon trap -12 fr.pc 0x000000000235e87c
Event: 7.894 Thread 0x000000000050f000 Uncommon trap 208 fr.pc 0x0000000002405844
Event: 7.895 Thread 0x000000000050f000 Uncommon trap -75 fr.pc 0x00000000023dc070
Event: 9.490 Thread 0x000000000050f000 Uncommon trap -12 fr.pc 0x000000000246eb90

Internal exceptions (10 events):
Event: 4.420 Thread 0x000000000050f000 Implicit null exception at 0x00000000023578f2 to 0x00000000023587a1
Event: 4.784 Thread 0x000000000050f000 Threw 0x00000000eaef7710 at C:\jdk7u1_64p\jdk7u9\hotspot\src\share\vm\prims\jvm.cpp:1166
Event: 5.853 Thread 0x000000000050f000 Threw 0x00000000ebdc5930 at C:\jdk7u1_64p\jdk7u9\hotspot\src\share\vm\prims\jvm.cpp:1166
Event: 6.692 Thread 0x000000000050f000 Implicit null exception at 0x00000000023f17e4 to 0x00000000023f2629
Event: 6.910 Thread 0x000000000050f000 Threw 0x00000000eb0fe678 at C:\jdk7u1_64p\jdk7u9\hotspot\src\share\vm\prims\jvm.cpp:1166
Event: 6.963 Thread 0x000000000050f000 Implicit null exception at 0x00000000023b777c to 0x00000000023b7f11
Event: 7.293 Thread 0x000000000050f000 Threw 0x00000000ebb3cbe8 at C:\jdk7u1_64p\jdk7u9\hotspot\src\share\vm\prims\jvm.cpp:1166
Event: 7.788 Thread 0x000000000050f000 Implicit null exception at 0x000000000235239b to 0x0000000002353729
Event: 7.856 Thread 0x000000000050f000 Implicit null exception at 0x000000000235dd3d to 0x000000000235e861
Event: 9.490 Thread 0x000000000050f000 Implicit null exception at 0x000000000246c5f7 to 0x000000000246eb85

Events (10 events):
Event: 7.895 Thread 0x000000000050f000 DEOPT PACKING pc=0x00000000023dc070 sp=0x000000000227e230
Event: 7.895 Thread 0x000000000050f000 DEOPT UNPACKING pc=0x00000000022b9164 sp=0x000000000227e1c0 mode 2
Event: 8.125 Thread 0x000000000885e000 flushing nmethod 0x0000000002344fd0
Event: 8.903 Thread 0x0000000008863000 flushing nmethod 0x000000000235be10
Event: 8.903 Thread 0x0000000008863000 flushing nmethod 0x000000000237c5d0
Event: 9.006 Thread 0x0000000008863000 flushing nmethod 0x000000000238c1d0
Event: 9.490 Thread 0x000000000050f000 DEOPT PACKING pc=0x000000000246eb90 sp=0x000000000227e090
Event: 9.490 Thread 0x000000000050f000 DEOPT UNPACKING pc=0x00000000022b9164 sp=0x000000000227dfa8 mode 2
Event: 9.495 Executing VM operation: ParallelGCFailedAllocation
Event: 9.599 Executing VM operation: ParallelGCFailedAllocation done


Dynamic libraries:
0x000000013f160000 - 0x000000013f193000 	C:\Program Files\Java\jdk1.7.0_09\bin\java.exe
0x0000000077490000 - 0x0000000077639000 	C:\Windows\SYSTEM32\ntdll.dll
0x0000000077370000 - 0x000000007748f000 	C:\Windows\system32\kernel32.dll
0x000007fefd420000 - 0x000007fefd48c000 	C:\Windows\system32\KERNELBASE.dll
0x000007fefd8a0000 - 0x000007fefd97b000 	C:\Windows\system32\ADVAPI32.dll
0x000007fefdef0000 - 0x000007fefdf8f000 	C:\Windows\system32\msvcrt.dll
0x000007fefdb80000 - 0x000007fefdb9f000 	C:\Windows\SYSTEM32\sechost.dll
0x000007feff670000 - 0x000007feff79d000 	C:\Windows\system32\RPCRT4.dll
0x0000000077270000 - 0x000000007736a000 	C:\Windows\system32\USER32.dll
0x000007fefdb10000 - 0x000007fefdb77000 	C:\Windows\system32\GDI32.dll
0x000007fefe0a0000 - 0x000007fefe0ae000 	C:\Windows\system32\LPK.dll
0x000007fefd600000 - 0x000007fefd6c9000 	C:\Windows\system32\USP10.dll
0x000007fefbc00000 - 0x000007fefbdf4000 	C:\Windows\WinSxS\amd64_microsoft.windows.common-controls_6595b64144ccf1df_6.0.7601.18837_none_fa3b1e3d17594757\COMCTL32.dll
0x000007fefde70000 - 0x000007fefdee1000 	C:\Windows\system32\SHLWAPI.dll
0x000007fefd7b0000 - 0x000007fefd7de000 	C:\Windows\system32\IMM32.DLL
0x000007fefdf90000 - 0x000007fefe099000 	C:\Windows\system32\MSCTF.dll
0x0000000068490000 - 0x0000000068561000 	C:\Program Files\Java\jdk1.7.0_09\jre\bin\msvcr100.dll
0x0000000068870000 - 0x0000000068f8f000 	C:\Program Files\Java\jdk1.7.0_09\jre\bin\server\jvm.dll
0x000007fefbac0000 - 0x000007fefbac9000 	C:\Windows\system32\WSOCK32.dll
0x000007feff620000 - 0x000007feff66d000 	C:\Windows\system32\WS2_32.dll
0x000007fefe0b0000 - 0x000007fefe0b8000 	C:\Windows\system32\NSI.dll
0x000007fef6d20000 - 0x000007fef6d5b000 	C:\Windows\system32\WINMM.dll
0x0000000077660000 - 0x0000000077667000 	C:\Windows\system32\PSAPI.DLL
0x0000000074420000 - 0x000000007442f000 	C:\Program Files\Java\jdk1.7.0_09\jre\bin\verify.dll
0x00000000743f0000 - 0x0000000074418000 	C:\Program Files\Java\jdk1.7.0_09\jre\bin\java.dll
0x00000000743d0000 - 0x00000000743e5000 	C:\Program Files\Java\jdk1.7.0_09\jre\bin\zip.dll
0x000007fefb430000 - 0x000007fefb555000 	C:\Windows\system32\dbghelp.dll

VM Arguments:
jvm_args: -Xmx1024M -Dfile.encoding=windows-1252 -Duser.country=GB -Duser.language=en -Duser.variant 
java_command: com.android.dx.command.Main --dex --output C:\Users\Sinky\StudioProjects\ProtoRunnerV2\ProtoRunnerV2\build\intermediates\dex\debug C:\Users\Sinky\StudioProjects\ProtoRunnerV2\ProtoRunnerV2\build\intermediates\classes\debug C:\Users\Sinky\StudioProjects\ProtoRunnerV2\ProtoRunnerV2\build\intermediates\pre-dexed\debug\support-annotations-22.2.0-ce405e005671120865286fbb1a2542953cb92ee2.jar C:\Users\Sinky\StudioProjects\ProtoRunnerV2\ProtoRunnerV2\build\intermediates\pre-dexed\debug\classes-66fdcfc2144d757ac8530a052d47265e07773092.jar C:\Users\Sinky\StudioProjects\ProtoRunnerV2\ProtoRunnerV2\build\intermediates\pre-dexed\debug\classes-06ab37edf61694c22c293dc9ab41bab488406bc9.jar C:\Users\Sinky\StudioProjects\ProtoRunnerV2\ProtoRunnerV2\build\intermediates\pre-dexed\debug\classes-93f5a97fc040ab1733116df9f83fe928f712b237.jar C:\Users\Sinky\StudioProjects\ProtoRunnerV2\ProtoRunnerV2\build\intermediates\pre-dexed\debug\internal_impl-22.0.0-89a57e48793771ae5d65787933a30f0a9fffdc28.jar C:\Users\Sinky\StudioProjects\ProtoRunnerV2\ProtoRunnerV2\build\intermediates\pre-dexed\debug\classes-8e388dcd8b97a09304cc972cb61d3ffff3cfa55d.jar C:\Users\Sinky\StudioProjects\ProtoRunnerV2\ProtoRunnerV2\build\intermediates\pre-dexed\debug\classes-475e55994f5440e819b7988ff0065d4158443666.jar C:\Users\Sinky\StudioProjects\ProtoRunnerV2\ProtoRunnerV2\build\intermediates\pre-dexed\debug\classes-b7a255c659b855a7d768177e722332e1ea9e71a8.jar C:\Users\Sinky\StudioProjects\ProtoRunnerV2\ProtoRunnerV2\build\intermediates\pre-dexed\debug\classes-73d15a7b00f0331346d474c1114b3cc0a1b38ce2.jar C:\Users\Sinky\StudioProjects\ProtoRunnerV2\ProtoRunnerV2\build\intermediates\pre-dexed\debug\classes-b53993833ab07fbfd7d3b51de23eeeca6c4ddeb4.jar C:\Users\Sinky\StudioProjects\ProtoRunnerV2\ProtoRunnerV2\build\intermediates\pre-dexed\debug\classes-b732c20c9a93d8f61a730de1c28f5cdc6066418b.jar C:\Users\Sinky\StudioProjects\ProtoRunnerV2\ProtoRunnerV2\build\intermediates\pre-dexed\debug\classes-45b19e3021
Launcher Type: SUN_STANDARD

Environment Variables:
PATH=C:\Program Files\Common Files\Microsoft Shared\Windows Live;C:\Program Files (x86)\Common Files\Microsoft Shared\Windows Live;C:\Program Files (x86)\AMD APP\bin\x86_64;C:\Program Files (x86)\AMD APP\bin\x86;C:\Program Files (x86)\NVIDIA Corporation\PhysX\Common;C:\Windows\system32;C:\Windows;C:\Windows\System32\Wbem;C:\Windows\System32\WindowsPowerShell\v1.0\;C:\Program Files (x86)\ATI Technologies\ATI.ACE\Core-Static;C:\Program Files (x86)\Windows Live\Shared;C:\Program Files\Common Files\Autodesk Shared\;c:\Program Files (x86)\Microsoft SQL Server\100\Tools\Binn\;c:\Program Files (x86)\Microsoft SQL Server\100\DTS\Binn\;C:\Program Files\Microsoft SQL Server\110\Tools\Binn\;C:\Program Files\TortoiseGit\bin;C:\Program Files\Microsoft\Web Platform Installer\;C:\Program Files (x86)\Microsoft SDKs\TypeScript\1.0\;C:\Program Files (x86)\Skype\Phone\
USERNAME=Sinky
OS=Windows_NT
PROCESSOR_IDENTIFIER=AMD64 Family 21 Model 1 Stepping 2, AuthenticAMD



---------------  S Y S T E M  ---------------

OS: Windows 7 , 64 bit Build 7601 Service Pack 1

CPU:total 4 (4 cores per cpu, 1 threads per core) family 21 model 1 stepping 2, cmov, cx8, fxsr, mmx, sse, sse2, sse3, ssse3, sse4.1, sse4.2, popcnt, avx, mmxext, 3dnowpref, lzcnt, sse4a, tsc, tscinvbit, tscinv

Memory: 4k page, physical 8370296k(2884472k free), swap 16738752k(10391864k free)

vm_info: Java HotSpot(TM) 64-Bit Server VM (23.5-b02) for windows-amd64 JRE (1.7.0_09-b05), built on Sep 24 2012 21:45:04 by "java_re" with unknown MS VC++:1600

time: Mon Aug 17 14:50:30 2015
elapsed time: 10 seconds

