#
# A fatal error has been detected by the Java Runtime Environment:
#
#  EXCEPTION_ACCESS_VIOLATION (0xc0000005) at pc=0x000000000242c66c, pid=2332, tid=7408
#
# JRE version: 7.0_09-b05
# Java VM: Java HotSpot(TM) 64-Bit Server VM (23.5-b02 mixed mode windows-amd64 compressed oops)
# Problematic frame:
# J  com.android.dx.cf.direct.AttributeListParser.parse()V
#
# Failed to write core dump. Minidumps are not enabled by default on client versions of Windows
#
# If you would like to submit a bug report, please visit:
#   http://bugreport.sun.com/bugreport/crash.jsp
#

---------------  T H R E A D  ---------------

Current thread (0x00000000020af000):  JavaThread "main" [_thread_in_Java, id=7408, stack(0x00000000022a0000,0x00000000023a0000)]

siginfo: ExceptionCode=0xc0000005, writing address 0xffffffff85142474

Registers:
RAX=0x000000000000000c, RBX=0x0000000000000000, RCX=0x0000000000000000, RDX=0x000000000239df38
RSP=0x000000000239df90, RBP=0x00000000ebbd5738, RSI=0x00000000bb139dc8, RDI=0x00000000ebbd5780
R8 =0x0000000000000001, R9 =0x00000000ebbd08b0, R10=0x00000000ebbd56f8, R11=0x0000000000000978
R12=0x0000000000000000, R13=0x000000000242c6c4, R14=0x000000000239df88, R15=0x00000000020af000
RIP=0x000000000242c66c, EFLAGS=0x0000000000010297

Top of Stack: (sp=0x000000000239df90)
0x000000000239df90:   0000000000000000 0000000000000978
0x000000000239dfa0:   ebbd08f000000002 00000000ebbd5798
0x000000000239dfb0:   00000000bb129e4a 000000000239e000
0x000000000239dfc0:   00000000bb12a888 00000000bb2d14d8
0x000000000239dfd0:   000000000239e030 00000000023a61f8
0x000000000239dfe0:   00000000023a61f8 00000000ebbd56f8
0x000000000239dff0:   000000000239dff0 00000000bb129160
0x000000000239e000:   000000000239e040 00000000bb129770
0x000000000239e010:   00000000bb2c5d08 00000000bb129180
0x000000000239e020:   000000000239dfe8 000000000239e040
0x000000000239e030:   000000000239e088 00000000023a61f8
0x000000000239e040:   00000000ebbd56f8 000000000239e048
0x000000000239e050:   00000000bb129051 000000000239e098
0x000000000239e060:   00000000bb129770 00000000bb2d1700
0x000000000239e070:   00000000bb129070 000000000239e040
0x000000000239e080:   000000000239e098 000000000239e0e0 

Instructions: (pc=0x000000000242c66c)
0x000000000242c64c:   ed 00 00 00 44 89 5c 24 08 45 33 c0 eb 17 66 0f
0x000000000242c65c:   1f 44 00 00 45 8b 4a 18 44 89 5c 24 08 8b 4e 24
0x000000000242c66c:   10 8b 74 24 14 85 db 0f 85 20 01 00 00 45 8b 5a
0x000000000242c67c:   0c 41 8b 7a 1c 85 ff 0f 84 c4 00 00 00 44 89 04 


Register to memory mapping:

RAX=0x000000000000000c is an unknown value
RBX=0x0000000000000000 is an unknown value
RCX=0x0000000000000000 is an unknown value
RDX=0x000000000239df38 is pointing into the stack for thread: 0x00000000020af000
RSP=0x000000000239df90 is pointing into the stack for thread: 0x00000000020af000
RBP=0x00000000ebbd5738 is an oop
[Ljava.lang.Object; 
 - klass: 'java/lang/Object'[]
 - length: 2
RSI=0x00000000bb139dc8 is an oop
{instance class} 
 - klass: {other class}
RDI=0x00000000ebbd5780 is an oop
com.android.dx.cf.code.LineNumberList$Item 
 - klass: 'com/android/dx/cf/code/LineNumberList$Item'
R8 =0x0000000000000001 is an unknown value
R9 =0x00000000ebbd08b0 is an oop
com.android.dx.cf.direct.DirectClassFile 
 - klass: 'com/android/dx/cf/direct/DirectClassFile'
R10=0x00000000ebbd56f8 is an oop
com.android.dx.cf.direct.AttributeListParser 
 - klass: 'com/android/dx/cf/direct/AttributeListParser'
R11=0x0000000000000978 is an unknown value
R12=0x0000000000000000 is an unknown value
R13=0x000000000242c490 [CodeBlob (0x000000000242c490)]
Framesize: 10
R14=0x000000000239df88 is pointing into the stack for thread: 0x00000000020af000
R15=0x00000000020af000 is a thread


Stack: [0x00000000022a0000,0x00000000023a0000],  sp=0x000000000239df90,  free space=1015k
Native frames: (J=compiled Java code, y=interpreted, Vv=VM code, C=native code)
J  com.android.dx.cf.direct.AttributeListParser.parse()V


---------------  P R O C E S S  ---------------

Java Threads: ( => current thread )
  0x0000000008c23800 JavaThread "Service Thread" daemon [_thread_blocked, id=8160, stack(0x000000000a720000,0x000000000a820000)]
  0x0000000008c23000 JavaThread "C2 CompilerThread1" daemon [_thread_blocked, id=7460, stack(0x000000000a540000,0x000000000a640000)]
  0x0000000008c1e000 JavaThread "C2 CompilerThread0" daemon [_thread_blocked, id=6756, stack(0x0000000009b90000,0x0000000009c90000)]
  0x0000000008c1c000 JavaThread "Attach Listener" daemon [_thread_blocked, id=1388, stack(0x000000000a3c0000,0x000000000a4c0000)]
  0x0000000008c15000 JavaThread "Signal Dispatcher" daemon [_thread_blocked, id=1312, stack(0x000000000a260000,0x000000000a360000)]
  0x00000000021ac000 JavaThread "Finalizer" daemon [_thread_blocked, id=5824, stack(0x000000000a0d0000,0x000000000a1d0000)]
  0x00000000021a4800 JavaThread "Reference Handler" daemon [_thread_blocked, id=6892, stack(0x0000000009f10000,0x000000000a010000)]
=>0x00000000020af000 JavaThread "main" [_thread_in_Java, id=7408, stack(0x00000000022a0000,0x00000000023a0000)]

Other Threads:
  0x0000000008b92000 VMThread [stack: 0x0000000009cf0000,0x0000000009df0000] [id=3804]
  0x0000000008c3c800 WatcherThread [stack: 0x000000000a990000,0x000000000aa90000] [id=7704]

VM state:synchronizing (normal execution)

VM Mutex/Monitor currently owned by a thread:  ([mutex/lock_event])
[0x00000000020ad020] Safepoint_lock - owner thread: 0x0000000008b92000
[0x00000000020ad0a0] Threads_lock - owner thread: 0x0000000008b92000

Heap
 PSYoungGen      total 38144K, used 17688K [0x00000000eaab0000, 0x00000000ed540000, 0x0000000100000000)
  eden space 32704K, 54% used [0x00000000eaab0000,0x00000000ebbf6188,0x00000000ecaa0000)
  from space 5440K, 0% used [0x00000000ecff0000,0x00000000ecff0000,0x00000000ed540000)
  to   space 5440K, 0% used [0x00000000ecaa0000,0x00000000ecaa0000,0x00000000ecff0000)
 ParOldGen       total 87232K, used 0K [0x00000000c0000000, 0x00000000c5530000, 0x00000000eaab0000)
  object space 87232K, 0% used [0x00000000c0000000,0x00000000c0000000,0x00000000c5530000)
 PSPermGen       total 21248K, used 4986K [0x00000000bae00000, 0x00000000bc2c0000, 0x00000000c0000000)
  object space 21248K, 23% used [0x00000000bae00000,0x00000000bb2de8a0,0x00000000bc2c0000)

Card table byte_map: [0x00000000053a0000,0x00000000055d0000] byte_map_base: 0x0000000004dc9000

Polling page: 0x0000000001c60000

Code Cache  [0x00000000023a0000, 0x0000000002610000, 0x00000000053a0000)
 total_blobs=325 nmethods=117 adapters=159 free_code_cache=48580Kb largest_free_block=49721152

Compilation events (10 events):
Event: 1.948 Thread 0x0000000008c23000 nmethod 112 0x000000000241c6d0 code [0x000000000241c820, 0x000000000241c8c8]
Event: 1.954 Thread 0x0000000008c1e000  113             com.android.dx.cf.direct.DirectClassFile::getConstantPool (9 bytes)
Event: 1.955 Thread 0x0000000008c1e000 nmethod 113 0x000000000242b390 code [0x000000000242b4e0, 0x000000000242b568]
Event: 1.982 Thread 0x0000000008c23000  114             com.android.dx.rop.cst.CstString::hashCode (8 bytes)
Event: 1.986 Thread 0x0000000008c23000 nmethod 114 0x000000000242b010 code [0x000000000242b140, 0x000000000242b2b8]
Event: 1.988 Thread 0x0000000008c1e000  115             com.android.dx.rop.code.InsnList::forEach (28 bytes)
Event: 1.992 Thread 0x0000000008c1e000 nmethod 115 0x000000000242ab90 code [0x000000000242ace0, 0x000000000242ae38]
Event: 2.012 Thread 0x0000000008c23000  116   !         com.android.dx.cf.direct.AttributeListParser::parse (323 bytes)
Event: 2.021 Thread 0x0000000008c23000 nmethod 116 0x000000000242c490 code [0x000000000242c600, 0x000000000242c948]
Event: 2.022 Thread 0x0000000008c1e000  117             com.android.dx.cf.direct.AttributeListParser::parseIfNecessary (12 bytes)

GC Heap History (0 events):
No events

Deoptimization events (0 events):
No events

Internal exceptions (10 events):
Event: 0.615 Thread 0x00000000020af000 Threw 0x00000000eb108480 at C:\jdk7u1_64p\jdk7u9\hotspot\src\share\vm\prims\jvm.cpp:1166
Event: 0.621 Thread 0x00000000020af000 Threw 0x00000000eb114c40 at C:\jdk7u1_64p\jdk7u9\hotspot\src\share\vm\prims\jvm.cpp:1166
Event: 0.622 Thread 0x00000000020af000 Threw 0x00000000eb11baa8 at C:\jdk7u1_64p\jdk7u9\hotspot\src\share\vm\prims\jvm.cpp:1166
Event: 0.623 Thread 0x00000000020af000 Threw 0x00000000eb1201a0 at C:\jdk7u1_64p\jdk7u9\hotspot\src\share\vm\prims\jvm.cpp:1166
Event: 0.625 Thread 0x00000000020af000 Threw 0x00000000eb125ad0 at C:\jdk7u1_64p\jdk7u9\hotspot\src\share\vm\prims\jvm.cpp:1166
Event: 0.627 Thread 0x00000000020af000 Threw 0x00000000eb12e678 at C:\jdk7u1_64p\jdk7u9\hotspot\src\share\vm\prims\jvm.cpp:1166
Event: 0.629 Thread 0x00000000020af000 Threw 0x00000000eb133a78 at C:\jdk7u1_64p\jdk7u9\hotspot\src\share\vm\prims\jvm.cpp:1166
Event: 0.629 Thread 0x00000000020af000 Threw 0x00000000eb136c80 at C:\jdk7u1_64p\jdk7u9\hotspot\src\share\vm\prims\jvm.cpp:1166
Event: 0.844 Thread 0x00000000020af000 Threw 0x00000000eb23c258 at C:\jdk7u1_64p\jdk7u9\hotspot\src\share\vm\prims\jvm.cpp:1166
Event: 0.964 Thread 0x00000000020af000 Threw 0x00000000eb2cf3f8 at C:\jdk7u1_64p\jdk7u9\hotspot\src\share\vm\prims\jvm.cpp:1166

Events (10 events):
Event: 0.629 loading class 0x0000000008c7d7b0
Event: 0.629 loading class 0x0000000008c7d7b0 done
Event: 0.844 loading class 0x0000000008c6a670
Event: 0.844 loading class 0x0000000008c6a670 done
Event: 0.912 loading class 0x00000000020f3770
Event: 0.913 loading class 0x00000000020f3770 done
Event: 0.964 loading class 0x000000000ab84000
Event: 0.964 loading class 0x000000000ab84000 done
Event: 1.686 loading class 0x000000000219d960
Event: 1.686 loading class 0x000000000219d960 done


Dynamic libraries:
0x000000013fb00000 - 0x000000013fb33000 	C:\Program Files\Java\jdk1.7.0_09\bin\java.exe
0x0000000077a30000 - 0x0000000077bd9000 	C:\Windows\SYSTEM32\ntdll.dll
0x0000000077910000 - 0x0000000077a2f000 	C:\Windows\system32\kernel32.dll
0x000007fefdb30000 - 0x000007fefdb9c000 	C:\Windows\system32\KERNELBASE.dll
0x000007feff340000 - 0x000007feff41b000 	C:\Windows\system32\ADVAPI32.dll
0x000007fefe0c0000 - 0x000007fefe15f000 	C:\Windows\system32\msvcrt.dll
0x000007feffcd0000 - 0x000007feffcef000 	C:\Windows\SYSTEM32\sechost.dll
0x000007feff030000 - 0x000007feff15d000 	C:\Windows\system32\RPCRT4.dll
0x0000000077810000 - 0x000000007790a000 	C:\Windows\system32\USER32.dll
0x000007feff450000 - 0x000007feff4b7000 	C:\Windows\system32\GDI32.dll
0x000007fefde40000 - 0x000007fefde4e000 	C:\Windows\system32\LPK.dll
0x000007feff920000 - 0x000007feff9e9000 	C:\Windows\system32\USP10.dll
0x000007fefc340000 - 0x000007fefc534000 	C:\Windows\WinSxS\amd64_microsoft.windows.common-controls_6595b64144ccf1df_6.0.7601.18837_none_fa3b1e3d17594757\COMCTL32.dll
0x000007fefdba0000 - 0x000007fefdc11000 	C:\Windows\system32\SHLWAPI.dll
0x000007feff420000 - 0x000007feff44e000 	C:\Windows\system32\IMM32.DLL
0x000007fefdfb0000 - 0x000007fefe0b9000 	C:\Windows\system32\MSCTF.dll
0x000000006d6b0000 - 0x000000006d781000 	C:\Program Files\Java\jdk1.7.0_09\jre\bin\msvcr100.dll
0x000000006c940000 - 0x000000006d05f000 	C:\Program Files\Java\jdk1.7.0_09\jre\bin\server\jvm.dll
0x000007feedc80000 - 0x000007feedc89000 	C:\Windows\system32\WSOCK32.dll
0x000007feffcf0000 - 0x000007feffd3d000 	C:\Windows\system32\WS2_32.dll
0x000007fefdc20000 - 0x000007fefdc28000 	C:\Windows\system32\NSI.dll
0x000007fefae00000 - 0x000007fefae3b000 	C:\Windows\system32\WINMM.dll
0x0000000077c00000 - 0x0000000077c07000 	C:\Windows\system32\PSAPI.DLL
0x000000006c920000 - 0x000000006c92f000 	C:\Program Files\Java\jdk1.7.0_09\jre\bin\verify.dll
0x000000006c8e0000 - 0x000000006c908000 	C:\Program Files\Java\jdk1.7.0_09\jre\bin\java.dll
0x000000006d330000 - 0x000000006d345000 	C:\Program Files\Java\jdk1.7.0_09\jre\bin\zip.dll

VM Arguments:
jvm_args: -Xmx1024M -Dfile.encoding=windows-1252 -Duser.country=GB -Duser.language=en -Duser.variant 
java_command: com.android.dx.command.Main --dex --output C:\Users\Sinky\StudioProjects\ProtoRunnerV2\ProtoRunnerV2\build\intermediates\dex\debug C:\Users\Sinky\StudioProjects\ProtoRunnerV2\ProtoRunnerV2\build\intermediates\classes\debug C:\Users\Sinky\StudioProjects\ProtoRunnerV2\ProtoRunnerV2\build\intermediates\pre-dexed\debug\support-annotations-22.2.0-ce405e005671120865286fbb1a2542953cb92ee2.jar C:\Users\Sinky\StudioProjects\ProtoRunnerV2\ProtoRunnerV2\build\intermediates\pre-dexed\debug\classes-66fdcfc2144d757ac8530a052d47265e07773092.jar C:\Users\Sinky\StudioProjects\ProtoRunnerV2\ProtoRunnerV2\build\intermediates\pre-dexed\debug\classes-06ab37edf61694c22c293dc9ab41bab488406bc9.jar C:\Users\Sinky\StudioProjects\ProtoRunnerV2\ProtoRunnerV2\build\intermediates\pre-dexed\debug\classes-93f5a97fc040ab1733116df9f83fe928f712b237.jar C:\Users\Sinky\StudioProjects\ProtoRunnerV2\ProtoRunnerV2\build\intermediates\pre-dexed\debug\internal_impl-22.0.0-89a57e48793771ae5d65787933a30f0a9fffdc28.jar C:\Users\Sinky\StudioProjects\ProtoRunnerV2\ProtoRunnerV2\build\intermediates\pre-dexed\debug\classes-8e388dcd8b97a09304cc972cb61d3ffff3cfa55d.jar C:\Users\Sinky\StudioProjects\ProtoRunnerV2\ProtoRunnerV2\build\intermediates\pre-dexed\debug\classes-475e55994f5440e819b7988ff0065d4158443666.jar C:\Users\Sinky\StudioProjects\ProtoRunnerV2\ProtoRunnerV2\build\intermediates\pre-dexed\debug\classes-73d15a7b00f0331346d474c1114b3cc0a1b38ce2.jar C:\Users\Sinky\StudioProjects\ProtoRunnerV2\ProtoRunnerV2\build\intermediates\pre-dexed\debug\classes-b53993833ab07fbfd7d3b51de23eeeca6c4ddeb4.jar C:\Users\Sinky\StudioProjects\ProtoRunnerV2\ProtoRunnerV2\build\intermediates\pre-dexed\debug\classes-b732c20c9a93d8f61a730de1c28f5cdc6066418b.jar C:\Users\Sinky\StudioProjects\ProtoRunnerV2\ProtoRunnerV2\build\intermediates\pre-dexed\debug\classes-45b19e302165e60edda4c2af302b99c3055306bc.jar C:\Users\Sinky\StudioProjects\ProtoRunnerV2\ProtoRunnerV2\build\intermediates\pre-dexed\debug\classes-e2113edb41
Launcher Type: SUN_STANDARD

Environment Variables:
PATH=C:\Program Files (x86)\AMD APP\bin\x86_64;C:\Program Files (x86)\AMD APP\bin\x86;C:\Program Files (x86)\NVIDIA Corporation\PhysX\Common;C:\Program Files\Common Files\Microsoft Shared\Windows Live;C:\Program Files (x86)\Common Files\Microsoft Shared\Windows Live;C:\Windows\system32;C:\Windows;C:\Windows\System32\Wbem;C:\Windows\System32\WindowsPowerShell\v1.0\;C:\Program Files (x86)\ATI Technologies\ATI.ACE\Core-Static;C:\Program Files (x86)\Windows Live\Shared;C:\Program Files\Common Files\Autodesk Shared\;c:\Program Files (x86)\Microsoft SQL Server\100\Tools\Binn\;c:\Program Files (x86)\Microsoft SQL Server\100\DTS\Binn\;C:\Program Files\Microsoft SQL Server\110\Tools\Binn\;C:\Program Files\TortoiseGit\bin;C:\Program Files\Microsoft\Web Platform Installer\;C:\Program Files (x86)\Microsoft SDKs\TypeScript\1.0\
USERNAME=Sinky
OS=Windows_NT
PROCESSOR_IDENTIFIER=AMD64 Family 21 Model 1 Stepping 2, AuthenticAMD



---------------  S Y S T E M  ---------------

OS: Windows 7 , 64 bit Build 7601 Service Pack 1

CPU:total 4 (4 cores per cpu, 1 threads per core) family 21 model 1 stepping 2, cmov, cx8, fxsr, mmx, sse, sse2, sse3, ssse3, sse4.1, sse4.2, popcnt, avx, mmxext, 3dnowpref, lzcnt, sse4a, tsc, tscinvbit, tscinv

Memory: 4k page, physical 8370296k(3656416k free), swap 16738756k(10976552k free)

vm_info: Java HotSpot(TM) 64-Bit Server VM (23.5-b02) for windows-amd64 JRE (1.7.0_09-b05), built on Sep 24 2012 21:45:04 by "java_re" with unknown MS VC++:1600

time: Fri Jul 03 20:35:14 2015
elapsed time: 2 seconds

