#
# A fatal error has been detected by the Java Runtime Environment:
#
#  EXCEPTION_ACCESS_VIOLATION (0xc0000005) at pc=0x0000000002282fb3, pid=6192, tid=6916
#
# JRE version: 7.0_09-b05
# Java VM: Java HotSpot(TM) 64-Bit Server VM (23.5-b02 mixed mode windows-amd64 compressed oops)
# Problematic frame:
# J  com.android.dx.dex.code.OutputFinisher.addConstants(Ljava/util/HashSet;Lcom/android/dx/dex/code/DalvInsn;)V
#
# Failed to write core dump. Minidumps are not enabled by default on client versions of Windows
#
# If you would like to submit a bug report, please visit:
#   http://bugreport.sun.com/bugreport/crash.jsp
#

---------------  T H R E A D  ---------------

Current thread (0x0000000001e8f000):  JavaThread "main" [_thread_in_Java, id=6916, stack(0x0000000001fc0000,0x00000000020c0000)]

siginfo: ExceptionCode=0xc0000005, reading address 0xffffffffffffffff

Registers:
RAX=0x00000000020bf130, RBX=0x00000000bb117548, RCX=0x000000007ce516f2, RDX=0x00000000eda22c10
RSP=0x00000000020bf0d0, RBP=0x0000000000000000, RSI=0x0000000000000002, RDI=0x0000000000000002
R8 =0x00000000eda22c10, R9 =0x00000000eda22c00, R10=0x0000000000000009, R11=0x00000000eda1f4d0
R12=0x0000000000000000, R13=0x00000000020bf160, R14=0x00000000020bf1d8, R15=0x0000000001e8f000
RIP=0x0000000002282fb3, EFLAGS=0x0000000000010282

Top of Stack: (sp=0x00000000020bf0d0)
0x00000000020bf0d0:   00000000020bf0e8 00000000020bf148
0x00000000020bf0e0:   00000000020c61f8 0000000000000014
0x00000000020bf0f0:   0000000000000007 00000002c06c9098
0x00000000020bf100:   c0a3a86800000000 00000000eda22c00
0x00000000020bf110:   00000000f31ddbc8 00000000f3213c50
0x00000000020bf120:   00000000bb00cd90 0000000000000000
0x00000000020bf130:   0000000000000009 0000000000000000
0x00000000020bf140:   00000000020bf1b0 00000000020c61f8
0x00000000020bf150:   00000000020bf1b0 00000000020c61f8
0x00000000020bf160:   00000000c06c9078 00000000eda22c00
0x00000000020bf170:   00000000020bf170 00000000bb297ec7
0x00000000020bf180:   00000000020bf1d8 00000000bb29aa08
0x00000000020bf190:   00000000bb3b2a08 00000000bb297f10
0x00000000020bf1a0:   00000000020bf160 00000000020bf1d8
0x00000000020bf1b0:   00000000020bf220 00000000020c63d3
0x00000000020bf1c0:   00000000c06c9078 00000000eda22cd8 

Instructions: (pc=0x0000000002282fb3)
0x0000000002282f93:   10 49 83 fa 05 0f 85 9a 04 00 00 4c 8b 4c 24 38
0x0000000002282fa3:   45 8b 41 0c 45 85 c0 0f 84 8d 03 00 00 49 8b d0
0x0000000002282fb3:   cd 8b c3 49 b9 60 f7 58 c0 00 00 00 00 66 66 90
0x0000000002282fc3:   e8 98 4d e7 ff 44 8b 54 24 34 45 85 d2 0f 84 73 


Register to memory mapping:

RAX=0x00000000020bf130 is pointing into the stack for thread: 0x0000000001e8f000
RBX=0x00000000bb117548 is an oop
{method} 
 - klass: {other class}
RCX=0x000000007ce516f2 is an unknown value
RDX=0x00000000eda22c10 is an oop
java.util.HashMap 
 - klass: 'java/util/HashMap'
RSP=0x00000000020bf0d0 is pointing into the stack for thread: 0x0000000001e8f000
RBP=0x0000000000000000 is an unknown value
RSI=0x0000000000000002 is an unknown value
RDI=0x0000000000000002 is an unknown value
R8 =0x00000000eda22c10 is an oop
java.util.HashMap 
 - klass: 'java/util/HashMap'
R9 =0x00000000eda22c00 is an oop
java.util.HashSet 
 - klass: 'java/util/HashSet'
R10=0x0000000000000009 is an unknown value
R11=0x00000000eda1f4d0 is an oop
com.android.dx.rop.cst.CstType 
 - klass: 'com/android/dx/rop/cst/CstType'
R12=0x0000000000000000 is an unknown value
R13=0x00000000020bf160 is pointing into the stack for thread: 0x0000000001e8f000
R14=0x00000000020bf1d8 is pointing into the stack for thread: 0x0000000001e8f000
R15=0x0000000001e8f000 is a thread


Stack: [0x0000000001fc0000,0x00000000020c0000],  sp=0x00000000020bf0d0,  free space=1020k
Native frames: (J=compiled Java code, y=interpreted, Vv=VM code, C=native code)
J  com.android.dx.dex.code.OutputFinisher.addConstants(Ljava/util/HashSet;Lcom/android/dx/dex/code/DalvInsn;)V

[error occurred during error reporting (printing native stack), id 0xc0000005]


---------------  P R O C E S S  ---------------

Java Threads: ( => current thread )
  0x0000000008b45000 JavaThread "Service Thread" daemon [_thread_blocked, id=3956, stack(0x000000000a2c0000,0x000000000a3c0000)]
  0x0000000008b44800 JavaThread "C2 CompilerThread1" daemon [_thread_in_native, id=6936, stack(0x0000000005740000,0x0000000005840000)]
  0x0000000008b3b800 JavaThread "C2 CompilerThread0" daemon [_thread_in_native, id=6116, stack(0x000000000a110000,0x000000000a210000)]
  0x0000000008b39800 JavaThread "Attach Listener" daemon [_thread_blocked, id=1224, stack(0x0000000009f80000,0x000000000a080000)]
  0x0000000008b32000 JavaThread "Signal Dispatcher" daemon [_thread_blocked, id=4040, stack(0x0000000009e50000,0x0000000009f50000)]
  0x0000000001e69000 JavaThread "Finalizer" daemon [_thread_blocked, id=6120, stack(0x0000000009d40000,0x0000000009e40000)]
  0x0000000001e61000 JavaThread "Reference Handler" daemon [_thread_blocked, id=5744, stack(0x0000000009aa0000,0x0000000009ba0000)]
=>0x0000000001e8f000 JavaThread "main" [_thread_in_Java, id=6916, stack(0x0000000001fc0000,0x00000000020c0000)]

Other Threads:
  0x0000000008ab2800 VMThread [stack: 0x0000000009970000,0x0000000009a70000] [id=5276]
  0x0000000008b5e000 WatcherThread [stack: 0x000000000a400000,0x000000000a500000] [id=5704]

VM state:not at safepoint (normal execution)

VM Mutex/Monitor currently owned by a thread: None

Heap
 PSYoungGen      total 136256K, used 55677K [0x00000000eaab0000, 0x00000000f3510000, 0x0000000100000000)
  eden space 130816K, 38% used [0x00000000eaab0000,0x00000000edbc2e50,0x00000000f2a70000)
  from space 5440K, 99% used [0x00000000f2fc0000,0x00000000f350c950,0x00000000f3510000)
  to   space 5440K, 0% used [0x00000000f2a70000,0x00000000f2a70000,0x00000000f2fc0000)
 ParOldGen       total 87232K, used 28368K [0x00000000c0000000, 0x00000000c5530000, 0x00000000eaab0000)
  object space 87232K, 32% used [0x00000000c0000000,0x00000000c1bb43b8,0x00000000c5530000)
 PSPermGen       total 21248K, used 5850K [0x00000000bae00000, 0x00000000bc2c0000, 0x00000000c0000000)
  object space 21248K, 27% used [0x00000000bae00000,0x00000000bb3b6a78,0x00000000bc2c0000)

Card table byte_map: [0x0000000005180000,0x00000000053b0000] byte_map_base: 0x0000000004ba9000

Polling page: 0x0000000000110000

Code Cache  [0x00000000020c0000, 0x0000000002330000, 0x00000000050c0000)
 total_blobs=886 nmethods=654 adapters=183 free_code_cache=46769Kb largest_free_block=47843072

Compilation events (10 events):
Event: 11.281 Thread 0x0000000008b44800 nmethod 675 0x00000000022078d0 code [0x0000000002207a20, 0x0000000002207b38]
Event: 11.281 Thread 0x0000000008b44800  676             java.util.TreeMap$EntryIterator::next (5 bytes)
Event: 11.287 Thread 0x0000000008b44800 nmethod 676 0x0000000002207490 code [0x00000000022075e0, 0x00000000022076f8]
Event: 11.289 Thread 0x0000000008b44800  677             java.util.AbstractMap::hashCode (43 bytes)
Event: 11.310 Thread 0x0000000008b44800 nmethod 677 0x00000000021841d0 code [0x0000000002184340, 0x0000000002184778]
Event: 11.310 Thread 0x0000000008b44800  678             java.util.TreeMap$ValueIterator::next (8 bytes)
Event: 11.315 Thread 0x0000000008b44800 nmethod 678 0x0000000002183dd0 code [0x0000000002183f20, 0x0000000002184038]
Event: 11.315 Thread 0x0000000008b44800  679             com.android.dx.dex.code.OutputFinisher::addConstants (93 bytes)
Event: 11.357 Thread 0x0000000008b44800 nmethod 679 0x0000000002282ad0 code [0x0000000002282d40, 0x0000000002283b60]
Event: 11.357 Thread 0x0000000008b44800  680             com.android.dx.dex.code.OutputFinisher::getAllConstants (47 bytes)

GC Heap History (8 events):
Event: 3.760 GC heap before
{Heap before GC invocations=1 (full 0):
 PSYoungGen      total 38144K, used 32704K [0x00000000eaab0000, 0x00000000ed540000, 0x0000000100000000)
  eden space 32704K, 100% used [0x00000000eaab0000,0x00000000ecaa0000,0x00000000ecaa0000)
  from space 5440K, 0% used [0x00000000ecff0000,0x00000000ecff0000,0x00000000ed540000)
  to   space 5440K, 0% used [0x00000000ecaa0000,0x00000000ecaa0000,0x00000000ecff0000)
 ParOldGen       total 87232K, used 0K [0x00000000c0000000, 0x00000000c5530000, 0x00000000eaab0000)
  object space 87232K, 0% used [0x00000000c0000000,0x00000000c0000000,0x00000000c5530000)
 PSPermGen       total 21248K, used 5134K [0x00000000bae00000, 0x00000000bc2c0000, 0x00000000c0000000)
  object space 21248K, 24% used [0x00000000bae00000,0x00000000bb3039f8,0x00000000bc2c0000)
Event: 3.807 GC heap after
Heap after GC invocations=1 (full 0):
 PSYoungGen      total 38144K, used 5408K [0x00000000eaab0000, 0x00000000ef530000, 0x0000000100000000)
  eden space 32704K, 0% used [0x00000000eaab0000,0x00000000eaab0000,0x00000000ecaa0000)
  from space 5440K, 99% used [0x00000000ecaa0000,0x00000000ecfe8038,0x00000000ecff0000)
  to   space 5440K, 0% used [0x00000000eefe0000,0x00000000eefe0000,0x00000000ef530000)
 ParOldGen       total 87232K, used 2805K [0x00000000c0000000, 0x00000000c5530000, 0x00000000eaab0000)
  object space 87232K, 3% used [0x00000000c0000000,0x00000000c02bd6b8,0x00000000c5530000)
 PSPermGen       total 21248K, used 5134K [0x00000000bae00000, 0x00000000bc2c0000, 0x00000000c0000000)
  object space 21248K, 24% used [0x00000000bae00000,0x00000000bb3039f8,0x00000000bc2c0000)
}
Event: 5.748 GC heap before
{Heap before GC invocations=2 (full 0):
 PSYoungGen      total 38144K, used 38112K [0x00000000eaab0000, 0x00000000ef530000, 0x0000000100000000)
  eden space 32704K, 100% used [0x00000000eaab0000,0x00000000ecaa0000,0x00000000ecaa0000)
  from space 5440K, 99% used [0x00000000ecaa0000,0x00000000ecfe8038,0x00000000ecff0000)
  to   space 5440K, 0% used [0x00000000eefe0000,0x00000000eefe0000,0x00000000ef530000)
 ParOldGen       total 87232K, used 2805K [0x00000000c0000000, 0x00000000c5530000, 0x00000000eaab0000)
  object space 87232K, 3% used [0x00000000c0000000,0x00000000c02bd6b8,0x00000000c5530000)
 PSPermGen       total 21248K, used 5248K [0x00000000bae00000, 0x00000000bc2c0000, 0x00000000c0000000)
  object space 21248K, 24% used [0x00000000bae00000,0x00000000bb3203d8,0x00000000bc2c0000)
Event: 5.797 GC heap after
Heap after GC invocations=2 (full 0):
 PSYoungGen      total 70848K, used 5424K [0x00000000eaab0000, 0x00000000ef530000, 0x0000000100000000)
  eden space 65408K, 0% used [0x00000000eaab0000,0x00000000eaab0000,0x00000000eea90000)
  from space 5440K, 99% used [0x00000000eefe0000,0x00000000ef52c038,0x00000000ef530000)
  to   space 5440K, 0% used [0x00000000eea90000,0x00000000eea90000,0x00000000eefe0000)
 ParOldGen       total 87232K, used 7785K [0x00000000c0000000, 0x00000000c5530000, 0x00000000eaab0000)
  object space 87232K, 8% used [0x00000000c0000000,0x00000000c079a720,0x00000000c5530000)
 PSPermGen       total 21248K, used 5248K [0x00000000bae00000, 0x00000000bc2c0000, 0x00000000c0000000)
  object space 21248K, 24% used [0x00000000bae00000,0x00000000bb3203d8,0x00000000bc2c0000)
}
Event: 8.253 GC heap before
{Heap before GC invocations=3 (full 0):
 PSYoungGen      total 70848K, used 70832K [0x00000000eaab0000, 0x00000000ef530000, 0x0000000100000000)
  eden space 65408K, 100% used [0x00000000eaab0000,0x00000000eea90000,0x00000000eea90000)
  from space 5440K, 99% used [0x00000000eefe0000,0x00000000ef52c038,0x00000000ef530000)
  to   space 5440K, 0% used [0x00000000eea90000,0x00000000eea90000,0x00000000eefe0000)
 ParOldGen       total 87232K, used 7785K [0x00000000c0000000, 0x00000000c5530000, 0x00000000eaab0000)
  object space 87232K, 8% used [0x00000000c0000000,0x00000000c079a720,0x00000000c5530000)
 PSPermGen       total 21248K, used 5315K [0x00000000bae00000, 0x00000000bc2c0000, 0x00000000c0000000)
  object space 21248K, 25% used [0x00000000bae00000,0x00000000bb330c30,0x00000000bc2c0000)
Event: 8.333 GC heap after
Heap after GC invocations=3 (full 0):
 PSYoungGen      total 70848K, used 5410K [0x00000000eaab0000, 0x00000000f3510000, 0x0000000100000000)
  eden space 65408K, 0% used [0x00000000eaab0000,0x00000000eaab0000,0x00000000eea90000)
  from space 5440K, 99% used [0x00000000eea90000,0x00000000eefd8940,0x00000000eefe0000)
  to   space 5440K, 0% used [0x00000000f2fc0000,0x00000000f2fc0000,0x00000000f3510000)
 ParOldGen       total 87232K, used 18222K [0x00000000c0000000, 0x00000000c5530000, 0x00000000eaab0000)
  object space 87232K, 20% used [0x00000000c0000000,0x00000000c11cb858,0x00000000c5530000)
 PSPermGen       total 21248K, used 5315K [0x00000000bae00000, 0x00000000bc2c0000, 0x00000000c0000000)
  object space 21248K, 25% used [0x00000000bae00000,0x00000000bb330c30,0x00000000bc2c0000)
}
Event: 10.003 GC heap before
{Heap before GC invocations=4 (full 0):
 PSYoungGen      total 70848K, used 70818K [0x00000000eaab0000, 0x00000000f3510000, 0x0000000100000000)
  eden space 65408K, 100% used [0x00000000eaab0000,0x00000000eea90000,0x00000000eea90000)
  from space 5440K, 99% used [0x00000000eea90000,0x00000000eefd8940,0x00000000eefe0000)
  to   space 5440K, 0% used [0x00000000f2fc0000,0x00000000f2fc0000,0x00000000f3510000)
 ParOldGen       total 87232K, used 18222K [0x00000000c0000000, 0x00000000c5530000, 0x00000000eaab0000)
  object space 87232K, 20% used [0x00000000c0000000,0x00000000c11cb858,0x00000000c5530000)
 PSPermGen       total 21248K, used 5350K [0x00000000bae00000, 0x00000000bc2c0000, 0x00000000c0000000)
  object space 21248K, 25% used [0x00000000bae00000,0x00000000bb339a48,0x00000000bc2c0000)
Event: 10.086 GC heap after
Heap after GC invocations=4 (full 0):
 PSYoungGen      total 136256K, used 5426K [0x00000000eaab0000, 0x00000000f3510000, 0x0000000100000000)
  eden space 130816K, 0% used [0x00000000eaab0000,0x00000000eaab0000,0x00000000f2a70000)
  from space 5440K, 99% used [0x00000000f2fc0000,0x00000000f350c950,0x00000000f3510000)
  to   space 5440K, 0% used [0x00000000f2a70000,0x00000000f2a70000,0x00000000f2fc0000)
 ParOldGen       total 87232K, used 28368K [0x00000000c0000000, 0x00000000c5530000, 0x00000000eaab0000)
  object space 87232K, 32% used [0x00000000c0000000,0x00000000c1bb43b8,0x00000000c5530000)
 PSPermGen       total 21248K, used 5350K [0x00000000bae00000, 0x00000000bc2c0000, 0x00000000c0000000)
  object space 21248K, 25% used [0x00000000bae00000,0x00000000bb339a48,0x00000000bc2c0000)
}

Deoptimization events (10 events):
Event: 7.223 Thread 0x0000000001e8f000 Uncommon trap -75 fr.pc 0x0000000002218044
Event: 7.687 Thread 0x0000000001e8f000 Uncommon trap -83 fr.pc 0x0000000002285248
Event: 7.973 Thread 0x0000000001e8f000 Uncommon trap -83 fr.pc 0x0000000002184394
Event: 9.890 Thread 0x0000000001e8f000 Uncommon trap -58 fr.pc 0x00000000022ea524
Event: 9.890 Thread 0x0000000001e8f000 Uncommon trap -58 fr.pc 0x00000000022ea524
Event: 9.891 Thread 0x0000000001e8f000 Uncommon trap -58 fr.pc 0x00000000022ea524
Event: 9.891 Thread 0x0000000001e8f000 Uncommon trap -58 fr.pc 0x00000000022ea524
Event: 10.270 Thread 0x0000000001e8f000 Uncommon trap -12 fr.pc 0x0000000002308978
Event: 10.610 Thread 0x0000000001e8f000 Uncommon trap -34 fr.pc 0x000000000214d870
Event: 10.618 Thread 0x0000000001e8f000 Uncommon trap -34 fr.pc 0x000000000214d870

Internal exceptions (10 events):
Event: 4.921 Thread 0x0000000001e8f000 Threw 0x00000000ebcdb7e8 at C:\jdk7u1_64p\jdk7u9\hotspot\src\share\vm\prims\jvm.cpp:1166
Event: 6.052 Thread 0x0000000001e8f000 Threw 0x00000000eaf6ee40 at C:\jdk7u1_64p\jdk7u9\hotspot\src\share\vm\prims\jvm.cpp:1166
Event: 6.616 Thread 0x0000000001e8f000 Threw 0x00000000ebf270f0 at C:\jdk7u1_64p\jdk7u9\hotspot\src\share\vm\prims\jvm.cpp:1166
Event: 6.781 Thread 0x0000000001e8f000 Implicit null exception at 0x000000000225b800 to 0x000000000225c74d
Event: 7.108 Thread 0x0000000001e8f000 Implicit null exception at 0x00000000021610fc to 0x0000000002161891
Event: 7.147 Thread 0x0000000001e8f000 Implicit null exception at 0x00000000021a383b to 0x00000000021a4ab1
Event: 7.199 Thread 0x0000000001e8f000 Implicit null exception at 0x00000000021b9496 to 0x00000000021b9e85
Event: 10.270 Thread 0x0000000001e8f000 Implicit null exception at 0x0000000002304408 to 0x0000000002308921
Event: 10.842 Thread 0x0000000001e8f000 Threw 0x00000000ed3903f0 at C:\jdk7u1_64p\jdk7u9\hotspot\src\share\vm\prims\jvm.cpp:1166
Event: 11.098 Thread 0x0000000001e8f000 Threw 0x00000000ed9d6998 at C:\jdk7u1_64p\jdk7u9\hotspot\src\share\vm\prims\jvm.cpp:1166

Events (10 events):
Event: 10.832 loading class 0x0000000008ac5e40 done
Event: 10.841 loading class 0x000000000a5ec090
Event: 10.841 loading class 0x000000000a5ec090 done
Event: 11.066 loading class 0x0000000001e6b890
Event: 11.066 loading class 0x0000000001e6b890 done
Event: 11.067 loading class 0x0000000001e6f2d0
Event: 11.067 loading class 0x0000000001e6f2d0 done
Event: 11.091 loading class 0x000000000a6349a0
Event: 11.091 loading class 0x000000000a6349a0 done
Event: 11.165 Thread 0x0000000008b44800 flushing nmethod 0x0000000002182c90


Dynamic libraries:
0x000000013f1a0000 - 0x000000013f1d3000 	C:\Program Files\Java\jdk1.7.0_09\bin\java.exe
0x0000000077170000 - 0x0000000077319000 	C:\Windows\SYSTEM32\ntdll.dll
0x0000000076f50000 - 0x000000007706f000 	C:\Windows\system32\kernel32.dll
0x000007fefd190000 - 0x000007fefd1fc000 	C:\Windows\system32\KERNELBASE.dll
0x000007fefe600000 - 0x000007fefe6db000 	C:\Windows\system32\ADVAPI32.dll
0x000007fefe350000 - 0x000007fefe3ef000 	C:\Windows\system32\msvcrt.dll
0x000007feff280000 - 0x000007feff29f000 	C:\Windows\SYSTEM32\sechost.dll
0x000007fefe6e0000 - 0x000007fefe80d000 	C:\Windows\system32\RPCRT4.dll
0x0000000077070000 - 0x000000007716a000 	C:\Windows\system32\USER32.dll
0x000007feff410000 - 0x000007feff477000 	C:\Windows\system32\GDI32.dll
0x000007fefec90000 - 0x000007fefec9e000 	C:\Windows\system32\LPK.dll
0x000007fefefa0000 - 0x000007feff069000 	C:\Windows\system32\USP10.dll
0x000007fefb8e0000 - 0x000007fefbad4000 	C:\Windows\WinSxS\amd64_microsoft.windows.common-controls_6595b64144ccf1df_6.0.7601.18837_none_fa3b1e3d17594757\COMCTL32.dll
0x000007fefe8b0000 - 0x000007fefe921000 	C:\Windows\system32\SHLWAPI.dll
0x000007fefec60000 - 0x000007fefec8e000 	C:\Windows\system32\IMM32.DLL
0x000007feff300000 - 0x000007feff409000 	C:\Windows\system32\MSCTF.dll
0x000000005dcb0000 - 0x000000005dd81000 	C:\Program Files\Java\jdk1.7.0_09\jre\bin\msvcr100.dll
0x000000006cfa0000 - 0x000000006d6bf000 	C:\Program Files\Java\jdk1.7.0_09\jre\bin\server\jvm.dll
0x000007fee9590000 - 0x000007fee9599000 	C:\Windows\system32\WSOCK32.dll
0x000007fefec10000 - 0x000007fefec5d000 	C:\Windows\system32\WS2_32.dll
0x000007fefd5b0000 - 0x000007fefd5b8000 	C:\Windows\system32\NSI.dll
0x000007fefaa70000 - 0x000007fefaaab000 	C:\Windows\system32\WINMM.dll
0x0000000077330000 - 0x0000000077337000 	C:\Windows\system32\PSAPI.DLL
0x000000006ddd0000 - 0x000000006dddf000 	C:\Program Files\Java\jdk1.7.0_09\jre\bin\verify.dll
0x000000006dda0000 - 0x000000006ddc8000 	C:\Program Files\Java\jdk1.7.0_09\jre\bin\java.dll
0x000000006dd80000 - 0x000000006dd95000 	C:\Program Files\Java\jdk1.7.0_09\jre\bin\zip.dll
0x000000006dd60000 - 0x000000006dd79000 	C:\Program Files\Java\jdk1.7.0_09\jre\bin\net.dll
0x000007fefc700000 - 0x000007fefc755000 	C:\Windows\system32\mswsock.dll
0x000007fefc6f0000 - 0x000007fefc6f7000 	C:\Windows\System32\wship6.dll
0x000000006dd40000 - 0x000000006dd51000 	C:\Program Files\Java\jdk1.7.0_09\jre\bin\nio.dll

VM Arguments:
jvm_args: -Xmx1024M -Dfile.encoding=windows-1252 -Duser.country=GB -Duser.language=en -Duser.variant 
java_command: com.android.dx.command.Main --dex --output C:\Users\Sinky\StudioProjects\ProtoRunnerV2\ProtoRunnerV2\build\intermediates\dex\debug C:\Users\Sinky\StudioProjects\ProtoRunnerV2\ProtoRunnerV2\build\intermediates\classes\debug C:\Users\Sinky\StudioProjects\ProtoRunnerV2\ProtoRunnerV2\build\intermediates\pre-dexed\debug\support-annotations-22.2.0-ce405e005671120865286fbb1a2542953cb92ee2.jar C:\Users\Sinky\StudioProjects\ProtoRunnerV2\ProtoRunnerV2\build\intermediates\pre-dexed\debug\classes-66fdcfc2144d757ac8530a052d47265e07773092.jar C:\Users\Sinky\StudioProjects\ProtoRunnerV2\ProtoRunnerV2\build\intermediates\pre-dexed\debug\classes-06ab37edf61694c22c293dc9ab41bab488406bc9.jar C:\Users\Sinky\StudioProjects\ProtoRunnerV2\ProtoRunnerV2\build\intermediates\pre-dexed\debug\classes-93f5a97fc040ab1733116df9f83fe928f712b237.jar C:\Users\Sinky\StudioProjects\ProtoRunnerV2\ProtoRunnerV2\build\intermediates\pre-dexed\debug\internal_impl-22.0.0-89a57e48793771ae5d65787933a30f0a9fffdc28.jar C:\Users\Sinky\StudioProjects\ProtoRunnerV2\ProtoRunnerV2\build\intermediates\pre-dexed\debug\classes-8e388dcd8b97a09304cc972cb61d3ffff3cfa55d.jar C:\Users\Sinky\StudioProjects\ProtoRunnerV2\ProtoRunnerV2\build\intermediates\pre-dexed\debug\classes-475e55994f5440e819b7988ff0065d4158443666.jar C:\Users\Sinky\StudioProjects\ProtoRunnerV2\ProtoRunnerV2\build\intermediates\pre-dexed\debug\classes-b7a255c659b855a7d768177e722332e1ea9e71a8.jar C:\Users\Sinky\StudioProjects\ProtoRunnerV2\ProtoRunnerV2\build\intermediates\pre-dexed\debug\classes-73d15a7b00f0331346d474c1114b3cc0a1b38ce2.jar C:\Users\Sinky\StudioProjects\ProtoRunnerV2\ProtoRunnerV2\build\intermediates\pre-dexed\debug\classes-b53993833ab07fbfd7d3b51de23eeeca6c4ddeb4.jar C:\Users\Sinky\StudioProjects\ProtoRunnerV2\ProtoRunnerV2\build\intermediates\pre-dexed\debug\classes-b732c20c9a93d8f61a730de1c28f5cdc6066418b.jar C:\Users\Sinky\StudioProjects\ProtoRunnerV2\ProtoRunnerV2\build\intermediates\pre-dexed\debug\classes-45b19e3021
Launcher Type: SUN_STANDARD

Environment Variables:
PATH=C:\Program Files (x86)\AMD APP\bin\x86_64;C:\Program Files (x86)\AMD APP\bin\x86;C:\Program Files (x86)\NVIDIA Corporation\PhysX\Common;C:\Program Files\Common Files\Microsoft Shared\Windows Live;C:\Program Files (x86)\Common Files\Microsoft Shared\Windows Live;C:\Windows\system32;C:\Windows;C:\Windows\System32\Wbem;C:\Windows\System32\WindowsPowerShell\v1.0\;C:\Program Files (x86)\ATI Technologies\ATI.ACE\Core-Static;C:\Program Files (x86)\Windows Live\Shared;C:\Program Files\Common Files\Autodesk Shared\;c:\Program Files (x86)\Microsoft SQL Server\100\Tools\Binn\;c:\Program Files (x86)\Microsoft SQL Server\100\DTS\Binn\;C:\Program Files\Microsoft SQL Server\110\Tools\Binn\;C:\Program Files\TortoiseGit\bin;C:\Program Files\Microsoft\Web Platform Installer\;C:\Program Files (x86)\Microsoft SDKs\TypeScript\1.0\
USERNAME=Sinky
OS=Windows_NT
PROCESSOR_IDENTIFIER=AMD64 Family 21 Model 1 Stepping 2, AuthenticAMD



---------------  S Y S T E M  ---------------

OS: Windows 7 , 64 bit Build 7601 Service Pack 1

CPU:total 4 (4 cores per cpu, 1 threads per core) family 21 model 1 stepping 2, cmov, cx8, fxsr, mmx, sse, sse2, sse3, ssse3, sse4.1, sse4.2, popcnt, avx, mmxext, 3dnowpref, lzcnt, sse4a, tsc, tscinvbit, tscinv

Memory: 4k page, physical 8370296k(3931812k free), swap 16738756k(11336572k free)

vm_info: Java HotSpot(TM) 64-Bit Server VM (23.5-b02) for windows-amd64 JRE (1.7.0_09-b05), built on Sep 24 2012 21:45:04 by "java_re" with unknown MS VC++:1600

time: Thu Jul 16 19:21:23 2015
elapsed time: 11 seconds

