#
# A fatal error has been detected by the Java Runtime Environment:
#
#  EXCEPTION_ACCESS_VIOLATION (0xc0000005) at pc=0x00000000028a3fb2, pid=7160, tid=6352
#
# JRE version: 7.0_09-b05
# Java VM: Java HotSpot(TM) 64-Bit Server VM (23.5-b02 mixed mode windows-amd64 compressed oops)
# Problematic frame:
# J  java.util.ComparableTimSort.binarySort([Ljava/lang/Object;III)V
#
# Failed to write core dump. Minidumps are not enabled by default on client versions of Windows
#
# If you would like to submit a bug report, please visit:
#   http://bugreport.sun.com/bugreport/crash.jsp
#

---------------  T H R E A D  ---------------

Current thread (0x00000000002af000):  JavaThread "main" [_thread_in_Java, id=6352, stack(0x0000000002490000,0x0000000002590000)]

siginfo: ExceptionCode=0xc0000005, writing address 0x0000000135a6a3e0

Registers:
RAX=0x00000000bb43ae50, RBX=0x0000000000000008, RCX=0x00000000bb43ae50, RDX=0x00000000ecdc1898
RSP=0x000000000258f410, RBP=0x00000000ecdc1700, RSI=0x000000000000000a, RDI=0x00000000bb43ae50
R8 =0x0000000000000012, R9 =0x000000000000000a, R10=0x00000000ecdc1860, R11=0x000000000000000b
R12=0x0000000000000000, R13=0x0000000000000040, R14=0x00000000ecdc1760, R15=0x00000000002af000
RIP=0x00000000028a3fb2, EFLAGS=0x0000000000010202

Top of Stack: (sp=0x000000000258f410)
0x000000000258f410:   00000000bb43adc8 0000000000000000
0x000000000258f420:   000000000258f450 0000000000000008
0x000000000258f430:   00000000ecdc1890 0000000a00000009
0x000000000258f440:   0000001200000000 0000000000000040
0x000000000258f450:   00000000ecdc1894 00000000ecdc1880
0x000000000258f460:   0000001200000012 000000000258f4b8
0x000000000258f470:   00000000bb3abb60 00000000bb3d9300
0x000000000258f480:   000000000258f500 00000000025961f8
0x000000000258f490:   000000000258f500 00000000025961f8
0x000000000258f4a0:   0000000000000008 0000000000000012
0x000000000258f4b0:   0000000000000000 00000000ecdc1860
0x000000000258f4c0:   000000000258f4c0 00000000bb3a9d36
0x000000000258f4d0:   000000000258f548 00000000bb3abb60
0x000000000258f4e0:   00000000bb3d8ef8 00000000bb3a9de8
0x000000000258f4f0:   000000000258f4a0 000000000258f538
0x000000000258f500:   000000000258f590 00000000025961f8 

Instructions: (pc=0x00000000028a3fb2)
0x00000000028a3f92:   8b da 4c 8b d2 48 8b 54 24 38 48 8b 3c 11 48 3b
0x00000000028a3fa2:   c7 0f 85 34 02 00 00 48 8b 54 24 48 48 83 c2 18
0x00000000028a3fb2:   89 aa 48 8b ca 48 c1 e9 09 bf 00 90 fb 04 44 88
0x00000000028a3fc2:   24 0f 49 8b d2 44 8b d3 8b 5c 24 28 45 3b d0 0f 


Register to memory mapping:

RAX=0x00000000bb43ae50 is an oop
{instance class} 
 - klass: {other class}
RBX=0x0000000000000008 is an unknown value
RCX=0x00000000bb43ae50 is an oop
{instance class} 
 - klass: {other class}
RDX=0x00000000ecdc1898 is an unknown value
RSP=0x000000000258f410 is pointing into the stack for thread: 0x00000000002af000
RBP=0x00000000ecdc1700 is an oop
com.android.dex.TableOfContents$Section 
 - klass: 'com/android/dex/TableOfContents$Section'
RSI=0x000000000000000a is an unknown value
RDI=0x00000000bb43ae50 is an oop
{instance class} 
 - klass: {other class}
R8 =0x0000000000000012 is an unknown value
R9 =0x000000000000000a is an unknown value
R10=0x00000000ecdc1860 is an oop
[Lcom.android.dex.TableOfContents$Section; 
 - klass: 'com/android/dex/TableOfContents$Section'[]
 - length: 18
R11=0x000000000000000b is an unknown value
R12=0x0000000000000000 is an unknown value
R13=0x0000000000000040 is an unknown value
R14=0x00000000ecdc1760 is an oop
com.android.dex.TableOfContents$Section 
 - klass: 'com/android/dex/TableOfContents$Section'
R15=0x00000000002af000 is a thread


Stack: [0x0000000002490000,0x0000000002590000],  sp=0x000000000258f410,  free space=1021k
Native frames: (J=compiled Java code, j=interpreted, Vv=VM code, C=native code)
J  java.util.ComparableTimSort.binarySort([Ljava/lang/Object;III)V


---------------  P R O C E S S  ---------------

Java Threads: ( => current thread )
  0x0000000008dfc000 JavaThread "Service Thread" daemon [_thread_blocked, id=1616, stack(0x000000000a900000,0x000000000aa00000)]
  0x0000000008df0000 JavaThread "C2 CompilerThread1" daemon [_thread_in_native, id=7156, stack(0x000000000a6d0000,0x000000000a7d0000)]
  0x0000000008dee000 JavaThread "C2 CompilerThread0" daemon [_thread_in_native, id=5072, stack(0x000000000a590000,0x000000000a690000)]
  0x0000000008dec800 JavaThread "Attach Listener" daemon [_thread_blocked, id=6056, stack(0x000000000a3c0000,0x000000000a4c0000)]
  0x0000000008de5800 JavaThread "Signal Dispatcher" daemon [_thread_blocked, id=6420, stack(0x0000000009d30000,0x0000000009e30000)]
  0x00000000023ec800 JavaThread "Finalizer" daemon [_thread_blocked, id=4608, stack(0x000000000a160000,0x000000000a260000)]
  0x00000000023e4800 JavaThread "Reference Handler" daemon [_thread_blocked, id=2532, stack(0x000000000a030000,0x000000000a130000)]
=>0x00000000002af000 JavaThread "main" [_thread_in_Java, id=6352, stack(0x0000000002490000,0x0000000002590000)]

Other Threads:
  0x0000000008d62000 VMThread [stack: 0x0000000009ee0000,0x0000000009fe0000] [id=728]
  0x0000000008e04800 WatcherThread [stack: 0x000000000aa80000,0x000000000ab80000] [id=388]

VM state:not at safepoint (normal execution)

VM Mutex/Monitor currently owned by a thread: None

Heap
 PSYoungGen      total 146432K, used 55892K [0x00000000eaab0000, 0x00000000fccd0000, 0x0000000100000000)
  eden space 127872K, 29% used [0x00000000eaab0000,0x00000000ecf90088,0x00000000f2790000)
  from space 18560K, 97% used [0x00000000f2790000,0x00000000f3945290,0x00000000f39b0000)
  to   space 20672K, 0% used [0x00000000fb8a0000,0x00000000fb8a0000,0x00000000fccd0000)
 ParOldGen       total 87232K, used 33655K [0x00000000c0000000, 0x00000000c5530000, 0x00000000eaab0000)
  object space 87232K, 38% used [0x00000000c0000000,0x00000000c20ddc38,0x00000000c5530000)
 PSPermGen       total 21248K, used 7604K [0x00000000bae00000, 0x00000000bc2c0000, 0x00000000c0000000)
  object space 21248K, 35% used [0x00000000bae00000,0x00000000bb56d008,0x00000000bc2c0000)

Card table byte_map: [0x0000000005590000,0x00000000057c0000] byte_map_base: 0x0000000004fb9000

Polling page: 0x0000000000240000

Code Cache  [0x0000000002590000, 0x00000000028c0000, 0x0000000005590000)
 total_blobs=1372 nmethods=1114 adapters=209 free_code_cache=45971Kb largest_free_block=46995328

Compilation events (10 events):
Event: 22.104 Thread 0x0000000008dee000 nmethod 1140 0x00000000028960d0 code [0x0000000002896220, 0x00000000028962f8]
Event: 22.104 Thread 0x0000000008dee000 1141             com.android.dex.ProtoId::compareTo (35 bytes)
Event: 22.106 Thread 0x0000000008dee000 nmethod 1141 0x00000000027dd050 code [0x00000000027dd180, 0x00000000027dd238]
Event: 22.106 Thread 0x0000000008dee000 1142             com.android.dx.util.ByteArrayAnnotatedOutput::<init> (9 bytes)
Event: 22.108 Thread 0x0000000008dee000 nmethod 1142 0x0000000002623550 code [0x00000000026236a0, 0x0000000002623798]
Event: 22.108 Thread 0x0000000008dee000 1143             com.android.dx.util.ByteArrayAnnotatedOutput::<init> (54 bytes)
Event: 22.110 Thread 0x0000000008dee000 nmethod 1143 0x00000000027dcd90 code [0x00000000027dcec0, 0x00000000027dcf58]
Event: 22.110 Thread 0x0000000008dee000 1144             com.android.dx.util.ByteArrayAnnotatedOutput::toByteArray (23 bytes)
Event: 22.113 Thread 0x0000000008dee000 nmethod 1144 0x00000000028a38d0 code [0x00000000028a3a20, 0x00000000028a3b78]
Event: 22.113 Thread 0x0000000008dee000 1145             com.android.dx.merge.DexMerger::mergeClassDefs (103 bytes)

GC Heap History (10 events):
Event: 6.407 GC heap before
{Heap before GC invocations=3 (full 0):
 PSYoungGen      total 38144K, used 38112K [0x00000000eaab0000, 0x00000000ef530000, 0x0000000100000000)
  eden space 32704K, 100% used [0x00000000eaab0000,0x00000000ecaa0000,0x00000000ecaa0000)
  from space 5440K, 99% used [0x00000000ecff0000,0x00000000ed538028,0x00000000ed540000)
  to   space 5440K, 0% used [0x00000000ecaa0000,0x00000000ecaa0000,0x00000000ecff0000)
 ParOldGen       total 87232K, used 7757K [0x00000000c0000000, 0x00000000c5530000, 0x00000000eaab0000)
  object space 87232K, 8% used [0x00000000c0000000,0x00000000c0793768,0x00000000c5530000)
 PSPermGen       total 21248K, used 5301K [0x00000000bae00000, 0x00000000bc2c0000, 0x00000000c0000000)
  object space 21248K, 24% used [0x00000000bae00000,0x00000000bb32d768,0x00000000bc2c0000)
Event: 6.447 GC heap after
Heap after GC invocations=3 (full 0):
 PSYoungGen      total 38144K, used 5408K [0x00000000eaab0000, 0x00000000ef530000, 0x0000000100000000)
  eden space 32704K, 0% used [0x00000000eaab0000,0x00000000eaab0000,0x00000000ecaa0000)
  from space 5440K, 99% used [0x00000000ecaa0000,0x00000000ecfe8018,0x00000000ecff0000)
  to   space 5440K, 0% used [0x00000000eefe0000,0x00000000eefe0000,0x00000000ef530000)
 ParOldGen       total 87232K, used 12383K [0x00000000c0000000, 0x00000000c5530000, 0x00000000eaab0000)
  object space 87232K, 14% used [0x00000000c0000000,0x00000000c0c17ce8,0x00000000c5530000)
 PSPermGen       total 21248K, used 5301K [0x00000000bae00000, 0x00000000bc2c0000, 0x00000000c0000000)
  object space 21248K, 24% used [0x00000000bae00000,0x00000000bb32d768,0x00000000bc2c0000)
}
Event: 8.426 GC heap before
{Heap before GC invocations=4 (full 0):
 PSYoungGen      total 38144K, used 38112K [0x00000000eaab0000, 0x00000000ef530000, 0x0000000100000000)
  eden space 32704K, 100% used [0x00000000eaab0000,0x00000000ecaa0000,0x00000000ecaa0000)
  from space 5440K, 99% used [0x00000000ecaa0000,0x00000000ecfe8018,0x00000000ecff0000)
  to   space 5440K, 0% used [0x00000000eefe0000,0x00000000eefe0000,0x00000000ef530000)
 ParOldGen       total 87232K, used 12383K [0x00000000c0000000, 0x00000000c5530000, 0x00000000eaab0000)
  object space 87232K, 14% used [0x00000000c0000000,0x00000000c0c17ce8,0x00000000c5530000)
 PSPermGen       total 21248K, used 5318K [0x00000000bae00000, 0x00000000bc2c0000, 0x00000000c0000000)
  object space 21248K, 25% used [0x00000000bae00000,0x00000000bb331810,0x00000000bc2c0000)
Event: 8.531 GC heap after
Heap after GC invocations=4 (full 0):
 PSYoungGen      total 70848K, used 5426K [0x00000000eaab0000, 0x00000000ef530000, 0x0000000100000000)
  eden space 65408K, 0% used [0x00000000eaab0000,0x00000000eaab0000,0x00000000eea90000)
  from space 5440K, 99% used [0x00000000eefe0000,0x00000000ef52c978,0x00000000ef530000)
  to   space 5440K, 0% used [0x00000000eea90000,0x00000000eea90000,0x00000000eefe0000)
 ParOldGen       total 87232K, used 18279K [0x00000000c0000000, 0x00000000c5530000, 0x00000000eaab0000)
  object space 87232K, 20% used [0x00000000c0000000,0x00000000c11d9dd8,0x00000000c5530000)
 PSPermGen       total 21248K, used 5318K [0x00000000bae00000, 0x00000000bc2c0000, 0x00000000c0000000)
  object space 21248K, 25% used [0x00000000bae00000,0x00000000bb331810,0x00000000bc2c0000)
}
Event: 11.554 GC heap before
{Heap before GC invocations=5 (full 0):
 PSYoungGen      total 70848K, used 70834K [0x00000000eaab0000, 0x00000000ef530000, 0x0000000100000000)
  eden space 65408K, 100% used [0x00000000eaab0000,0x00000000eea90000,0x00000000eea90000)
  from space 5440K, 99% used [0x00000000eefe0000,0x00000000ef52c978,0x00000000ef530000)
  to   space 5440K, 0% used [0x00000000eea90000,0x00000000eea90000,0x00000000eefe0000)
 ParOldGen       total 87232K, used 18279K [0x00000000c0000000, 0x00000000c5530000, 0x00000000eaab0000)
  object space 87232K, 20% used [0x00000000c0000000,0x00000000c11d9dd8,0x00000000c5530000)
 PSPermGen       total 21248K, used 5346K [0x00000000bae00000, 0x00000000bc2c0000, 0x00000000c0000000)
  object space 21248K, 25% used [0x00000000bae00000,0x00000000bb338bc0,0x00000000bc2c0000)
Event: 13.255 GC heap after
Heap after GC invocations=5 (full 0):
 PSYoungGen      total 70848K, used 5426K [0x00000000eaab0000, 0x00000000f48f0000, 0x0000000100000000)
  eden space 65408K, 0% used [0x00000000eaab0000,0x00000000eaab0000,0x00000000eea90000)
  from space 5440K, 99% used [0x00000000eea90000,0x00000000eefdc978,0x00000000eefe0000)
  to   space 15616K, 0% used [0x00000000f39b0000,0x00000000f39b0000,0x00000000f48f0000)
 ParOldGen       total 87232K, used 28536K [0x00000000c0000000, 0x00000000c5530000, 0x00000000eaab0000)
  object space 87232K, 32% used [0x00000000c0000000,0x00000000c1bde090,0x00000000c5530000)
 PSPermGen       total 21248K, used 5346K [0x00000000bae00000, 0x00000000bc2c0000, 0x00000000c0000000)
  object space 21248K, 25% used [0x00000000bae00000,0x00000000bb338bc0,0x00000000bc2c0000)
}
Event: 17.530 GC heap before
{Heap before GC invocations=6 (full 0):
 PSYoungGen      total 70848K, used 70834K [0x00000000eaab0000, 0x00000000f48f0000, 0x0000000100000000)
  eden space 65408K, 100% used [0x00000000eaab0000,0x00000000eea90000,0x00000000eea90000)
  from space 5440K, 99% used [0x00000000eea90000,0x00000000eefdc978,0x00000000eefe0000)
  to   space 15616K, 0% used [0x00000000f39b0000,0x00000000f39b0000,0x00000000f48f0000)
 ParOldGen       total 87232K, used 28536K [0x00000000c0000000, 0x00000000c5530000, 0x00000000eaab0000)
  object space 87232K, 32% used [0x00000000c0000000,0x00000000c1bde090,0x00000000c5530000)
 PSPermGen       total 21248K, used 6069K [0x00000000bae00000, 0x00000000bc2c0000, 0x00000000c0000000)
  object space 21248K, 28% used [0x00000000bae00000,0x00000000bb3ed570,0x00000000bc2c0000)
Event: 17.625 GC heap after
Heap after GC invocations=6 (full 0):
 PSYoungGen      total 143488K, used 15603K [0x00000000eaab0000, 0x00000000f4eb0000, 0x0000000100000000)
  eden space 127872K, 0% used [0x00000000eaab0000,0x00000000eaab0000,0x00000000f2790000)
  from space 15616K, 99% used [0x00000000f39b0000,0x00000000f48ecf00,0x00000000f48f0000)
  to   space 18560K, 0% used [0x00000000f2790000,0x00000000f2790000,0x00000000f39b0000)
 ParOldGen       total 87232K, used 30560K [0x00000000c0000000, 0x00000000c5530000, 0x00000000eaab0000)
  object space 87232K, 35% used [0x00000000c0000000,0x00000000c1dd82d8,0x00000000c5530000)
 PSPermGen       total 21248K, used 6069K [0x00000000bae00000, 0x00000000bc2c0000, 0x00000000c0000000)
  object space 21248K, 28% used [0x00000000bae00000,0x00000000bb3ed570,0x00000000bc2c0000)
}
Event: 21.765 GC heap before
{Heap before GC invocations=7 (full 0):
 PSYoungGen      total 143488K, used 143475K [0x00000000eaab0000, 0x00000000f4eb0000, 0x0000000100000000)
  eden space 127872K, 100% used [0x00000000eaab0000,0x00000000f2790000,0x00000000f2790000)
  from space 15616K, 99% used [0x00000000f39b0000,0x00000000f48ecf00,0x00000000f48f0000)
  to   space 18560K, 0% used [0x00000000f2790000,0x00000000f2790000,0x00000000f39b0000)
 ParOldGen       total 87232K, used 30560K [0x00000000c0000000, 0x00000000c5530000, 0x00000000eaab0000)
  object space 87232K, 35% used [0x00000000c0000000,0x00000000c1dd82d8,0x00000000c5530000)
 PSPermGen       total 21248K, used 7507K [0x00000000bae00000, 0x00000000bc2c0000, 0x00000000c0000000)
  object space 21248K, 35% used [0x00000000bae00000,0x00000000bb554ed8,0x00000000bc2c0000)
Event: 21.826 GC heap after
Heap after GC invocations=7 (full 0):
 PSYoungGen      total 146432K, used 18132K [0x00000000eaab0000, 0x00000000fccd0000, 0x0000000100000000)
  eden space 127872K, 0% used [0x00000000eaab0000,0x00000000eaab0000,0x00000000f2790000)
  from space 18560K, 97% used [0x00000000f2790000,0x00000000f3945290,0x00000000f39b0000)
  to   space 20672K, 0% used [0x00000000fb8a0000,0x00000000fb8a0000,0x00000000fccd0000)
 ParOldGen       total 87232K, used 33655K [0x00000000c0000000, 0x00000000c5530000, 0x00000000eaab0000)
  object space 87232K, 38% used [0x00000000c0000000,0x00000000c20ddc38,0x00000000c5530000)
 PSPermGen       total 21248K, used 7507K [0x00000000bae00000, 0x00000000bc2c0000, 0x00000000c0000000)
  object space 21248K, 35% used [0x00000000bae00000,0x00000000bb554ed8,0x00000000bc2c0000)
}

Deoptimization events (10 events):
Event: 20.835 Thread 0x00000000002af000 Uncommon trap -42 fr.pc 0x0000000002873e6c
Event: 20.835 Thread 0x00000000002af000 Uncommon trap -42 fr.pc 0x0000000002873f18
Event: 20.883 Thread 0x00000000002af000 Uncommon trap -42 fr.pc 0x0000000002875a58
Event: 20.883 Thread 0x00000000002af000 Uncommon trap -42 fr.pc 0x000000000287584c
Event: 20.883 Thread 0x00000000002af000 Uncommon trap -42 fr.pc 0x0000000002875974
Event: 20.883 Thread 0x00000000002af000 Uncommon trap -42 fr.pc 0x0000000002875a58
Event: 20.968 Thread 0x00000000002af000 Uncommon trap -42 fr.pc 0x0000000002873e6c
Event: 20.968 Thread 0x00000000002af000 Uncommon trap -42 fr.pc 0x0000000002873f18
Event: 21.491 Thread 0x00000000002af000 Uncommon trap -42 fr.pc 0x00000000028901a4
Event: 21.647 Thread 0x00000000002af000 Uncommon trap -42 fr.pc 0x00000000028901a4

Internal exceptions (10 events):
Event: 19.075 Thread 0x00000000002af000 Threw 0x00000000eaf7af08 at C:\jdk7u1_64p\jdk7u9\hotspot\src\share\vm\prims\jvm.cpp:1166
Event: 19.076 Thread 0x00000000002af000 Threw 0x00000000eaf7df68 at C:\jdk7u1_64p\jdk7u9\hotspot\src\share\vm\prims\jvm.cpp:1166
Event: 19.077 Thread 0x00000000002af000 Threw 0x00000000eaf81408 at C:\jdk7u1_64p\jdk7u9\hotspot\src\share\vm\prims\jvm.cpp:1166
Event: 19.083 Thread 0x00000000002af000 Threw 0x00000000eafc8948 at C:\jdk7u1_64p\jdk7u9\hotspot\src\share\vm\prims\jvm.cpp:1166
Event: 19.084 Thread 0x00000000002af000 Threw 0x00000000eafcab58 at C:\jdk7u1_64p\jdk7u9\hotspot\src\share\vm\prims\jvm.cpp:1166
Event: 19.592 Thread 0x00000000002af000 Threw 0x00000000eb4950f0 at C:\jdk7u1_64p\jdk7u9\hotspot\src\share\vm\prims\jvm.cpp:1166
Event: 19.592 Thread 0x00000000002af000 Threw 0x00000000eb495218 at C:\jdk7u1_64p\jdk7u9\hotspot\src\share\vm\prims\jvm.cpp:1166
Event: 19.596 Thread 0x00000000002af000 Threw 0x00000000eb498f60 at C:\jdk7u1_64p\jdk7u9\hotspot\src\share\vm\prims\jvm.cpp:1166
Event: 19.596 Thread 0x00000000002af000 Threw 0x00000000eb499088 at C:\jdk7u1_64p\jdk7u9\hotspot\src\share\vm\prims\jvm.cpp:1166
Event: 20.155 Thread 0x00000000002af000 Threw 0x00000000ec14f4d0 at C:\jdk7u1_64p\jdk7u9\hotspot\src\share\vm\prims\jvm.cpp:1166

Events (10 events):
Event: 22.208 loading class 0x000000000c5f3830
Event: 22.208 loading class 0x000000000c5f3830 done
Event: 22.209 loading class 0x000000000b032ec0
Event: 22.209 loading class 0x000000000b032ec0 done
Event: 22.209 loading class 0x000000000c5f3920
Event: 22.209 loading class 0x000000000c5f3920 done
Event: 22.209 loading class 0x000000000c5f39e0
Event: 22.209 loading class 0x000000000c5f39e0 done
Event: 22.210 loading class 0x00000000023e3710
Event: 22.210 loading class 0x00000000023e3710 done


Dynamic libraries:
0x000000013f2b0000 - 0x000000013f2e3000 	C:\Program Files\Java\jdk1.7.0_09\bin\java.exe
0x0000000077060000 - 0x0000000077209000 	C:\Windows\SYSTEM32\ntdll.dll
0x0000000076e40000 - 0x0000000076f5f000 	C:\Windows\system32\kernel32.dll
0x000007fefce90000 - 0x000007fefcefc000 	C:\Windows\system32\KERNELBASE.dll
0x000007fefd1d0000 - 0x000007fefd2ab000 	C:\Windows\system32\ADVAPI32.dll
0x000007fefdd50000 - 0x000007fefddef000 	C:\Windows\system32\msvcrt.dll
0x000007fefddf0000 - 0x000007fefde0f000 	C:\Windows\SYSTEM32\sechost.dll
0x000007feff240000 - 0x000007feff36d000 	C:\Windows\system32\RPCRT4.dll
0x0000000076f60000 - 0x000000007705a000 	C:\Windows\system32\USER32.dll
0x000007fefdce0000 - 0x000007fefdd47000 	C:\Windows\system32\GDI32.dll
0x000007feff0a0000 - 0x000007feff0ae000 	C:\Windows\system32\LPK.dll
0x000007fefd620000 - 0x000007fefd6e9000 	C:\Windows\system32\USP10.dll
0x000007fefb970000 - 0x000007fefbb64000 	C:\Windows\WinSxS\amd64_microsoft.windows.common-controls_6595b64144ccf1df_6.0.7601.18837_none_fa3b1e3d17594757\COMCTL32.dll
0x000007feff190000 - 0x000007feff201000 	C:\Windows\system32\SHLWAPI.dll
0x000007feff210000 - 0x000007feff23e000 	C:\Windows\system32\IMM32.DLL
0x000007fefd760000 - 0x000007fefd869000 	C:\Windows\system32\MSCTF.dll
0x000000006dc90000 - 0x000000006dd61000 	C:\Program Files\Java\jdk1.7.0_09\jre\bin\msvcr100.dll
0x000000005bb50000 - 0x000000005c26f000 	C:\Program Files\Java\jdk1.7.0_09\jre\bin\server\jvm.dll
0x000007fee7b20000 - 0x000007fee7b29000 	C:\Windows\system32\WSOCK32.dll
0x000007fefde10000 - 0x000007fefde5d000 	C:\Windows\system32\WS2_32.dll
0x000007fefd6f0000 - 0x000007fefd6f8000 	C:\Windows\system32\NSI.dll
0x000007fefa710000 - 0x000007fefa74b000 	C:\Windows\system32\WINMM.dll
0x0000000077230000 - 0x0000000077237000 	C:\Windows\system32\PSAPI.DLL
0x00000000745c0000 - 0x00000000745cf000 	C:\Program Files\Java\jdk1.7.0_09\jre\bin\verify.dll
0x0000000074590000 - 0x00000000745b8000 	C:\Program Files\Java\jdk1.7.0_09\jre\bin\java.dll
0x0000000074570000 - 0x0000000074585000 	C:\Program Files\Java\jdk1.7.0_09\jre\bin\zip.dll
0x0000000074550000 - 0x0000000074569000 	C:\Program Files\Java\jdk1.7.0_09\jre\bin\net.dll
0x000007fefc5b0000 - 0x000007fefc605000 	C:\Windows\system32\mswsock.dll
0x000007fefc5a0000 - 0x000007fefc5a7000 	C:\Windows\System32\wship6.dll
0x0000000074530000 - 0x0000000074541000 	C:\Program Files\Java\jdk1.7.0_09\jre\bin\nio.dll

VM Arguments:
jvm_args: -Xmx1024M -Dfile.encoding=windows-1252 -Duser.country=GB -Duser.language=en -Duser.variant 
java_command: com.android.dx.command.Main --dex --output C:\Users\Sinky\StudioProjects\ProtoRunnerV2\ProtoRunnerV2\build\intermediates\dex\debug C:\Users\Sinky\StudioProjects\ProtoRunnerV2\ProtoRunnerV2\build\intermediates\classes\debug C:\Users\Sinky\StudioProjects\ProtoRunnerV2\ProtoRunnerV2\build\intermediates\pre-dexed\debug\support-annotations-22.2.0-ce405e005671120865286fbb1a2542953cb92ee2.jar C:\Users\Sinky\StudioProjects\ProtoRunnerV2\ProtoRunnerV2\build\intermediates\pre-dexed\debug\classes-66fdcfc2144d757ac8530a052d47265e07773092.jar C:\Users\Sinky\StudioProjects\ProtoRunnerV2\ProtoRunnerV2\build\intermediates\pre-dexed\debug\classes-06ab37edf61694c22c293dc9ab41bab488406bc9.jar C:\Users\Sinky\StudioProjects\ProtoRunnerV2\ProtoRunnerV2\build\intermediates\pre-dexed\debug\classes-93f5a97fc040ab1733116df9f83fe928f712b237.jar C:\Users\Sinky\StudioProjects\ProtoRunnerV2\ProtoRunnerV2\build\intermediates\pre-dexed\debug\internal_impl-22.0.0-89a57e48793771ae5d65787933a30f0a9fffdc28.jar C:\Users\Sinky\StudioProjects\ProtoRunnerV2\ProtoRunnerV2\build\intermediates\pre-dexed\debug\classes-8e388dcd8b97a09304cc972cb61d3ffff3cfa55d.jar C:\Users\Sinky\StudioProjects\ProtoRunnerV2\ProtoRunnerV2\build\intermediates\pre-dexed\debug\classes-475e55994f5440e819b7988ff0065d4158443666.jar C:\Users\Sinky\StudioProjects\ProtoRunnerV2\ProtoRunnerV2\build\intermediates\pre-dexed\debug\classes-b7a255c659b855a7d768177e722332e1ea9e71a8.jar C:\Users\Sinky\StudioProjects\ProtoRunnerV2\ProtoRunnerV2\build\intermediates\pre-dexed\debug\classes-73d15a7b00f0331346d474c1114b3cc0a1b38ce2.jar C:\Users\Sinky\StudioProjects\ProtoRunnerV2\ProtoRunnerV2\build\intermediates\pre-dexed\debug\classes-b53993833ab07fbfd7d3b51de23eeeca6c4ddeb4.jar C:\Users\Sinky\StudioProjects\ProtoRunnerV2\ProtoRunnerV2\build\intermediates\pre-dexed\debug\classes-b732c20c9a93d8f61a730de1c28f5cdc6066418b.jar C:\Users\Sinky\StudioProjects\ProtoRunnerV2\ProtoRunnerV2\build\intermediates\pre-dexed\debug\classes-45b19e3021
Launcher Type: SUN_STANDARD

Environment Variables:
PATH=C:\Program Files (x86)\AMD APP\bin\x86_64;C:\Program Files (x86)\AMD APP\bin\x86;C:\Program Files (x86)\NVIDIA Corporation\PhysX\Common;C:\Program Files\Common Files\Microsoft Shared\Windows Live;C:\Program Files (x86)\Common Files\Microsoft Shared\Windows Live;C:\Windows\system32;C:\Windows;C:\Windows\System32\Wbem;C:\Windows\System32\WindowsPowerShell\v1.0\;C:\Program Files (x86)\ATI Technologies\ATI.ACE\Core-Static;C:\Program Files (x86)\Windows Live\Shared;C:\Program Files\Common Files\Autodesk Shared\;c:\Program Files (x86)\Microsoft SQL Server\100\Tools\Binn\;c:\Program Files (x86)\Microsoft SQL Server\100\DTS\Binn\;C:\Program Files\Microsoft SQL Server\110\Tools\Binn\;C:\Program Files\TortoiseGit\bin;C:\Program Files\Microsoft\Web Platform Installer\;C:\Program Files (x86)\Microsoft SDKs\TypeScript\1.0\
USERNAME=Sinky
OS=Windows_NT
PROCESSOR_IDENTIFIER=AMD64 Family 21 Model 1 Stepping 2, AuthenticAMD



---------------  S Y S T E M  ---------------

OS: Windows 7 , 64 bit Build 7601 Service Pack 1

CPU:total 4 (4 cores per cpu, 1 threads per core) family 21 model 1 stepping 2, cmov, cx8, fxsr, mmx, sse, sse2, sse3, ssse3, sse4.1, sse4.2, popcnt, avx, mmxext, 3dnowpref, lzcnt, sse4a, tsc, tscinvbit, tscinv

Memory: 4k page, physical 8370296k(4570420k free), swap 16738756k(11855260k free)

vm_info: Java HotSpot(TM) 64-Bit Server VM (23.5-b02) for windows-amd64 JRE (1.7.0_09-b05), built on Sep 24 2012 21:45:04 by "java_re" with unknown MS VC++:1600

time: Sat Jul 25 15:07:07 2015
elapsed time: 22 seconds

