#
# A fatal error has been detected by the Java Runtime Environment:
#
#  EXCEPTION_ACCESS_VIOLATION (0xc0000005) at pc=0x00000000680d03e8, pid=7828, tid=7592
#
# JRE version: 7.0_09-b05
# Java VM: Java HotSpot(TM) 64-Bit Server VM (23.5-b02 mixed mode windows-amd64 compressed oops)
# Problematic frame:
# V  [jvm.dll+0xf03e8]
#
# Failed to write core dump. Minidumps are not enabled by default on client versions of Windows
#
# If you would like to submit a bug report, please visit:
#   http://bugreport.sun.com/bugreport/crash.jsp
#

---------------  T H R E A D  ---------------

Current thread (0x0000000002088800):  GCTaskThread [stack: 0x0000000005b20000,0x0000000005c20000] [id=7592]

siginfo: ExceptionCode=0xc0000005, reading address 0xffffffffffffffff

Registers:
RAX=0x0000000005df0000, RBX=0x0000000000000003, RCX=0x0000000000000000, RDX=0x0000000000000000
RSP=0x0000000005c1f710, RBP=0x0000000002130ab0, RSI=0x00000000c2df1900, RDI=0x0000000080000000
R8 =0x007fffffffe29000, R9 =0x0000000002130ab0, R10=0x0000000000000079, R11=0x00000000c034c538
R12=0x00000000c2df1a10, R13=0x0000000000006600, R14=0x00000000c2dd8200, R15=0x0000000000010000
RIP=0x00000000680d03e8, EFLAGS=0x0000000000010246

Top of Stack: (sp=0x0000000005c1f710)
0x0000000005c1f710:   0000000009240408 00000000680a9c2b
0x0000000005c1f720:   00000000bb1c96e8 00000000c2e35d00
0x0000000005c1f730:   0000000000000003 0000000068196002
0x0000000005c1f740:   0000000000000000 0000000002088ec0
0x0000000005c1f750:   00000000020892a8 00000000c2e35d10
0x0000000005c1f760:   0000000000000003 00000000683393bd
0x0000000005c1f770:   0000000002130ab0 0000008100000013
0x0000000005c1f780:   0000000002088f70 0000000002088f70
0x0000000005c1f790:   0000008100000013 0000000000000000
0x0000000005c1f7a0:   00000000c2dd8200 0000000000006400
0x0000000005c1f7b0:   0000000002089a00 000000000203e240
0x0000000005c1f7c0:   0000000002086450 00000000020892a8
0x0000000005c1f7d0:   0000000002088ed0 0000000002088ec0
0x0000000005c1f7e0:   0000000002088f70 0000000002086450
0x0000000005c1f7f0:   0000000002088ec0 00000000020bd510
0x0000000005c1f800:   0000000002130ab0 0000000068336804 

Instructions: (pc=0x00000000680d03e8)
0x00000000680d03c8:   05 33 43 5c 00 49 c1 e8 03 49 d3 e8 41 0f b6 c0
0x00000000680d03d8:   49 c1 e8 06 24 3f 0f b6 d0 48 8b 05 28 43 5c 00
0x00000000680d03e8:   4a 8b 0c c0 48 0f a3 d1 72 3e 48 8b cf e8 16 db
0x00000000680d03f8:   fb ff 84 c0 74 32 48 8b d7 48 8b cd e8 47 d6 fb 


Register to memory mapping:

RAX=0x0000000005df0000 is an unknown value
RBX=0x0000000000000003 is an unknown value
RCX=0x0000000000000000 is an unknown value
RDX=0x0000000000000000 is an unknown value
RSP=0x0000000005c1f710 is an unknown value
RBP=0x0000000002130ab0 is an unknown value
RSI=0x00000000c2df1900 is an oop
[Ljava.util.HashMap$Entry; 
 - klass: 'java/util/HashMap$Entry'[]
 - length: 65536
RDI=0x0000000080000000 is an unknown value
R8 =0x007fffffffe29000 is an unknown value
R9 =0x0000000002130ab0 is an unknown value
R10=0x0000000000000079 is an unknown value
R11=0x00000000c034c538 is an oop
java.util.HashMap$Entry 
 - klass: 'java/util/HashMap$Entry'
R12=0x00000000c2df1a10 is an oop
[Ljava.util.HashMap$Entry; 
 - klass: 'java/util/HashMap$Entry'[]
 - length: 65536
R13=0x0000000000006600 is an unknown value
R14=0x00000000c2dd8200 is an oop
[Ljava.util.HashMap$Entry; 
 - klass: 'java/util/HashMap$Entry'[]
 - length: 65536
R15=0x0000000000010000 is an unknown value


Stack: [0x0000000005b20000,0x0000000005c20000],  sp=0x0000000005c1f710,  free space=1021k
Native frames: (J=compiled Java code, j=interpreted, Vv=VM code, C=native code)
V  [jvm.dll+0xf03e8]


---------------  P R O C E S S  ---------------

Java Threads: ( => current thread )
  0x0000000008c94000 JavaThread "Service Thread" daemon [_thread_blocked, id=7432, stack(0x000000000a2c0000,0x000000000a3c0000)]
  0x0000000008c93000 JavaThread "C2 CompilerThread1" daemon [_thread_blocked, id=7520, stack(0x000000000a520000,0x000000000a620000)]
  0x0000000008c8e000 JavaThread "C2 CompilerThread0" daemon [_thread_blocked, id=3380, stack(0x000000000a400000,0x000000000a500000)]
  0x0000000008c8c800 JavaThread "Attach Listener" daemon [_thread_blocked, id=5560, stack(0x000000000a060000,0x000000000a160000)]
  0x0000000008c85800 JavaThread "Signal Dispatcher" daemon [_thread_blocked, id=6664, stack(0x0000000009e50000,0x0000000009f50000)]
  0x000000000213c800 JavaThread "Finalizer" daemon [_thread_blocked, id=8048, stack(0x000000000a170000,0x000000000a270000)]
  0x0000000002134800 JavaThread "Reference Handler" daemon [_thread_blocked, id=7240, stack(0x0000000009f60000,0x000000000a060000)]
  0x000000000203f000 JavaThread "main" [_thread_blocked, id=7576, stack(0x00000000023c0000,0x00000000024c0000)]

Other Threads:
  0x0000000008c02000 VMThread [stack: 0x0000000009ce0000,0x0000000009de0000] [id=6860]
  0x0000000008ca4800 WatcherThread [stack: 0x000000000a710000,0x000000000a810000] [id=8168]

=>0x0000000002088800 (exited) GCTaskThread [stack: 0x0000000005b20000,0x0000000005c20000] [id=7592]

VM state:at safepoint (normal execution)

VM Mutex/Monitor currently owned by a thread:  ([mutex/lock_event])
[0x000000000203d1c0] Threads_lock - owner thread: 0x0000000008c02000
[0x000000000203d6c0] Heap_lock - owner thread: 0x000000000203f000

Heap
 PSYoungGen      total 318400K, used 23538K [0x00000000eaab0000, 0x0000000100000000, 0x0000000100000000)
  eden space 294720K, 0% used [0x00000000eaab0000,0x00000000eaab0000,0x00000000fca80000)
  from space 23680K, 99% used [0x00000000fe8e0000,0x00000000fffdcb88,0x0000000100000000)
  to   space 27392K, 0% used [0x00000000fca80000,0x00000000fca80000,0x00000000fe540000)
 ParOldGen       total 87232K, used 84697K [0x00000000c0000000, 0x00000000c5530000, 0x00000000eaab0000)
  object space 87232K, 97% used [0x00000000c0000000,0x00000000c52b64e0,0x00000000c5530000)
 PSPermGen       total 21248K, used 7634K [0x00000000bae00000, 0x00000000bc2c0000, 0x00000000c0000000)
  object space 21248K, 35% used [0x00000000bae00000,0x00000000bb574b00,0x00000000bc2c0000)

Card table byte_map: [0x00000000054c0000,0x00000000056f0000] byte_map_base: 0x0000000004ee9000

Polling page: 0x0000000001f50000

Code Cache  [0x00000000024c0000, 0x0000000002840000, 0x00000000054c0000)
 total_blobs=1481 nmethods=1223 adapters=209 free_code_cache=45644Kb largest_free_block=46668736

Compilation events (10 events):
Event: 24.263 Thread 0x0000000008c8e000 1254   !         com.android.dex.Dex::computeSignature (91 bytes)
Event: 24.291 Thread 0x0000000008c8e000 nmethod 1254 0x0000000002835e50 code [0x0000000002836020, 0x0000000002836790]
Event: 24.364 Thread 0x0000000008c93000 1255             com.android.dex.Dex::computeChecksum (82 bytes)
Event: 24.380 Thread 0x0000000008c93000 nmethod 1255 0x000000000282d810 code [0x000000000282d9c0, 0x000000000282dde0]
Event: 24.459 Thread 0x0000000008c8e000 1256             com.android.dex.EncodedValueReader::readMethod (24 bytes)
Event: 24.466 Thread 0x0000000008c8e000 nmethod 1256 0x0000000002833e50 code [0x0000000002833fc0, 0x00000000028341c8]
Event: 25.045 Thread 0x0000000008c93000 1257             java.util.TimSort::sort (204 bytes)
Event: 25.046 Thread 0x0000000008c8e000 1258             java.util.TimSort::mergeLo (655 bytes)
Event: 25.101 Thread 0x0000000008c93000 nmethod 1257 0x0000000002839790 code [0x00000000028399a0, 0x000000000283a890]
Event: 25.143 Thread 0x0000000008c8e000 nmethod 1258 0x0000000002837290 code [0x0000000002837440, 0x0000000002838b38]

GC Heap History (10 events):
Event: 19.178 GC heap after
Heap after GC invocations=8 (full 0):
 PSYoungGen      total 270912K, used 19318K [0x00000000eaab0000, 0x00000000fcdd0000, 0x0000000100000000)
  eden space 251584K, 0% used [0x00000000eaab0000,0x00000000eaab0000,0x00000000fa060000)
  from space 19328K, 99% used [0x00000000fb5d0000,0x00000000fc8adaa8,0x00000000fc8b0000)
  to   space 21952K, 0% used [0x00000000fa060000,0x00000000fa060000,0x00000000fb5d0000)
 ParOldGen       total 87232K, used 35669K [0x00000000c0000000, 0x00000000c5530000, 0x00000000eaab0000)
  object space 87232K, 40% used [0x00000000c0000000,0x00000000c22d5648,0x00000000c5530000)
 PSPermGen       total 21248K, used 7618K [0x00000000bae00000, 0x00000000bc2c0000, 0x00000000c0000000)
  object space 21248K, 35% used [0x00000000bae00000,0x00000000bb570940,0x00000000bc2c0000)
}
Event: 20.804 GC heap before
{Heap before GC invocations=9 (full 0):
 PSYoungGen      total 270912K, used 270902K [0x00000000eaab0000, 0x00000000fcdd0000, 0x0000000100000000)
  eden space 251584K, 100% used [0x00000000eaab0000,0x00000000fa060000,0x00000000fa060000)
  from space 19328K, 99% used [0x00000000fb5d0000,0x00000000fc8adaa8,0x00000000fc8b0000)
  to   space 21952K, 0% used [0x00000000fa060000,0x00000000fa060000,0x00000000fb5d0000)
 ParOldGen       total 87232K, used 35669K [0x00000000c0000000, 0x00000000c5530000, 0x00000000eaab0000)
  object space 87232K, 40% used [0x00000000c0000000,0x00000000c22d5648,0x00000000c5530000)
 PSPermGen       total 21248K, used 7627K [0x00000000bae00000, 0x00000000bc2c0000, 0x00000000c0000000)
  object space 21248K, 35% used [0x00000000bae00000,0x00000000bb572f70,0x00000000bc2c0000)
Event: 20.873 GC heap after
Heap after GC invocations=9 (full 0):
 PSYoungGen      total 273536K, used 10590K [0x00000000eaab0000, 0x0000000100000000, 0x0000000100000000)
  eden space 251584K, 0% used [0x00000000eaab0000,0x00000000eaab0000,0x00000000fa060000)
  from space 21952K, 48% used [0x00000000fa060000,0x00000000faab7938,0x00000000fb5d0000)
  to   space 21568K, 0% used [0x00000000feaf0000,0x00000000feaf0000,0x0000000100000000)
 ParOldGen       total 87232K, used 47376K [0x00000000c0000000, 0x00000000c5530000, 0x00000000eaab0000)
  object space 87232K, 54% used [0x00000000c0000000,0x00000000c2e44210,0x00000000c5530000)
 PSPermGen       total 21248K, used 7627K [0x00000000bae00000, 0x00000000bc2c0000, 0x00000000c0000000)
  object space 21248K, 35% used [0x00000000bae00000,0x00000000bb572f70,0x00000000bc2c0000)
}
Event: 22.166 GC heap before
{Heap before GC invocations=10 (full 0):
 PSYoungGen      total 273536K, used 262174K [0x00000000eaab0000, 0x0000000100000000, 0x0000000100000000)
  eden space 251584K, 100% used [0x00000000eaab0000,0x00000000fa060000,0x00000000fa060000)
  from space 21952K, 48% used [0x00000000fa060000,0x00000000faab7938,0x00000000fb5d0000)
  to   space 21568K, 0% used [0x00000000feaf0000,0x00000000feaf0000,0x0000000100000000)
 ParOldGen       total 87232K, used 47376K [0x00000000c0000000, 0x00000000c5530000, 0x00000000eaab0000)
  object space 87232K, 54% used [0x00000000c0000000,0x00000000c2e44210,0x00000000c5530000)
 PSPermGen       total 21248K, used 7632K [0x00000000bae00000, 0x00000000bc2c0000, 0x00000000c0000000)
  object space 21248K, 35% used [0x00000000bae00000,0x00000000bb574120,0x00000000bc2c0000)
Event: 22.218 GC heap after
Heap after GC invocations=10 (full 0):
 PSYoungGen      total 325120K, used 19243K [0x00000000eaab0000, 0x0000000100000000, 0x0000000100000000)
  eden space 303552K, 0% used [0x00000000eaab0000,0x00000000eaab0000,0x00000000fd320000)
  from space 21568K, 89% used [0x00000000feaf0000,0x00000000ffdbaf48,0x0000000100000000)
  to   space 22976K, 0% used [0x00000000fd320000,0x00000000fd320000,0x00000000fe990000)
 ParOldGen       total 87232K, used 53805K [0x00000000c0000000, 0x00000000c5530000, 0x00000000eaab0000)
  object space 87232K, 61% used [0x00000000c0000000,0x00000000c348b470,0x00000000c5530000)
 PSPermGen       total 21248K, used 7632K [0x00000000bae00000, 0x00000000bc2c0000, 0x00000000c0000000)
  object space 21248K, 35% used [0x00000000bae00000,0x00000000bb574120,0x00000000bc2c0000)
}
Event: 23.814 GC heap before
{Heap before GC invocations=11 (full 0):
 PSYoungGen      total 325120K, used 322795K [0x00000000eaab0000, 0x0000000100000000, 0x0000000100000000)
  eden space 303552K, 100% used [0x00000000eaab0000,0x00000000fd320000,0x00000000fd320000)
  from space 21568K, 89% used [0x00000000feaf0000,0x00000000ffdbaf48,0x0000000100000000)
  to   space 22976K, 0% used [0x00000000fd320000,0x00000000fd320000,0x00000000fe990000)
 ParOldGen       total 87232K, used 53805K [0x00000000c0000000, 0x00000000c5530000, 0x00000000eaab0000)
  object space 87232K, 61% used [0x00000000c0000000,0x00000000c348b470,0x00000000c5530000)
 PSPermGen       total 21248K, used 7632K [0x00000000bae00000, 0x00000000bc2c0000, 0x00000000c0000000)
  object space 21248K, 35% used [0x00000000bae00000,0x00000000bb574120,0x00000000bc2c0000)
Event: 23.916 GC heap after
Heap after GC invocations=11 (full 0):
 PSYoungGen      total 325824K, used 22258K [0x00000000eaab0000, 0x0000000100000000, 0x0000000100000000)
  eden space 303552K, 0% used [0x00000000eaab0000,0x00000000eaab0000,0x00000000fd320000)
  from space 22272K, 99% used [0x00000000fd320000,0x00000000fe8dc8c0,0x00000000fe8e0000)
  to   space 23680K, 0% used [0x00000000fe8e0000,0x00000000fe8e0000,0x0000000100000000)
 ParOldGen       total 87232K, used 61908K [0x00000000c0000000, 0x00000000c5530000, 0x00000000eaab0000)
  object space 87232K, 70% used [0x00000000c0000000,0x00000000c3c75100,0x00000000c5530000)
 PSPermGen       total 21248K, used 7632K [0x00000000bae00000, 0x00000000bc2c0000, 0x00000000c0000000)
  object space 21248K, 35% used [0x00000000bae00000,0x00000000bb574120,0x00000000bc2c0000)
}
Event: 25.328 GC heap before
{Heap before GC invocations=12 (full 0):
 PSYoungGen      total 325824K, used 325810K [0x00000000eaab0000, 0x0000000100000000, 0x0000000100000000)
  eden space 303552K, 100% used [0x00000000eaab0000,0x00000000fd320000,0x00000000fd320000)
  from space 22272K, 99% used [0x00000000fd320000,0x00000000fe8dc8c0,0x00000000fe8e0000)
  to   space 23680K, 0% used [0x00000000fe8e0000,0x00000000fe8e0000,0x0000000100000000)
 ParOldGen       total 87232K, used 61908K [0x00000000c0000000, 0x00000000c5530000, 0x00000000eaab0000)
  object space 87232K, 70% used [0x00000000c0000000,0x00000000c3c75100,0x00000000c5530000)
 PSPermGen       total 21248K, used 7634K [0x00000000bae00000, 0x00000000bc2c0000, 0x00000000c0000000)
  object space 21248K, 35% used [0x00000000bae00000,0x00000000bb574b00,0x00000000bc2c0000)
Event: 25.473 GC heap after
Heap after GC invocations=12 (full 0):
 PSYoungGen      total 318400K, used 23538K [0x00000000eaab0000, 0x0000000100000000, 0x0000000100000000)
  eden space 294720K, 0% used [0x00000000eaab0000,0x00000000eaab0000,0x00000000fca80000)
  from space 23680K, 99% used [0x00000000fe8e0000,0x00000000fffdcb88,0x0000000100000000)
  to   space 27392K, 0% used [0x00000000fca80000,0x00000000fca80000,0x00000000fe540000)
 ParOldGen       total 87232K, used 84697K [0x00000000c0000000, 0x00000000c5530000, 0x00000000eaab0000)
  object space 87232K, 97% used [0x00000000c0000000,0x00000000c52b64e0,0x00000000c5530000)
 PSPermGen       total 21248K, used 7634K [0x00000000bae00000, 0x00000000bc2c0000, 0x00000000c0000000)
  object space 21248K, 35% used [0x00000000bae00000,0x00000000bb574b00,0x00000000bc2c0000)
}
Event: 25.473 GC heap before
{Heap before GC invocations=13 (full 1):
 PSYoungGen      total 318400K, used 23538K [0x00000000eaab0000, 0x0000000100000000, 0x0000000100000000)
  eden space 294720K, 0% used [0x00000000eaab0000,0x00000000eaab0000,0x00000000fca80000)
  from space 23680K, 99% used [0x00000000fe8e0000,0x00000000fffdcb88,0x0000000100000000)
  to   space 27392K, 0% used [0x00000000fca80000,0x00000000fca80000,0x00000000fe540000)
 ParOldGen       total 87232K, used 84697K [0x00000000c0000000, 0x00000000c5530000, 0x00000000eaab0000)
  object space 87232K, 97% used [0x00000000c0000000,0x00000000c52b64e0,0x00000000c5530000)
 PSPermGen       total 21248K, used 7634K [0x00000000bae00000, 0x00000000bc2c0000, 0x00000000c0000000)
  object space 21248K, 35% used [0x00000000bae00000,0x00000000bb574b00,0x00000000bc2c0000)

Deoptimization events (10 events):
Event: 16.936 Thread 0x000000000203f000 Uncommon trap -42 fr.pc 0x00000000027a8dac
Event: 16.936 Thread 0x000000000203f000 Uncommon trap -42 fr.pc 0x00000000027a8e58
Event: 16.985 Thread 0x000000000203f000 Uncommon trap -42 fr.pc 0x00000000027aa998
Event: 16.985 Thread 0x000000000203f000 Uncommon trap -42 fr.pc 0x00000000027aa78c
Event: 16.985 Thread 0x000000000203f000 Uncommon trap -42 fr.pc 0x00000000027aa8b4
Event: 16.985 Thread 0x000000000203f000 Uncommon trap -42 fr.pc 0x00000000027aa998
Event: 17.068 Thread 0x000000000203f000 Uncommon trap -42 fr.pc 0x00000000027a8dac
Event: 17.068 Thread 0x000000000203f000 Uncommon trap -42 fr.pc 0x00000000027a8e58
Event: 17.441 Thread 0x000000000203f000 Uncommon trap -42 fr.pc 0x00000000027c3fa4
Event: 17.586 Thread 0x000000000203f000 Uncommon trap -42 fr.pc 0x00000000027c3fa4

Internal exceptions (10 events):
Event: 15.335 Thread 0x000000000203f000 Threw 0x00000000ee9b0be0 at C:\jdk7u1_64p\jdk7u9\hotspot\src\share\vm\prims\jvm.cpp:1166
Event: 15.336 Thread 0x000000000203f000 Threw 0x00000000ee9b3c40 at C:\jdk7u1_64p\jdk7u9\hotspot\src\share\vm\prims\jvm.cpp:1166
Event: 15.337 Thread 0x000000000203f000 Threw 0x00000000ee9b70e0 at C:\jdk7u1_64p\jdk7u9\hotspot\src\share\vm\prims\jvm.cpp:1166
Event: 15.342 Thread 0x000000000203f000 Threw 0x00000000ee9fe620 at C:\jdk7u1_64p\jdk7u9\hotspot\src\share\vm\prims\jvm.cpp:1166
Event: 15.343 Thread 0x000000000203f000 Threw 0x00000000eea00830 at C:\jdk7u1_64p\jdk7u9\hotspot\src\share\vm\prims\jvm.cpp:1166
Event: 15.838 Thread 0x000000000203f000 Threw 0x00000000eaed3fc0 at C:\jdk7u1_64p\jdk7u9\hotspot\src\share\vm\prims\jvm.cpp:1166
Event: 15.838 Thread 0x000000000203f000 Threw 0x00000000eaed40e8 at C:\jdk7u1_64p\jdk7u9\hotspot\src\share\vm\prims\jvm.cpp:1166
Event: 15.840 Thread 0x000000000203f000 Threw 0x00000000eaed7e30 at C:\jdk7u1_64p\jdk7u9\hotspot\src\share\vm\prims\jvm.cpp:1166
Event: 15.840 Thread 0x000000000203f000 Threw 0x00000000eaed7f58 at C:\jdk7u1_64p\jdk7u9\hotspot\src\share\vm\prims\jvm.cpp:1166
Event: 16.308 Thread 0x000000000203f000 Threw 0x00000000ebb70b70 at C:\jdk7u1_64p\jdk7u9\hotspot\src\share\vm\prims\jvm.cpp:1166

Events (10 events):
Event: 20.804 Executing VM operation: ParallelGCFailedAllocation
Event: 20.873 Executing VM operation: ParallelGCFailedAllocation done
Event: 22.166 Executing VM operation: ParallelGCFailedAllocation
Event: 22.218 Executing VM operation: ParallelGCFailedAllocation done
Event: 23.746 Thread 0x0000000008c8e000 flushing nmethod 0x0000000002615590
Event: 23.814 Executing VM operation: ParallelGCFailedAllocation
Event: 23.916 Executing VM operation: ParallelGCFailedAllocation done
Event: 24.466 Thread 0x0000000008c8e000 flushing nmethod 0x00000000027a8890
Event: 24.466 Thread 0x0000000008c8e000 flushing nmethod 0x00000000027aa0d0
Event: 25.328 Executing VM operation: ParallelGCFailedAllocation


Dynamic libraries:
0x000000013fd80000 - 0x000000013fdb3000 	C:\Program Files\Java\jdk1.7.0_09\bin\java.exe
0x00000000779d0000 - 0x0000000077b79000 	C:\Windows\SYSTEM32\ntdll.dll
0x00000000777b0000 - 0x00000000778cf000 	C:\Windows\system32\kernel32.dll
0x000007fefd7a0000 - 0x000007fefd80c000 	C:\Windows\system32\KERNELBASE.dll
0x000007feff930000 - 0x000007feffa0b000 	C:\Windows\system32\ADVAPI32.dll
0x000007feff0f0000 - 0x000007feff18f000 	C:\Windows\system32\msvcrt.dll
0x000007fefdd50000 - 0x000007fefdd6f000 	C:\Windows\SYSTEM32\sechost.dll
0x000007feff260000 - 0x000007feff38d000 	C:\Windows\system32\RPCRT4.dll
0x00000000778d0000 - 0x00000000779ca000 	C:\Windows\system32\USER32.dll
0x000007feffa10000 - 0x000007feffa77000 	C:\Windows\system32\GDI32.dll
0x000007fefef50000 - 0x000007fefef5e000 	C:\Windows\system32\LPK.dll
0x000007feff190000 - 0x000007feff259000 	C:\Windows\system32\USP10.dll
0x000007fefc2e0000 - 0x000007fefc4d4000 	C:\Windows\WinSxS\amd64_microsoft.windows.common-controls_6595b64144ccf1df_6.0.7601.18837_none_fa3b1e3d17594757\COMCTL32.dll
0x000007fefef70000 - 0x000007fefefe1000 	C:\Windows\system32\SHLWAPI.dll
0x000007feff390000 - 0x000007feff3be000 	C:\Windows\system32\IMM32.DLL
0x000007feff3c0000 - 0x000007feff4c9000 	C:\Windows\system32\MSCTF.dll
0x000000006e8b0000 - 0x000000006e981000 	C:\Program Files\Java\jdk1.7.0_09\jre\bin\msvcr100.dll
0x0000000067fe0000 - 0x00000000686ff000 	C:\Program Files\Java\jdk1.7.0_09\jre\bin\server\jvm.dll
0x000007fee8ca0000 - 0x000007fee8ca9000 	C:\Windows\system32\WSOCK32.dll
0x000007feffc10000 - 0x000007feffc5d000 	C:\Windows\system32\WS2_32.dll
0x000007fefef60000 - 0x000007fefef68000 	C:\Windows\system32\NSI.dll
0x000007fef7460000 - 0x000007fef749b000 	C:\Windows\system32\WINMM.dll
0x0000000077ba0000 - 0x0000000077ba7000 	C:\Windows\system32\PSAPI.DLL
0x0000000074050000 - 0x000000007405f000 	C:\Program Files\Java\jdk1.7.0_09\jre\bin\verify.dll
0x0000000074020000 - 0x0000000074048000 	C:\Program Files\Java\jdk1.7.0_09\jre\bin\java.dll
0x00000000725c0000 - 0x00000000725d5000 	C:\Program Files\Java\jdk1.7.0_09\jre\bin\zip.dll
0x000000006f800000 - 0x000000006f819000 	C:\Program Files\Java\jdk1.7.0_09\jre\bin\net.dll
0x000007fefcf20000 - 0x000007fefcf75000 	C:\Windows\system32\mswsock.dll
0x000007fefcf10000 - 0x000007fefcf17000 	C:\Windows\System32\wship6.dll
0x00000000725a0000 - 0x00000000725b1000 	C:\Program Files\Java\jdk1.7.0_09\jre\bin\nio.dll
0x000007fefbb20000 - 0x000007fefbc45000 	C:\Windows\system32\dbghelp.dll

VM Arguments:
jvm_args: -Xmx1024M -Dfile.encoding=windows-1252 -Duser.country=GB -Duser.language=en -Duser.variant 
java_command: com.android.dx.command.Main --dex --output C:\Users\Sinky\StudioProjects\ProtoRunnerV2\ProtoRunnerV2\build\intermediates\dex\debug C:\Users\Sinky\StudioProjects\ProtoRunnerV2\ProtoRunnerV2\build\intermediates\classes\debug C:\Users\Sinky\StudioProjects\ProtoRunnerV2\ProtoRunnerV2\build\intermediates\pre-dexed\debug\support-annotations-22.2.0-ce405e005671120865286fbb1a2542953cb92ee2.jar C:\Users\Sinky\StudioProjects\ProtoRunnerV2\ProtoRunnerV2\build\intermediates\pre-dexed\debug\classes-66fdcfc2144d757ac8530a052d47265e07773092.jar C:\Users\Sinky\StudioProjects\ProtoRunnerV2\ProtoRunnerV2\build\intermediates\pre-dexed\debug\classes-06ab37edf61694c22c293dc9ab41bab488406bc9.jar C:\Users\Sinky\StudioProjects\ProtoRunnerV2\ProtoRunnerV2\build\intermediates\pre-dexed\debug\classes-93f5a97fc040ab1733116df9f83fe928f712b237.jar C:\Users\Sinky\StudioProjects\ProtoRunnerV2\ProtoRunnerV2\build\intermediates\pre-dexed\debug\internal_impl-22.0.0-89a57e48793771ae5d65787933a30f0a9fffdc28.jar C:\Users\Sinky\StudioProjects\ProtoRunnerV2\ProtoRunnerV2\build\intermediates\pre-dexed\debug\classes-8e388dcd8b97a09304cc972cb61d3ffff3cfa55d.jar C:\Users\Sinky\StudioProjects\ProtoRunnerV2\ProtoRunnerV2\build\intermediates\pre-dexed\debug\classes-475e55994f5440e819b7988ff0065d4158443666.jar C:\Users\Sinky\StudioProjects\ProtoRunnerV2\ProtoRunnerV2\build\intermediates\pre-dexed\debug\classes-b7a255c659b855a7d768177e722332e1ea9e71a8.jar C:\Users\Sinky\StudioProjects\ProtoRunnerV2\ProtoRunnerV2\build\intermediates\pre-dexed\debug\classes-73d15a7b00f0331346d474c1114b3cc0a1b38ce2.jar C:\Users\Sinky\StudioProjects\ProtoRunnerV2\ProtoRunnerV2\build\intermediates\pre-dexed\debug\classes-b53993833ab07fbfd7d3b51de23eeeca6c4ddeb4.jar C:\Users\Sinky\StudioProjects\ProtoRunnerV2\ProtoRunnerV2\build\intermediates\pre-dexed\debug\classes-b732c20c9a93d8f61a730de1c28f5cdc6066418b.jar C:\Users\Sinky\StudioProjects\ProtoRunnerV2\ProtoRunnerV2\build\intermediates\pre-dexed\debug\classes-45b19e3021
Launcher Type: SUN_STANDARD

Environment Variables:
PATH=C:\Program Files (x86)\AMD APP\bin\x86_64;C:\Program Files (x86)\AMD APP\bin\x86;C:\Program Files (x86)\NVIDIA Corporation\PhysX\Common;C:\Program Files\Common Files\Microsoft Shared\Windows Live;C:\Program Files (x86)\Common Files\Microsoft Shared\Windows Live;C:\Windows\system32;C:\Windows;C:\Windows\System32\Wbem;C:\Windows\System32\WindowsPowerShell\v1.0\;C:\Program Files (x86)\ATI Technologies\ATI.ACE\Core-Static;C:\Program Files (x86)\Windows Live\Shared;C:\Program Files\Common Files\Autodesk Shared\;c:\Program Files (x86)\Microsoft SQL Server\100\Tools\Binn\;c:\Program Files (x86)\Microsoft SQL Server\100\DTS\Binn\;C:\Program Files\Microsoft SQL Server\110\Tools\Binn\;C:\Program Files\TortoiseGit\bin;C:\Program Files\Microsoft\Web Platform Installer\;C:\Program Files (x86)\Microsoft SDKs\TypeScript\1.0\
USERNAME=Sinky
OS=Windows_NT
PROCESSOR_IDENTIFIER=AMD64 Family 21 Model 1 Stepping 2, AuthenticAMD



---------------  S Y S T E M  ---------------

OS: Windows 7 , 64 bit Build 7601 Service Pack 1

CPU:total 4 (4 cores per cpu, 1 threads per core) family 21 model 1 stepping 2, cmov, cx8, fxsr, mmx, sse, sse2, sse3, ssse3, sse4.1, sse4.2, popcnt, avx, mmxext, 3dnowpref, lzcnt, sse4a, tsc, tscinvbit, tscinv

Memory: 4k page, physical 8370296k(2925128k free), swap 16738756k(10367368k free)

vm_info: Java HotSpot(TM) 64-Bit Server VM (23.5-b02) for windows-amd64 JRE (1.7.0_09-b05), built on Sep 24 2012 21:45:04 by "java_re" with unknown MS VC++:1600

time: Wed Jul 15 22:29:39 2015
elapsed time: 25 seconds

