#
# A fatal error has been detected by the Java Runtime Environment:
#
#  EXCEPTION_ACCESS_VIOLATION (0xc0000005) at pc=0x000000000277d6bf, pid=6416, tid=4856
#
# JRE version: 7.0_09-b05
# Java VM: Java HotSpot(TM) 64-Bit Server VM (23.5-b02 mixed mode windows-amd64 compressed oops)
# Problematic frame:
# J  com.android.dx.merge.InstructionTransformer.transform([S)[S
#
# Failed to write core dump. Minidumps are not enabled by default on client versions of Windows
#
# If you would like to submit a bug report, please visit:
#   http://bugreport.sun.com/bugreport/crash.jsp
#

---------------  T H R E A D  ---------------

Current thread (0x000000000234f000):  JavaThread "main" [_thread_in_Java, id=4856, stack(0x0000000002380000,0x0000000002480000)]

siginfo: ExceptionCode=0xc0000005, writing address 0x000000000000004d

Registers:
RAX=0x000000000000004d, RBX=0x00000000edd7de78, RCX=0x0000000000000001, RDX=0x000000000247ed98
RSP=0x000000000247ee00, RBP=0x00000000ee291ab0, RSI=0x00000000bb4af988, RDI=0x000000000000003d
R8 =0x000000000000003e, R9 =0x00000000bb48cc60, R10=0x0000000000000005, R11=0x00000000ee291a98
R12=0x0000000000000000, R13=0x000000000277d518, R14=0x000000000247edf8, R15=0x000000000234f000
RIP=0x000000000277d6bf, EFLAGS=0x0000000000010293

Top of Stack: (sp=0x000000000247ee00)
0x000000000247ee00:   00000000bb44bdab 000000000247eea0
0x000000000247ee10:   00000000bb44d9a0 00000000bb4bffb0
0x000000000247ee20:   00000000edd7de78 edd811380000003e
0x000000000247ee30:   3f4000000000003e 000000000000003e
0x000000000247ee40:   00000000ee290d60 ee291528edd81138
0x000000000247ee50:   00000000edd81138 00000000ee291528
0x000000000247ee60:   00000000ee291528 000000000000003d
0x000000000247ee70:   0000000000000000 00000000bb485c68
0x000000000247ee80:   000000000247eee8 00000000025563d3
0x000000000247ee90:   00000000025563d3 00000000ee290c38
0x000000000247eea0:   00000000edd7de78 000000000247eea8
0x000000000247eeb0:   00000000bb44b7ec 000000000247ef50
0x000000000247eec0:   00000000bb44d9a0 0000000000000000
0x000000000247eed0:   00000000bb44b900 000000000247ee98
0x000000000247eee0:   000000000247ef38 000000000247ef98
0x000000000247eef0:   00000000025561f8 0000000000000000 

Instructions: (pc=0x000000000277d6bf)
0x000000000277d69f:   d0 49 83 c2 38 4d 3b 57 70 0f 83 9c 04 00 00 4d
0x000000000277d6af:   89 57 60 41 ba 80 7b ef ba 4d 8b 92 b0 00 00 00
0x000000000277d6bf:   4c 89 10 c7 40 08 80 7b ef ba 44 89 60 0c 4c 89
0x000000000277d6cf:   60 10 4c 89 60 18 4c 89 60 20 4c 89 60 28 4c 89 


Register to memory mapping:

RAX=0x000000000000004d is an unknown value
RBX=0x00000000edd7de78 is an oop
com.android.dx.merge.InstructionTransformer 
 - klass: 'com/android/dx/merge/InstructionTransformer'
RCX=0x0000000000000001 is an unknown value
RDX=0x000000000247ed98 is pointing into the stack for thread: 0x000000000234f000
RSP=0x000000000247ee00 is pointing into the stack for thread: 0x000000000234f000
RBP=0x00000000ee291ab0 is an oop
com.android.dx.io.instructions.AddressMap 
 - klass: 'com/android/dx/io/instructions/AddressMap'
RSI=0x00000000bb4af988 is an oop
{instance class} 
 - klass: {other class}
RDI=0x000000000000003d is an unknown value
R8 =0x000000000000003e is an unknown value
R9 =0x00000000bb48cc60 is an oop
{instance class} 
 - klass: {other class}
R10=0x0000000000000005 is an unknown value
R11=0x00000000ee291a98 is an oop
com.android.dx.io.instructions.ShortArrayCodeOutput 
 - klass: 'com/android/dx/io/instructions/ShortArrayCodeOutput'
R12=0x0000000000000000 is an unknown value
R13=0x000000000277d010 [CodeBlob (0x000000000277d010)]
Framesize: 18
R14=0x000000000247edf8 is pointing into the stack for thread: 0x000000000234f000
R15=0x000000000234f000 is a thread


Stack: [0x0000000002380000,0x0000000002480000],  sp=0x000000000247ee00,  free space=1019k
Native frames: (J=compiled Java code, j=interpreted, Vv=VM code, C=native code)
J  com.android.dx.merge.InstructionTransformer.transform([S)[S


---------------  P R O C E S S  ---------------

Java Threads: ( => current thread )
  0x0000000008d94000 JavaThread "Service Thread" daemon [_thread_blocked, id=1728, stack(0x000000000a4e0000,0x000000000a5e0000)]
  0x0000000008d91800 JavaThread "C2 CompilerThread1" daemon [_thread_blocked, id=5132, stack(0x000000000a330000,0x000000000a430000)]
  0x0000000008d7e000 JavaThread "C2 CompilerThread0" daemon [_thread_blocked, id=3632, stack(0x000000000a220000,0x000000000a320000)]
  0x0000000008d7c800 JavaThread "Attach Listener" daemon [_thread_blocked, id=4352, stack(0x0000000009de0000,0x0000000009ee0000)]
  0x0000000008d75800 JavaThread "Signal Dispatcher" daemon [_thread_blocked, id=6112, stack(0x000000000a0f0000,0x000000000a1f0000)]
  0x00000000022ac800 JavaThread "Finalizer" daemon [_thread_blocked, id=6356, stack(0x0000000009f80000,0x000000000a080000)]
  0x00000000022a4800 JavaThread "Reference Handler" daemon [_thread_blocked, id=7120, stack(0x0000000009bb0000,0x0000000009cb0000)]
=>0x000000000234f000 JavaThread "main" [_thread_in_Java, id=4856, stack(0x0000000002380000,0x0000000002480000)]

Other Threads:
  0x0000000008cf2000 VMThread [stack: 0x0000000009cd0000,0x0000000009dd0000] [id=6820]
  0x0000000008da5000 WatcherThread [stack: 0x000000000a6c0000,0x000000000a7c0000] [id=6864]

VM state:not at safepoint (normal execution)

VM Mutex/Monitor currently owned by a thread: None

Heap
 PSYoungGen      total 70848K, used 63346K [0x00000000eaab0000, 0x00000000f48b0000, 0x0000000100000000)
  eden space 65408K, 88% used [0x00000000eaab0000,0x00000000ee340a58,0x00000000eea90000)
  from space 5440K, 99% used [0x00000000eea90000,0x00000000eefdc038,0x00000000eefe0000)
  to   space 15488K, 0% used [0x00000000f3990000,0x00000000f3990000,0x00000000f48b0000)
 ParOldGen       total 87232K, used 28436K [0x00000000c0000000, 0x00000000c5530000, 0x00000000eaab0000)
  object space 87232K, 32% used [0x00000000c0000000,0x00000000c1bc5138,0x00000000c5530000)
 PSPermGen       total 21248K, used 6913K [0x00000000bae00000, 0x00000000bc2c0000, 0x00000000c0000000)
  object space 21248K, 32% used [0x00000000bae00000,0x00000000bb4c05e8,0x00000000bc2c0000)

Card table byte_map: [0x0000000005550000,0x0000000005780000] byte_map_base: 0x0000000004f79000

Polling page: 0x0000000000230000

Code Cache  [0x0000000002550000, 0x0000000002810000, 0x0000000005550000)
 total_blobs=1120 nmethods=875 adapters=196 free_code_cache=46411Kb largest_free_block=47460032

Compilation events (10 events):
Event: 13.633 Thread 0x0000000008d7e000 nmethod 890 0x000000000277f010 code [0x000000000277f140, 0x000000000277f1d8]
Event: 13.633 Thread 0x0000000008d7e000  891             com.android.dex.Dex$Section::writeByte (11 bytes)
Event: 13.636 Thread 0x0000000008d7e000 nmethod 891 0x000000000277ec50 code [0x000000000277eda0, 0x000000000277ee98]
Event: 13.636 Thread 0x0000000008d7e000  892             com.android.dx.io.instructions.DecodedInstruction::getOpcode (5 bytes)
Event: 13.636 Thread 0x0000000008d7e000 nmethod 892 0x000000000277f9d0 code [0x000000000277fb00, 0x000000000277fb58]
Event: 13.638 Thread 0x0000000008d7e000  893   !         com.android.dx.io.OpcodeInfo::get (50 bytes)
Event: 13.639 Thread 0x0000000008d7e000 nmethod 893 0x0000000002782bd0 code [0x0000000002782d00, 0x0000000002782d98]
Event: 13.647 Thread 0x0000000008d7e000  894             com.android.dx.merge.IndexMap::adjustField (10 bytes)
Event: 13.648 Thread 0x0000000008d7e000 nmethod 894 0x000000000277fbd0 code [0x000000000277fd00, 0x000000000277fd78]
Event: 13.662 Thread 0x0000000008d91800 nmethod 886 0x000000000277d010 code [0x000000000277d240, 0x000000000277de50]

GC Heap History (10 events):
Event: 3.621 GC heap before
{Heap before GC invocations=1 (full 0):
 PSYoungGen      total 38144K, used 32704K [0x00000000eaab0000, 0x00000000ed540000, 0x0000000100000000)
  eden space 32704K, 100% used [0x00000000eaab0000,0x00000000ecaa0000,0x00000000ecaa0000)
  from space 5440K, 0% used [0x00000000ecff0000,0x00000000ecff0000,0x00000000ed540000)
  to   space 5440K, 0% used [0x00000000ecaa0000,0x00000000ecaa0000,0x00000000ecff0000)
 ParOldGen       total 87232K, used 0K [0x00000000c0000000, 0x00000000c5530000, 0x00000000eaab0000)
  object space 87232K, 0% used [0x00000000c0000000,0x00000000c0000000,0x00000000c5530000)
 PSPermGen       total 21248K, used 5133K [0x00000000bae00000, 0x00000000bc2c0000, 0x00000000c0000000)
  object space 21248K, 24% used [0x00000000bae00000,0x00000000bb303740,0x00000000bc2c0000)
Event: 3.656 GC heap after
Heap after GC invocations=1 (full 0):
 PSYoungGen      total 38144K, used 5424K [0x00000000eaab0000, 0x00000000ed540000, 0x0000000100000000)
  eden space 32704K, 0% used [0x00000000eaab0000,0x00000000eaab0000,0x00000000ecaa0000)
  from space 5440K, 99% used [0x00000000ecaa0000,0x00000000ecfec028,0x00000000ecff0000)
  to   space 5440K, 0% used [0x00000000ecff0000,0x00000000ecff0000,0x00000000ed540000)
 ParOldGen       total 87232K, used 2812K [0x00000000c0000000, 0x00000000c5530000, 0x00000000eaab0000)
  object space 87232K, 3% used [0x00000000c0000000,0x00000000c02bf258,0x00000000c5530000)
 PSPermGen       total 21248K, used 5133K [0x00000000bae00000, 0x00000000bc2c0000, 0x00000000c0000000)
  object space 21248K, 24% used [0x00000000bae00000,0x00000000bb303740,0x00000000bc2c0000)
}
Event: 5.427 GC heap before
{Heap before GC invocations=2 (full 0):
 PSYoungGen      total 38144K, used 38128K [0x00000000eaab0000, 0x00000000ed540000, 0x0000000100000000)
  eden space 32704K, 100% used [0x00000000eaab0000,0x00000000ecaa0000,0x00000000ecaa0000)
  from space 5440K, 99% used [0x00000000ecaa0000,0x00000000ecfec028,0x00000000ecff0000)
  to   space 5440K, 0% used [0x00000000ecff0000,0x00000000ecff0000,0x00000000ed540000)
 ParOldGen       total 87232K, used 2812K [0x00000000c0000000, 0x00000000c5530000, 0x00000000eaab0000)
  object space 87232K, 3% used [0x00000000c0000000,0x00000000c02bf258,0x00000000c5530000)
 PSPermGen       total 21248K, used 5248K [0x00000000bae00000, 0x00000000bc2c0000, 0x00000000c0000000)
  object space 21248K, 24% used [0x00000000bae00000,0x00000000bb320030,0x00000000bc2c0000)
Event: 5.470 GC heap after
Heap after GC invocations=2 (full 0):
 PSYoungGen      total 38144K, used 5424K [0x00000000eaab0000, 0x00000000ef530000, 0x0000000100000000)
  eden space 32704K, 0% used [0x00000000eaab0000,0x00000000eaab0000,0x00000000ecaa0000)
  from space 5440K, 99% used [0x00000000ecff0000,0x00000000ed53c038,0x00000000ed540000)
  to   space 5440K, 0% used [0x00000000ecaa0000,0x00000000ecaa0000,0x00000000ecff0000)
 ParOldGen       total 87232K, used 7808K [0x00000000c0000000, 0x00000000c5530000, 0x00000000eaab0000)
  object space 87232K, 8% used [0x00000000c0000000,0x00000000c07a0190,0x00000000c5530000)
 PSPermGen       total 21248K, used 5248K [0x00000000bae00000, 0x00000000bc2c0000, 0x00000000c0000000)
  object space 21248K, 24% used [0x00000000bae00000,0x00000000bb320030,0x00000000bc2c0000)
}
Event: 6.752 GC heap before
{Heap before GC invocations=3 (full 0):
 PSYoungGen      total 38144K, used 38128K [0x00000000eaab0000, 0x00000000ef530000, 0x0000000100000000)
  eden space 32704K, 100% used [0x00000000eaab0000,0x00000000ecaa0000,0x00000000ecaa0000)
  from space 5440K, 99% used [0x00000000ecff0000,0x00000000ed53c038,0x00000000ed540000)
  to   space 5440K, 0% used [0x00000000ecaa0000,0x00000000ecaa0000,0x00000000ecff0000)
 ParOldGen       total 87232K, used 7808K [0x00000000c0000000, 0x00000000c5530000, 0x00000000eaab0000)
  object space 87232K, 8% used [0x00000000c0000000,0x00000000c07a0190,0x00000000c5530000)
 PSPermGen       total 21248K, used 5301K [0x00000000bae00000, 0x00000000bc2c0000, 0x00000000c0000000)
  object space 21248K, 24% used [0x00000000bae00000,0x00000000bb32d7a0,0x00000000bc2c0000)
Event: 6.797 GC heap after
Heap after GC invocations=3 (full 0):
 PSYoungGen      total 38144K, used 5408K [0x00000000eaab0000, 0x00000000ef530000, 0x0000000100000000)
  eden space 32704K, 0% used [0x00000000eaab0000,0x00000000eaab0000,0x00000000ecaa0000)
  from space 5440K, 99% used [0x00000000ecaa0000,0x00000000ecfe8028,0x00000000ecff0000)
  to   space 5440K, 0% used [0x00000000eefe0000,0x00000000eefe0000,0x00000000ef530000)
 ParOldGen       total 87232K, used 12454K [0x00000000c0000000, 0x00000000c5530000, 0x00000000eaab0000)
  object space 87232K, 14% used [0x00000000c0000000,0x00000000c0c29a68,0x00000000c5530000)
 PSPermGen       total 21248K, used 5301K [0x00000000bae00000, 0x00000000bc2c0000, 0x00000000c0000000)
  object space 21248K, 24% used [0x00000000bae00000,0x00000000bb32d7a0,0x00000000bc2c0000)
}
Event: 8.588 GC heap before
{Heap before GC invocations=4 (full 0):
 PSYoungGen      total 38144K, used 38112K [0x00000000eaab0000, 0x00000000ef530000, 0x0000000100000000)
  eden space 32704K, 100% used [0x00000000eaab0000,0x00000000ecaa0000,0x00000000ecaa0000)
  from space 5440K, 99% used [0x00000000ecaa0000,0x00000000ecfe8028,0x00000000ecff0000)
  to   space 5440K, 0% used [0x00000000eefe0000,0x00000000eefe0000,0x00000000ef530000)
 ParOldGen       total 87232K, used 12454K [0x00000000c0000000, 0x00000000c5530000, 0x00000000eaab0000)
  object space 87232K, 14% used [0x00000000c0000000,0x00000000c0c29a68,0x00000000c5530000)
 PSPermGen       total 21248K, used 5325K [0x00000000bae00000, 0x00000000bc2c0000, 0x00000000c0000000)
  object space 21248K, 25% used [0x00000000bae00000,0x00000000bb333590,0x00000000bc2c0000)
Event: 8.636 GC heap after
Heap after GC invocations=4 (full 0):
 PSYoungGen      total 70848K, used 5410K [0x00000000eaab0000, 0x00000000ef530000, 0x0000000100000000)
  eden space 65408K, 0% used [0x00000000eaab0000,0x00000000eaab0000,0x00000000eea90000)
  from space 5440K, 99% used [0x00000000eefe0000,0x00000000ef528960,0x00000000ef530000)
  to   space 5440K, 0% used [0x00000000eea90000,0x00000000eea90000,0x00000000eefe0000)
 ParOldGen       total 87232K, used 18401K [0x00000000c0000000, 0x00000000c5530000, 0x00000000eaab0000)
  object space 87232K, 21% used [0x00000000c0000000,0x00000000c11f87e0,0x00000000c5530000)
 PSPermGen       total 21248K, used 5325K [0x00000000bae00000, 0x00000000bc2c0000, 0x00000000c0000000)
  object space 21248K, 25% used [0x00000000bae00000,0x00000000bb333590,0x00000000bc2c0000)
}
Event: 10.222 GC heap before
{Heap before GC invocations=5 (full 0):
 PSYoungGen      total 70848K, used 70818K [0x00000000eaab0000, 0x00000000ef530000, 0x0000000100000000)
  eden space 65408K, 100% used [0x00000000eaab0000,0x00000000eea90000,0x00000000eea90000)
  from space 5440K, 99% used [0x00000000eefe0000,0x00000000ef528960,0x00000000ef530000)
  to   space 5440K, 0% used [0x00000000eea90000,0x00000000eea90000,0x00000000eefe0000)
 ParOldGen       total 87232K, used 18401K [0x00000000c0000000, 0x00000000c5530000, 0x00000000eaab0000)
  object space 87232K, 21% used [0x00000000c0000000,0x00000000c11f87e0,0x00000000c5530000)
 PSPermGen       total 21248K, used 5349K [0x00000000bae00000, 0x00000000bc2c0000, 0x00000000c0000000)
  object space 21248K, 25% used [0x00000000bae00000,0x00000000bb3396a8,0x00000000bc2c0000)
Event: 10.323 GC heap after
Heap after GC invocations=5 (full 0):
 PSYoungGen      total 70848K, used 5424K [0x00000000eaab0000, 0x00000000f48b0000, 0x0000000100000000)
  eden space 65408K, 0% used [0x00000000eaab0000,0x00000000eaab0000,0x00000000eea90000)
  from space 5440K, 99% used [0x00000000eea90000,0x00000000eefdc038,0x00000000eefe0000)
  to   space 15488K, 0% used [0x00000000f3990000,0x00000000f3990000,0x00000000f48b0000)
 ParOldGen       total 87232K, used 28436K [0x00000000c0000000, 0x00000000c5530000, 0x00000000eaab0000)
  object space 87232K, 32% used [0x00000000c0000000,0x00000000c1bc5138,0x00000000c5530000)
 PSPermGen       total 21248K, used 5349K [0x00000000bae00000, 0x00000000bc2c0000, 0x00000000c0000000)
  object space 21248K, 25% used [0x00000000bae00000,0x00000000bb3396a8,0x00000000bc2c0000)
}

Deoptimization events (10 events):
Event: 12.770 Thread 0x000000000234f000 Uncommon trap -58 fr.pc 0x00000000027d3204
Event: 12.770 Thread 0x000000000234f000 Uncommon trap -58 fr.pc 0x00000000027d3204
Event: 12.824 Thread 0x000000000234f000 Uncommon trap -83 fr.pc 0x00000000026177c4
Event: 12.830 Thread 0x000000000234f000 Uncommon trap -34 fr.pc 0x00000000025ce174
Event: 12.830 Thread 0x000000000234f000 Uncommon trap -34 fr.pc 0x00000000025cce70
Event: 12.830 Thread 0x000000000234f000 Uncommon trap -34 fr.pc 0x00000000025cce70
Event: 12.832 Thread 0x000000000234f000 Uncommon trap -34 fr.pc 0x00000000025ce174
Event: 12.967 Thread 0x000000000234f000 Uncommon trap -34 fr.pc 0x00000000027e2c2c
Event: 12.967 Thread 0x000000000234f000 Uncommon trap -34 fr.pc 0x00000000027e2c2c
Event: 12.968 Thread 0x000000000234f000 Uncommon trap -122 fr.pc 0x00000000027e2d50

Internal exceptions (10 events):
Event: 13.476 Thread 0x000000000234f000 Threw 0x00000000ee0f2560 at C:\jdk7u1_64p\jdk7u9\hotspot\src\share\vm\prims\jvm.cpp:1166
Event: 13.477 Thread 0x000000000234f000 Threw 0x00000000ee0f5628 at C:\jdk7u1_64p\jdk7u9\hotspot\src\share\vm\prims\jvm.cpp:1166
Event: 13.477 Thread 0x000000000234f000 Threw 0x00000000ee0f87d0 at C:\jdk7u1_64p\jdk7u9\hotspot\src\share\vm\prims\jvm.cpp:1166
Event: 13.481 Thread 0x000000000234f000 Threw 0x00000000ee0fc150 at C:\jdk7u1_64p\jdk7u9\hotspot\src\share\vm\prims\jvm.cpp:1166
Event: 13.481 Thread 0x000000000234f000 Threw 0x00000000ee0feff0 at C:\jdk7u1_64p\jdk7u9\hotspot\src\share\vm\prims\jvm.cpp:1166
Event: 13.482 Thread 0x000000000234f000 Threw 0x00000000ee102050 at C:\jdk7u1_64p\jdk7u9\hotspot\src\share\vm\prims\jvm.cpp:1166
Event: 13.483 Thread 0x000000000234f000 Threw 0x00000000ee1054f0 at C:\jdk7u1_64p\jdk7u9\hotspot\src\share\vm\prims\jvm.cpp:1166
Event: 13.488 Thread 0x000000000234f000 Threw 0x00000000ee14ca30 at C:\jdk7u1_64p\jdk7u9\hotspot\src\share\vm\prims\jvm.cpp:1166
Event: 13.489 Thread 0x000000000234f000 Threw 0x00000000ee14ec40 at C:\jdk7u1_64p\jdk7u9\hotspot\src\share\vm\prims\jvm.cpp:1166
Event: 13.664 Thread 0x000000000234f000 Implicit null exception at 0x000000000277d6bf to 0x0000000000000000

Events (10 events):
Event: 13.481 loading class 0x000000000b7cbd90
Event: 13.481 loading class 0x000000000b7cbd90 done
Event: 13.482 loading class 0x000000000b7cbe50
Event: 13.482 loading class 0x000000000b7cbe50 done
Event: 13.483 loading class 0x000000000bd40a30
Event: 13.483 loading class 0x000000000bd40a30 done
Event: 13.488 loading class 0x000000000b6b5c40
Event: 13.488 loading class 0x000000000b6b5c40 done
Event: 13.489 loading class 0x000000000bfb2310
Event: 13.489 loading class 0x000000000bfb2310 done


Dynamic libraries:
0x000000013fde0000 - 0x000000013fe13000 	C:\Program Files\Java\jdk1.7.0_09\bin\java.exe
0x00000000777e0000 - 0x0000000077989000 	C:\Windows\SYSTEM32\ntdll.dll
0x00000000776c0000 - 0x00000000777df000 	C:\Windows\system32\kernel32.dll
0x000007fefd620000 - 0x000007fefd68c000 	C:\Windows\system32\KERNELBASE.dll
0x000007fefe6d0000 - 0x000007fefe7ab000 	C:\Windows\system32\ADVAPI32.dll
0x000007fefe540000 - 0x000007fefe5df000 	C:\Windows\system32\msvcrt.dll
0x000007feffad0000 - 0x000007feffaef000 	C:\Windows\SYSTEM32\sechost.dll
0x000007feff930000 - 0x000007feffa5d000 	C:\Windows\system32\RPCRT4.dll
0x00000000775c0000 - 0x00000000776ba000 	C:\Windows\system32\USER32.dll
0x000007feffa60000 - 0x000007feffac7000 	C:\Windows\system32\GDI32.dll
0x000007fefe7b0000 - 0x000007fefe7be000 	C:\Windows\system32\LPK.dll
0x000007feff7e0000 - 0x000007feff8a9000 	C:\Windows\system32\USP10.dll
0x000007fefc0f0000 - 0x000007fefc2e4000 	C:\Windows\WinSxS\amd64_microsoft.windows.common-controls_6595b64144ccf1df_6.0.7601.18837_none_fa3b1e3d17594757\COMCTL32.dll
0x000007feff8b0000 - 0x000007feff921000 	C:\Windows\system32\SHLWAPI.dll
0x000007fefe7c0000 - 0x000007fefe7ee000 	C:\Windows\system32\IMM32.DLL
0x000007fefdf00000 - 0x000007fefe009000 	C:\Windows\system32\MSCTF.dll
0x0000000063f10000 - 0x0000000063fe1000 	C:\Program Files\Java\jdk1.7.0_09\jre\bin\msvcr100.dll
0x000000006bb90000 - 0x000000006c2af000 	C:\Program Files\Java\jdk1.7.0_09\jre\bin\server\jvm.dll
0x000007fef6440000 - 0x000007fef6449000 	C:\Windows\system32\WSOCK32.dll
0x000007fefe680000 - 0x000007fefe6cd000 	C:\Windows\system32\WS2_32.dll
0x000007fefded0000 - 0x000007fefded8000 	C:\Windows\system32\NSI.dll
0x000007fefac30000 - 0x000007fefac6b000 	C:\Windows\system32\WINMM.dll
0x00000000779a0000 - 0x00000000779a7000 	C:\Windows\system32\PSAPI.DLL
0x0000000074b40000 - 0x0000000074b4f000 	C:\Program Files\Java\jdk1.7.0_09\jre\bin\verify.dll
0x000000006bb60000 - 0x000000006bb88000 	C:\Program Files\Java\jdk1.7.0_09\jre\bin\java.dll
0x000000006cea0000 - 0x000000006ceb5000 	C:\Program Files\Java\jdk1.7.0_09\jre\bin\zip.dll
0x000000006bb40000 - 0x000000006bb59000 	C:\Program Files\Java\jdk1.7.0_09\jre\bin\net.dll
0x000007fefcd30000 - 0x000007fefcd85000 	C:\Windows\system32\mswsock.dll
0x000007fefcd20000 - 0x000007fefcd27000 	C:\Windows\System32\wship6.dll
0x0000000074b60000 - 0x0000000074b71000 	C:\Program Files\Java\jdk1.7.0_09\jre\bin\nio.dll

VM Arguments:
jvm_args: -Xmx1024M -Dfile.encoding=windows-1252 -Duser.country=GB -Duser.language=en -Duser.variant 
java_command: com.android.dx.command.Main --dex --output C:\Users\Sinky\StudioProjects\ProtoRunnerV2\ProtoRunnerV2\build\intermediates\dex\debug C:\Users\Sinky\StudioProjects\ProtoRunnerV2\ProtoRunnerV2\build\intermediates\classes\debug C:\Users\Sinky\StudioProjects\ProtoRunnerV2\ProtoRunnerV2\build\intermediates\pre-dexed\debug\support-annotations-22.2.0-ce405e005671120865286fbb1a2542953cb92ee2.jar C:\Users\Sinky\StudioProjects\ProtoRunnerV2\ProtoRunnerV2\build\intermediates\pre-dexed\debug\classes-66fdcfc2144d757ac8530a052d47265e07773092.jar C:\Users\Sinky\StudioProjects\ProtoRunnerV2\ProtoRunnerV2\build\intermediates\pre-dexed\debug\classes-06ab37edf61694c22c293dc9ab41bab488406bc9.jar C:\Users\Sinky\StudioProjects\ProtoRunnerV2\ProtoRunnerV2\build\intermediates\pre-dexed\debug\classes-93f5a97fc040ab1733116df9f83fe928f712b237.jar C:\Users\Sinky\StudioProjects\ProtoRunnerV2\ProtoRunnerV2\build\intermediates\pre-dexed\debug\internal_impl-22.0.0-89a57e48793771ae5d65787933a30f0a9fffdc28.jar C:\Users\Sinky\StudioProjects\ProtoRunnerV2\ProtoRunnerV2\build\intermediates\pre-dexed\debug\classes-8e388dcd8b97a09304cc972cb61d3ffff3cfa55d.jar C:\Users\Sinky\StudioProjects\ProtoRunnerV2\ProtoRunnerV2\build\intermediates\pre-dexed\debug\classes-475e55994f5440e819b7988ff0065d4158443666.jar C:\Users\Sinky\StudioProjects\ProtoRunnerV2\ProtoRunnerV2\build\intermediates\pre-dexed\debug\classes-b7a255c659b855a7d768177e722332e1ea9e71a8.jar C:\Users\Sinky\StudioProjects\ProtoRunnerV2\ProtoRunnerV2\build\intermediates\pre-dexed\debug\classes-73d15a7b00f0331346d474c1114b3cc0a1b38ce2.jar C:\Users\Sinky\StudioProjects\ProtoRunnerV2\ProtoRunnerV2\build\intermediates\pre-dexed\debug\classes-b53993833ab07fbfd7d3b51de23eeeca6c4ddeb4.jar C:\Users\Sinky\StudioProjects\ProtoRunnerV2\ProtoRunnerV2\build\intermediates\pre-dexed\debug\classes-b732c20c9a93d8f61a730de1c28f5cdc6066418b.jar C:\Users\Sinky\StudioProjects\ProtoRunnerV2\ProtoRunnerV2\build\intermediates\pre-dexed\debug\classes-45b19e3021
Launcher Type: SUN_STANDARD

Environment Variables:
PATH=C:\Program Files\Common Files\Microsoft Shared\Windows Live;C:\Program Files (x86)\Common Files\Microsoft Shared\Windows Live;C:\Program Files (x86)\AMD APP\bin\x86_64;C:\Program Files (x86)\AMD APP\bin\x86;C:\Program Files (x86)\NVIDIA Corporation\PhysX\Common;C:\Windows\system32;C:\Windows;C:\Windows\System32\Wbem;C:\Windows\System32\WindowsPowerShell\v1.0\;C:\Program Files (x86)\ATI Technologies\ATI.ACE\Core-Static;C:\Program Files (x86)\Windows Live\Shared;C:\Program Files\Common Files\Autodesk Shared\;c:\Program Files (x86)\Microsoft SQL Server\100\Tools\Binn\;c:\Program Files (x86)\Microsoft SQL Server\100\DTS\Binn\;C:\Program Files\Microsoft SQL Server\110\Tools\Binn\;C:\Program Files\TortoiseGit\bin;C:\Program Files\Microsoft\Web Platform Installer\;C:\Program Files (x86)\Microsoft SDKs\TypeScript\1.0\
USERNAME=Sinky
OS=Windows_NT
PROCESSOR_IDENTIFIER=AMD64 Family 21 Model 1 Stepping 2, AuthenticAMD



---------------  S Y S T E M  ---------------

OS: Windows 7 , 64 bit Build 7601 Service Pack 1

CPU:total 4 (4 cores per cpu, 1 threads per core) family 21 model 1 stepping 2, cmov, cx8, fxsr, mmx, sse, sse2, sse3, ssse3, sse4.1, sse4.2, popcnt, avx, mmxext, 3dnowpref, lzcnt, sse4a, tsc, tscinvbit, tscinv

Memory: 4k page, physical 8370296k(3951452k free), swap 16738756k(11313052k free)

vm_info: Java HotSpot(TM) 64-Bit Server VM (23.5-b02) for windows-amd64 JRE (1.7.0_09-b05), built on Sep 24 2012 21:45:04 by "java_re" with unknown MS VC++:1600

time: Fri Aug 07 12:47:51 2015
elapsed time: 13 seconds

