#
# A fatal error has been detected by the Java Runtime Environment:
#
#  EXCEPTION_ACCESS_VIOLATION (0xc0000005) at pc=0x0000000002473db3, pid=5816, tid=6280
#
# JRE version: 7.0_09-b05
# Java VM: Java HotSpot(TM) 64-Bit Server VM (23.5-b02 mixed mode windows-amd64 compressed oops)
# Problematic frame:
# J  com.android.dx.dex.code.LocalList$MakeState.snapshot(ILcom/android/dx/rop/code/RegisterSpecSet;)V
#
# Failed to write core dump. Minidumps are not enabled by default on client versions of Windows
#
# If you would like to submit a bug report, please visit:
#   http://bugreport.sun.com/bugreport/crash.jsp
#

---------------  T H R E A D  ---------------

Current thread (0x00000000003dd000):  JavaThread "main" [_thread_in_Java, id=6280, stack(0x00000000021f0000,0x00000000022f0000)]

siginfo: ExceptionCode=0xc0000005, reading address 0xfffffffffffffff9

Registers:
RAX=0x0000000000000000, RBX=0x0000000000000000, RCX=0x00000000ed15b8e8, RDX=0x0000000000000003
RSP=0x00000000022eef70, RBP=0x0000000000000001, RSI=0x00000000ed15b8c0, RDI=0x0000000000000028
R8 =0x0000000000000006, R9 =0x00000000ed15b910, R10=0x0000000000000006, R11=0x0000000000000005
R12=0x0000000000000000, R13=0x00000000022ef008, R14=0x00000000bb3c9718, R15=0x00000000003dd000
RIP=0x0000000002473db3, EFLAGS=0x0000000000010287

Top of Stack: (sp=0x00000000022eef70)
0x00000000022eef70:   00000000022ef060 000000006d0cca95
0x00000000022eef80:   00000000022eeff8 00000000022f61f8
0x00000000022eef90:   00000000ed15b650 0000000000000084
0x00000000022eefa0:   0000000000000000 00000000ed15b670
0x00000000022eefb0:   00000000ed15b8a8 00000000022eefb8
0x00000000022eefc0:   00000000022eefc0 00000000ed159df0
0x00000000022eefd0:   0000000000000001 0000000000000028
0x00000000022eefe0:   00000000bb3cba60 00000000bb248e88
0x00000000022eeff0:   00000000022ef060 00000000022f61f8
0x00000000022ef000:   00000000022f61f8 00000000ed159df0
0x00000000022ef010:   0000000000000000 00000000ed15b650
0x00000000022ef020:   00000000022ef020 00000000bb3b81c6
0x00000000022ef030:   00000000022ef098 00000000bb3b8b80
0x00000000022ef040:   00000000bb3c9718 00000000bb3b8270
0x00000000022ef050:   00000000022ef008 00000000022ef098
0x00000000022ef060:   00000000022ef0e8 00000000022f63d3 

Instructions: (pc=0x0000000002473db3)
0x0000000002473d93:   45 8b d1 49 8b 4f 60 4c 8b c9 48 8b 7c 24 68 4c
0x0000000002473da3:   03 cf 4d 3b 4f 70 0f 83 c4 03 00 00 4d 89 4f 60
0x0000000002473db3:   c8 8b f9 48 83 c7 10 4c 8b c9 49 c7 01 01 00 00
0x0000000002473dc3:   00 41 c7 41 08 90 11 e0 ba 45 89 51 0c 48 8b ca 


Register to memory mapping:

RAX=0x0000000000000000 is an unknown value
RBX=0x0000000000000000 is an unknown value
RCX=0x00000000ed15b8e8 is an unknown value
RDX=0x0000000000000003 is an unknown value
RSP=0x00000000022eef70 is pointing into the stack for thread: 0x00000000003dd000
RBP=0x0000000000000001 is an unknown value
RSI=0x00000000ed15b8c0 is an oop
[Lcom.android.dx.rop.code.RegisterSpec; 
 - klass: 'com/android/dx/rop/code/RegisterSpec'[]
 - length: 6
RDI=0x0000000000000028 is an unknown value
R8 =0x0000000000000006 is an unknown value
R9 =0x00000000ed15b910 is an oop
[C 
 - klass: {type array char}
 - length: 101
R10=0x0000000000000006 is an unknown value
R11=0x0000000000000005 is an unknown value
R12=0x0000000000000000 is an unknown value
R13=0x00000000022ef008 is pointing into the stack for thread: 0x00000000003dd000
R14=0x00000000bb3c9718 is an oop
{method data} 
 - klass: {other class}
R15=0x00000000003dd000 is a thread


Stack: [0x00000000021f0000,0x00000000022f0000],  sp=0x00000000022eef70,  free space=1019k
Native frames: (J=compiled Java code, y=interpreted, Vv=VM code, C=native code)
J  com.android.dx.dex.code.LocalList$MakeState.snapshot(ILcom/android/dx/rop/code/RegisterSpecSet;)V


---------------  P R O C E S S  ---------------

Java Threads: ( => current thread )
  0x0000000008d0b000 JavaThread "Service Thread" daemon [_thread_blocked, id=6636, stack(0x000000000a540000,0x000000000a640000)]
  0x0000000008cfe800 JavaThread "C2 CompilerThread1" daemon [_thread_blocked, id=6340, stack(0x000000000a3d0000,0x000000000a4d0000)]
  0x0000000008cf9000 JavaThread "C2 CompilerThread0" daemon [_thread_blocked, id=6252, stack(0x000000000a1d0000,0x000000000a2d0000)]
  0x0000000008cf7000 JavaThread "Attach Listener" daemon [_thread_blocked, id=2496, stack(0x0000000009f10000,0x000000000a010000)]
  0x0000000008cf0000 JavaThread "Signal Dispatcher" daemon [_thread_blocked, id=6824, stack(0x0000000009dc0000,0x0000000009ec0000)]
  0x0000000001fe7000 JavaThread "Finalizer" daemon [_thread_blocked, id=6244, stack(0x0000000009c30000,0x0000000009d30000)]
  0x0000000001fdf000 JavaThread "Reference Handler" daemon [_thread_blocked, id=5232, stack(0x0000000009a30000,0x0000000009b30000)]
=>0x00000000003dd000 JavaThread "main" [_thread_in_Java, id=6280, stack(0x00000000021f0000,0x00000000022f0000)]

Other Threads:
  0x0000000008c72800 VMThread [stack: 0x0000000009b30000,0x0000000009c30000] [id=6532]
  0x0000000008d14000 WatcherThread [stack: 0x000000000a6c0000,0x000000000a7c0000] [id=5572]

VM state:not at safepoint (normal execution)

VM Mutex/Monitor currently owned by a thread: None

Heap
 PSYoungGen      total 70848K, used 45843K [0x00000000eaab0000, 0x00000000ef530000, 0x0000000100000000)
  eden space 65408K, 61% used [0x00000000eaab0000,0x00000000ed228e30,0x00000000eea90000)
  from space 5440K, 99% used [0x00000000eefe0000,0x00000000ef52c028,0x00000000ef530000)
  to   space 5440K, 0% used [0x00000000eea90000,0x00000000eea90000,0x00000000eefe0000)
 ParOldGen       total 87232K, used 16287K [0x00000000c0000000, 0x00000000c5530000, 0x00000000eaab0000)
  object space 87232K, 18% used [0x00000000c0000000,0x00000000c0fe7c38,0x00000000c5530000)
 PSPermGen       total 21248K, used 5941K [0x00000000bae00000, 0x00000000bc2c0000, 0x00000000c0000000)
  object space 21248K, 27% used [0x00000000bae00000,0x00000000bb3cd4a0,0x00000000bc2c0000)

Card table byte_map: [0x00000000053b0000,0x00000000055e0000] byte_map_base: 0x0000000004dd9000

Polling page: 0x0000000000330000

Code Cache  [0x00000000022f0000, 0x0000000002560000, 0x00000000052f0000)
 total_blobs=837 nmethods=605 adapters=183 free_code_cache=46971Kb largest_free_block=48038336

Compilation events (10 events):
Event: 8.974 Thread 0x0000000008cfe800  613             com.android.dx.rop.type.Type::isCategory2 (36 bytes)
Event: 8.975 Thread 0x0000000008cfe800 nmethod 613 0x00000000024422d0 code [0x0000000002442400, 0x0000000002442478]
Event: 8.975 Thread 0x0000000008cfe800  614             com.android.dx.dex.code.LocalSnapshot::getLocals (5 bytes)
Event: 8.975 Thread 0x0000000008cfe800 nmethod 614 0x00000000024420d0 code [0x0000000002442200, 0x0000000002442258]
Event: 8.975 Thread 0x0000000008cfe800  615             com.android.dx.rop.code.RegisterSpec::matchesVariable (68 bytes)
Event: 8.985 Thread 0x0000000008cfe800 nmethod 615 0x0000000002479410 code [0x0000000002479560, 0x0000000002479a18]
Event: 8.985 Thread 0x0000000008cfe800    4 %           com.android.dx.dex.code.LocalList$MakeState::snapshot @ 16 (110 bytes)
Event: 8.998 Thread 0x0000000008cfe800 nmethod 4% 0x0000000002441650 code [0x00000000024417e0, 0x0000000002441c40]
Event: 8.998 Thread 0x0000000008cfe800  616             com.android.dx.dex.code.LocalList$MakeState::snapshot (110 bytes)
Event: 9.024 Thread 0x0000000008cfe800 nmethod 616 0x0000000002473a90 code [0x0000000002473c40, 0x0000000002474430]

GC Heap History (8 events):
Event: 3.341 GC heap before
{Heap before GC invocations=1 (full 0):
 PSYoungGen      total 38144K, used 32704K [0x00000000eaab0000, 0x00000000ed540000, 0x0000000100000000)
  eden space 32704K, 100% used [0x00000000eaab0000,0x00000000ecaa0000,0x00000000ecaa0000)
  from space 5440K, 0% used [0x00000000ecff0000,0x00000000ecff0000,0x00000000ed540000)
  to   space 5440K, 0% used [0x00000000ecaa0000,0x00000000ecaa0000,0x00000000ecff0000)
 ParOldGen       total 87232K, used 0K [0x00000000c0000000, 0x00000000c5530000, 0x00000000eaab0000)
  object space 87232K, 0% used [0x00000000c0000000,0x00000000c0000000,0x00000000c5530000)
 PSPermGen       total 21248K, used 5173K [0x00000000bae00000, 0x00000000bc2c0000, 0x00000000c0000000)
  object space 21248K, 24% used [0x00000000bae00000,0x00000000bb30d7f0,0x00000000bc2c0000)
Event: 3.360 GC heap after
Heap after GC invocations=1 (full 0):
 PSYoungGen      total 38144K, used 5424K [0x00000000eaab0000, 0x00000000ed540000, 0x0000000100000000)
  eden space 32704K, 0% used [0x00000000eaab0000,0x00000000eaab0000,0x00000000ecaa0000)
  from space 5440K, 99% used [0x00000000ecaa0000,0x00000000ecfec038,0x00000000ecff0000)
  to   space 5440K, 0% used [0x00000000ecff0000,0x00000000ecff0000,0x00000000ed540000)
 ParOldGen       total 87232K, used 1137K [0x00000000c0000000, 0x00000000c5530000, 0x00000000eaab0000)
  object space 87232K, 1% used [0x00000000c0000000,0x00000000c011c4d8,0x00000000c5530000)
 PSPermGen       total 21248K, used 5173K [0x00000000bae00000, 0x00000000bc2c0000, 0x00000000c0000000)
  object space 21248K, 24% used [0x00000000bae00000,0x00000000bb30d7f0,0x00000000bc2c0000)
}
Event: 4.758 GC heap before
{Heap before GC invocations=2 (full 0):
 PSYoungGen      total 38144K, used 38128K [0x00000000eaab0000, 0x00000000ed540000, 0x0000000100000000)
  eden space 32704K, 100% used [0x00000000eaab0000,0x00000000ecaa0000,0x00000000ecaa0000)
  from space 5440K, 99% used [0x00000000ecaa0000,0x00000000ecfec038,0x00000000ecff0000)
  to   space 5440K, 0% used [0x00000000ecff0000,0x00000000ecff0000,0x00000000ed540000)
 ParOldGen       total 87232K, used 1137K [0x00000000c0000000, 0x00000000c5530000, 0x00000000eaab0000)
  object space 87232K, 1% used [0x00000000c0000000,0x00000000c011c4d8,0x00000000c5530000)
 PSPermGen       total 21248K, used 5243K [0x00000000bae00000, 0x00000000bc2c0000, 0x00000000c0000000)
  object space 21248K, 24% used [0x00000000bae00000,0x00000000bb31efa8,0x00000000bc2c0000)
Event: 4.792 GC heap after
Heap after GC invocations=2 (full 0):
 PSYoungGen      total 38144K, used 5424K [0x00000000eaab0000, 0x00000000ef530000, 0x0000000100000000)
  eden space 32704K, 0% used [0x00000000eaab0000,0x00000000eaab0000,0x00000000ecaa0000)
  from space 5440K, 99% used [0x00000000ecff0000,0x00000000ed53c038,0x00000000ed540000)
  to   space 5440K, 0% used [0x00000000ecaa0000,0x00000000ecaa0000,0x00000000ecff0000)
 ParOldGen       total 87232K, used 5373K [0x00000000c0000000, 0x00000000c5530000, 0x00000000eaab0000)
  object space 87232K, 6% used [0x00000000c0000000,0x00000000c053f510,0x00000000c5530000)
 PSPermGen       total 21248K, used 5243K [0x00000000bae00000, 0x00000000bc2c0000, 0x00000000c0000000)
  object space 21248K, 24% used [0x00000000bae00000,0x00000000bb31efa8,0x00000000bc2c0000)
}
Event: 6.418 GC heap before
{Heap before GC invocations=3 (full 0):
 PSYoungGen      total 38144K, used 38128K [0x00000000eaab0000, 0x00000000ef530000, 0x0000000100000000)
  eden space 32704K, 100% used [0x00000000eaab0000,0x00000000ecaa0000,0x00000000ecaa0000)
  from space 5440K, 99% used [0x00000000ecff0000,0x00000000ed53c038,0x00000000ed540000)
  to   space 5440K, 0% used [0x00000000ecaa0000,0x00000000ecaa0000,0x00000000ecff0000)
 ParOldGen       total 87232K, used 5373K [0x00000000c0000000, 0x00000000c5530000, 0x00000000eaab0000)
  object space 87232K, 6% used [0x00000000c0000000,0x00000000c053f510,0x00000000c5530000)
 PSPermGen       total 21248K, used 5282K [0x00000000bae00000, 0x00000000bc2c0000, 0x00000000c0000000)
  object space 21248K, 24% used [0x00000000bae00000,0x00000000bb3289f8,0x00000000bc2c0000)
Event: 6.458 GC heap after
Heap after GC invocations=3 (full 0):
 PSYoungGen      total 38144K, used 5408K [0x00000000eaab0000, 0x00000000ef530000, 0x0000000100000000)
  eden space 32704K, 0% used [0x00000000eaab0000,0x00000000eaab0000,0x00000000ecaa0000)
  from space 5440K, 99% used [0x00000000ecaa0000,0x00000000ecfe8018,0x00000000ecff0000)
  to   space 5440K, 0% used [0x00000000eefe0000,0x00000000eefe0000,0x00000000ef530000)
 ParOldGen       total 87232K, used 10967K [0x00000000c0000000, 0x00000000c5530000, 0x00000000eaab0000)
  object space 87232K, 12% used [0x00000000c0000000,0x00000000c0ab5ee8,0x00000000c5530000)
 PSPermGen       total 21248K, used 5282K [0x00000000bae00000, 0x00000000bc2c0000, 0x00000000c0000000)
  object space 21248K, 24% used [0x00000000bae00000,0x00000000bb3289f8,0x00000000bc2c0000)
}
Event: 7.397 GC heap before
{Heap before GC invocations=4 (full 0):
 PSYoungGen      total 38144K, used 38112K [0x00000000eaab0000, 0x00000000ef530000, 0x0000000100000000)
  eden space 32704K, 100% used [0x00000000eaab0000,0x00000000ecaa0000,0x00000000ecaa0000)
  from space 5440K, 99% used [0x00000000ecaa0000,0x00000000ecfe8018,0x00000000ecff0000)
  to   space 5440K, 0% used [0x00000000eefe0000,0x00000000eefe0000,0x00000000ef530000)
 ParOldGen       total 87232K, used 10967K [0x00000000c0000000, 0x00000000c5530000, 0x00000000eaab0000)
  object space 87232K, 12% used [0x00000000c0000000,0x00000000c0ab5ee8,0x00000000c5530000)
 PSPermGen       total 21248K, used 5309K [0x00000000bae00000, 0x00000000bc2c0000, 0x00000000c0000000)
  object space 21248K, 24% used [0x00000000bae00000,0x00000000bb32f710,0x00000000bc2c0000)
Event: 7.458 GC heap after
Heap after GC invocations=4 (full 0):
 PSYoungGen      total 70848K, used 5424K [0x00000000eaab0000, 0x00000000ef530000, 0x0000000100000000)
  eden space 65408K, 0% used [0x00000000eaab0000,0x00000000eaab0000,0x00000000eea90000)
  from space 5440K, 99% used [0x00000000eefe0000,0x00000000ef52c028,0x00000000ef530000)
  to   space 5440K, 0% used [0x00000000eea90000,0x00000000eea90000,0x00000000eefe0000)
 ParOldGen       total 87232K, used 16287K [0x00000000c0000000, 0x00000000c5530000, 0x00000000eaab0000)
  object space 87232K, 18% used [0x00000000c0000000,0x00000000c0fe7c38,0x00000000c5530000)
 PSPermGen       total 21248K, used 5309K [0x00000000bae00000, 0x00000000bc2c0000, 0x00000000c0000000)
  object space 21248K, 24% used [0x00000000bae00000,0x00000000bb32f710,0x00000000bc2c0000)
}

Deoptimization events (10 events):
Event: 7.389 Thread 0x00000000003dd000 Uncommon trap -12 fr.pc 0x00000000024b018c
Event: 7.570 Thread 0x00000000003dd000 Uncommon trap -58 fr.pc 0x00000000024bf234
Event: 7.570 Thread 0x00000000003dd000 Uncommon trap -58 fr.pc 0x00000000024bf234
Event: 7.745 Thread 0x00000000003dd000 Uncommon trap -83 fr.pc 0x00000000024e48ec
Event: 8.260 Thread 0x00000000003dd000 Uncommon trap -34 fr.pc 0x00000000023ed80c
Event: 8.260 Thread 0x00000000003dd000 Uncommon trap -34 fr.pc 0x00000000023f97b8
Event: 8.267 Thread 0x00000000003dd000 Uncommon trap -34 fr.pc 0x00000000023ed80c
Event: 8.268 Thread 0x00000000003dd000 Uncommon trap -34 fr.pc 0x00000000023f97b8
Event: 8.644 Thread 0x00000000003dd000 Uncommon trap -12 fr.pc 0x00000000023e9fc4
Event: 8.951 Thread 0x00000000003dd000 Uncommon trap -83 fr.pc 0x000000000250d1c4

Internal exceptions (10 events):
Event: 8.783 Thread 0x00000000003dd000 Threw 0x00000000ed04c240 at C:\jdk7u1_64p\jdk7u9\hotspot\src\share\vm\prims\jvm.cpp:1166
Event: 8.785 Thread 0x00000000003dd000 Threw 0x00000000ed0512d0 at C:\jdk7u1_64p\jdk7u9\hotspot\src\share\vm\prims\jvm.cpp:1166
Event: 8.787 Thread 0x00000000003dd000 Threw 0x00000000ed057730 at C:\jdk7u1_64p\jdk7u9\hotspot\src\share\vm\prims\jvm.cpp:1166
Event: 8.788 Thread 0x00000000003dd000 Threw 0x00000000ed05bcc8 at C:\jdk7u1_64p\jdk7u9\hotspot\src\share\vm\prims\jvm.cpp:1166
Event: 8.789 Thread 0x00000000003dd000 Threw 0x00000000ed05ec98 at C:\jdk7u1_64p\jdk7u9\hotspot\src\share\vm\prims\jvm.cpp:1166
Event: 8.790 Thread 0x00000000003dd000 Threw 0x00000000ed061ab8 at C:\jdk7u1_64p\jdk7u9\hotspot\src\share\vm\prims\jvm.cpp:1166
Event: 8.795 Thread 0x00000000003dd000 Threw 0x00000000ed069058 at C:\jdk7u1_64p\jdk7u9\hotspot\src\share\vm\prims\jvm.cpp:1166
Event: 8.796 Thread 0x00000000003dd000 Threw 0x00000000ed06c060 at C:\jdk7u1_64p\jdk7u9\hotspot\src\share\vm\prims\jvm.cpp:1166
Event: 8.797 Thread 0x00000000003dd000 Threw 0x00000000ed06f210 at C:\jdk7u1_64p\jdk7u9\hotspot\src\share\vm\prims\jvm.cpp:1166
Event: 8.827 Thread 0x00000000003dd000 Threw 0x00000000ed08e458 at C:\jdk7u1_64p\jdk7u9\hotspot\src\share\vm\prims\jvm.cpp:1166

Events (10 events):
Event: 8.795 loading class 0x000000000a8057c0
Event: 8.795 loading class 0x000000000a8057c0 done
Event: 8.796 loading class 0x000000000a9362e0
Event: 8.796 loading class 0x000000000a9362e0 done
Event: 8.797 loading class 0x0000000008d5c5c0
Event: 8.797 loading class 0x0000000008d5c5c0 done
Event: 8.827 loading class 0x000000000a927640
Event: 8.827 loading class 0x000000000a927640 done
Event: 8.951 Thread 0x00000000003dd000 DEOPT PACKING pc=0x000000000250d1c4 sp=0x00000000022eef80
Event: 8.951 Thread 0x00000000003dd000 DEOPT UNPACKING pc=0x0000000002329164 sp=0x00000000022eef58 mode 2


Dynamic libraries:
0x000000013f9b0000 - 0x000000013f9e3000 	C:\Program Files\Java\jdk1.7.0_09\bin\java.exe
0x0000000076ef0000 - 0x0000000077099000 	C:\Windows\SYSTEM32\ntdll.dll
0x0000000076cd0000 - 0x0000000076def000 	C:\Windows\system32\kernel32.dll
0x000007fefcf20000 - 0x000007fefcf8c000 	C:\Windows\system32\KERNELBASE.dll
0x000007fefd9d0000 - 0x000007fefdaab000 	C:\Windows\system32\ADVAPI32.dll
0x000007fefdbd0000 - 0x000007fefdc6f000 	C:\Windows\system32\msvcrt.dll
0x000007fefdcf0000 - 0x000007fefdd0f000 	C:\Windows\SYSTEM32\sechost.dll
0x000007fefd310000 - 0x000007fefd43d000 	C:\Windows\system32\RPCRT4.dll
0x0000000076df0000 - 0x0000000076eea000 	C:\Windows\system32\USER32.dll
0x000007fefd670000 - 0x000007fefd6d7000 	C:\Windows\system32\GDI32.dll
0x000007fefdab0000 - 0x000007fefdabe000 	C:\Windows\system32\LPK.dll
0x000007fefdd60000 - 0x000007fefde29000 	C:\Windows\system32\USP10.dll
0x000007fefb800000 - 0x000007fefb9f4000 	C:\Windows\WinSxS\amd64_microsoft.windows.common-controls_6595b64144ccf1df_6.0.7601.18837_none_fa3b1e3d17594757\COMCTL32.dll
0x000007fefee40000 - 0x000007fefeeb1000 	C:\Windows\system32\SHLWAPI.dll
0x000007fefde30000 - 0x000007fefde5e000 	C:\Windows\system32\IMM32.DLL
0x000007fefdac0000 - 0x000007fefdbc9000 	C:\Windows\system32\MSCTF.dll
0x0000000071fd0000 - 0x00000000720a1000 	C:\Program Files\Java\jdk1.7.0_09\jre\bin\msvcr100.dll
0x000000006d050000 - 0x000000006d76f000 	C:\Program Files\Java\jdk1.7.0_09\jre\bin\server\jvm.dll
0x000007fee79f0000 - 0x000007fee79f9000 	C:\Windows\system32\WSOCK32.dll
0x000007fefdd10000 - 0x000007fefdd5d000 	C:\Windows\system32\WS2_32.dll
0x000007fefee30000 - 0x000007fefee38000 	C:\Windows\system32\NSI.dll
0x000007fefa380000 - 0x000007fefa3bb000 	C:\Windows\system32\WINMM.dll
0x00000000770b0000 - 0x00000000770b7000 	C:\Windows\system32\PSAPI.DLL
0x0000000071ef0000 - 0x0000000071eff000 	C:\Program Files\Java\jdk1.7.0_09\jre\bin\verify.dll
0x0000000071ec0000 - 0x0000000071ee8000 	C:\Program Files\Java\jdk1.7.0_09\jre\bin\java.dll
0x0000000071ea0000 - 0x0000000071eb5000 	C:\Program Files\Java\jdk1.7.0_09\jre\bin\zip.dll
0x0000000071e60000 - 0x0000000071e79000 	C:\Program Files\Java\jdk1.7.0_09\jre\bin\net.dll
0x000007fefc440000 - 0x000007fefc495000 	C:\Windows\system32\mswsock.dll
0x000007fefc430000 - 0x000007fefc437000 	C:\Windows\System32\wship6.dll
0x0000000071e40000 - 0x0000000071e51000 	C:\Program Files\Java\jdk1.7.0_09\jre\bin\nio.dll

VM Arguments:
jvm_args: -Xmx1024M -Dfile.encoding=windows-1252 -Duser.country=GB -Duser.language=en -Duser.variant 
java_command: com.android.dx.command.Main --dex --output C:\Users\Sinky\StudioProjects\ProtoRunnerV2\ProtoRunnerV2\build\intermediates\dex\debug C:\Users\Sinky\StudioProjects\ProtoRunnerV2\ProtoRunnerV2\build\intermediates\classes\debug C:\Users\Sinky\StudioProjects\ProtoRunnerV2\ProtoRunnerV2\build\intermediates\pre-dexed\debug\support-v4-19.1.0-67f3e68b9d74135449ccbcf8df0f8bc5dfa8fbe1.jar
Launcher Type: SUN_STANDARD

Environment Variables:
PATH=C:\Program Files (x86)\AMD APP\bin\x86_64;C:\Program Files (x86)\AMD APP\bin\x86;C:\Program Files (x86)\NVIDIA Corporation\PhysX\Common;C:\Program Files\Common Files\Microsoft Shared\Windows Live;C:\Program Files (x86)\Common Files\Microsoft Shared\Windows Live;C:\Windows\system32;C:\Windows;C:\Windows\System32\Wbem;C:\Windows\System32\WindowsPowerShell\v1.0\;C:\Program Files (x86)\ATI Technologies\ATI.ACE\Core-Static;C:\Program Files (x86)\Windows Live\Shared;C:\Program Files\Common Files\Autodesk Shared\;c:\Program Files (x86)\Microsoft SQL Server\100\Tools\Binn\;c:\Program Files (x86)\Microsoft SQL Server\100\DTS\Binn\;C:\Program Files\Microsoft SQL Server\110\Tools\Binn\;C:\Program Files\TortoiseGit\bin;C:\Program Files\Microsoft\Web Platform Installer\;C:\Program Files (x86)\Microsoft SDKs\TypeScript\1.0\
USERNAME=Sinky
OS=Windows_NT
PROCESSOR_IDENTIFIER=AMD64 Family 21 Model 1 Stepping 2, AuthenticAMD



---------------  S Y S T E M  ---------------

OS: Windows 7 , 64 bit Build 7601 Service Pack 1

CPU:total 4 (4 cores per cpu, 1 threads per core) family 21 model 1 stepping 2, cmov, cx8, fxsr, mmx, sse, sse2, sse3, ssse3, sse4.1, sse4.2, popcnt, avx, mmxext, 3dnowpref, lzcnt, sse4a, tsc, tscinvbit, tscinv

Memory: 4k page, physical 8370296k(4171752k free), swap 16738756k(11768996k free)

vm_info: Java HotSpot(TM) 64-Bit Server VM (23.5-b02) for windows-amd64 JRE (1.7.0_09-b05), built on Sep 24 2012 21:45:04 by "java_re" with unknown MS VC++:1600

time: Tue Jun 23 13:32:39 2015
elapsed time: 9 seconds

