#
# A fatal error has been detected by the Java Runtime Environment:
#
#  EXCEPTION_ACCESS_VIOLATION (0xc0000005) at pc=0x000000006a4bf1c8, pid=5544, tid=1844
#
# JRE version: 7.0_09-b05
# Java VM: Java HotSpot(TM) 64-Bit Server VM (23.5-b02 mixed mode windows-amd64 compressed oops)
# Problematic frame:
# V  [jvm.dll+0x5f1c8]
#
# Failed to write core dump. Minidumps are not enabled by default on client versions of Windows
#
# If you would like to submit a bug report, please visit:
#   http://bugreport.sun.com/bugreport/crash.jsp
#

---------------  T H R E A D  ---------------

Current thread (0x000000000903b800):  JavaThread "C2 CompilerThread0" daemon [_thread_in_vm, id=1844, stack(0x000000000a660000,0x000000000a760000)]

siginfo: ExceptionCode=0xc0000005, reading address 0x000000800ab9d7e8

Registers:
RAX=0xffffffffffffffff, RBX=0x000000800ab9d7e8, RCX=0x000000006a6788ec, RDX=0x0000000000000048
RSP=0x000000000a75db90, RBP=0x000000000000f000, RSI=0x0000000000000001, RDI=0x000000000294afaf
R8 =0x000000000a75db01, R9 =0x000000006a460000, R10=0x0000000000000000, R11=0x000000000294aecb
R12=0x000000006a960a48, R13=0x0000000000000000, R14=0x0000000000001000, R15=0x0000000000000000
RIP=0x000000006a4bf1c8, EFLAGS=0x0000000000010213

Top of Stack: (sp=0x000000000a75db90)
0x000000000a75db90:   000000000ab9d7c0 0000000000000001
0x000000000a75dba0:   0000000000000001 000000000b1459a0
0x000000000a75dbb0:   0000000000000000 00000000029497ca
0x000000000a75dbc0:   0000000002949a98 00000000029495d0
0x000000000a75dbd0:   000000000294afad 000000006a61000b
0x000000000a75dbe0:   000000000a75dbd8 000000006a000000
0x000000000a75dbf0:   0000000002949aa0 0000000002949aa0
0x000000000a75dc00:   000000000294c960 0000000002949aa0
0x000000000a75dc10:   000000000294c960 000000000294cb78
0x000000000a75dc20:   000000006a960a48 000000000a75dbb0
0x000000000a75dc30:   0000000000000000 000000006a4c3515
0x000000000a75dc40:   00000000000004d0 000000000a75f1d4
0x000000000a75dc50:   000000000a75f238 000000000a75f3b8
0x000000000a75dc60:   000000000a75f3a0 000000006a4c220f
0x000000000a75dc70:   0000000009033930 000000000b1459a0
0x000000000a75dc80:   000000000a75f1d4 00000000029495d0 

Instructions: (pc=0x000000006a4bf1c8)
0x000000006a4bf1a8:   8c 24 90 00 00 00 e8 cd 4d 00 00 48 8b f8 48 8b
0x000000006a4bf1b8:   18 48 85 db 74 22 e8 ed 9b 04 00 48 3b d8 74 18
0x000000006a4bf1c8:   48 8b 0b 48 89 0f 48 8d 8c 24 90 00 00 00 e8 25
0x000000006a4bf1d8:   4e 00 00 e9 13 ff ff ff 48 89 1f 48 8d 8c 24 90 


Register to memory mapping:

RAX=0xffffffffffffffff is an unknown value
RBX=0x000000800ab9d7e8 is an unknown value
RCX=0x000000006a6788ec is an unknown value
RDX=0x0000000000000048 is an unknown value
RSP=0x000000000a75db90 is pointing into the stack for thread: 0x000000000903b800
RBP=0x000000000000f000 is an unknown value
RSI=0x0000000000000001 is an unknown value
RDI=0x00000000029495d0 [CodeBlob (0x00000000029495d0)]
Framesize: 24
R8 =0x000000000a75db01 is pointing into the stack for thread: 0x000000000903b800
R9 =0x000000006a460000 is an unknown value
R10=0x0000000000000000 is an unknown value
R11=0x00000000029495d0 [CodeBlob (0x00000000029495d0)]
Framesize: 24
R12=0x000000006a960a48 is an unknown value
R13=0x0000000000000000 is an unknown value
R14=0x0000000000001000 is an unknown value
R15=0x0000000000000000 is an unknown value


Stack: [0x000000000a660000,0x000000000a760000],  sp=0x000000000a75db90,  free space=1014k
Native frames: (J=compiled Java code, j=interpreted, Vv=VM code, C=native code)
V  [jvm.dll+0x5f1c8]

[error occurred during error reporting (printing native stack), id 0xc0000005]


Current CompileTask:
C2:  18602 1128             com.android.dx.merge.DexMerger::mergeClassDefs (103 bytes)


---------------  P R O C E S S  ---------------

Java Threads: ( => current thread )
  0x0000000009049000 JavaThread "Service Thread" daemon [_thread_blocked, id=4444, stack(0x000000000a9d0000,0x000000000aad0000)]
  0x0000000009040800 JavaThread "C2 CompilerThread1" daemon [_thread_in_vm, id=5880, stack(0x000000000a820000,0x000000000a920000)]
=>0x000000000903b800 JavaThread "C2 CompilerThread0" daemon [_thread_in_vm, id=1844, stack(0x000000000a660000,0x000000000a760000)]
  0x0000000009039800 JavaThread "Attach Listener" daemon [_thread_blocked, id=5124, stack(0x000000000a2b0000,0x000000000a3b0000)]
  0x0000000009032000 JavaThread "Signal Dispatcher" daemon [_thread_blocked, id=2460, stack(0x000000000a3e0000,0x000000000a4e0000)]
  0x0000000002259000 JavaThread "Finalizer" daemon [_thread_blocked, id=6716, stack(0x000000000a130000,0x000000000a230000)]
  0x0000000002251000 JavaThread "Reference Handler" daemon [_thread_blocked, id=7444, stack(0x0000000009e00000,0x0000000009f00000)]
  0x00000000022cf000 JavaThread "main" [_thread_in_vm, id=7096, stack(0x0000000002530000,0x0000000002630000)]

Other Threads:
  0x0000000008fb2800 VMThread [stack: 0x0000000009f10000,0x000000000a010000] [id=6896]
  0x0000000009052800 WatcherThread [stack: 0x000000000a4e0000,0x000000000a5e0000] [id=6432]

VM state:not at safepoint (normal execution)

VM Mutex/Monitor currently owned by a thread:  ([mutex/lock_event])
[0x00000000022cc490] CodeCache_lock - owner thread: 0x000000000903b800
[0x00000000022cdbc0] Compile_lock - owner thread: 0x000000000903b800
[0x00000000022cdcc0] MethodCompileQueue_lock - owner thread: 0x000000000903b800

Heap
 PSYoungGen      total 136256K, used 118376K [0x00000000eaab0000, 0x00000000fd7b0000, 0x0000000100000000)
  eden space 130816K, 86% used [0x00000000eaab0000,0x00000000f18fcd08,0x00000000f2a70000)
  from space 5440K, 99% used [0x00000000f2a70000,0x00000000f2fbd4f0,0x00000000f2fc0000)
  to   space 23296K, 0% used [0x00000000fc0f0000,0x00000000fc0f0000,0x00000000fd7b0000)
 ParOldGen       total 87232K, used 43714K [0x00000000c0000000, 0x00000000c5530000, 0x00000000eaab0000)
  object space 87232K, 50% used [0x00000000c0000000,0x00000000c2ab0b00,0x00000000c5530000)
 PSPermGen       total 21248K, used 7609K [0x00000000bae00000, 0x00000000bc2c0000, 0x00000000c0000000)
  object space 21248K, 35% used [0x00000000bae00000,0x00000000bb56e5a8,0x00000000bc2c0000)

Card table byte_map: [0x0000000005630000,0x0000000005860000] byte_map_base: 0x0000000005059000

Polling page: 0x0000000000340000

Code Cache  [0x0000000002630000, 0x0000000002960000, 0x0000000005630000)
 total_blobs=1361 nmethods=1100 adapters=209 free_code_cache=45993Kb largest_free_block=47043136

Compilation events (10 events):
Event: 18.197 Thread 0x000000000903b800 nmethod 1124 0x000000000292b690 code [0x000000000292b7c0, 0x000000000292b818]
Event: 18.197 Thread 0x000000000903b800 1125             java.util.ComparableTimSort::binarySort (223 bytes)
Event: 18.222 Thread 0x000000000903b800 nmethod 1125 0x0000000002926dd0 code [0x0000000002926f40, 0x0000000002927638]
Event: 18.222 Thread 0x000000000903b800 1126             com.android.dex.ProtoId::compareTo (9 bytes)
Event: 18.224 Thread 0x000000000903b800 nmethod 1126 0x0000000002926ad0 code [0x0000000002926c20, 0x0000000002926cf8]
Event: 18.224 Thread 0x000000000903b800 1127             com.android.dex.ProtoId::compareTo (35 bytes)
Event: 18.226 Thread 0x000000000903b800 nmethod 1127 0x0000000002926650 code [0x0000000002926780, 0x0000000002926838]
Event: 18.226 Thread 0x000000000903b800 1128             com.android.dx.merge.DexMerger::mergeClassDefs (103 bytes)
Event: 18.481 Thread 0x0000000009040800 nmethod 1121 0x000000000293d110 code [0x000000000293d5c0, 0x0000000002940148]
Event: 18.483 Thread 0x0000000009040800 1129             com.android.dex.Dex$Section::readClassDef (78 bytes)

GC Heap History (10 events):
Event: 4.055 GC heap before
{Heap before GC invocations=1 (full 0):
 PSYoungGen      total 38144K, used 32704K [0x00000000eaab0000, 0x00000000ed540000, 0x0000000100000000)
  eden space 32704K, 100% used [0x00000000eaab0000,0x00000000ecaa0000,0x00000000ecaa0000)
  from space 5440K, 0% used [0x00000000ecff0000,0x00000000ecff0000,0x00000000ed540000)
  to   space 5440K, 0% used [0x00000000ecaa0000,0x00000000ecaa0000,0x00000000ecff0000)
 ParOldGen       total 87232K, used 0K [0x00000000c0000000, 0x00000000c5530000, 0x00000000eaab0000)
  object space 87232K, 0% used [0x00000000c0000000,0x00000000c0000000,0x00000000c5530000)
 PSPermGen       total 21248K, used 5134K [0x00000000bae00000, 0x00000000bc2c0000, 0x00000000c0000000)
  object space 21248K, 24% used [0x00000000bae00000,0x00000000bb303990,0x00000000bc2c0000)
Event: 4.098 GC heap after
Heap after GC invocations=1 (full 0):
 PSYoungGen      total 38144K, used 5408K [0x00000000eaab0000, 0x00000000ef530000, 0x0000000100000000)
  eden space 32704K, 0% used [0x00000000eaab0000,0x00000000eaab0000,0x00000000ecaa0000)
  from space 5440K, 99% used [0x00000000ecaa0000,0x00000000ecfe8038,0x00000000ecff0000)
  to   space 5440K, 0% used [0x00000000eefe0000,0x00000000eefe0000,0x00000000ef530000)
 ParOldGen       total 87232K, used 2826K [0x00000000c0000000, 0x00000000c5530000, 0x00000000eaab0000)
  object space 87232K, 3% used [0x00000000c0000000,0x00000000c02c2858,0x00000000c5530000)
 PSPermGen       total 21248K, used 5134K [0x00000000bae00000, 0x00000000bc2c0000, 0x00000000c0000000)
  object space 21248K, 24% used [0x00000000bae00000,0x00000000bb303990,0x00000000bc2c0000)
}
Event: 6.529 GC heap before
{Heap before GC invocations=2 (full 0):
 PSYoungGen      total 38144K, used 38112K [0x00000000eaab0000, 0x00000000ef530000, 0x0000000100000000)
  eden space 32704K, 100% used [0x00000000eaab0000,0x00000000ecaa0000,0x00000000ecaa0000)
  from space 5440K, 99% used [0x00000000ecaa0000,0x00000000ecfe8038,0x00000000ecff0000)
  to   space 5440K, 0% used [0x00000000eefe0000,0x00000000eefe0000,0x00000000ef530000)
 ParOldGen       total 87232K, used 2826K [0x00000000c0000000, 0x00000000c5530000, 0x00000000eaab0000)
  object space 87232K, 3% used [0x00000000c0000000,0x00000000c02c2858,0x00000000c5530000)
 PSPermGen       total 21248K, used 5247K [0x00000000bae00000, 0x00000000bc2c0000, 0x00000000c0000000)
  object space 21248K, 24% used [0x00000000bae00000,0x00000000bb31fce0,0x00000000bc2c0000)
Event: 6.569 GC heap after
Heap after GC invocations=2 (full 0):
 PSYoungGen      total 70848K, used 5424K [0x00000000eaab0000, 0x00000000ef530000, 0x0000000100000000)
  eden space 65408K, 0% used [0x00000000eaab0000,0x00000000eaab0000,0x00000000eea90000)
  from space 5440K, 99% used [0x00000000eefe0000,0x00000000ef52c038,0x00000000ef530000)
  to   space 5440K, 0% used [0x00000000eea90000,0x00000000eea90000,0x00000000eefe0000)
 ParOldGen       total 87232K, used 7734K [0x00000000c0000000, 0x00000000c5530000, 0x00000000eaab0000)
  object space 87232K, 8% used [0x00000000c0000000,0x00000000c078d888,0x00000000c5530000)
 PSPermGen       total 21248K, used 5247K [0x00000000bae00000, 0x00000000bc2c0000, 0x00000000c0000000)
  object space 21248K, 24% used [0x00000000bae00000,0x00000000bb31fce0,0x00000000bc2c0000)
}
Event: 9.099 GC heap before
{Heap before GC invocations=3 (full 0):
 PSYoungGen      total 70848K, used 70832K [0x00000000eaab0000, 0x00000000ef530000, 0x0000000100000000)
  eden space 65408K, 100% used [0x00000000eaab0000,0x00000000eea90000,0x00000000eea90000)
  from space 5440K, 99% used [0x00000000eefe0000,0x00000000ef52c038,0x00000000ef530000)
  to   space 5440K, 0% used [0x00000000eea90000,0x00000000eea90000,0x00000000eefe0000)
 ParOldGen       total 87232K, used 7734K [0x00000000c0000000, 0x00000000c5530000, 0x00000000eaab0000)
  object space 87232K, 8% used [0x00000000c0000000,0x00000000c078d888,0x00000000c5530000)
 PSPermGen       total 21248K, used 5323K [0x00000000bae00000, 0x00000000bc2c0000, 0x00000000c0000000)
  object space 21248K, 25% used [0x00000000bae00000,0x00000000bb332e58,0x00000000bc2c0000)
Event: 9.182 GC heap after
Heap after GC invocations=3 (full 0):
 PSYoungGen      total 70848K, used 5410K [0x00000000eaab0000, 0x00000000f3510000, 0x0000000100000000)
  eden space 65408K, 0% used [0x00000000eaab0000,0x00000000eaab0000,0x00000000eea90000)
  from space 5440K, 99% used [0x00000000eea90000,0x00000000eefd8960,0x00000000eefe0000)
  to   space 5440K, 0% used [0x00000000f2fc0000,0x00000000f2fc0000,0x00000000f3510000)
 ParOldGen       total 87232K, used 18228K [0x00000000c0000000, 0x00000000c5530000, 0x00000000eaab0000)
  object space 87232K, 20% used [0x00000000c0000000,0x00000000c11cd1a0,0x00000000c5530000)
 PSPermGen       total 21248K, used 5323K [0x00000000bae00000, 0x00000000bc2c0000, 0x00000000c0000000)
  object space 21248K, 25% used [0x00000000bae00000,0x00000000bb332e58,0x00000000bc2c0000)
}
Event: 11.013 GC heap before
{Heap before GC invocations=4 (full 0):
 PSYoungGen      total 70848K, used 70818K [0x00000000eaab0000, 0x00000000f3510000, 0x0000000100000000)
  eden space 65408K, 100% used [0x00000000eaab0000,0x00000000eea90000,0x00000000eea90000)
  from space 5440K, 99% used [0x00000000eea90000,0x00000000eefd8960,0x00000000eefe0000)
  to   space 5440K, 0% used [0x00000000f2fc0000,0x00000000f2fc0000,0x00000000f3510000)
 ParOldGen       total 87232K, used 18228K [0x00000000c0000000, 0x00000000c5530000, 0x00000000eaab0000)
  object space 87232K, 20% used [0x00000000c0000000,0x00000000c11cd1a0,0x00000000c5530000)
 PSPermGen       total 21248K, used 5349K [0x00000000bae00000, 0x00000000bc2c0000, 0x00000000c0000000)
  object space 21248K, 25% used [0x00000000bae00000,0x00000000bb339430,0x00000000bc2c0000)
Event: 11.159 GC heap after
Heap after GC invocations=4 (full 0):
 PSYoungGen      total 136256K, used 5426K [0x00000000eaab0000, 0x00000000f3510000, 0x0000000100000000)
  eden space 130816K, 0% used [0x00000000eaab0000,0x00000000eaab0000,0x00000000f2a70000)
  from space 5440K, 99% used [0x00000000f2fc0000,0x00000000f350c950,0x00000000f3510000)
  to   space 5440K, 0% used [0x00000000f2a70000,0x00000000f2a70000,0x00000000f2fc0000)
 ParOldGen       total 87232K, used 28338K [0x00000000c0000000, 0x00000000c5530000, 0x00000000eaab0000)
  object space 87232K, 32% used [0x00000000c0000000,0x00000000c1bac868,0x00000000c5530000)
 PSPermGen       total 21248K, used 5349K [0x00000000bae00000, 0x00000000bc2c0000, 0x00000000c0000000)
  object space 21248K, 25% used [0x00000000bae00000,0x00000000bb339430,0x00000000bc2c0000)
}
Event: 17.171 GC heap before
{Heap before GC invocations=5 (full 0):
 PSYoungGen      total 136256K, used 135338K [0x00000000eaab0000, 0x00000000f3510000, 0x0000000100000000)
  eden space 130816K, 99% used [0x00000000eaab0000,0x00000000f298dee8,0x00000000f2a70000)
  from space 5440K, 99% used [0x00000000f2fc0000,0x00000000f350c950,0x00000000f3510000)
  to   space 5440K, 0% used [0x00000000f2a70000,0x00000000f2a70000,0x00000000f2fc0000)
 ParOldGen       total 87232K, used 28338K [0x00000000c0000000, 0x00000000c5530000, 0x00000000eaab0000)
  object space 87232K, 32% used [0x00000000c0000000,0x00000000c1bac868,0x00000000c5530000)
 PSPermGen       total 21248K, used 7485K [0x00000000bae00000, 0x00000000bc2c0000, 0x00000000c0000000)
  object space 21248K, 35% used [0x00000000bae00000,0x00000000bb54f798,0x00000000bc2c0000)
Event: 17.251 GC heap after
Heap after GC invocations=5 (full 0):
 PSYoungGen      total 136256K, used 5429K [0x00000000eaab0000, 0x00000000fd7b0000, 0x0000000100000000)
  eden space 130816K, 0% used [0x00000000eaab0000,0x00000000eaab0000,0x00000000f2a70000)
  from space 5440K, 99% used [0x00000000f2a70000,0x00000000f2fbd4f0,0x00000000f2fc0000)
  to   space 23296K, 0% used [0x00000000fc0f0000,0x00000000fc0f0000,0x00000000fd7b0000)
 ParOldGen       total 87232K, used 43714K [0x00000000c0000000, 0x00000000c5530000, 0x00000000eaab0000)
  object space 87232K, 50% used [0x00000000c0000000,0x00000000c2ab0b00,0x00000000c5530000)
 PSPermGen       total 21248K, used 7485K [0x00000000bae00000, 0x00000000bc2c0000, 0x00000000c0000000)
  object space 21248K, 35% used [0x00000000bae00000,0x00000000bb54f798,0x00000000bc2c0000)
}

Deoptimization events (10 events):
Event: 16.873 Thread 0x00000000022cf000 Uncommon trap -42 fr.pc 0x00000000028fd52c
Event: 16.873 Thread 0x00000000022cf000 Uncommon trap -42 fr.pc 0x00000000028fd5d8
Event: 16.928 Thread 0x00000000022cf000 Uncommon trap -42 fr.pc 0x00000000028f9898
Event: 16.928 Thread 0x00000000022cf000 Uncommon trap -42 fr.pc 0x00000000028f968c
Event: 16.928 Thread 0x00000000022cf000 Uncommon trap -42 fr.pc 0x00000000028f97b4
Event: 16.928 Thread 0x00000000022cf000 Uncommon trap -42 fr.pc 0x00000000028f9898
Event: 17.023 Thread 0x00000000022cf000 Uncommon trap -42 fr.pc 0x00000000028fd52c
Event: 17.023 Thread 0x00000000022cf000 Uncommon trap -42 fr.pc 0x00000000028fd5d8
Event: 17.630 Thread 0x00000000022cf000 Uncommon trap -42 fr.pc 0x00000000027e6a64
Event: 17.766 Thread 0x00000000022cf000 Uncommon trap -42 fr.pc 0x00000000027e6a64

Internal exceptions (10 events):
Event: 15.108 Thread 0x00000000022cf000 Threw 0x00000000ee75b088 at C:\jdk7u1_64p\jdk7u9\hotspot\src\share\vm\prims\jvm.cpp:1166
Event: 15.109 Thread 0x00000000022cf000 Threw 0x00000000ee75e0e8 at C:\jdk7u1_64p\jdk7u9\hotspot\src\share\vm\prims\jvm.cpp:1166
Event: 15.110 Thread 0x00000000022cf000 Threw 0x00000000ee761588 at C:\jdk7u1_64p\jdk7u9\hotspot\src\share\vm\prims\jvm.cpp:1166
Event: 15.116 Thread 0x00000000022cf000 Threw 0x00000000ee7a8ac8 at C:\jdk7u1_64p\jdk7u9\hotspot\src\share\vm\prims\jvm.cpp:1166
Event: 15.117 Thread 0x00000000022cf000 Threw 0x00000000ee7aacd8 at C:\jdk7u1_64p\jdk7u9\hotspot\src\share\vm\prims\jvm.cpp:1166
Event: 15.637 Thread 0x00000000022cf000 Threw 0x00000000eec3b5f8 at C:\jdk7u1_64p\jdk7u9\hotspot\src\share\vm\prims\jvm.cpp:1166
Event: 15.637 Thread 0x00000000022cf000 Threw 0x00000000eec3b720 at C:\jdk7u1_64p\jdk7u9\hotspot\src\share\vm\prims\jvm.cpp:1166
Event: 15.640 Thread 0x00000000022cf000 Threw 0x00000000eec3f468 at C:\jdk7u1_64p\jdk7u9\hotspot\src\share\vm\prims\jvm.cpp:1166
Event: 15.640 Thread 0x00000000022cf000 Threw 0x00000000eec3f590 at C:\jdk7u1_64p\jdk7u9\hotspot\src\share\vm\prims\jvm.cpp:1166
Event: 16.133 Thread 0x00000000022cf000 Threw 0x00000000ef8d7cd8 at C:\jdk7u1_64p\jdk7u9\hotspot\src\share\vm\prims\jvm.cpp:1166

Events (10 events):
Event: 18.288 loading class 0x000000000ae21710
Event: 18.288 loading class 0x000000000ae21710 done
Event: 18.288 loading class 0x000000000b92fb50
Event: 18.289 loading class 0x000000000b92fb50 done
Event: 18.289 loading class 0x000000000ae21800
Event: 18.289 loading class 0x000000000ae21800 done
Event: 18.289 loading class 0x000000000ae218c0
Event: 18.289 loading class 0x000000000ae218c0 done
Event: 18.289 loading class 0x000000000224fcb0
Event: 18.290 loading class 0x000000000224fcb0 done


Dynamic libraries:
0x000000013f790000 - 0x000000013f7c3000 	C:\Program Files\Java\jdk1.7.0_09\bin\java.exe
0x0000000077480000 - 0x0000000077629000 	C:\Windows\SYSTEM32\ntdll.dll
0x0000000077260000 - 0x000000007737f000 	C:\Windows\system32\kernel32.dll
0x000007fefd4e0000 - 0x000007fefd54c000 	C:\Windows\system32\KERNELBASE.dll
0x000007fefd6d0000 - 0x000007fefd7ab000 	C:\Windows\system32\ADVAPI32.dll
0x000007fefdc70000 - 0x000007fefdd0f000 	C:\Windows\system32\msvcrt.dll
0x000007fefe4d0000 - 0x000007fefe4ef000 	C:\Windows\SYSTEM32\sechost.dll
0x000007fefd830000 - 0x000007fefd95d000 	C:\Windows\system32\RPCRT4.dll
0x0000000077380000 - 0x000000007747a000 	C:\Windows\system32\USER32.dll
0x000007fefd960000 - 0x000007fefd9c7000 	C:\Windows\system32\GDI32.dll
0x000007fefe4f0000 - 0x000007fefe4fe000 	C:\Windows\system32\LPK.dll
0x000007fefdf80000 - 0x000007fefe049000 	C:\Windows\system32\USP10.dll
0x000007fefbbf0000 - 0x000007fefbde4000 	C:\Windows\WinSxS\amd64_microsoft.windows.common-controls_6595b64144ccf1df_6.0.7601.18837_none_fa3b1e3d17594757\COMCTL32.dll
0x000007fefe050000 - 0x000007fefe0c1000 	C:\Windows\system32\SHLWAPI.dll
0x000007fefe260000 - 0x000007fefe28e000 	C:\Windows\system32\IMM32.DLL
0x000007fefdac0000 - 0x000007fefdbc9000 	C:\Windows\system32\MSCTF.dll
0x0000000068bb0000 - 0x0000000068c81000 	C:\Program Files\Java\jdk1.7.0_09\jre\bin\msvcr100.dll
0x000000006a460000 - 0x000000006ab7f000 	C:\Program Files\Java\jdk1.7.0_09\jre\bin\server\jvm.dll
0x000007fef5310000 - 0x000007fef5319000 	C:\Windows\system32\WSOCK32.dll
0x000007fefda70000 - 0x000007fefdabd000 	C:\Windows\system32\WS2_32.dll
0x000007fefdf70000 - 0x000007fefdf78000 	C:\Windows\system32\NSI.dll
0x000007fefaa10000 - 0x000007fefaa4b000 	C:\Windows\system32\WINMM.dll
0x0000000077640000 - 0x0000000077647000 	C:\Windows\system32\PSAPI.DLL
0x000000006b460000 - 0x000000006b46f000 	C:\Program Files\Java\jdk1.7.0_09\jre\bin\verify.dll
0x000000006b430000 - 0x000000006b458000 	C:\Program Files\Java\jdk1.7.0_09\jre\bin\java.dll
0x000000006a410000 - 0x000000006a425000 	C:\Program Files\Java\jdk1.7.0_09\jre\bin\zip.dll
0x000000006a290000 - 0x000000006a2a9000 	C:\Program Files\Java\jdk1.7.0_09\jre\bin\net.dll
0x000007fefc9d0000 - 0x000007fefca25000 	C:\Windows\system32\mswsock.dll
0x000007fefc9c0000 - 0x000007fefc9c7000 	C:\Windows\System32\wship6.dll
0x000000006a270000 - 0x000000006a281000 	C:\Program Files\Java\jdk1.7.0_09\jre\bin\nio.dll
0x000007fefb630000 - 0x000007fefb755000 	C:\Windows\system32\dbghelp.dll

VM Arguments:
jvm_args: -Xmx1024M -Dfile.encoding=windows-1252 -Duser.country=GB -Duser.language=en -Duser.variant 
java_command: com.android.dx.command.Main --dex --output C:\Users\Sinky\StudioProjects\ProtoRunnerV2\ProtoRunnerV2\build\intermediates\dex\debug C:\Users\Sinky\StudioProjects\ProtoRunnerV2\ProtoRunnerV2\build\intermediates\classes\debug C:\Users\Sinky\StudioProjects\ProtoRunnerV2\ProtoRunnerV2\build\intermediates\pre-dexed\debug\support-annotations-22.2.0-ce405e005671120865286fbb1a2542953cb92ee2.jar C:\Users\Sinky\StudioProjects\ProtoRunnerV2\ProtoRunnerV2\build\intermediates\pre-dexed\debug\classes-66fdcfc2144d757ac8530a052d47265e07773092.jar C:\Users\Sinky\StudioProjects\ProtoRunnerV2\ProtoRunnerV2\build\intermediates\pre-dexed\debug\classes-06ab37edf61694c22c293dc9ab41bab488406bc9.jar C:\Users\Sinky\StudioProjects\ProtoRunnerV2\ProtoRunnerV2\build\intermediates\pre-dexed\debug\classes-93f5a97fc040ab1733116df9f83fe928f712b237.jar C:\Users\Sinky\StudioProjects\ProtoRunnerV2\ProtoRunnerV2\build\intermediates\pre-dexed\debug\internal_impl-22.0.0-89a57e48793771ae5d65787933a30f0a9fffdc28.jar C:\Users\Sinky\StudioProjects\ProtoRunnerV2\ProtoRunnerV2\build\intermediates\pre-dexed\debug\classes-8e388dcd8b97a09304cc972cb61d3ffff3cfa55d.jar C:\Users\Sinky\StudioProjects\ProtoRunnerV2\ProtoRunnerV2\build\intermediates\pre-dexed\debug\classes-475e55994f5440e819b7988ff0065d4158443666.jar C:\Users\Sinky\StudioProjects\ProtoRunnerV2\ProtoRunnerV2\build\intermediates\pre-dexed\debug\classes-b7a255c659b855a7d768177e722332e1ea9e71a8.jar C:\Users\Sinky\StudioProjects\ProtoRunnerV2\ProtoRunnerV2\build\intermediates\pre-dexed\debug\classes-73d15a7b00f0331346d474c1114b3cc0a1b38ce2.jar C:\Users\Sinky\StudioProjects\ProtoRunnerV2\ProtoRunnerV2\build\intermediates\pre-dexed\debug\classes-b53993833ab07fbfd7d3b51de23eeeca6c4ddeb4.jar C:\Users\Sinky\StudioProjects\ProtoRunnerV2\ProtoRunnerV2\build\intermediates\pre-dexed\debug\classes-b732c20c9a93d8f61a730de1c28f5cdc6066418b.jar C:\Users\Sinky\StudioProjects\ProtoRunnerV2\ProtoRunnerV2\build\intermediates\pre-dexed\debug\classes-45b19e3021
Launcher Type: SUN_STANDARD

Environment Variables:
PATH=C:\Program Files\Common Files\Microsoft Shared\Windows Live;C:\Program Files (x86)\Common Files\Microsoft Shared\Windows Live;C:\Program Files (x86)\AMD APP\bin\x86_64;C:\Program Files (x86)\AMD APP\bin\x86;C:\Program Files (x86)\NVIDIA Corporation\PhysX\Common;C:\Windows\system32;C:\Windows;C:\Windows\System32\Wbem;C:\Windows\System32\WindowsPowerShell\v1.0\;C:\Program Files (x86)\ATI Technologies\ATI.ACE\Core-Static;C:\Program Files (x86)\Windows Live\Shared;C:\Program Files\Common Files\Autodesk Shared\;c:\Program Files (x86)\Microsoft SQL Server\100\Tools\Binn\;c:\Program Files (x86)\Microsoft SQL Server\100\DTS\Binn\;C:\Program Files\Microsoft SQL Server\110\Tools\Binn\;C:\Program Files\TortoiseGit\bin;C:\Program Files\Microsoft\Web Platform Installer\;C:\Program Files (x86)\Microsoft SDKs\TypeScript\1.0\
USERNAME=Sinky
OS=Windows_NT
PROCESSOR_IDENTIFIER=AMD64 Family 21 Model 1 Stepping 2, AuthenticAMD



---------------  S Y S T E M  ---------------

OS: Windows 7 , 64 bit Build 7601 Service Pack 1

CPU:total 4 (4 cores per cpu, 1 threads per core) family 21 model 1 stepping 2, cmov, cx8, fxsr, mmx, sse, sse2, sse3, ssse3, sse4.1, sse4.2, popcnt, avx, mmxext, 3dnowpref, lzcnt, sse4a, tsc, tscinvbit, tscinv

Memory: 4k page, physical 8370296k(3141392k free), swap 16738756k(10509672k free)

vm_info: Java HotSpot(TM) 64-Bit Server VM (23.5-b02) for windows-amd64 JRE (1.7.0_09-b05), built on Sep 24 2012 21:45:04 by "java_re" with unknown MS VC++:1600

time: Tue Aug 04 20:48:59 2015
elapsed time: 18 seconds

