#
# A fatal error has been detected by the Java Runtime Environment:
#
#  EXCEPTION_ACCESS_VIOLATION (0xc0000005) at pc=0x0000000002952db1, pid=5492, tid=4924
#
# JRE version: 7.0_09-b05
# Java VM: Java HotSpot(TM) 64-Bit Server VM (23.5-b02 mixed mode windows-amd64 compressed oops)
# Problematic frame:
# J  com.android.dx.merge.DexMerger.mergeClassDefs()V
#
# Failed to write core dump. Minidumps are not enabled by default on client versions of Windows
#
# If you would like to submit a bug report, please visit:
#   http://bugreport.sun.com/bugreport/crash.jsp
#

---------------  T H R E A D  ---------------

Current thread (0x000000000232f000):  JavaThread "main" [_thread_in_Java, id=4924, stack(0x0000000002520000,0x0000000002620000)]

siginfo: ExceptionCode=0xc0000005, writing address 0x000000004d9fc1a5

Registers:
RAX=0x00000000ed8ad5a8, RBX=0x00000000000246b4, RCX=0x0000000000007fcc, RDX=0x00000000ed8ad498
RSP=0x000000000261f180, RBP=0x0000000000000001, RSI=0x0000000000007fcc, RDI=0x0000000000000000
R8 =0x00000000000246b4, R9 =0x0000000000022fbb, R10=0x000000000076c56a, R11=0x0000000005049000
R12=0x0000000000000000, R13=0x00000000f2cde3d8, R14=0x0000000000000003, R15=0x000000000232f000
RIP=0x0000000002952db1, EFLAGS=0x0000000000010217

Top of Stack: (sp=0x000000000261f180)
0x000000000261f180:   00000000ed27ec08 00000000ed8ab3b0
0x000000000261f190:   0000002900000000 0000000000000004
0x000000000261f1a0:   ed893d68000000a1 00007fcc00010001
0x000000000261f1b0:   ed297da0ed27ec08 00000000ed8ad468
0x000000000261f1c0:   00000000ed8ad498 0000000a00000003
0x000000000261f1d0:   00000000ed8ad588 000005aeed294b70
0x000000000261f1e0:   0000000000000005 0000000000000001
0x000000000261f1f0:   00000000ed8ad4b8 00000000ed8ad4e8
0x000000000261f200:   00000000ed8ad3a8 00000000bb44a76d
0x000000000261f210:   00000000ed27f188 00000000bb44de58
0x000000000261f220:   0000000000000000 00000000bb44a790
0x000000000261f230:   000000000261f298 00000000026261f8
0x000000000261f240:   000000000261f298 00000000026261f8
0x000000000261f250:   00000000ed27f188 000000000261f258
0x000000000261f260:   00000000bb449569 000000000261f2a8
0x000000000261f270:   00000000bb44de58 0000000000000000 

Instructions: (pc=0x0000000002952db1)
0x0000000002952d91:   89 68 10 8b 6c 24 20 89 68 0c 4c 8b d8 45 89 1a
0x0000000002952da1:   8b 6c 24 1c ff c5 49 c1 ea 09 41 bb 00 90 04 05
0x0000000002952db1:   47 88 a4 13 3b 6c 24 48 0f 8c f1 fd ff ff 44 8b
0x0000000002952dc1:   5c 24 4c 41 81 fb 00 00 04 00 0f 87 07 05 00 00 


Register to memory mapping:

RAX=0x00000000ed8ad5a8 is an oop
com.android.dex.ClassData$Method 
 - klass: 'com/android/dex/ClassData$Method'
RBX=0x00000000000246b4 is an unknown value
RCX=0x0000000000007fcc is an unknown value
RDX=0x00000000ed8ad498 is an oop
com.android.dex.Dex$Section 
 - klass: 'com/android/dex/Dex$Section'
RSP=0x000000000261f180 is pointing into the stack for thread: 0x000000000232f000
RBP=0x0000000000000001 is an unknown value
RSI=0x0000000000007fcc is an unknown value
RDI=0x0000000000000000 is an unknown value
R8 =0x00000000000246b4 is an unknown value
R9 =0x0000000000022fbb is an unknown value
R10=0x000000000076c56a is an unknown value
R11=0x0000000005049000 is an unknown value
R12=0x0000000000000000 is an unknown value
R13=0x00000000f2cde3d8 is an oop
[B 
 - klass: {type array byte}
 - length: 149172
R14=0x0000000000000003 is an unknown value
R15=0x000000000232f000 is a thread


Stack: [0x0000000002520000,0x0000000002620000],  sp=0x000000000261f180,  free space=1020k
Native frames: (J=compiled Java code, j=interpreted, Vv=VM code, C=native code)
J  com.android.dx.merge.DexMerger.mergeClassDefs()V


---------------  P R O C E S S  ---------------

Java Threads: ( => current thread )
  0x0000000008deb800 JavaThread "Service Thread" daemon [_thread_blocked, id=6824, stack(0x000000000a930000,0x000000000aa30000)]
  0x0000000008de3000 JavaThread "C2 CompilerThread1" daemon [_thread_in_native, id=4044, stack(0x000000000a7c0000,0x000000000a8c0000)]
  0x0000000008dde000 JavaThread "C2 CompilerThread0" daemon [_thread_in_native, id=5812, stack(0x000000000a650000,0x000000000a750000)]
  0x0000000008ddc000 JavaThread "Attach Listener" daemon [_thread_blocked, id=1456, stack(0x000000000a4f0000,0x000000000a5f0000)]
  0x0000000008dd5000 JavaThread "Signal Dispatcher" daemon [_thread_blocked, id=3128, stack(0x000000000a3d0000,0x000000000a4d0000)]
  0x000000000242c000 JavaThread "Finalizer" daemon [_thread_blocked, id=6344, stack(0x000000000a2b0000,0x000000000a3b0000)]
  0x0000000002424800 JavaThread "Reference Handler" daemon [_thread_blocked, id=5840, stack(0x000000000a0f0000,0x000000000a1f0000)]
=>0x000000000232f000 JavaThread "main" [_thread_in_Java, id=4924, stack(0x0000000002520000,0x0000000002620000)]

Other Threads:
  0x0000000008d52000 VMThread [stack: 0x0000000009e90000,0x0000000009f90000] [id=5640]
  0x0000000008df4800 WatcherThread [stack: 0x000000000aae0000,0x000000000abe0000] [id=4352]

VM state:not at safepoint (normal execution)

VM Mutex/Monitor currently owned by a thread: None

Heap
 PSYoungGen      total 146304K, used 63472K [0x00000000eaab0000, 0x00000000fca30000, 0x0000000100000000)
  eden space 126400K, 37% used [0x00000000eaab0000,0x00000000ed8b45b0,0x00000000f2620000)
  from space 19904K, 82% used [0x00000000f2620000,0x00000000f3617c88,0x00000000f3990000)
  to   space 20800K, 0% used [0x00000000fb5e0000,0x00000000fb5e0000,0x00000000fca30000)
 ParOldGen       total 87232K, used 35981K [0x00000000c0000000, 0x00000000c5530000, 0x00000000eaab0000)
  object space 87232K, 41% used [0x00000000c0000000,0x00000000c23234d0,0x00000000c5530000)
 PSPermGen       total 21248K, used 7608K [0x00000000bae00000, 0x00000000bc2c0000, 0x00000000c0000000)
  object space 21248K, 35% used [0x00000000bae00000,0x00000000bb56e190,0x00000000bc2c0000)

Card table byte_map: [0x0000000005620000,0x0000000005850000] byte_map_base: 0x0000000005049000

Polling page: 0x0000000000130000

Code Cache  [0x0000000002620000, 0x0000000002960000, 0x0000000005620000)
 total_blobs=1407 nmethods=1149 adapters=209 free_code_cache=45872Kb largest_free_block=46925376

Compilation events (10 events):
Event: 17.003 Thread 0x0000000008de3000 nmethod 1170 0x0000000002948f10 code [0x0000000002949040, 0x0000000002949098]
Event: 17.003 Thread 0x0000000008de3000 1171             com.android.dx.io.instructions.InstructionCodec$10::decode (50 bytes)
Event: 17.004 Thread 0x0000000008dde000 nmethod 1166 0x00000000029488d0 code [0x0000000002948a20, 0x0000000002948c98]
Event: 17.004 Thread 0x0000000008dde000 1172             com.android.dx.io.instructions.InstructionCodec$10::encode (30 bytes)
Event: 17.008 Thread 0x0000000008de3000 nmethod 1171 0x000000000292f410 code [0x000000000292f560, 0x000000000292f718]
Event: 17.008 Thread 0x0000000008de3000 1173             com.android.dex.EncodedValueReader::readType (24 bytes)
Event: 17.008 Thread 0x0000000008dde000 nmethod 1172 0x000000000292ee50 code [0x000000000292efa0, 0x000000000292f158]
Event: 17.008 Thread 0x0000000008dde000 1174             com.android.dex.Dex$Section::readAnnotation (51 bytes)
Event: 17.013 Thread 0x0000000008de3000 nmethod 1173 0x000000000292e750 code [0x000000000292e8c0, 0x000000000292eac8]
Event: 17.013 Thread 0x0000000008de3000 1175             com.android.dx.merge.IndexMap::adjust (53 bytes)

GC Heap History (10 events):
Event: 7.234 GC heap before
{Heap before GC invocations=3 (full 0):
 PSYoungGen      total 38144K, used 38128K [0x00000000eaab0000, 0x00000000ef530000, 0x0000000100000000)
  eden space 32704K, 100% used [0x00000000eaab0000,0x00000000ecaa0000,0x00000000ecaa0000)
  from space 5440K, 99% used [0x00000000ecff0000,0x00000000ed53c010,0x00000000ed540000)
  to   space 5440K, 0% used [0x00000000ecaa0000,0x00000000ecaa0000,0x00000000ecff0000)
 ParOldGen       total 87232K, used 7789K [0x00000000c0000000, 0x00000000c5530000, 0x00000000eaab0000)
  object space 87232K, 8% used [0x00000000c0000000,0x00000000c079b7a0,0x00000000c5530000)
 PSPermGen       total 21248K, used 5302K [0x00000000bae00000, 0x00000000bc2c0000, 0x00000000c0000000)
  object space 21248K, 24% used [0x00000000bae00000,0x00000000bb32dba8,0x00000000bc2c0000)
Event: 7.270 GC heap after
Heap after GC invocations=3 (full 0):
 PSYoungGen      total 38144K, used 5424K [0x00000000eaab0000, 0x00000000ef530000, 0x0000000100000000)
  eden space 32704K, 0% used [0x00000000eaab0000,0x00000000eaab0000,0x00000000ecaa0000)
  from space 5440K, 99% used [0x00000000ecaa0000,0x00000000ecfec010,0x00000000ecff0000)
  to   space 5440K, 0% used [0x00000000eefe0000,0x00000000eefe0000,0x00000000ef530000)
 ParOldGen       total 87232K, used 12519K [0x00000000c0000000, 0x00000000c5530000, 0x00000000eaab0000)
  object space 87232K, 14% used [0x00000000c0000000,0x00000000c0c39cd0,0x00000000c5530000)
 PSPermGen       total 21248K, used 5302K [0x00000000bae00000, 0x00000000bc2c0000, 0x00000000c0000000)
  object space 21248K, 24% used [0x00000000bae00000,0x00000000bb32dba8,0x00000000bc2c0000)
}
Event: 8.692 GC heap before
{Heap before GC invocations=4 (full 0):
 PSYoungGen      total 38144K, used 38128K [0x00000000eaab0000, 0x00000000ef530000, 0x0000000100000000)
  eden space 32704K, 100% used [0x00000000eaab0000,0x00000000ecaa0000,0x00000000ecaa0000)
  from space 5440K, 99% used [0x00000000ecaa0000,0x00000000ecfec010,0x00000000ecff0000)
  to   space 5440K, 0% used [0x00000000eefe0000,0x00000000eefe0000,0x00000000ef530000)
 ParOldGen       total 87232K, used 12519K [0x00000000c0000000, 0x00000000c5530000, 0x00000000eaab0000)
  object space 87232K, 14% used [0x00000000c0000000,0x00000000c0c39cd0,0x00000000c5530000)
 PSPermGen       total 21248K, used 5324K [0x00000000bae00000, 0x00000000bc2c0000, 0x00000000c0000000)
  object space 21248K, 25% used [0x00000000bae00000,0x00000000bb333340,0x00000000bc2c0000)
Event: 8.737 GC heap after
Heap after GC invocations=4 (full 0):
 PSYoungGen      total 70848K, used 5410K [0x00000000eaab0000, 0x00000000ef530000, 0x0000000100000000)
  eden space 65408K, 0% used [0x00000000eaab0000,0x00000000eaab0000,0x00000000eea90000)
  from space 5440K, 99% used [0x00000000eefe0000,0x00000000ef528960,0x00000000ef530000)
  to   space 5440K, 0% used [0x00000000eea90000,0x00000000eea90000,0x00000000eefe0000)
 ParOldGen       total 87232K, used 18386K [0x00000000c0000000, 0x00000000c5530000, 0x00000000eaab0000)
  object space 87232K, 21% used [0x00000000c0000000,0x00000000c11f4ba8,0x00000000c5530000)
 PSPermGen       total 21248K, used 5324K [0x00000000bae00000, 0x00000000bc2c0000, 0x00000000c0000000)
  object space 21248K, 25% used [0x00000000bae00000,0x00000000bb333340,0x00000000bc2c0000)
}
Event: 10.268 GC heap before
{Heap before GC invocations=5 (full 0):
 PSYoungGen      total 70848K, used 70818K [0x00000000eaab0000, 0x00000000ef530000, 0x0000000100000000)
  eden space 65408K, 100% used [0x00000000eaab0000,0x00000000eea90000,0x00000000eea90000)
  from space 5440K, 99% used [0x00000000eefe0000,0x00000000ef528960,0x00000000ef530000)
  to   space 5440K, 0% used [0x00000000eea90000,0x00000000eea90000,0x00000000eefe0000)
 ParOldGen       total 87232K, used 18386K [0x00000000c0000000, 0x00000000c5530000, 0x00000000eaab0000)
  object space 87232K, 21% used [0x00000000c0000000,0x00000000c11f4ba8,0x00000000c5530000)
 PSPermGen       total 21248K, used 5349K [0x00000000bae00000, 0x00000000bc2c0000, 0x00000000c0000000)
  object space 21248K, 25% used [0x00000000bae00000,0x00000000bb339600,0x00000000bc2c0000)
Event: 10.375 GC heap after
Heap after GC invocations=5 (full 0):
 PSYoungGen      total 70848K, used 5424K [0x00000000eaab0000, 0x00000000f48b0000, 0x0000000100000000)
  eden space 65408K, 0% used [0x00000000eaab0000,0x00000000eaab0000,0x00000000eea90000)
  from space 5440K, 99% used [0x00000000eea90000,0x00000000eefdc038,0x00000000eefe0000)
  to   space 15488K, 0% used [0x00000000f3990000,0x00000000f3990000,0x00000000f48b0000)
 ParOldGen       total 87232K, used 28433K [0x00000000c0000000, 0x00000000c5530000, 0x00000000eaab0000)
  object space 87232K, 32% used [0x00000000c0000000,0x00000000c1bc47a8,0x00000000c5530000)
 PSPermGen       total 21248K, used 5349K [0x00000000bae00000, 0x00000000bc2c0000, 0x00000000c0000000)
  object space 21248K, 25% used [0x00000000bae00000,0x00000000bb339600,0x00000000bc2c0000)
}
Event: 14.275 GC heap before
{Heap before GC invocations=6 (full 0):
 PSYoungGen      total 70848K, used 70832K [0x00000000eaab0000, 0x00000000f48b0000, 0x0000000100000000)
  eden space 65408K, 100% used [0x00000000eaab0000,0x00000000eea90000,0x00000000eea90000)
  from space 5440K, 99% used [0x00000000eea90000,0x00000000eefdc038,0x00000000eefe0000)
  to   space 15488K, 0% used [0x00000000f3990000,0x00000000f3990000,0x00000000f48b0000)
 ParOldGen       total 87232K, used 28433K [0x00000000c0000000, 0x00000000c5530000, 0x00000000eaab0000)
  object space 87232K, 32% used [0x00000000c0000000,0x00000000c1bc47a8,0x00000000c5530000)
 PSPermGen       total 21248K, used 7433K [0x00000000bae00000, 0x00000000bc2c0000, 0x00000000c0000000)
  object space 21248K, 34% used [0x00000000bae00000,0x00000000bb542640,0x00000000bc2c0000)
Event: 14.362 GC heap after
Heap after GC invocations=6 (full 0):
 PSYoungGen      total 141888K, used 15479K [0x00000000eaab0000, 0x00000000f5150000, 0x0000000100000000)
  eden space 126400K, 0% used [0x00000000eaab0000,0x00000000eaab0000,0x00000000f2620000)
  from space 15488K, 99% used [0x00000000f3990000,0x00000000f48adfc8,0x00000000f48b0000)
  to   space 19904K, 0% used [0x00000000f2620000,0x00000000f2620000,0x00000000f3990000)
 ParOldGen       total 87232K, used 33098K [0x00000000c0000000, 0x00000000c5530000, 0x00000000eaab0000)
  object space 87232K, 37% used [0x00000000c0000000,0x00000000c2052aa0,0x00000000c5530000)
 PSPermGen       total 21248K, used 7433K [0x00000000bae00000, 0x00000000bc2c0000, 0x00000000c0000000)
  object space 21248K, 34% used [0x00000000bae00000,0x00000000bb542640,0x00000000bc2c0000)
}
Event: 16.481 GC heap before
{Heap before GC invocations=7 (full 0):
 PSYoungGen      total 141888K, used 141879K [0x00000000eaab0000, 0x00000000f5150000, 0x0000000100000000)
  eden space 126400K, 100% used [0x00000000eaab0000,0x00000000f2620000,0x00000000f2620000)
  from space 15488K, 99% used [0x00000000f3990000,0x00000000f48adfc8,0x00000000f48b0000)
  to   space 19904K, 0% used [0x00000000f2620000,0x00000000f2620000,0x00000000f3990000)
 ParOldGen       total 87232K, used 33098K [0x00000000c0000000, 0x00000000c5530000, 0x00000000eaab0000)
  object space 87232K, 37% used [0x00000000c0000000,0x00000000c2052aa0,0x00000000c5530000)
 PSPermGen       total 21248K, used 7509K [0x00000000bae00000, 0x00000000bc2c0000, 0x00000000c0000000)
  object space 21248K, 35% used [0x00000000bae00000,0x00000000bb5556a0,0x00000000bc2c0000)
Event: 16.546 GC heap after
Heap after GC invocations=7 (full 0):
 PSYoungGen      total 146304K, used 16351K [0x00000000eaab0000, 0x00000000fca30000, 0x0000000100000000)
  eden space 126400K, 0% used [0x00000000eaab0000,0x00000000eaab0000,0x00000000f2620000)
  from space 19904K, 82% used [0x00000000f2620000,0x00000000f3617c88,0x00000000f3990000)
  to   space 20800K, 0% used [0x00000000fb5e0000,0x00000000fb5e0000,0x00000000fca30000)
 ParOldGen       total 87232K, used 35981K [0x00000000c0000000, 0x00000000c5530000, 0x00000000eaab0000)
  object space 87232K, 41% used [0x00000000c0000000,0x00000000c23234d0,0x00000000c5530000)
 PSPermGen       total 21248K, used 7509K [0x00000000bae00000, 0x00000000bc2c0000, 0x00000000c0000000)
  object space 21248K, 35% used [0x00000000bae00000,0x00000000bb5556a0,0x00000000bc2c0000)
}

Deoptimization events (10 events):
Event: 15.343 Thread 0x000000000232f000 Uncommon trap -42 fr.pc 0x00000000029041d8
Event: 15.343 Thread 0x000000000232f000 Uncommon trap -42 fr.pc 0x0000000002903fcc
Event: 15.343 Thread 0x000000000232f000 Uncommon trap -42 fr.pc 0x00000000029040f4
Event: 15.344 Thread 0x000000000232f000 Uncommon trap -42 fr.pc 0x00000000029041d8
Event: 15.427 Thread 0x000000000232f000 Uncommon trap -42 fr.pc 0x000000000290276c
Event: 15.427 Thread 0x000000000232f000 Uncommon trap -42 fr.pc 0x0000000002902818
Event: 15.558 Thread 0x000000000232f000 Uncommon trap -42 fr.pc 0x000000000290276c
Event: 15.558 Thread 0x000000000232f000 Uncommon trap -42 fr.pc 0x0000000002902818
Event: 15.958 Thread 0x000000000232f000 Uncommon trap -42 fr.pc 0x00000000029194a4
Event: 16.120 Thread 0x000000000232f000 Uncommon trap -42 fr.pc 0x00000000029194a4

Internal exceptions (10 events):
Event: 13.651 Thread 0x000000000232f000 Threw 0x00000000ee13ba68 at C:\jdk7u1_64p\jdk7u9\hotspot\src\share\vm\prims\jvm.cpp:1166
Event: 13.652 Thread 0x000000000232f000 Threw 0x00000000ee13eac8 at C:\jdk7u1_64p\jdk7u9\hotspot\src\share\vm\prims\jvm.cpp:1166
Event: 13.653 Thread 0x000000000232f000 Threw 0x00000000ee141f68 at C:\jdk7u1_64p\jdk7u9\hotspot\src\share\vm\prims\jvm.cpp:1166
Event: 13.659 Thread 0x000000000232f000 Threw 0x00000000ee1894a8 at C:\jdk7u1_64p\jdk7u9\hotspot\src\share\vm\prims\jvm.cpp:1166
Event: 13.660 Thread 0x000000000232f000 Threw 0x00000000ee18b6b8 at C:\jdk7u1_64p\jdk7u9\hotspot\src\share\vm\prims\jvm.cpp:1166
Event: 14.056 Thread 0x000000000232f000 Threw 0x00000000ee5fc938 at C:\jdk7u1_64p\jdk7u9\hotspot\src\share\vm\prims\jvm.cpp:1166
Event: 14.056 Thread 0x000000000232f000 Threw 0x00000000ee5fca60 at C:\jdk7u1_64p\jdk7u9\hotspot\src\share\vm\prims\jvm.cpp:1166
Event: 14.058 Thread 0x000000000232f000 Threw 0x00000000ee6007a8 at C:\jdk7u1_64p\jdk7u9\hotspot\src\share\vm\prims\jvm.cpp:1166
Event: 14.058 Thread 0x000000000232f000 Threw 0x00000000ee6008d0 at C:\jdk7u1_64p\jdk7u9\hotspot\src\share\vm\prims\jvm.cpp:1166
Event: 14.634 Thread 0x000000000232f000 Threw 0x00000000eb295bb0 at C:\jdk7u1_64p\jdk7u9\hotspot\src\share\vm\prims\jvm.cpp:1166

Events (10 events):
Event: 16.766 loading class 0x000000000bcc1a00
Event: 16.766 loading class 0x000000000bcc1a00 done
Event: 16.767 loading class 0x000000000b0dd9b0
Event: 16.767 loading class 0x000000000b0dd9b0 done
Event: 16.767 loading class 0x000000000bcc1af0
Event: 16.767 loading class 0x000000000bcc1af0 done
Event: 16.767 loading class 0x000000000bcc1bb0
Event: 16.767 loading class 0x000000000bcc1bb0 done
Event: 16.768 loading class 0x0000000002423290
Event: 16.768 loading class 0x0000000002423290 done


Dynamic libraries:
0x000000013fde0000 - 0x000000013fe13000 	C:\Program Files\Java\jdk1.7.0_09\bin\java.exe
0x00000000777e0000 - 0x0000000077989000 	C:\Windows\SYSTEM32\ntdll.dll
0x00000000776c0000 - 0x00000000777df000 	C:\Windows\system32\kernel32.dll
0x000007fefd620000 - 0x000007fefd68c000 	C:\Windows\system32\KERNELBASE.dll
0x000007fefe6d0000 - 0x000007fefe7ab000 	C:\Windows\system32\ADVAPI32.dll
0x000007fefe540000 - 0x000007fefe5df000 	C:\Windows\system32\msvcrt.dll
0x000007feffad0000 - 0x000007feffaef000 	C:\Windows\SYSTEM32\sechost.dll
0x000007feff930000 - 0x000007feffa5d000 	C:\Windows\system32\RPCRT4.dll
0x00000000775c0000 - 0x00000000776ba000 	C:\Windows\system32\USER32.dll
0x000007feffa60000 - 0x000007feffac7000 	C:\Windows\system32\GDI32.dll
0x000007fefe7b0000 - 0x000007fefe7be000 	C:\Windows\system32\LPK.dll
0x000007feff7e0000 - 0x000007feff8a9000 	C:\Windows\system32\USP10.dll
0x000007fefc0f0000 - 0x000007fefc2e4000 	C:\Windows\WinSxS\amd64_microsoft.windows.common-controls_6595b64144ccf1df_6.0.7601.18837_none_fa3b1e3d17594757\COMCTL32.dll
0x000007feff8b0000 - 0x000007feff921000 	C:\Windows\system32\SHLWAPI.dll
0x000007fefe7c0000 - 0x000007fefe7ee000 	C:\Windows\system32\IMM32.DLL
0x000007fefdf00000 - 0x000007fefe009000 	C:\Windows\system32\MSCTF.dll
0x0000000063f10000 - 0x0000000063fe1000 	C:\Program Files\Java\jdk1.7.0_09\jre\bin\msvcr100.dll
0x000000006bb90000 - 0x000000006c2af000 	C:\Program Files\Java\jdk1.7.0_09\jre\bin\server\jvm.dll
0x000007fef6440000 - 0x000007fef6449000 	C:\Windows\system32\WSOCK32.dll
0x000007fefe680000 - 0x000007fefe6cd000 	C:\Windows\system32\WS2_32.dll
0x000007fefded0000 - 0x000007fefded8000 	C:\Windows\system32\NSI.dll
0x000007fefac30000 - 0x000007fefac6b000 	C:\Windows\system32\WINMM.dll
0x00000000779a0000 - 0x00000000779a7000 	C:\Windows\system32\PSAPI.DLL
0x0000000074b40000 - 0x0000000074b4f000 	C:\Program Files\Java\jdk1.7.0_09\jre\bin\verify.dll
0x000000006bb60000 - 0x000000006bb88000 	C:\Program Files\Java\jdk1.7.0_09\jre\bin\java.dll
0x000000006cea0000 - 0x000000006ceb5000 	C:\Program Files\Java\jdk1.7.0_09\jre\bin\zip.dll
0x000000006bb40000 - 0x000000006bb59000 	C:\Program Files\Java\jdk1.7.0_09\jre\bin\net.dll
0x000007fefcd30000 - 0x000007fefcd85000 	C:\Windows\system32\mswsock.dll
0x000007fefcd20000 - 0x000007fefcd27000 	C:\Windows\System32\wship6.dll
0x0000000074b60000 - 0x0000000074b71000 	C:\Program Files\Java\jdk1.7.0_09\jre\bin\nio.dll

VM Arguments:
jvm_args: -Xmx1024M -Dfile.encoding=windows-1252 -Duser.country=GB -Duser.language=en -Duser.variant 
java_command: com.android.dx.command.Main --dex --output C:\Users\Sinky\StudioProjects\ProtoRunnerV2\ProtoRunnerV2\build\intermediates\dex\debug C:\Users\Sinky\StudioProjects\ProtoRunnerV2\ProtoRunnerV2\build\intermediates\classes\debug C:\Users\Sinky\StudioProjects\ProtoRunnerV2\ProtoRunnerV2\build\intermediates\pre-dexed\debug\support-annotations-22.2.0-ce405e005671120865286fbb1a2542953cb92ee2.jar C:\Users\Sinky\StudioProjects\ProtoRunnerV2\ProtoRunnerV2\build\intermediates\pre-dexed\debug\classes-66fdcfc2144d757ac8530a052d47265e07773092.jar C:\Users\Sinky\StudioProjects\ProtoRunnerV2\ProtoRunnerV2\build\intermediates\pre-dexed\debug\classes-06ab37edf61694c22c293dc9ab41bab488406bc9.jar C:\Users\Sinky\StudioProjects\ProtoRunnerV2\ProtoRunnerV2\build\intermediates\pre-dexed\debug\classes-93f5a97fc040ab1733116df9f83fe928f712b237.jar C:\Users\Sinky\StudioProjects\ProtoRunnerV2\ProtoRunnerV2\build\intermediates\pre-dexed\debug\internal_impl-22.0.0-89a57e48793771ae5d65787933a30f0a9fffdc28.jar C:\Users\Sinky\StudioProjects\ProtoRunnerV2\ProtoRunnerV2\build\intermediates\pre-dexed\debug\classes-8e388dcd8b97a09304cc972cb61d3ffff3cfa55d.jar C:\Users\Sinky\StudioProjects\ProtoRunnerV2\ProtoRunnerV2\build\intermediates\pre-dexed\debug\classes-475e55994f5440e819b7988ff0065d4158443666.jar C:\Users\Sinky\StudioProjects\ProtoRunnerV2\ProtoRunnerV2\build\intermediates\pre-dexed\debug\classes-b7a255c659b855a7d768177e722332e1ea9e71a8.jar C:\Users\Sinky\StudioProjects\ProtoRunnerV2\ProtoRunnerV2\build\intermediates\pre-dexed\debug\classes-73d15a7b00f0331346d474c1114b3cc0a1b38ce2.jar C:\Users\Sinky\StudioProjects\ProtoRunnerV2\ProtoRunnerV2\build\intermediates\pre-dexed\debug\classes-b53993833ab07fbfd7d3b51de23eeeca6c4ddeb4.jar C:\Users\Sinky\StudioProjects\ProtoRunnerV2\ProtoRunnerV2\build\intermediates\pre-dexed\debug\classes-b732c20c9a93d8f61a730de1c28f5cdc6066418b.jar C:\Users\Sinky\StudioProjects\ProtoRunnerV2\ProtoRunnerV2\build\intermediates\pre-dexed\debug\classes-45b19e3021
Launcher Type: SUN_STANDARD

Environment Variables:
PATH=C:\Program Files\Common Files\Microsoft Shared\Windows Live;C:\Program Files (x86)\Common Files\Microsoft Shared\Windows Live;C:\Program Files (x86)\AMD APP\bin\x86_64;C:\Program Files (x86)\AMD APP\bin\x86;C:\Program Files (x86)\NVIDIA Corporation\PhysX\Common;C:\Windows\system32;C:\Windows;C:\Windows\System32\Wbem;C:\Windows\System32\WindowsPowerShell\v1.0\;C:\Program Files (x86)\ATI Technologies\ATI.ACE\Core-Static;C:\Program Files (x86)\Windows Live\Shared;C:\Program Files\Common Files\Autodesk Shared\;c:\Program Files (x86)\Microsoft SQL Server\100\Tools\Binn\;c:\Program Files (x86)\Microsoft SQL Server\100\DTS\Binn\;C:\Program Files\Microsoft SQL Server\110\Tools\Binn\;C:\Program Files\TortoiseGit\bin;C:\Program Files\Microsoft\Web Platform Installer\;C:\Program Files (x86)\Microsoft SDKs\TypeScript\1.0\
USERNAME=Sinky
OS=Windows_NT
PROCESSOR_IDENTIFIER=AMD64 Family 21 Model 1 Stepping 2, AuthenticAMD



---------------  S Y S T E M  ---------------

OS: Windows 7 , 64 bit Build 7601 Service Pack 1

CPU:total 4 (4 cores per cpu, 1 threads per core) family 21 model 1 stepping 2, cmov, cx8, fxsr, mmx, sse, sse2, sse3, ssse3, sse4.1, sse4.2, popcnt, avx, mmxext, 3dnowpref, lzcnt, sse4a, tsc, tscinvbit, tscinv

Memory: 4k page, physical 8370296k(2261476k free), swap 16738756k(9443796k free)

vm_info: Java HotSpot(TM) 64-Bit Server VM (23.5-b02) for windows-amd64 JRE (1.7.0_09-b05), built on Sep 24 2012 21:45:04 by "java_re" with unknown MS VC++:1600

time: Fri Aug 07 15:43:40 2015
elapsed time: 17 seconds

